Persistent Memory Bugs:
	Number of bugs: 51
		Number of unpersisted write bugs (correctness): 24
		Number of extra flush bugs (performance): 7
		Number of flushes to untouched memory (performance): 4
		Number of fences with nothing to commit (performance): 16
	Overall bug occurences: 223741
		Number of unpersisted write occurences (correctness): 3403
		Number of extra flush occurences (performance): 66304
		Number of untouched memory flush occurences (performance): 116
		Number of occurence of fences with nothing to commit (performance): 153918

(1) ID #8443327717838466601 with 66 occurences:
Type of modification: write (unpersisted)
File: src/clht_lb_res.c
Line: 583
assembly.ll line: 13326
 allocated at _block_init_pmem_from_file():  %22 = call i8* @klee_pmem_alloc_pmem(i64 %19, i8* %20, i1 zeroext false, i8* %21), !dbg !11010
Stack: 
Current Thread: 1
Thread 1, Process 0, enabled
		PC:   store volatile i64 %211, i64* %212, align 8, !dbg !11181 (op #0=17, op #1=196925120)
	#000013326 in clht_put (=196924624, =17, =17) at src/clht_lb_res.c:583
	#100012688 in _ZZ3runPPcENK3$_0clEv (=284706880) at example-nothread.cpp:109
	#200012271 in _Z3runPPc (=464524640) at example-nothread.cpp:114
	#300016765 in __klee_posix_wrapped_main (=2, =464524640) at example-nothread.cpp:204
	#400010304 in __klee_posix_ctor_stub_insert_point (=2, =464524640, =93507152) at runtime/POSIX/./klee_init_env.c:491
	#500010324 in __user_main (=5, =93507104, =93507152) at runtime/POSIX/./klee_init_env.c:499
	#600004410 in __uClibc_main (=40106376, =5, =93507104, =0, =0, =0, =0) at libc/misc/internals/__uClibc_main.c:401
	#700004577 in main (=5, =93507104)

<not masking anything>
<not masked by anything>

(2) ID #15961617195773790707 with 86 occurences:
Type of modification: write (unpersisted)
File: src/clht_lb_res.c
Line: 973
assembly.ll line: 14351
 allocated at _block_init_pmem_from_file():  %22 = call i8* @klee_pmem_alloc_pmem(i64 %19, i8* %20, i1 zeroext false, i8* %21), !dbg !11010
Stack: 
Current Thread: 1
Thread 1, Process 0, enabled
		PC:   store %struct.clht_hashtable_s* %219, %struct.clht_hashtable_s** %223, align 16, !dbg !11173 (op #0=196925584, op #1=196924896)
	#000014351 in ht_resize_pes (=196924624, =1, =4) at src/clht_lb_res.c:973
	#100013958 in ht_status (=196924624, =1, =0) at src/clht_lb_res.c:1112
	#200013346 in clht_put (=196924624, =32, =32) at src/clht_lb_res.c:597
	#300012688 in _ZZ3runPPcENK3$_0clEv (=284706880) at example-nothread.cpp:109
	#400012271 in _Z3runPPc (=464524640) at example-nothread.cpp:114
	#500016765 in __klee_posix_wrapped_main (=2, =464524640) at example-nothread.cpp:204
	#600010304 in __klee_posix_ctor_stub_insert_point (=2, =464524640, =93507152) at runtime/POSIX/./klee_init_env.c:491
	#700010324 in __user_main (=5, =93507104, =93507152) at runtime/POSIX/./klee_init_env.c:499
	#800004410 in __uClibc_main (=40106376, =5, =93507104, =0, =0, =0, =0) at libc/misc/internals/__uClibc_main.c:401
	#900004577 in main (=5, =93507104)

<not masking anything>
<not masked by anything>

(3) ID #8324844207863728543 with 16 occurences:
Type of modification: write (unpersisted)
File: src/clht_lb_res.c
Line: 245
assembly.ll line: 13590
 allocated at _block_init_pmem_from_file():  %22 = call i8* @klee_pmem_alloc_pmem(i64 %19, i8* %20, i1 zeroext false, i8* %21), !dbg !11010
Stack: 
Current Thread: 1
Thread 1, Process 0, enabled
		PC:   store i32 %12, i32* %10, !dbg !10987 (op #0=1, op #1=196924904)
	#000013590 in clht_bucket_create_stats (=196924816, =278679912) at src/clht_lb_res.c:245
	#100013243 in clht_put (=196924624, =25, =25) at src/clht_lb_res.c:544
	#200012688 in _ZZ3runPPcENK3$_0clEv (=284706880) at example-nothread.cpp:109
	#300012271 in _Z3runPPc (=464524640) at example-nothread.cpp:114
	#400016765 in __klee_posix_wrapped_main (=2, =464524640) at example-nothread.cpp:204
	#500010304 in __klee_posix_ctor_stub_insert_point (=2, =464524640, =93507152) at runtime/POSIX/./klee_init_env.c:491
	#600010324 in __user_main (=5, =93507104, =93507152) at runtime/POSIX/./klee_init_env.c:499
	#700004410 in __uClibc_main (=40106376, =5, =93507104, =0, =0, =0, =0) at libc/misc/internals/__uClibc_main.c:401
	#800004577 in main (=5, =93507104)

<not masking anything>
May be masked by:
	ID #17417490559873244631

(4) ID #9410848618965971655 with 102 occurences:
Type of modification: write (unpersisted)
File: src/clht_lb_res.c
Line: 557
assembly.ll line: 13276
 allocated at _block_init_pmem_from_file():  %22 = call i8* @klee_pmem_alloc_pmem(i64 %19, i8* %20, i1 zeroext false, i8* %21), !dbg !11010
Stack: 
Current Thread: 1
Thread 1, Process 0, enabled
		PC:   store volatile i64 %187, i64* %189, align 8, !dbg !11159 (op #0=4195664, op #1=196925128)
	#000013276 in clht_put (=196924624, =25, =25) at src/clht_lb_res.c:557
	#100012688 in _ZZ3runPPcENK3$_0clEv (=284706880) at example-nothread.cpp:109
	#200012271 in _Z3runPPc (=464524640) at example-nothread.cpp:114
	#300016765 in __klee_posix_wrapped_main (=2, =464524640) at example-nothread.cpp:204
	#400010304 in __klee_posix_ctor_stub_insert_point (=2, =464524640, =93507152) at runtime/POSIX/./klee_init_env.c:491
	#500010324 in __user_main (=5, =93507104, =93507152) at runtime/POSIX/./klee_init_env.c:499
	#600004410 in __uClibc_main (=40106376, =5, =93507104, =0, =0, =0, =0) at libc/misc/internals/__uClibc_main.c:401
	#700004577 in main (=5, =93507104)

<not masking anything>
<not masked by anything>

(5) ID #2913175779531643228 with 86 occurences:
Type of modification: write (unpersisted)
File: libc/string/memcpy.c
Line: 29
assembly.ll line: 11940
 allocated at _block_init_pmem_from_file():  %22 = call i8* @klee_pmem_alloc_pmem(i64 %19, i8* %20, i1 zeroext false, i8* %21), !dbg !11010
Stack: 
Current Thread: 1
Thread 1, Process 0, enabled
		PC:   store i8 %17, i8* %18, align 1, !dbg !10998 (op #0=3, op #1=197452864)
	#000011940 in memcpy (=197452864, =397706656, =40) at libc/string/memcpy.c:29
	#100102354 in container_ravl_insert_block (=438070304, =397706656) at container_ravl.c:60
	#200056970 in bucket_insert_block (=362619744, =397706656) at bucket.c:75
	#300105889 in heap_split_block (=192993840, =362619744, =397712560, =1) at heap.c:964
	#400105316 in heap_get_bestfit_block (=192993840, =362619744, =397712560) at heap.c:995
	#500105551 in heap_ensure_run_bucket_filled (=192993840, =248635456, =3) at heap.c:884
	#600105251 in heap_get_bestfit_block (=192993840, =248635456, =361111720) at heap.c:987
	#700110805 in palloc_reservation_create (=192993840, =2048, =118053640, =397651584, =2, =0, =0, =0, =361111680) at palloc.c:218
	#800118417 in palloc_reserve (=192993840, =2048, =118053640, =397651584, =2, =0, =0, =0, =361111680) at palloc.c:597
	#900142700 in tx_alloc_common (=86013280, =2048, =2, =118053640, =397651584) at tx.c:587
	#1000142910 in pmemobj_tx_zalloc (=2048, =2) at tx.c:1595
	#1100014629 in clht_hashtable_create (=32) at src/clht_lb_res.c:365
	#1200014162 in ht_resize_pes (=196924624, =1, =4) at src/clht_lb_res.c:839
	#1300013958 in ht_status (=196924624, =1, =0) at src/clht_lb_res.c:1112
	#1400013346 in clht_put (=196924624, =32, =32) at src/clht_lb_res.c:597
	#1500012688 in _ZZ3runPPcENK3$_0clEv (=284706880) at example-nothread.cpp:109
	#1600012271 in _Z3runPPc (=464524640) at example-nothread.cpp:114
	#1700016765 in __klee_posix_wrapped_main (=2, =464524640) at example-nothread.cpp:204
	#1800010304 in __klee_posix_ctor_stub_insert_point (=2, =464524640, =93507152) at runtime/POSIX/./klee_init_env.c:491
	#1900010324 in __user_main (=5, =93507104, =93507152) at runtime/POSIX/./klee_init_env.c:499
	#2000004410 in __uClibc_main (=40106376, =5, =93507104, =0, =0, =0, =0) at libc/misc/internals/__uClibc_main.c:401
	#2100004577 in main (=5, =93507104)

<not masking anything>
<not masked by anything>

(6) ID #1838689569248693117 with 86 occurences:
Type of modification: write (unpersisted)
File: libc/string/memcpy.c
Line: 29
assembly.ll line: 11940
 allocated at _block_init_pmem_from_file():  %22 = call i8* @klee_pmem_alloc_pmem(i64 %19, i8* %20, i1 zeroext false, i8* %21), !dbg !11010
Stack: 
Current Thread: 1
Thread 1, Process 0, enabled
		PC:   store i8 %17, i8* %18, align 1, !dbg !10998 (op #0=1, op #1=196142528)
	#000011940 in memcpy (=196142528, =278680048, =8) at libc/string/memcpy.c:29
	#100061416 in huge_write_footer (=196142168, =46) at memblock.c:1136
	#200062313 in memblock_huge_init (=397706656, =192993840, =3, =0, =46) at memblock.c:1310
	#300105887 in heap_split_block (=192993840, =362619744, =397712560, =1) at heap.c:961
	#400105316 in heap_get_bestfit_block (=192993840, =362619744, =397712560) at heap.c:995
	#500105551 in heap_ensure_run_bucket_filled (=192993840, =248635456, =3) at heap.c:884
	#600105251 in heap_get_bestfit_block (=192993840, =248635456, =361111720) at heap.c:987
	#700110805 in palloc_reservation_create (=192993840, =2048, =118053640, =397651584, =2, =0, =0, =0, =361111680) at palloc.c:218
	#800118417 in palloc_reserve (=192993840, =2048, =118053640, =397651584, =2, =0, =0, =0, =361111680) at palloc.c:597
	#900142700 in tx_alloc_common (=86013280, =2048, =2, =118053640, =397651584) at tx.c:587
	#1000142910 in pmemobj_tx_zalloc (=2048, =2) at tx.c:1595
	#1100014629 in clht_hashtable_create (=32) at src/clht_lb_res.c:365
	#1200014162 in ht_resize_pes (=196924624, =1, =4) at src/clht_lb_res.c:839
	#1300013958 in ht_status (=196924624, =1, =0) at src/clht_lb_res.c:1112
	#1400013346 in clht_put (=196924624, =32, =32) at src/clht_lb_res.c:597
	#1500012688 in _ZZ3runPPcENK3$_0clEv (=284706880) at example-nothread.cpp:109
	#1600012271 in _Z3runPPc (=464524640) at example-nothread.cpp:114
	#1700016765 in __klee_posix_wrapped_main (=2, =464524640) at example-nothread.cpp:204
	#1800010304 in __klee_posix_ctor_stub_insert_point (=2, =464524640, =93507152) at runtime/POSIX/./klee_init_env.c:491
	#1900010324 in __user_main (=5, =93507104, =93507152) at runtime/POSIX/./klee_init_env.c:499
	#2000004410 in __uClibc_main (=40106376, =5, =93507104, =0, =0, =0, =0) at libc/misc/internals/__uClibc_main.c:401
	#2100004577 in main (=5, =93507104)

<not masking anything>
<not masked by anything>

(7) ID #14013382427033806674 with 14 occurences:
Type of modification: fence (unnecessary)
File: ../../src/../src/libpmem2/x86_64/init.c
Line: 27
assembly.ll line: 156132
 (no allocation info)
Stack: 
Current Thread: 1
Thread 1, Process 0, enabled
		PC:   call void @llvm.x86.sse.sfence(), !dbg !10981 (op #0=<global const>)
	#000156132 in memory_barrier () at ../../src/../src/libpmem2/x86_64/init.c:27
	#100172184 in pmem_drain () at pmem.c:189
	#200126450 in obj_norep_drain (=192987136) at obj.c:492
	#300111289 in pmemops_drain.1002 (=192993840) at ./pmemops.h:76
	#400111079 in palloc_exec_actions (=192993840, =250427776, =361111552, =3) at palloc.c:559
	#500119060 in palloc_publish (=192993840, =361111552, =3, =250427776) at palloc.c:660
	#600139973 in pmemobj_tx_commit () at tx.c:1009
	#700140545 in pmemobj_tx_process () at tx.c:1101
	#800014396 in ht_resize_pes (=196924624, =1, =4) at src/clht_lb_res.c:1002
	#900013958 in ht_status (=196924624, =1, =0) at src/clht_lb_res.c:1112
	#1000013346 in clht_put (=196924624, =32, =32) at src/clht_lb_res.c:597
	#1100012688 in _ZZ3runPPcENK3$_0clEv (=284706880) at example-nothread.cpp:109
	#1200012271 in _Z3runPPc (=464524640) at example-nothread.cpp:114
	#1300016765 in __klee_posix_wrapped_main (=2, =464524640) at example-nothread.cpp:204
	#1400010304 in __klee_posix_ctor_stub_insert_point (=2, =464524640, =93507152) at runtime/POSIX/./klee_init_env.c:491
	#1500010324 in __user_main (=5, =93507104, =93507152) at runtime/POSIX/./klee_init_env.c:499
	#1600004410 in __uClibc_main (=40106376, =5, =93507104, =0, =0, =0, =0) at libc/misc/internals/__uClibc_main.c:401
	#1700004577 in main (=5, =93507104)

<not masking anything>
<not masked by anything>

(8) ID #17956494943490809784 with 6 occurences:
Type of modification: fence (unnecessary)
File: ../../src/../src/libpmem2/x86_64/init.c
Line: 27
assembly.ll line: 156132
 (no allocation info)
Stack: 
Current Thread: 1
Thread 1, Process 0, enabled
		PC:   call void @llvm.x86.sse.sfence(), !dbg !10981 (op #0=<global const>)
	#000156132 in memory_barrier () at ../../src/../src/libpmem2/x86_64/init.c:27
	#100172184 in pmem_drain () at pmem.c:189
	#200126450 in obj_norep_drain (=192987136) at obj.c:492
	#300140035 in pmemops_drain.1190 (=192994104) at ./pmemops.h:76
	#400139906 in pmemobj_tx_commit () at tx.c:1001
	#500140545 in pmemobj_tx_process () at tx.c:1101
	#600014396 in ht_resize_pes (=196924624, =1, =4) at src/clht_lb_res.c:1002
	#700013958 in ht_status (=196924624, =1, =0) at src/clht_lb_res.c:1112
	#800013346 in clht_put (=196924624, =32, =32) at src/clht_lb_res.c:597
	#900012688 in _ZZ3runPPcENK3$_0clEv (=284706880) at example-nothread.cpp:109
	#1000012271 in _Z3runPPc (=464524640) at example-nothread.cpp:114
	#1100016765 in __klee_posix_wrapped_main (=2, =464524640) at example-nothread.cpp:204
	#1200010304 in __klee_posix_ctor_stub_insert_point (=2, =464524640, =93507152) at runtime/POSIX/./klee_init_env.c:491
	#1300010324 in __user_main (=5, =93507104, =93507152) at runtime/POSIX/./klee_init_env.c:499
	#1400004410 in __uClibc_main (=40106376, =5, =93507104, =0, =0, =0, =0) at libc/misc/internals/__uClibc_main.c:401
	#1500004577 in main (=5, =93507104)

<not masking anything>
<not masked by anything>

(9) ID #12693612852539948665 with 14 occurences:
Type of modification: flush (never modified)
File: ../../src/../src/libpmem2/x86_64/flush.h
Line: 48
assembly.ll line: 156098
 allocated at _block_init_pmem_from_file():  %22 = call i8* @klee_pmem_alloc_pmem(i64 %19, i8* %20, i1 zeroext false, i8* %21), !dbg !11010
Stack: 
Current Thread: 1
Thread 1, Process 0, enabled
		PC:   call void @llvm.x86.clwb(i8* %3, i8* %3), !dbg !10984 (op #0=<global const>, op #1=196925696, op #2=196925696)
	#000156098 in pmem_clwb (=196925696) at ../../src/../src/libpmem2/x86_64/flush.h:48
	#100156082 in flush_clwb_nolog (=196925584, =176) at ../../src/../src/libpmem2/x86_64/flush.h:104
	#200155915 in flush_clwb (=196925584, =176) at ../../src/../src/libpmem2/x86_64/init.c:60
	#300172277 in pmem_flush (=196925584, =176) at pmem.c:232
	#400126425 in obj_norep_flush (=192987136, =196925584, =176, =2147483648) at obj.c:478
	#500140137 in pmemops_xflush.1191 (=192994104, =196925584, =176, =2147483648) at ./pmemops.h:64
	#600140091 in tx_flush_range (=333607584, =192987136) at tx.c:403
	#700070320 in ravl_foreach_node (=333607552, =118051592, =192987136, =1) at ../../src/../src/common/ravl.c:81
	#800070272 in ravl_delete_cb (=397693248, =118051592, =192987136) at ../../src/../src/common/ravl.c:104
	#900140017 in tx_pre_commit (=86013280) at tx.c:432
	#1000139903 in pmemobj_tx_commit () at tx.c:999
	#1100140545 in pmemobj_tx_process () at tx.c:1101
	#1200014396 in ht_resize_pes (=196924624, =1, =4) at src/clht_lb_res.c:1002
	#1300013958 in ht_status (=196924624, =1, =0) at src/clht_lb_res.c:1112
	#1400013346 in clht_put (=196924624, =32, =32) at src/clht_lb_res.c:597
	#1500012688 in _ZZ3runPPcENK3$_0clEv (=284706880) at example-nothread.cpp:109
	#1600012271 in _Z3runPPc (=464524640) at example-nothread.cpp:114
	#1700016765 in __klee_posix_wrapped_main (=2, =464524640) at example-nothread.cpp:204
	#1800010304 in __klee_posix_ctor_stub_insert_point (=2, =464524640, =93507152) at runtime/POSIX/./klee_init_env.c:491
	#1900010324 in __user_main (=5, =93507104, =93507152) at runtime/POSIX/./klee_init_env.c:499
	#2000004410 in __uClibc_main (=40106376, =5, =93507104, =0, =0, =0, =0) at libc/misc/internals/__uClibc_main.c:401
	#2100004577 in main (=5, =93507104)

<not masking anything>
<not masked by anything>

(10) ID #2745502582232084828 with 28 occurences:
Type of modification: flush (unnecessary)
File: ../../src/../src/libpmem2/x86_64/flush.h
Line: 48
assembly.ll line: 156098
 allocated at _block_init_pmem_from_file():  %22 = call i8* @klee_pmem_alloc_pmem(i64 %19, i8* %20, i1 zeroext false, i8* %21), !dbg !11010
Stack: 
Current Thread: 1
Thread 1, Process 0, enabled
		PC:   call void @llvm.x86.clwb(i8* %3, i8* %3), !dbg !10984 (op #0=<global const>, op #1=196925568, op #2=196925568)
	#000156098 in pmem_clwb (=196925568) at ../../src/../src/libpmem2/x86_64/flush.h:48
	#100156082 in flush_clwb_nolog (=196925584, =176) at ../../src/../src/libpmem2/x86_64/flush.h:104
	#200155915 in flush_clwb (=196925584, =176) at ../../src/../src/libpmem2/x86_64/init.c:60
	#300172277 in pmem_flush (=196925584, =176) at pmem.c:232
	#400126425 in obj_norep_flush (=192987136, =196925584, =176, =2147483648) at obj.c:478
	#500140137 in pmemops_xflush.1191 (=192994104, =196925584, =176, =2147483648) at ./pmemops.h:64
	#600140091 in tx_flush_range (=333607584, =192987136) at tx.c:403
	#700070320 in ravl_foreach_node (=333607552, =118051592, =192987136, =1) at ../../src/../src/common/ravl.c:81
	#800070272 in ravl_delete_cb (=397693248, =118051592, =192987136) at ../../src/../src/common/ravl.c:104
	#900140017 in tx_pre_commit (=86013280) at tx.c:432
	#1000139903 in pmemobj_tx_commit () at tx.c:999
	#1100140545 in pmemobj_tx_process () at tx.c:1101
	#1200014396 in ht_resize_pes (=196924624, =1, =4) at src/clht_lb_res.c:1002
	#1300013958 in ht_status (=196924624, =1, =0) at src/clht_lb_res.c:1112
	#1400013346 in clht_put (=196924624, =32, =32) at src/clht_lb_res.c:597
	#1500012688 in _ZZ3runPPcENK3$_0clEv (=284706880) at example-nothread.cpp:109
	#1600012271 in _Z3runPPc (=464524640) at example-nothread.cpp:114
	#1700016765 in __klee_posix_wrapped_main (=2, =464524640) at example-nothread.cpp:204
	#1800010304 in __klee_posix_ctor_stub_insert_point (=2, =464524640, =93507152) at runtime/POSIX/./klee_init_env.c:491
	#1900010324 in __user_main (=5, =93507104, =93507152) at runtime/POSIX/./klee_init_env.c:499
	#2000004410 in __uClibc_main (=40106376, =5, =93507104, =0, =0, =0, =0) at libc/misc/internals/__uClibc_main.c:401
	#2100004577 in main (=5, =93507104)

<not masking anything>
<not masked by anything>

(11) ID #2134731049520662766 with 128 occurences:
Type of modification: write (unpersisted)
File: src/clht_gc.c
Line: 58
assembly.ll line: 12963
 allocated at _block_init_pmem_from_file():  %22 = call i8* @klee_pmem_alloc_pmem(i64 %19, i8* %20, i1 zeroext false, i8* %21), !dbg !11010
Stack: 
Current Thread: 1
Thread 1, Process 0, enabled
		PC:   store i64 %70, i64* %59, !dbg !11044 (op #0=363357760, op #1=196924696)
	#000012963 in clht_gc_thread_init (=196924624, =0) at src/clht_gc.c:58
	#100012660 in _ZZ3runPPcENK3$_0clEv (=234328672) at example-nothread.cpp:103
	#200012271 in _Z3runPPc (=192800320) at example-nothread.cpp:114
	#300016765 in __klee_posix_wrapped_main (=2, =192800320) at example-nothread.cpp:204
	#400010304 in __klee_posix_ctor_stub_insert_point (=2, =192800320, =93507152) at runtime/POSIX/./klee_init_env.c:491
	#500010324 in __user_main (=5, =93507104, =93507152) at runtime/POSIX/./klee_init_env.c:499
	#600004410 in __uClibc_main (=40106376, =5, =93507104, =0, =0, =0, =0) at libc/misc/internals/__uClibc_main.c:401
	#700004577 in main (=5, =93507104)

<not masking anything>
May be masked by:
	ID #8163721246067262655

(12) ID #6803473897257026480 with 214 occurences:
Type of modification: write (unpersisted)
File: obj.c
Line: 1111
assembly.ll line: 124282
 allocated at _block_init_pmem_from_file():  %22 = call i8* @klee_pmem_alloc_pmem(i64 %19, i8* %20, i1 zeroext false, i8* %21), !dbg !11010
Stack: 
Current Thread: 1
Thread 1, Process 0, enabled
		PC:   store i32 (i8*, i8*, i64, i32)* @obj_norep_flush, i32 (i8*, i8*, i64, i32)** %57, align 8, !dbg !11045 (op #0=<global const>, op #1=192994112)
	#000124282 in obj_replica_init (=192987136, =234525824, =0, =0) at obj.c:1111
	#100128139 in obj_replicas_init (=234525824) at obj.c:1631
	#200127793 in obj_open_common (=190423712, =140351120, =0, =1) at obj.c:1724
	#300127730 in pmemobj_openU (=190423712, =140351120) at obj.c:1798
	#400127695 in pmemobj_open (=190423712, =140351120) at obj.c:1811
	#500012316 in clht_create (=8) at src/clht_lb_res.c:265
	#600012197 in _Z3runPPc (=192800320) at example-nothread.cpp:81
	#700016765 in __klee_posix_wrapped_main (=2, =192800320) at example-nothread.cpp:204
	#800010304 in __klee_posix_ctor_stub_insert_point (=2, =192800320, =93507152) at runtime/POSIX/./klee_init_env.c:491
	#900010324 in __user_main (=5, =93507104, =93507152) at runtime/POSIX/./klee_init_env.c:499
	#1000004410 in __uClibc_main (=40106376, =5, =93507104, =0, =0, =0, =0) at libc/misc/internals/__uClibc_main.c:401
	#1100004577 in main (=5, =93507104)

<not masking anything>
<not masked by anything>

(13) ID #4634194574432225798 with 21884 occurences:
Type of modification: fence (unnecessary)
File: src/clht_lb_res.c
Line: 139
assembly.ll line: 14944
 (no allocation info)
Stack: 
Current Thread: 1
Thread 1, Process 0, enabled
		PC:   call void @llvm.x86.sse2.mfence(), !dbg !10978 (op #0=<global const>)
	#000014944 in mfence () at src/clht_lb_res.c:139
	#100013689 in clflush (=192333336, =8, =true) at src/clht_lb_res.c:159
	#200013285 in clht_put (=196924624, =25, =25) at src/clht_lb_res.c:559
	#300012688 in _ZZ3runPPcENK3$_0clEv (=284706880) at example-nothread.cpp:109
	#400012271 in _Z3runPPc (=464524640) at example-nothread.cpp:114
	#500016765 in __klee_posix_wrapped_main (=2, =464524640) at example-nothread.cpp:204
	#600010304 in __klee_posix_ctor_stub_insert_point (=2, =464524640, =93507152) at runtime/POSIX/./klee_init_env.c:491
	#700010324 in __user_main (=5, =93507104, =93507152) at runtime/POSIX/./klee_init_env.c:499
	#800004410 in __uClibc_main (=40106376, =5, =93507104, =0, =0, =0, =0) at libc/misc/internals/__uClibc_main.c:401
	#900004577 in main (=5, =93507104)

<not masking anything>
<not masked by anything>

(14) ID #16585381727637798741 with 86 occurences:
Type of modification: write (unpersisted)
File: src/clht_lb_res.c
Line: 974
assembly.ll line: 14356
 allocated at _block_init_pmem_from_file():  %22 = call i8* @klee_pmem_alloc_pmem(i64 %19, i8* %20, i1 zeroext false, i8* %21), !dbg !11010
Stack: 
Current Thread: 1
Thread 1, Process 0, enabled
		PC:   store volatile i8 0, i8* %227, align 8, !dbg !11174 (op #0=<global const>, op #1=196924712)
	#000014356 in ht_resize_pes (=196924624, =1, =4) at src/clht_lb_res.c:974
	#100013958 in ht_status (=196924624, =1, =0) at src/clht_lb_res.c:1112
	#200013346 in clht_put (=196924624, =32, =32) at src/clht_lb_res.c:597
	#300012688 in _ZZ3runPPcENK3$_0clEv (=284706880) at example-nothread.cpp:109
	#400012271 in _Z3runPPc (=464524640) at example-nothread.cpp:114
	#500016765 in __klee_posix_wrapped_main (=2, =464524640) at example-nothread.cpp:204
	#600010304 in __klee_posix_ctor_stub_insert_point (=2, =464524640, =93507152) at runtime/POSIX/./klee_init_env.c:491
	#700010324 in __user_main (=5, =93507104, =93507152) at runtime/POSIX/./klee_init_env.c:499
	#800004410 in __uClibc_main (=40106376, =5, =93507104, =0, =0, =0, =0) at libc/misc/internals/__uClibc_main.c:401
	#900004577 in main (=5, =93507104)

<not masking anything>
<not masked by anything>

(15) ID #5500078316078943253 with 44 occurences:
Type of modification: fence (unnecessary)
File: src/clht_lb_res.c
Line: 139
assembly.ll line: 14944
 (no allocation info)
Stack: 
Current Thread: 1
Thread 1, Process 0, enabled
		PC:   call void @llvm.x86.sse2.mfence(), !dbg !10978 (op #0=<global const>)
	#000014944 in mfence () at src/clht_lb_res.c:139
	#100013636 in clflush (=196924624, =128, =true) at src/clht_lb_res.c:146
	#200012479 in clht_create (=8) at src/clht_lb_res.c:321
	#300012197 in _Z3runPPc (=192800320) at example-nothread.cpp:81
	#400016765 in __klee_posix_wrapped_main (=2, =192800320) at example-nothread.cpp:204
	#500010304 in __klee_posix_ctor_stub_insert_point (=2, =192800320, =93507152) at runtime/POSIX/./klee_init_env.c:491
	#600010324 in __user_main (=5, =93507104, =93507152) at runtime/POSIX/./klee_init_env.c:499
	#700004410 in __uClibc_main (=40106376, =5, =93507104, =0, =0, =0, =0) at libc/misc/internals/__uClibc_main.c:401
	#800004577 in main (=5, =93507104)

<not masking anything>
<not masked by anything>

(16) ID #13382772426806997836 with 86 occurences:
Type of modification: write (unpersisted)
File: include/clht_lb_res.h
Line: 352
assembly.ll line: 15668
 allocated at _block_init_pmem_from_file():  %22 = call i8* @klee_pmem_alloc_pmem(i64 %19, i8* %20, i1 zeroext false, i8* %21), !dbg !11010
Stack: 
Current Thread: 1
Thread 1, Process 0, enabled
		PC:   store i8 %9, i8* %6, !dbg !10986 (op #0=2, op #1=196925008)
	#000015668 in lock_acq_resize (=196925008) at include/clht_lb_res.h:352
	#100014855 in bucket_cpy (=196924624, =196925008, =196925584) at src/clht_lb_res.c:726
	#200014211 in ht_resize_pes (=196924624, =1, =4) at src/clht_lb_res.c:849
	#300013958 in ht_status (=196924624, =1, =0) at src/clht_lb_res.c:1112
	#400013346 in clht_put (=196924624, =32, =32) at src/clht_lb_res.c:597
	#500012688 in _ZZ3runPPcENK3$_0clEv (=284706880) at example-nothread.cpp:109
	#600012271 in _Z3runPPc (=464524640) at example-nothread.cpp:114
	#700016765 in __klee_posix_wrapped_main (=2, =464524640) at example-nothread.cpp:204
	#800010304 in __klee_posix_ctor_stub_insert_point (=2, =464524640, =93507152) at runtime/POSIX/./klee_init_env.c:491
	#900010324 in __user_main (=5, =93507104, =93507152) at runtime/POSIX/./klee_init_env.c:499
	#1000004410 in __uClibc_main (=40106376, =5, =93507104, =0, =0, =0, =0) at libc/misc/internals/__uClibc_main.c:401
	#1100004577 in main (=5, =93507104)

<not masking anything>
<not masked by anything>

(17) ID #18411557203716395428 with 214 occurences:
Type of modification: write (unpersisted)
File: runtime/POSIX/./threadsync.c
Line: 114
assembly.ll line: 41627
 allocated at _block_init_pmem_from_file():  %22 = call i8* @klee_pmem_alloc_pmem(i64 %19, i8* %20, i1 zeroext false, i8* %21), !dbg !11010
Stack: 
Current Thread: 1
Thread 1, Process 0, enabled
		PC:   store %struct.mutex_data_t* %11, %struct.mutex_data_t** %13, align 8, !dbg !11023 (op #0=241430016, op #1=192994344)
	#000041627 in _mutex_init (=192994344, =0) at runtime/POSIX/./threadsync.c:114
	#100041604 in pthread_mutex_init (=192994344, =0) at runtime/POSIX/./threadsync.c:146
	#200051557 in os_mutex_init (=192994344) at ../../src/../src/core/os_thread_posix.c:76
	#300125350 in util_mutex_init.849 (=192994344) at ../common/sys_util.h:28
	#400124821 in obj_runtime_init (=192987136, =0, =1, =1024) at obj.c:1236
	#500127912 in obj_open_common (=190423712, =140351120, =0, =1) at obj.c:1761
	#600127730 in pmemobj_openU (=190423712, =140351120) at obj.c:1798
	#700127695 in pmemobj_open (=190423712, =140351120) at obj.c:1811
	#800012316 in clht_create (=8) at src/clht_lb_res.c:265
	#900012197 in _Z3runPPc (=192800320) at example-nothread.cpp:81
	#1000016765 in __klee_posix_wrapped_main (=2, =192800320) at example-nothread.cpp:204
	#1100010304 in __klee_posix_ctor_stub_insert_point (=2, =192800320, =93507152) at runtime/POSIX/./klee_init_env.c:491
	#1200010324 in __user_main (=5, =93507104, =93507152) at runtime/POSIX/./klee_init_env.c:499
	#1300004410 in __uClibc_main (=40106376, =5, =93507104, =0, =0, =0, =0) at libc/misc/internals/__uClibc_main.c:401
	#1400004577 in main (=5, =93507104)

<not masking anything>
<not masked by anything>

(18) ID #15104472373510256476 with 120 occurences:
Type of modification: write (unpersisted)
File: libc/string/memcpy.c
Line: 29
assembly.ll line: 11940
 allocated at _block_init_pmem_from_file():  %22 = call i8* @klee_pmem_alloc_pmem(i64 %19, i8* %20, i1 zeroext false, i8* %21), !dbg !11010
Stack: 
Current Thread: 1
Thread 1, Process 0, enabled
		PC:   store i8 %17, i8* %18, align 1, !dbg !10998 (op #0=1, op #1=196142528)
	#000011940 in memcpy (=196142528, =192337480, =8) at libc/string/memcpy.c:29
	#100061416 in huge_write_footer (=196142152, =48) at memblock.c:1136
	#200062313 in memblock_huge_init (=361753984, =192993840, =1, =0, =48) at memblock.c:1310
	#300105887 in heap_split_block (=192993840, =306113344, =361680880, =1) at heap.c:961
	#400105316 in heap_get_bestfit_block (=192993840, =306113344, =361680880) at heap.c:995
	#500105551 in heap_ensure_run_bucket_filled (=192993840, =255985312, =1) at heap.c:884
	#600105251 in heap_get_bestfit_block (=192993840, =255985312, =116605992) at heap.c:987
	#700110805 in palloc_reservation_create (=192993840, =128, =118041864, =284348032, =0, =32768, =0, =0, =116605952) at palloc.c:218
	#800109956 in palloc_operation (=192993840, =0, =192993280, =128, =118041864, =284348032, =0, =32768, =0, =0, =192289536) at palloc.c:732
	#900131948 in obj_alloc_root (=192987136, =128, =0, =0) at obj.c:2833
	#1000131786 in pmemobj_root_construct (=192987136, =128, =0, =0) at obj.c:2887
	#1100132141 in pmemobj_root (=192987136, =128) at obj.c:2912
	#1200012338 in clht_create (=8) at src/clht_lb_res.c:278
	#1300012197 in _Z3runPPc (=192800320) at example-nothread.cpp:81
	#1400016765 in __klee_posix_wrapped_main (=2, =192800320) at example-nothread.cpp:204
	#1500010304 in __klee_posix_ctor_stub_insert_point (=2, =192800320, =93507152) at runtime/POSIX/./klee_init_env.c:491
	#1600010324 in __user_main (=5, =93507104, =93507152) at runtime/POSIX/./klee_init_env.c:499
	#1700004410 in __uClibc_main (=40106376, =5, =93507104, =0, =0, =0, =0) at libc/misc/internals/__uClibc_main.c:401
	#1800004577 in main (=5, =93507104)

<not masking anything>
May be masked by:
	ID #245143247685933748

(19) ID #103740935361653750 with 21884 occurences:
Type of modification: fence (unnecessary)
File: src/clht_lb_res.c
Line: 139
assembly.ll line: 14944
 (no allocation info)
Stack: 
Current Thread: 1
Thread 1, Process 0, enabled
		PC:   call void @llvm.x86.sse2.mfence(), !dbg !10978 (op #0=<global const>)
	#000014944 in mfence () at src/clht_lb_res.c:139
	#100013636 in clflush (=192333336, =8, =true) at src/clht_lb_res.c:146
	#200013285 in clht_put (=196924624, =25, =25) at src/clht_lb_res.c:559
	#300012688 in _ZZ3runPPcENK3$_0clEv (=284706880) at example-nothread.cpp:109
	#400012271 in _Z3runPPc (=464524640) at example-nothread.cpp:114
	#500016765 in __klee_posix_wrapped_main (=2, =464524640) at example-nothread.cpp:204
	#600010304 in __klee_posix_ctor_stub_insert_point (=2, =464524640, =93507152) at runtime/POSIX/./klee_init_env.c:491
	#700010324 in __user_main (=5, =93507104, =93507152) at runtime/POSIX/./klee_init_env.c:499
	#800004410 in __uClibc_main (=40106376, =5, =93507104, =0, =0, =0, =0) at libc/misc/internals/__uClibc_main.c:401
	#900004577 in main (=5, =93507104)

<not masking anything>
<not masked by anything>

(20) ID #15738787755178577799 with 44 occurences:
Type of modification: flush (never modified)
File: ../../src/../src/libpmem2/x86_64/flush.h
Line: 48
assembly.ll line: 156098
 allocated at _block_init_pmem_from_file():  %22 = call i8* @klee_pmem_alloc_pmem(i64 %19, i8* %20, i1 zeroext false, i8* %21), !dbg !11010
Stack: 
Current Thread: 1
Thread 1, Process 0, enabled
		PC:   call void @llvm.x86.clwb(i8* %3, i8* %3), !dbg !10984 (op #0=<global const>, op #1=196924928, op #2=196924928)
	#000156098 in pmem_clwb (=196924928) at ../../src/../src/libpmem2/x86_64/flush.h:48
	#100156082 in flush_clwb_nolog (=196924816, =176) at ../../src/../src/libpmem2/x86_64/flush.h:104
	#200155915 in flush_clwb (=196924816, =176) at ../../src/../src/libpmem2/x86_64/init.c:60
	#300172277 in pmem_flush (=196924816, =176) at pmem.c:232
	#400126425 in obj_norep_flush (=192987136, =196924816, =176, =2147483648) at obj.c:478
	#500140137 in pmemops_xflush.1191 (=192994104, =196924816, =176, =2147483648) at ./pmemops.h:64
	#600140091 in tx_flush_range (=362836768, =192987136) at tx.c:403
	#700070320 in ravl_foreach_node (=362836736, =118051592, =192987136, =1) at ../../src/../src/common/ravl.c:81
	#800070272 in ravl_delete_cb (=341341312, =118051592, =192987136) at ../../src/../src/common/ravl.c:104
	#900140017 in tx_pre_commit (=86013280) at tx.c:432
	#1000139903 in pmemobj_tx_commit () at tx.c:999
	#1100140545 in pmemobj_tx_process () at tx.c:1101
	#1200014799 in clht_hashtable_create (=8) at src/clht_lb_res.c:413
	#1300012396 in clht_create (=8) at src/clht_lb_res.c:298
	#1400012197 in _Z3runPPc (=192800320) at example-nothread.cpp:81
	#1500016765 in __klee_posix_wrapped_main (=2, =192800320) at example-nothread.cpp:204
	#1600010304 in __klee_posix_ctor_stub_insert_point (=2, =192800320, =93507152) at runtime/POSIX/./klee_init_env.c:491
	#1700010324 in __user_main (=5, =93507104, =93507152) at runtime/POSIX/./klee_init_env.c:499
	#1800004410 in __uClibc_main (=40106376, =5, =93507104, =0, =0, =0, =0) at libc/misc/internals/__uClibc_main.c:401
	#1900004577 in main (=5, =93507104)

<not masking anything>
<not masked by anything>

(21) ID #10067889793229977050 with 44 occurences:
Type of modification: fence (unnecessary)
File: src/clht_lb_res.c
Line: 139
assembly.ll line: 14944
 (no allocation info)
Stack: 
Current Thread: 1
Thread 1, Process 0, enabled
		PC:   call void @llvm.x86.sse2.mfence(), !dbg !10978 (op #0=<global const>)
	#000014944 in mfence () at src/clht_lb_res.c:139
	#100013636 in clflush (=196925008, =512, =true) at src/clht_lb_res.c:146
	#200012473 in clht_create (=8) at src/clht_lb_res.c:319
	#300012197 in _Z3runPPc (=192800320) at example-nothread.cpp:81
	#400016765 in __klee_posix_wrapped_main (=2, =192800320) at example-nothread.cpp:204
	#500010304 in __klee_posix_ctor_stub_insert_point (=2, =192800320, =93507152) at runtime/POSIX/./klee_init_env.c:491
	#600010324 in __user_main (=5, =93507104, =93507152) at runtime/POSIX/./klee_init_env.c:499
	#700004410 in __uClibc_main (=40106376, =5, =93507104, =0, =0, =0, =0) at libc/misc/internals/__uClibc_main.c:401
	#800004577 in main (=5, =93507104)

<not masking anything>
<not masked by anything>

(22) ID #12922976915077105227 with 214 occurences:
Type of modification: write (unpersisted)
File: obj.c
Line: 996
assembly.ll line: 126858
 allocated at _block_init_pmem_from_file():  %22 = call i8* @klee_pmem_alloc_pmem(i64 %19, i8* %20, i1 zeroext false, i8* %21), !dbg !11010
Stack: 
Current Thread: 1
Thread 1, Process 0, enabled
		PC:   store i32 (%struct.pmemobjpool*, i8*, i64, i32, i32)* null, i32 (%struct.pmemobjpool*, i8*, i64, i32, i32)** %16, align 8, !dbg !10995 (op #0=<global const>, op #1=192994288)
	#000126858 in obj_replica_init_local (=192987136, =1, =16777216) at obj.c:996
	#100124385 in obj_replica_init (=192987136, =234525824, =0, =0) at obj.c:1139
	#200128139 in obj_replicas_init (=234525824) at obj.c:1631
	#300127793 in obj_open_common (=190423712, =140351120, =0, =1) at obj.c:1724
	#400127730 in pmemobj_openU (=190423712, =140351120) at obj.c:1798
	#500127695 in pmemobj_open (=190423712, =140351120) at obj.c:1811
	#600012316 in clht_create (=8) at src/clht_lb_res.c:265
	#700012197 in _Z3runPPc (=192800320) at example-nothread.cpp:81
	#800016765 in __klee_posix_wrapped_main (=2, =192800320) at example-nothread.cpp:204
	#900010304 in __klee_posix_ctor_stub_insert_point (=2, =192800320, =93507152) at runtime/POSIX/./klee_init_env.c:491
	#1000010324 in __user_main (=5, =93507104, =93507152) at runtime/POSIX/./klee_init_env.c:499
	#1100004410 in __uClibc_main (=40106376, =5, =93507104, =0, =0, =0, =0) at libc/misc/internals/__uClibc_main.c:401
	#1200004577 in main (=5, =93507104)

<not masking anything>
<not masked by anything>

(23) ID #2992027016199648539 with 14 occurences:
Type of modification: flush (unnecessary)
File: ../../src/../src/libpmem2/x86_64/flush.h
Line: 48
assembly.ll line: 156098
 allocated at _block_init_pmem_from_file():  %22 = call i8* @klee_pmem_alloc_pmem(i64 %19, i8* %20, i1 zeroext false, i8* %21), !dbg !11010
Stack: 
Current Thread: 1
Thread 1, Process 0, enabled
		PC:   call void @llvm.x86.clwb(i8* %3, i8* %3), !dbg !10984 (op #0=<global const>, op #1=196924608, op #2=196924608)
	#000156098 in pmem_clwb (=196924608) at ../../src/../src/libpmem2/x86_64/flush.h:48
	#100156082 in flush_clwb_nolog (=196924624, =8) at ../../src/../src/libpmem2/x86_64/flush.h:104
	#200155915 in flush_clwb (=196924624, =8) at ../../src/../src/libpmem2/x86_64/init.c:60
	#300172277 in pmem_flush (=196924624, =8) at pmem.c:232
	#400126425 in obj_norep_flush (=192987136, =196924624, =8, =2147483648) at obj.c:478
	#500140137 in pmemops_xflush.1191 (=192994104, =196924624, =8, =2147483648) at ./pmemops.h:64
	#600140091 in tx_flush_range (=398662368, =192987136) at tx.c:403
	#700070320 in ravl_foreach_node (=398662336, =118051592, =192987136, =1) at ../../src/../src/common/ravl.c:81
	#800070309 in ravl_foreach_node (=333607552, =118051592, =192987136, =1) at ../../src/../src/common/ravl.c:79
	#900070272 in ravl_delete_cb (=397693248, =118051592, =192987136) at ../../src/../src/common/ravl.c:104
	#1000140017 in tx_pre_commit (=86013280) at tx.c:432
	#1100139903 in pmemobj_tx_commit () at tx.c:999
	#1200140545 in pmemobj_tx_process () at tx.c:1101
	#1300014396 in ht_resize_pes (=196924624, =1, =4) at src/clht_lb_res.c:1002
	#1400013958 in ht_status (=196924624, =1, =0) at src/clht_lb_res.c:1112
	#1500013346 in clht_put (=196924624, =32, =32) at src/clht_lb_res.c:597
	#1600012688 in _ZZ3runPPcENK3$_0clEv (=284706880) at example-nothread.cpp:109
	#1700012271 in _Z3runPPc (=464524640) at example-nothread.cpp:114
	#1800016765 in __klee_posix_wrapped_main (=2, =464524640) at example-nothread.cpp:204
	#1900010304 in __klee_posix_ctor_stub_insert_point (=2, =464524640, =93507152) at runtime/POSIX/./klee_init_env.c:491
	#2000010324 in __user_main (=5, =93507104, =93507152) at runtime/POSIX/./klee_init_env.c:499
	#2100004410 in __uClibc_main (=40106376, =5, =93507104, =0, =0, =0, =0) at libc/misc/internals/__uClibc_main.c:401
	#2200004577 in main (=5, =93507104)

<not masking anything>
<not masked by anything>

(24) ID #6711629158927986729 with 88 occurences:
Type of modification: flush (unnecessary)
File: src/clht_lb_res.c
Line: 154
assembly.ll line: 13661
 allocated at _block_init_pmem_from_file():  %22 = call i8* @klee_pmem_alloc_pmem(i64 %19, i8* %20, i1 zeroext false, i8* %21), !dbg !11010
Stack: 
Current Thread: 1
Thread 1, Process 0, enabled
		PC:   call void @llvm.x86.clwb(i8* %32, i8* %32), !dbg !11016 (op #0=<global const>, op #1=196924800, op #2=196924800)
	#000013661 in clflush (=196924816, =128, =true) at src/clht_lb_res.c:154
	#100012476 in clht_create (=8) at src/clht_lb_res.c:320
	#200012197 in _Z3runPPc (=192800320) at example-nothread.cpp:81
	#300016765 in __klee_posix_wrapped_main (=2, =192800320) at example-nothread.cpp:204
	#400010304 in __klee_posix_ctor_stub_insert_point (=2, =192800320, =93507152) at runtime/POSIX/./klee_init_env.c:491
	#500010324 in __user_main (=5, =93507104, =93507152) at runtime/POSIX/./klee_init_env.c:499
	#600004410 in __uClibc_main (=40106376, =5, =93507104, =0, =0, =0, =0) at libc/misc/internals/__uClibc_main.c:401
	#700004577 in main (=5, =93507104)

<not masking anything>
<not masked by anything>

(25) ID #10653846182244459516 with 44 occurences:
Type of modification: flush (never modified)
File: src/clht_lb_res.c
Line: 154
assembly.ll line: 13661
 allocated at _block_init_pmem_from_file():  %22 = call i8* @klee_pmem_alloc_pmem(i64 %19, i8* %20, i1 zeroext false, i8* %21), !dbg !11010
Stack: 
Current Thread: 1
Thread 1, Process 0, enabled
		PC:   call void @llvm.x86.clwb(i8* %32, i8* %32), !dbg !11016 (op #0=<global const>, op #1=196924928, op #2=196924928)
	#000013661 in clflush (=196924816, =128, =true) at src/clht_lb_res.c:154
	#100012476 in clht_create (=8) at src/clht_lb_res.c:320
	#200012197 in _Z3runPPc (=192800320) at example-nothread.cpp:81
	#300016765 in __klee_posix_wrapped_main (=2, =192800320) at example-nothread.cpp:204
	#400010304 in __klee_posix_ctor_stub_insert_point (=2, =192800320, =93507152) at runtime/POSIX/./klee_init_env.c:491
	#500010324 in __user_main (=5, =93507104, =93507152) at runtime/POSIX/./klee_init_env.c:499
	#600004410 in __uClibc_main (=40106376, =5, =93507104, =0, =0, =0, =0) at libc/misc/internals/__uClibc_main.c:401
	#700004577 in main (=5, =93507104)

<not masking anything>
<not masked by anything>

(26) ID #10115009325484235950 with 44 occurences:
Type of modification: flush (unnecessary)
File: src/clht_lb_res.c
Line: 154
assembly.ll line: 13661
 allocated at _block_init_pmem_from_file():  %22 = call i8* @klee_pmem_alloc_pmem(i64 %19, i8* %20, i1 zeroext false, i8* %21), !dbg !11010
Stack: 
Current Thread: 1
Thread 1, Process 0, enabled
		PC:   call void @llvm.x86.clwb(i8* %32, i8* %32), !dbg !11016 (op #0=<global const>, op #1=196924608, op #2=196924608)
	#000013661 in clflush (=196924624, =128, =true) at src/clht_lb_res.c:154
	#100012479 in clht_create (=8) at src/clht_lb_res.c:321
	#200012197 in _Z3runPPc (=192800320) at example-nothread.cpp:81
	#300016765 in __klee_posix_wrapped_main (=2, =192800320) at example-nothread.cpp:204
	#400010304 in __klee_posix_ctor_stub_insert_point (=2, =192800320, =93507152) at runtime/POSIX/./klee_init_env.c:491
	#500010324 in __user_main (=5, =93507104, =93507152) at runtime/POSIX/./klee_init_env.c:499
	#600004410 in __uClibc_main (=40106376, =5, =93507104, =0, =0, =0, =0) at libc/misc/internals/__uClibc_main.c:401
	#700004577 in main (=5, =93507104)

<not masking anything>
<not masked by anything>

(27) ID #3680862944502353037 with 44 occurences:
Type of modification: fence (unnecessary)
File: ../../src/../src/libpmem2/x86_64/init.c
Line: 27
assembly.ll line: 156132
 (no allocation info)
Stack: 
Current Thread: 1
Thread 1, Process 0, enabled
		PC:   call void @llvm.x86.sse.sfence(), !dbg !10981 (op #0=<global const>)
	#000156132 in memory_barrier () at ../../src/../src/libpmem2/x86_64/init.c:27
	#100172184 in pmem_drain () at pmem.c:189
	#200126450 in obj_norep_drain (=192987136) at obj.c:492
	#300111289 in pmemops_drain.1002 (=192993840) at ./pmemops.h:76
	#400111079 in palloc_exec_actions (=192993840, =192289536, =116605952, =1) at palloc.c:559
	#500110086 in palloc_operation (=192993840, =0, =192993280, =128, =118041864, =284348032, =0, =32768, =0, =0, =192289536) at palloc.c:769
	#600131948 in obj_alloc_root (=192987136, =128, =0, =0) at obj.c:2833
	#700131786 in pmemobj_root_construct (=192987136, =128, =0, =0) at obj.c:2887
	#800132141 in pmemobj_root (=192987136, =128) at obj.c:2912
	#900012338 in clht_create (=8) at src/clht_lb_res.c:278
	#1000012197 in _Z3runPPc (=192800320) at example-nothread.cpp:81
	#1100016765 in __klee_posix_wrapped_main (=2, =192800320) at example-nothread.cpp:204
	#1200010304 in __klee_posix_ctor_stub_insert_point (=2, =192800320, =93507152) at runtime/POSIX/./klee_init_env.c:491
	#1300010324 in __user_main (=5, =93507104, =93507152) at runtime/POSIX/./klee_init_env.c:499
	#1400004410 in __uClibc_main (=40106376, =5, =93507104, =0, =0, =0, =0) at libc/misc/internals/__uClibc_main.c:401
	#1500004577 in main (=5, =93507104)

<not masking anything>
<not masked by anything>

(28) ID #13435889765373827543 with 214 occurences:
Type of modification: write (unpersisted)
File: libc/string/memset.c
Line: 28
assembly.ll line: 11979
 allocated at _block_init_pmem_from_file():  %22 = call i8* @klee_pmem_alloc_pmem(i64 %19, i8* %20, i1 zeroext false, i8* %21), !dbg !11010
Stack: 
Current Thread: 1
Thread 1, Process 0, enabled
		PC:   store i8 %14, i8* %15, align 1, !dbg !10995 (op #0=0, op #1=192993824)
	#000011979 in memset (=192993824, =0, =1504) at libc/string/memset.c:28
	#100128124 in obj_replicas_init (=234525824) at obj.c:1624
	#200127793 in obj_open_common (=190423712, =140351120, =0, =1) at obj.c:1724
	#300127730 in pmemobj_openU (=190423712, =140351120) at obj.c:1798
	#400127695 in pmemobj_open (=190423712, =140351120) at obj.c:1811
	#500012316 in clht_create (=8) at src/clht_lb_res.c:265
	#600012197 in _Z3runPPc (=192800320) at example-nothread.cpp:81
	#700016765 in __klee_posix_wrapped_main (=2, =192800320) at example-nothread.cpp:204
	#800010304 in __klee_posix_ctor_stub_insert_point (=2, =192800320, =93507152) at runtime/POSIX/./klee_init_env.c:491
	#900010324 in __user_main (=5, =93507104, =93507152) at runtime/POSIX/./klee_init_env.c:499
	#1000004410 in __uClibc_main (=40106376, =5, =93507104, =0, =0, =0, =0) at libc/misc/internals/__uClibc_main.c:401
	#1100004577 in main (=5, =93507104)

<not masking anything>
May be masked by:
	ID #12570268547189500369
	ID #2923198959258079287
	ID #393122436972496031
	ID #1904908792220922150
	ID #7606910573189374032
	ID #16229357597877531799
	ID #6803473897257026480
	ID #1823893980584555587
	ID #17019221421217820164

(29) ID #3998451659475211012 with 179 occurences:
Type of modification: write (unpersisted)
File: src/clht_lb_res.c
Line: 592
assembly.ll line: 13337
 allocated at _block_init_pmem_from_file():  %22 = call i8* @klee_pmem_alloc_pmem(i64 %19, i8* %20, i1 zeroext false, i8* %21), !dbg !11010
Stack: 
Current Thread: 1
Thread 1, Process 0, enabled
		PC:   store volatile i8 0, i8* %218, align 1, !dbg !11188 (op #0=<global const>, op #1=196925072)
	#000013337 in clht_put (=196924624, =1, =1) at src/clht_lb_res.c:592
	#100012688 in _ZZ3runPPcENK3$_0clEv (=237477760) at example-nothread.cpp:109
	#200012271 in _Z3runPPc (=192799168) at example-nothread.cpp:114
	#300016765 in __klee_posix_wrapped_main (=2, =192799168) at example-nothread.cpp:204
	#400010304 in __klee_posix_ctor_stub_insert_point (=2, =192799168, =93507152) at runtime/POSIX/./klee_init_env.c:491
	#500010324 in __user_main (=5, =93507104, =93507152) at runtime/POSIX/./klee_init_env.c:499
	#600004410 in __uClibc_main (=40106376, =5, =93507104, =0, =0, =0, =0) at libc/misc/internals/__uClibc_main.c:401
	#700004577 in main (=5, =93507104)

<not masking anything>
May be masked by:
	ID #13382772426806997836
	ID #8443327717838466601

(30) ID #245143247685933748 with 8 occurences:
Type of modification: write (unpersisted)
File: libc/string/memcpy.c
Line: 29
assembly.ll line: 11940
 allocated at _block_init_pmem_from_file():  %22 = call i8* @klee_pmem_alloc_pmem(i64 %19, i8* %20, i1 zeroext false, i8* %21), !dbg !11010
Stack: 
Current Thread: 1
Thread 1, Process 0, enabled
		PC:   store i8 %17, i8* %18, align 1, !dbg !10998 (op #0=1, op #1=196142528)
	#000011940 in memcpy (=196142528, =192339448, =8) at libc/string/memcpy.c:29
	#100061416 in huge_write_footer (=196142160, =47) at memblock.c:1136
	#200062313 in memblock_huge_init (=361434592, =192993840, =2, =0, =47) at memblock.c:1310
	#300105887 in heap_split_block (=192993840, =362619744, =286509888, =1) at heap.c:961
	#400105316 in heap_get_bestfit_block (=192993840, =362619744, =286509888) at heap.c:995
	#500105551 in heap_ensure_run_bucket_filled (=192993840, =251530528, =1) at heap.c:884
	#600105251 in heap_get_bestfit_block (=192993840, =251530528, =361095336) at heap.c:987
	#700110805 in palloc_reservation_create (=192993840, =64, =118053640, =361403488, =2, =0, =0, =0, =361095296) at palloc.c:218
	#800118417 in palloc_reserve (=192993840, =64, =118053640, =361403488, =2, =0, =0, =0, =361095296) at palloc.c:597
	#900142700 in tx_alloc_common (=86013280, =64, =2, =118053640, =361403488) at tx.c:587
	#1000142435 in pmemobj_tx_alloc (=64, =2) at tx.c:1564
	#1100016094 in clht_bucket_create () at src/clht_lb_res.c:212
	#1200013582 in clht_bucket_create_stats (=196924816, =278679912) at src/clht_lb_res.c:243
	#1300013243 in clht_put (=196924624, =25, =25) at src/clht_lb_res.c:544
	#1400012688 in _ZZ3runPPcENK3$_0clEv (=284706880) at example-nothread.cpp:109
	#1500012271 in _Z3runPPc (=464524640) at example-nothread.cpp:114
	#1600016765 in __klee_posix_wrapped_main (=2, =464524640) at example-nothread.cpp:204
	#1700010304 in __klee_posix_ctor_stub_insert_point (=2, =464524640, =93507152) at runtime/POSIX/./klee_init_env.c:491
	#1800010324 in __user_main (=5, =93507104, =93507152) at runtime/POSIX/./klee_init_env.c:499
	#1900004410 in __uClibc_main (=40106376, =5, =93507104, =0, =0, =0, =0) at libc/misc/internals/__uClibc_main.c:401
	#2000004577 in main (=5, =93507104)

<not masking anything>
May be masked by:
	ID #1838689569248693117

(31) ID #5263552163989632257 with 44 occurences:
Type of modification: fence (unnecessary)
File: src/clht_lb_res.c
Line: 139
assembly.ll line: 14944
 (no allocation info)
Stack: 
Current Thread: 1
Thread 1, Process 0, enabled
		PC:   call void @llvm.x86.sse2.mfence(), !dbg !10978 (op #0=<global const>)
	#000014944 in mfence () at src/clht_lb_res.c:139
	#100013689 in clflush (=196924816, =128, =true) at src/clht_lb_res.c:159
	#200012476 in clht_create (=8) at src/clht_lb_res.c:320
	#300012197 in _Z3runPPc (=192800320) at example-nothread.cpp:81
	#400016765 in __klee_posix_wrapped_main (=2, =192800320) at example-nothread.cpp:204
	#500010304 in __klee_posix_ctor_stub_insert_point (=2, =192800320, =93507152) at runtime/POSIX/./klee_init_env.c:491
	#600010324 in __user_main (=5, =93507104, =93507152) at runtime/POSIX/./klee_init_env.c:499
	#700004410 in __uClibc_main (=40106376, =5, =93507104, =0, =0, =0, =0) at libc/misc/internals/__uClibc_main.c:401
	#800004577 in main (=5, =93507104)

<not masking anything>
<not masked by anything>

(32) ID #3190326117122715088 with 44 occurences:
Type of modification: fence (unnecessary)
File: ../../src/../src/libpmem2/x86_64/init.c
Line: 27
assembly.ll line: 156132
 (no allocation info)
Stack: 
Current Thread: 1
Thread 1, Process 0, enabled
		PC:   call void @llvm.x86.sse.sfence(), !dbg !10981 (op #0=<global const>)
	#000156132 in memory_barrier () at ../../src/../src/libpmem2/x86_64/init.c:27
	#100172184 in pmem_drain () at pmem.c:189
	#200126450 in obj_norep_drain (=192987136) at obj.c:492
	#300111289 in pmemops_drain.1002 (=192993840) at ./pmemops.h:76
	#400111079 in palloc_exec_actions (=192993840, =192289536, =304652288, =2) at palloc.c:559
	#500119060 in palloc_publish (=192993840, =304652288, =2, =192289536) at palloc.c:660
	#600139973 in pmemobj_tx_commit () at tx.c:1009
	#700140545 in pmemobj_tx_process () at tx.c:1101
	#800014799 in clht_hashtable_create (=8) at src/clht_lb_res.c:413
	#900012396 in clht_create (=8) at src/clht_lb_res.c:298
	#1000012197 in _Z3runPPc (=192800320) at example-nothread.cpp:81
	#1100016765 in __klee_posix_wrapped_main (=2, =192800320) at example-nothread.cpp:204
	#1200010304 in __klee_posix_ctor_stub_insert_point (=2, =192800320, =93507152) at runtime/POSIX/./klee_init_env.c:491
	#1300010324 in __user_main (=5, =93507104, =93507152) at runtime/POSIX/./klee_init_env.c:499
	#1400004410 in __uClibc_main (=40106376, =5, =93507104, =0, =0, =0, =0) at libc/misc/internals/__uClibc_main.c:401
	#1500004577 in main (=5, =93507104)

<not masking anything>
<not masked by anything>

(33) ID #8892801229897038695 with 94 occurences:
Type of modification: write (unpersisted)
File: libc/string/memcpy.c
Line: 29
assembly.ll line: 11940
 allocated at _block_init_pmem_from_file():  %22 = call i8* @klee_pmem_alloc_pmem(i64 %19, i8* %20, i1 zeroext false, i8* %21), !dbg !11010
Stack: 
Current Thread: 1
Thread 1, Process 0, enabled
		PC:   store i8 %17, i8* %18, align 1, !dbg !10998 (op #0=2, op #1=197190720)
	#000011940 in memcpy (=197190720, =361434592, =40) at libc/string/memcpy.c:29
	#100102354 in container_ravl_insert_block (=438070304, =361434592) at container_ravl.c:60
	#200056970 in bucket_insert_block (=362619744, =361434592) at bucket.c:75
	#300105889 in heap_split_block (=192993840, =362619744, =286509888, =1) at heap.c:964
	#400105316 in heap_get_bestfit_block (=192993840, =362619744, =286509888) at heap.c:995
	#500105551 in heap_ensure_run_bucket_filled (=192993840, =251530528, =1) at heap.c:884
	#600105251 in heap_get_bestfit_block (=192993840, =251530528, =361095336) at heap.c:987
	#700110805 in palloc_reservation_create (=192993840, =64, =118053640, =361403488, =2, =0, =0, =0, =361095296) at palloc.c:218
	#800118417 in palloc_reserve (=192993840, =64, =118053640, =361403488, =2, =0, =0, =0, =361095296) at palloc.c:597
	#900142700 in tx_alloc_common (=86013280, =64, =2, =118053640, =361403488) at tx.c:587
	#1000142435 in pmemobj_tx_alloc (=64, =2) at tx.c:1564
	#1100016094 in clht_bucket_create () at src/clht_lb_res.c:212
	#1200013582 in clht_bucket_create_stats (=196924816, =278679912) at src/clht_lb_res.c:243
	#1300013243 in clht_put (=196924624, =25, =25) at src/clht_lb_res.c:544
	#1400012688 in _ZZ3runPPcENK3$_0clEv (=284706880) at example-nothread.cpp:109
	#1500012271 in _Z3runPPc (=464524640) at example-nothread.cpp:114
	#1600016765 in __klee_posix_wrapped_main (=2, =464524640) at example-nothread.cpp:204
	#1700010304 in __klee_posix_ctor_stub_insert_point (=2, =464524640, =93507152) at runtime/POSIX/./klee_init_env.c:491
	#1800010324 in __user_main (=5, =93507104, =93507152) at runtime/POSIX/./klee_init_env.c:499
	#1900004410 in __uClibc_main (=40106376, =5, =93507104, =0, =0, =0, =0) at libc/misc/internals/__uClibc_main.c:401
	#2000004577 in main (=5, =93507104)

<not masking anything>
<not masked by anything>

(34) ID #2229412900283562970 with 396 occurences:
Type of modification: flush (unnecessary)
File: src/clht_lb_res.c
Line: 154
assembly.ll line: 13661
 allocated at _block_init_pmem_from_file():  %22 = call i8* @klee_pmem_alloc_pmem(i64 %19, i8* %20, i1 zeroext false, i8* %21), !dbg !11010
Stack: 
Current Thread: 1
Thread 1, Process 0, enabled
		PC:   call void @llvm.x86.clwb(i8* %32, i8* %32), !dbg !11016 (op #0=<global const>, op #1=196924992, op #2=196924992)
	#000013661 in clflush (=196925008, =512, =true) at src/clht_lb_res.c:154
	#100012473 in clht_create (=8) at src/clht_lb_res.c:319
	#200012197 in _Z3runPPc (=192800320) at example-nothread.cpp:81
	#300016765 in __klee_posix_wrapped_main (=2, =192800320) at example-nothread.cpp:204
	#400010304 in __klee_posix_ctor_stub_insert_point (=2, =192800320, =93507152) at runtime/POSIX/./klee_init_env.c:491
	#500010324 in __user_main (=5, =93507104, =93507152) at runtime/POSIX/./klee_init_env.c:499
	#600004410 in __uClibc_main (=40106376, =5, =93507104, =0, =0, =0, =0) at libc/misc/internals/__uClibc_main.c:401
	#700004577 in main (=5, =93507104)

<not masking anything>
<not masked by anything>

(35) ID #17166494797286448472 with 44 occurences:
Type of modification: fence (unnecessary)
File: src/clht_lb_res.c
Line: 139
assembly.ll line: 14944
 (no allocation info)
Stack: 
Current Thread: 1
Thread 1, Process 0, enabled
		PC:   call void @llvm.x86.sse2.mfence(), !dbg !10978 (op #0=<global const>)
	#000014944 in mfence () at src/clht_lb_res.c:139
	#100013689 in clflush (=196925008, =512, =true) at src/clht_lb_res.c:159
	#200012473 in clht_create (=8) at src/clht_lb_res.c:319
	#300012197 in _Z3runPPc (=192800320) at example-nothread.cpp:81
	#400016765 in __klee_posix_wrapped_main (=2, =192800320) at example-nothread.cpp:204
	#500010304 in __klee_posix_ctor_stub_insert_point (=2, =192800320, =93507152) at runtime/POSIX/./klee_init_env.c:491
	#600010324 in __user_main (=5, =93507104, =93507152) at runtime/POSIX/./klee_init_env.c:499
	#700004410 in __uClibc_main (=40106376, =5, =93507104, =0, =0, =0, =0) at libc/misc/internals/__uClibc_main.c:401
	#800004577 in main (=5, =93507104)

<not masking anything>
<not masked by anything>

(36) ID #13945978409204642097 with 214 occurences:
Type of modification: write (unpersisted)
File: obj.c
Line: 1244
assembly.ll line: 124842
 allocated at _block_init_pmem_from_file():  %22 = call i8* @klee_pmem_alloc_pmem(i64 %19, i8* %20, i1 zeroext false, i8* %21), !dbg !11010
Stack: 
Current Thread: 1
Thread 1, Process 0, enabled
		PC:   store i32 0, i32* %140, align 8, !dbg !11136 (op #0=<global const>, op #1=192994392)
	#000124842 in obj_runtime_init (=192987136, =0, =1, =1024) at obj.c:1244
	#100127912 in obj_open_common (=190423712, =140351120, =0, =1) at obj.c:1761
	#200127730 in pmemobj_openU (=190423712, =140351120) at obj.c:1798
	#300127695 in pmemobj_open (=190423712, =140351120) at obj.c:1811
	#400012316 in clht_create (=8) at src/clht_lb_res.c:265
	#500012197 in _Z3runPPc (=192800320) at example-nothread.cpp:81
	#600016765 in __klee_posix_wrapped_main (=2, =192800320) at example-nothread.cpp:204
	#700010304 in __klee_posix_ctor_stub_insert_point (=2, =192800320, =93507152) at runtime/POSIX/./klee_init_env.c:491
	#800010324 in __user_main (=5, =93507104, =93507152) at runtime/POSIX/./klee_init_env.c:499
	#900004410 in __uClibc_main (=40106376, =5, =93507104, =0, =0, =0, =0) at libc/misc/internals/__uClibc_main.c:401
	#1000004577 in main (=5, =93507104)

<not masking anything>
<not masked by anything>

(37) ID #7095346691244067950 with 14 occurences:
Type of modification: flush (never modified)
File: src/clht_lb_res.c
Line: 154
assembly.ll line: 13661
 allocated at _block_init_pmem_from_file():  %22 = call i8* @klee_pmem_alloc_pmem(i64 %19, i8* %20, i1 zeroext false, i8* %21), !dbg !11010
Stack: 
Current Thread: 1
Thread 1, Process 0, enabled
		PC:   call void @llvm.x86.clwb(i8* %32, i8* %32), !dbg !11016 (op #0=<global const>, op #1=196925696, op #2=196925696)
	#000013661 in clflush (=196925584, =128, =false) at src/clht_lb_res.c:154
	#100014301 in ht_resize_pes (=196924624, =1, =4) at src/clht_lb_res.c:895
	#200013958 in ht_status (=196924624, =1, =0) at src/clht_lb_res.c:1112
	#300013346 in clht_put (=196924624, =32, =32) at src/clht_lb_res.c:597
	#400012688 in _ZZ3runPPcENK3$_0clEv (=284706880) at example-nothread.cpp:109
	#500012271 in _Z3runPPc (=464524640) at example-nothread.cpp:114
	#600016765 in __klee_posix_wrapped_main (=2, =464524640) at example-nothread.cpp:204
	#700010304 in __klee_posix_ctor_stub_insert_point (=2, =464524640, =93507152) at runtime/POSIX/./klee_init_env.c:491
	#800010324 in __user_main (=5, =93507104, =93507152) at runtime/POSIX/./klee_init_env.c:499
	#900004410 in __uClibc_main (=40106376, =5, =93507104, =0, =0, =0, =0) at libc/misc/internals/__uClibc_main.c:401
	#1000004577 in main (=5, =93507104)

<not masking anything>
<not masked by anything>

(38) ID #9941723587189963864 with 21966 occurences:
Type of modification: flush (unnecessary)
File: ../../src/../src/libpmem2/x86_64/flush.h
Line: 48
assembly.ll line: 156098
 allocated at _block_init_pmem_from_file():  %22 = call i8* @klee_pmem_alloc_pmem(i64 %19, i8* %20, i1 zeroext false, i8* %21), !dbg !11010
Stack: 
Current Thread: 1
Thread 1, Process 0, enabled
		PC:   call void @llvm.x86.clwb(i8* %3, i8* %3), !dbg !10984 (op #0=<global const>, op #1=197416000, op #2=197416000)
	#000156098 in pmem_clwb (=197416000) at ../../src/../src/libpmem2/x86_64/flush.h:48
	#100156082 in flush_clwb_nolog (=197416016, =2096) at ../../src/../src/libpmem2/x86_64/flush.h:104
	#200155915 in flush_clwb (=197416016, =2096) at ../../src/../src/libpmem2/x86_64/init.c:60
	#300172277 in pmem_flush (=197416016, =2096) at pmem.c:232
	#400126425 in obj_norep_flush (=192987136, =197416016, =2096, =2147483648) at obj.c:478
	#500140137 in pmemops_xflush.1191 (=192994104, =197416016, =2096, =2147483648) at ./pmemops.h:64
	#600140091 in tx_flush_range (=398505312, =192987136) at tx.c:403
	#700070320 in ravl_foreach_node (=398505280, =118051592, =192987136, =1) at ../../src/../src/common/ravl.c:81
	#800070331 in ravl_foreach_node (=333607552, =118051592, =192987136, =1) at ../../src/../src/common/ravl.c:82
	#900070272 in ravl_delete_cb (=397693248, =118051592, =192987136) at ../../src/../src/common/ravl.c:104
	#1000140017 in tx_pre_commit (=86013280) at tx.c:432
	#1100139903 in pmemobj_tx_commit () at tx.c:999
	#1200140545 in pmemobj_tx_process () at tx.c:1101
	#1300014396 in ht_resize_pes (=196924624, =1, =4) at src/clht_lb_res.c:1002
	#1400013958 in ht_status (=196924624, =1, =0) at src/clht_lb_res.c:1112
	#1500013346 in clht_put (=196924624, =32, =32) at src/clht_lb_res.c:597
	#1600012688 in _ZZ3runPPcENK3$_0clEv (=284706880) at example-nothread.cpp:109
	#1700012271 in _Z3runPPc (=464524640) at example-nothread.cpp:114
	#1800016765 in __klee_posix_wrapped_main (=2, =464524640) at example-nothread.cpp:204
	#1900010304 in __klee_posix_ctor_stub_insert_point (=2, =464524640, =93507152) at runtime/POSIX/./klee_init_env.c:491
	#2000010324 in __user_main (=5, =93507104, =93507152) at runtime/POSIX/./klee_init_env.c:499
	#2100004410 in __uClibc_main (=40106376, =5, =93507104, =0, =0, =0, =0) at libc/misc/internals/__uClibc_main.c:401
	#2200004577 in main (=5, =93507104)

<not masking anything>
<not masked by anything>

(39) ID #7727934542087399691 with 214 occurences:
Type of modification: write (unpersisted)
File: libc/string/memcpy.c
Line: 29
assembly.ll line: 11940
 allocated at _block_init_pmem_from_file():  %22 = call i8* @klee_pmem_alloc_pmem(i64 %19, i8* %20, i1 zeroext false, i8* %21), !dbg !11010
Stack: 
Current Thread: 1
Thread 1, Process 0, enabled
		PC:   store i8 %17, i8* %18, align 1, !dbg !10998 (op #0=8, op #1=192993840)
	#000011940 in memcpy (=192993840, =192994104, =80) at libc/string/memcpy.c:29
	#100107444 in heap_boot (=192993840, =196141056, =13623296, =192993312, =192987136, =192994104, =44566976, =234525824) at heap.c:1499
	#200116753 in palloc_boot (=192993840, =196141056, =13623296, =192993312, =192987136, =192994104, =44566976, =234525824) at palloc.c:1248
	#300116615 in pmalloc_boot (=192987136) at pmalloc.c:179
	#400116399 in lane_recover_and_section_boot (=192987136) at lane.c:370
	#500125225 in obj_runtime_init_common (=192987136) at obj.c:840
	#600124760 in obj_runtime_init (=192987136, =0, =1, =1024) at obj.c:1206
	#700127912 in obj_open_common (=190423712, =140351120, =0, =1) at obj.c:1761
	#800127730 in pmemobj_openU (=190423712, =140351120) at obj.c:1798
	#900127695 in pmemobj_open (=190423712, =140351120) at obj.c:1811
	#1000012316 in clht_create (=8) at src/clht_lb_res.c:265
	#1100012197 in _Z3runPPc (=192800320) at example-nothread.cpp:81
	#1200016765 in __klee_posix_wrapped_main (=2, =192800320) at example-nothread.cpp:204
	#1300010304 in __klee_posix_ctor_stub_insert_point (=2, =192800320, =93507152) at runtime/POSIX/./klee_init_env.c:491
	#1400010324 in __user_main (=5, =93507104, =93507152) at runtime/POSIX/./klee_init_env.c:499
	#1500004410 in __uClibc_main (=40106376, =5, =93507104, =0, =0, =0, =0) at libc/misc/internals/__uClibc_main.c:401
	#1600004577 in main (=5, =93507104)

<not masking anything>
<not masked by anything>

(40) ID #16510449589712220504 with 214 occurences:
Type of modification: write (unpersisted)
File: lane.c
Line: 520
assembly.ll line: 115342
 allocated at _block_init_pmem_from_file():  %22 = call i8* @klee_pmem_alloc_pmem(i64 %19, i8* %20, i1 zeroext false, i8* %21), !dbg !11010
Stack: 
Current Thread: 1
Thread 1, Process 0, enabled
		PC:   store i32 %62, i32* %60, !dbg !11014 (op #0=8, op #1=192993988)
	#000115342 in lane_hold (=192987136, =192335216) at lane.c:520
	#100109807 in pmalloc_operation_hold_type (=192987136, =1, =1) at pmalloc.c:46
	#200129469 in pmalloc_operation_hold (=192987136) at pmalloc.c:73
	#300131929 in obj_alloc_root (=192987136, =128, =0, =0) at obj.c:2829
	#400131786 in pmemobj_root_construct (=192987136, =128, =0, =0) at obj.c:2887
	#500132141 in pmemobj_root (=192987136, =128) at obj.c:2912
	#600012338 in clht_create (=8) at src/clht_lb_res.c:278
	#700012197 in _Z3runPPc (=192800320) at example-nothread.cpp:81
	#800016765 in __klee_posix_wrapped_main (=2, =192800320) at example-nothread.cpp:204
	#900010304 in __klee_posix_ctor_stub_insert_point (=2, =192800320, =93507152) at runtime/POSIX/./klee_init_env.c:491
	#1000010324 in __user_main (=5, =93507104, =93507152) at runtime/POSIX/./klee_init_env.c:499
	#1100004410 in __uClibc_main (=40106376, =5, =93507104, =0, =0, =0, =0) at libc/misc/internals/__uClibc_main.c:401
	#1200004577 in main (=5, =93507104)

<not masking anything>
<not masked by anything>

(41) ID #12570268547189500369 with 214 occurences:
Type of modification: write (unpersisted)
File: sync.c
Line: 48
assembly.ll line: 118163
 allocated at _block_init_pmem_from_file():  %22 = call i8* @klee_pmem_alloc_pmem(i64 %19, i8* %20, i1 zeroext false, i8* %21), !dbg !11010
Stack: 
Current Thread: 1
Thread 1, Process 0, enabled
		PC:   store i64 %32, i64* %26, !dbg !11018 (op #0=5, op #1=192994184)
	#000118163 in _get_value (=6, =192994184, =192994192, =0, =87749256) at sync.c:48
	#100118089 in get_mutex (=192987136, =192994184) at sync.c:91
	#200117221 in pmemobj_mutex_lock (=192987136, =192994184) at sync.c:201
	#300131856 in pmemobj_mutex_lock_nofail (=192987136, =192994184) at ./sync.h:84
	#400131773 in pmemobj_root_construct (=192987136, =128, =0, =0) at obj.c:2884
	#500132141 in pmemobj_root (=192987136, =128) at obj.c:2912
	#600012338 in clht_create (=8) at src/clht_lb_res.c:278
	#700012197 in _Z3runPPc (=192800320) at example-nothread.cpp:81
	#800016765 in __klee_posix_wrapped_main (=2, =192800320) at example-nothread.cpp:204
	#900010304 in __klee_posix_ctor_stub_insert_point (=2, =192800320, =93507152) at runtime/POSIX/./klee_init_env.c:491
	#1000010324 in __user_main (=5, =93507104, =93507152) at runtime/POSIX/./klee_init_env.c:499
	#1100004410 in __uClibc_main (=40106376, =5, =93507104, =0, =0, =0, =0) at libc/misc/internals/__uClibc_main.c:401
	#1200004577 in main (=5, =93507104)

<not masking anything>
<not masked by anything>

(42) ID #10669382890613479614 with 214 occurences:
Type of modification: write (unpersisted)
File: obj.c
Line: 1007
assembly.ll line: 126886
 allocated at _block_init_pmem_from_file():  %22 = call i8* @klee_pmem_alloc_pmem(i64 %19, i8* %20, i1 zeroext false, i8* %21), !dbg !11010
Stack: 
Current Thread: 1
Thread 1, Process 0, enabled
		PC:   store void (i8*, i64)* @pmem_persist, void (i8*, i64)** %33, align 8, !dbg !11010 (op #0=<global const>, op #1=192994056)
	#000126886 in obj_replica_init_local (=192987136, =1, =16777216) at obj.c:1007
	#100124385 in obj_replica_init (=192987136, =234525824, =0, =0) at obj.c:1139
	#200128139 in obj_replicas_init (=234525824) at obj.c:1631
	#300127793 in obj_open_common (=190423712, =140351120, =0, =1) at obj.c:1724
	#400127730 in pmemobj_openU (=190423712, =140351120) at obj.c:1798
	#500127695 in pmemobj_open (=190423712, =140351120) at obj.c:1811
	#600012316 in clht_create (=8) at src/clht_lb_res.c:265
	#700012197 in _Z3runPPc (=192800320) at example-nothread.cpp:81
	#800016765 in __klee_posix_wrapped_main (=2, =192800320) at example-nothread.cpp:204
	#900010304 in __klee_posix_ctor_stub_insert_point (=2, =192800320, =93507152) at runtime/POSIX/./klee_init_env.c:491
	#1000010324 in __user_main (=5, =93507104, =93507152) at runtime/POSIX/./klee_init_env.c:499
	#1100004410 in __uClibc_main (=40106376, =5, =93507104, =0, =0, =0, =0) at libc/misc/internals/__uClibc_main.c:401
	#1200004577 in main (=5, =93507104)

<not masking anything>
<not masked by anything>

(43) ID #7769165100666356093 with 44156 occurences:
Type of modification: fence (unnecessary)
File: src/clht_lb_res.c
Line: 139
assembly.ll line: 14944
 (no allocation info)
Stack: 
Current Thread: 1
Thread 1, Process 0, enabled
		PC:   call void @llvm.x86.sse2.mfence(), !dbg !10978 (op #0=<global const>)
	#000014944 in mfence () at src/clht_lb_res.c:139
	#100013636 in clflush (=196925080, =8, =true) at src/clht_lb_res.c:146
	#200013332 in clht_put (=196924624, =1, =1) at src/clht_lb_res.c:589
	#300012688 in _ZZ3runPPcENK3$_0clEv (=237477760) at example-nothread.cpp:109
	#400012271 in _Z3runPPc (=192799168) at example-nothread.cpp:114
	#500016765 in __klee_posix_wrapped_main (=2, =192799168) at example-nothread.cpp:204
	#600010304 in __klee_posix_ctor_stub_insert_point (=2, =192799168, =93507152) at runtime/POSIX/./klee_init_env.c:491
	#700010324 in __user_main (=5, =93507104, =93507152) at runtime/POSIX/./klee_init_env.c:499
	#800004410 in __uClibc_main (=40106376, =5, =93507104, =0, =0, =0, =0) at libc/misc/internals/__uClibc_main.c:401
	#900004577 in main (=5, =93507104)

<not masking anything>
<not masked by anything>

(44) ID #14793177170128024073 with 21884 occurences:
Type of modification: fence (unnecessary)
File: ../../src/../src/libpmem2/x86_64/init.c
Line: 27
assembly.ll line: 156132
 (no allocation info)
Stack: 
Current Thread: 1
Thread 1, Process 0, enabled
		PC:   call void @llvm.x86.sse.sfence(), !dbg !10981 (op #0=<global const>)
	#000156132 in memory_barrier () at ../../src/../src/libpmem2/x86_64/init.c:27
	#100172184 in pmem_drain () at pmem.c:189
	#200126450 in obj_norep_drain (=192987136) at obj.c:492
	#300111289 in pmemops_drain.1002 (=192993840) at ./pmemops.h:76
	#400111079 in palloc_exec_actions (=192993840, =250427776, =361095168, =2) at palloc.c:559
	#500119060 in palloc_publish (=192993840, =361095168, =2, =250427776) at palloc.c:660
	#600139973 in pmemobj_tx_commit () at tx.c:1009
	#700140545 in pmemobj_tx_process () at tx.c:1101
	#800013255 in clht_put (=196924624, =25, =25) at src/clht_lb_res.c:555
	#900012688 in _ZZ3runPPcENK3$_0clEv (=284706880) at example-nothread.cpp:109
	#1000012271 in _Z3runPPc (=464524640) at example-nothread.cpp:114
	#1100016765 in __klee_posix_wrapped_main (=2, =464524640) at example-nothread.cpp:204
	#1200010304 in __klee_posix_ctor_stub_insert_point (=2, =464524640, =93507152) at runtime/POSIX/./klee_init_env.c:491
	#1300010324 in __user_main (=5, =93507104, =93507152) at runtime/POSIX/./klee_init_env.c:499
	#1400004410 in __uClibc_main (=40106376, =5, =93507104, =0, =0, =0, =0) at libc/misc/internals/__uClibc_main.c:401
	#1500004577 in main (=5, =93507104)

<not masking anything>
<not masked by anything>

(45) ID #8229621133549142667 with 120 occurences:
Type of modification: write (unpersisted)
File: libc/string/memcpy.c
Line: 29
assembly.ll line: 11940
 allocated at _block_init_pmem_from_file():  %22 = call i8* @klee_pmem_alloc_pmem(i64 %19, i8* %20, i1 zeroext false, i8* %21), !dbg !11010
Stack: 
Current Thread: 1
Thread 1, Process 0, enabled
		PC:   store i8 %17, i8* %18, align 1, !dbg !10998 (op #0=1, op #1=196928576)
	#000011940 in memcpy (=196928576, =361753984, =40) at libc/string/memcpy.c:29
	#100102354 in container_ravl_insert_block (=341336736, =361753984) at container_ravl.c:60
	#200056970 in bucket_insert_block (=306113344, =361753984) at bucket.c:75
	#300105889 in heap_split_block (=192993840, =306113344, =361680880, =1) at heap.c:964
	#400105316 in heap_get_bestfit_block (=192993840, =306113344, =361680880) at heap.c:995
	#500105551 in heap_ensure_run_bucket_filled (=192993840, =255985312, =1) at heap.c:884
	#600105251 in heap_get_bestfit_block (=192993840, =255985312, =116605992) at heap.c:987
	#700110805 in palloc_reservation_create (=192993840, =128, =118041864, =284348032, =0, =32768, =0, =0, =116605952) at palloc.c:218
	#800109956 in palloc_operation (=192993840, =0, =192993280, =128, =118041864, =284348032, =0, =32768, =0, =0, =192289536) at palloc.c:732
	#900131948 in obj_alloc_root (=192987136, =128, =0, =0) at obj.c:2833
	#1000131786 in pmemobj_root_construct (=192987136, =128, =0, =0) at obj.c:2887
	#1100132141 in pmemobj_root (=192987136, =128) at obj.c:2912
	#1200012338 in clht_create (=8) at src/clht_lb_res.c:278
	#1300012197 in _Z3runPPc (=192800320) at example-nothread.cpp:81
	#1400016765 in __klee_posix_wrapped_main (=2, =192800320) at example-nothread.cpp:204
	#1500010304 in __klee_posix_ctor_stub_insert_point (=2, =192800320, =93507152) at runtime/POSIX/./klee_init_env.c:491
	#1600010324 in __user_main (=5, =93507104, =93507152) at runtime/POSIX/./klee_init_env.c:499
	#1700004410 in __uClibc_main (=40106376, =5, =93507104, =0, =0, =0, =0) at libc/misc/internals/__uClibc_main.c:401
	#1800004577 in main (=5, =93507104)

<not masking anything>
May be masked by:
	ID #18092556194079472375

(46) ID #3390850019128739412 with 21884 occurences:
Type of modification: fence (unnecessary)
File: src/clht_lb_res.c
Line: 139
assembly.ll line: 14944
 (no allocation info)
Stack: 
Current Thread: 1
Thread 1, Process 0, enabled
		PC:   call void @llvm.x86.sse2.mfence(), !dbg !10978 (op #0=<global const>)
	#000014944 in mfence () at src/clht_lb_res.c:139
	#100013636 in clflush (=197182800, =64, =true) at src/clht_lb_res.c:146
	#200013261 in clht_put (=196924624, =25, =25) at src/clht_lb_res.c:556
	#300012688 in _ZZ3runPPcENK3$_0clEv (=284706880) at example-nothread.cpp:109
	#400012271 in _Z3runPPc (=464524640) at example-nothread.cpp:114
	#500016765 in __klee_posix_wrapped_main (=2, =464524640) at example-nothread.cpp:204
	#600010304 in __klee_posix_ctor_stub_insert_point (=2, =464524640, =93507152) at runtime/POSIX/./klee_init_env.c:491
	#700010324 in __user_main (=5, =93507104, =93507152) at runtime/POSIX/./klee_init_env.c:499
	#800004410 in __uClibc_main (=40106376, =5, =93507104, =0, =0, =0, =0) at libc/misc/internals/__uClibc_main.c:401
	#900004577 in main (=5, =93507104)

<not masking anything>
<not masked by anything>

(47) ID #231900311147411212 with 43768 occurences:
Type of modification: flush (unnecessary)
File: src/clht_lb_res.c
Line: 154
assembly.ll line: 13661
 allocated at _block_init_pmem_from_file():  %22 = call i8* @klee_pmem_alloc_pmem(i64 %19, i8* %20, i1 zeroext false, i8* %21), !dbg !11010
Stack: 
Current Thread: 1
Thread 1, Process 0, enabled
		PC:   call void @llvm.x86.clwb(i8* %32, i8* %32), !dbg !11016 (op #0=<global const>, op #1=197182784, op #2=197182784)
	#000013661 in clflush (=197182800, =64, =true) at src/clht_lb_res.c:154
	#100013261 in clht_put (=196924624, =25, =25) at src/clht_lb_res.c:556
	#200012688 in _ZZ3runPPcENK3$_0clEv (=284706880) at example-nothread.cpp:109
	#300012271 in _Z3runPPc (=464524640) at example-nothread.cpp:114
	#400016765 in __klee_posix_wrapped_main (=2, =464524640) at example-nothread.cpp:204
	#500010304 in __klee_posix_ctor_stub_insert_point (=2, =464524640, =93507152) at runtime/POSIX/./klee_init_env.c:491
	#600010324 in __user_main (=5, =93507104, =93507152) at runtime/POSIX/./klee_init_env.c:499
	#700004410 in __uClibc_main (=40106376, =5, =93507104, =0, =0, =0, =0) at libc/misc/internals/__uClibc_main.c:401
	#800004577 in main (=5, =93507104)

<not masking anything>
<not masked by anything>

(48) ID #2923198959258079287 with 214 occurences:
Type of modification: write (unpersisted)
File: heap.c
Line: 1500
assembly.ll line: 107449
 allocated at _block_init_pmem_from_file():  %22 = call i8* @klee_pmem_alloc_pmem(i64 %19, i8* %20, i1 zeroext false, i8* %21), !dbg !11010
Stack: 
Current Thread: 1
Thread 1, Process 0, enabled
		PC:   store %struct.heap_layout* %99, %struct.heap_layout** %101, align 8, !dbg !11417 (op #0=196141056, op #1=192993920)
	#000107449 in heap_boot (=192993840, =196141056, =13623296, =192993312, =192987136, =192994104, =44566976, =234525824) at heap.c:1500
	#100116753 in palloc_boot (=192993840, =196141056, =13623296, =192993312, =192987136, =192994104, =44566976, =234525824) at palloc.c:1248
	#200116615 in pmalloc_boot (=192987136) at pmalloc.c:179
	#300116399 in lane_recover_and_section_boot (=192987136) at lane.c:370
	#400125225 in obj_runtime_init_common (=192987136) at obj.c:840
	#500124760 in obj_runtime_init (=192987136, =0, =1, =1024) at obj.c:1206
	#600127912 in obj_open_common (=190423712, =140351120, =0, =1) at obj.c:1761
	#700127730 in pmemobj_openU (=190423712, =140351120) at obj.c:1798
	#800127695 in pmemobj_open (=190423712, =140351120) at obj.c:1811
	#900012316 in clht_create (=8) at src/clht_lb_res.c:265
	#1000012197 in _Z3runPPc (=192800320) at example-nothread.cpp:81
	#1100016765 in __klee_posix_wrapped_main (=2, =192800320) at example-nothread.cpp:204
	#1200010304 in __klee_posix_ctor_stub_insert_point (=2, =192800320, =93507152) at runtime/POSIX/./klee_init_env.c:491
	#1300010324 in __user_main (=5, =93507104, =93507152) at runtime/POSIX/./klee_init_env.c:499
	#1400004410 in __uClibc_main (=40106376, =5, =93507104, =0, =0, =0, =0) at libc/misc/internals/__uClibc_main.c:401
	#1500004577 in main (=5, =93507104)

<not masking anything>
<not masked by anything>

(49) ID #10343391456288880411 with 21884 occurences:
Type of modification: fence (unnecessary)
File: src/clht_lb_res.c
Line: 139
assembly.ll line: 14944
 (no allocation info)
Stack: 
Current Thread: 1
Thread 1, Process 0, enabled
		PC:   call void @llvm.x86.sse2.mfence(), !dbg !10978 (op #0=<global const>)
	#000014944 in mfence () at src/clht_lb_res.c:139
	#100013689 in clflush (=197182800, =64, =true) at src/clht_lb_res.c:159
	#200013261 in clht_put (=196924624, =25, =25) at src/clht_lb_res.c:556
	#300012688 in _ZZ3runPPcENK3$_0clEv (=284706880) at example-nothread.cpp:109
	#400012271 in _Z3runPPc (=464524640) at example-nothread.cpp:114
	#500016765 in __klee_posix_wrapped_main (=2, =464524640) at example-nothread.cpp:204
	#600010304 in __klee_posix_ctor_stub_insert_point (=2, =464524640, =93507152) at runtime/POSIX/./klee_init_env.c:491
	#700010324 in __user_main (=5, =93507104, =93507152) at runtime/POSIX/./klee_init_env.c:499
	#800004410 in __uClibc_main (=40106376, =5, =93507104, =0, =0, =0, =0) at libc/misc/internals/__uClibc_main.c:401
	#900004577 in main (=5, =93507104)

<not masking anything>
<not masked by anything>

(50) ID #12161334122462500964 with 44 occurences:
Type of modification: fence (unnecessary)
File: src/clht_lb_res.c
Line: 139
assembly.ll line: 14944
 (no allocation info)
Stack: 
Current Thread: 1
Thread 1, Process 0, enabled
		PC:   call void @llvm.x86.sse2.mfence(), !dbg !10978 (op #0=<global const>)
	#000014944 in mfence () at src/clht_lb_res.c:139
	#100013636 in clflush (=196924816, =128, =true) at src/clht_lb_res.c:146
	#200012476 in clht_create (=8) at src/clht_lb_res.c:320
	#300012197 in _Z3runPPc (=192800320) at example-nothread.cpp:81
	#400016765 in __klee_posix_wrapped_main (=2, =192800320) at example-nothread.cpp:204
	#500010304 in __klee_posix_ctor_stub_insert_point (=2, =192800320, =93507152) at runtime/POSIX/./klee_init_env.c:491
	#600010324 in __user_main (=5, =93507104, =93507152) at runtime/POSIX/./klee_init_env.c:499
	#700004410 in __uClibc_main (=40106376, =5, =93507104, =0, =0, =0, =0) at libc/misc/internals/__uClibc_main.c:401
	#800004577 in main (=5, =93507104)

<not masking anything>
<not masked by anything>

(51) ID #5921394640643281352 with 14 occurences:
Type of modification: fence (unnecessary)
File: src/clht_lb_res.c
Line: 139
assembly.ll line: 14944
 (no allocation info)
Stack: 
Current Thread: 1
Thread 1, Process 0, enabled
		PC:   call void @llvm.x86.sse2.mfence(), !dbg !10978 (op #0=<global const>)
	#000014944 in mfence () at src/clht_lb_res.c:139
	#100013636 in clflush (=196924624, =8, =true) at src/clht_lb_res.c:146
	#200014345 in ht_resize_pes (=196924624, =1, =4) at src/clht_lb_res.c:941
	#300013958 in ht_status (=196924624, =1, =0) at src/clht_lb_res.c:1112
	#400013346 in clht_put (=196924624, =32, =32) at src/clht_lb_res.c:597
	#500012688 in _ZZ3runPPcENK3$_0clEv (=284706880) at example-nothread.cpp:109
	#600012271 in _Z3runPPc (=464524640) at example-nothread.cpp:114
	#700016765 in __klee_posix_wrapped_main (=2, =464524640) at example-nothread.cpp:204
	#800010304 in __klee_posix_ctor_stub_insert_point (=2, =464524640, =93507152) at runtime/POSIX/./klee_init_env.c:491
	#900010324 in __user_main (=5, =93507104, =93507152) at runtime/POSIX/./klee_init_env.c:499
	#1000004410 in __uClibc_main (=40106376, =5, =93507104, =0, =0, =0, =0) at libc/misc/internals/__uClibc_main.c:401
	#1100004577 in main (=5, =93507104)

<not masking anything>
<not masked by anything>
