Persistent Memory Bugs:
	Number of bugs: 54
		Number of unpersisted write bugs (correctness): 24
		Number of extra flush bugs (performance): 10
		Number of flushes to untouched memory (performance): 4
		Number of fences with nothing to commit (performance): 16
	Overall bug occurences: 223807
		Number of unpersisted write occurences (correctness): 3403
		Number of extra flush occurences (performance): 66370
		Number of untouched memory flush occurences (performance): 116
		Number of occurence of fences with nothing to commit (performance): 153918

(1) ID #732321600813663914 with 86 occurences:
Type of modification: write (unpersisted)
File: libc/string/memcpy.c
Line: 29
assembly.ll line: 11933
 allocated at _block_init_pmem_from_file():  %22 = call i8* @klee_pmem_alloc_pmem(i64 %19, i8* %20, i1 zeroext false, i8* %21), !dbg !11004
Stack: 
Current Thread: 1
Thread 1, Process 0, enabled
		PC:   store i8 %17, i8* %18, align 1, !dbg !10992 (op #0=3, op #1=280167488)
	#000011933 in memcpy (=280167488, =2647174576, =48) at libc/string/memcpy.c:29
	#100102246 in container_ravl_insert_block (=1066424832, =2647174576) at container_ravl.c:60
	#200056966 in bucket_insert_block (=5714350176, =2647174576) at bucket.c:75
	#300105783 in heap_split_block (=275708464, =5714350176, =2701025152, =1) at heap.c:961
	#400105208 in heap_get_bestfit_block (=275708464, =5714350176, =2701025152) at heap.c:992
	#500105443 in heap_ensure_run_bucket_filled (=275708464, =3213379840, =3) at heap.c:881
	#600105143 in heap_get_bestfit_block (=275708464, =3213379840, =728375464) at heap.c:984
	#700110697 in palloc_reservation_create (=275708464, =2048, =106656264, =5323367456, =2, =0, =0, =0, =728375424) at palloc.c:218
	#800118347 in palloc_reserve (=275708464, =2048, =106656264, =5323367456, =2, =0, =0, =0, =728375424) at palloc.c:597
	#900142632 in tx_alloc_common (=78386976, =2048, =2, =106656264, =5323367456) at tx.c:587
	#1000142842 in pmemobj_tx_zalloc (=2048, =2) at tx.c:1595
	#1100014622 in clht_hashtable_create (=32) at src/clht_lb_res.c:365
	#1200014155 in ht_resize_pes (=279639248, =1, =4) at src/clht_lb_res.c:839
	#1300013951 in ht_status (=279639248, =1, =0) at src/clht_lb_res.c:1112
	#1400013339 in clht_put (=279639248, =32, =32) at src/clht_lb_res.c:597
	#1500012681 in _ZZ3runPPcENK3$_0clEv (=360939104) at example-nothread.cpp:109
	#1600012264 in _Z3runPPc (=193675008) at example-nothread.cpp:114
	#1700016758 in __klee_posix_wrapped_main (=2, =193675008) at example-nothread.cpp:204
	#1800010297 in __klee_posix_ctor_stub_insert_point (=2, =193675008, =82188112) at runtime/POSIX/./klee_init_env.c:491
	#1900010317 in __user_main (=5, =82188064, =82188112) at runtime/POSIX/./klee_init_env.c:499
	#2000004403 in __uClibc_main (=28662152, =5, =82188064, =0, =0, =0, =0) at libc/misc/internals/__uClibc_main.c:401
	#2100004570 in main (=5, =82188064)

<not masking anything>
<not masked by anything>

(2) ID #14610089471196414948 with 86 occurences:
Type of modification: write (unpersisted)
File: src/clht_lb_res.c
Line: 973
assembly.ll line: 14344
 allocated at _block_init_pmem_from_file():  %22 = call i8* @klee_pmem_alloc_pmem(i64 %19, i8* %20, i1 zeroext false, i8* %21), !dbg !11004
Stack: 
Current Thread: 1
Thread 1, Process 0, enabled
		PC:   store %struct.clht_hashtable_s* %219, %struct.clht_hashtable_s** %223, align 16, !dbg !11167 (op #0=279640208, op #1=279639520)
	#000014344 in ht_resize_pes (=279639248, =1, =4) at src/clht_lb_res.c:973
	#100013951 in ht_status (=279639248, =1, =0) at src/clht_lb_res.c:1112
	#200013339 in clht_put (=279639248, =32, =32) at src/clht_lb_res.c:597
	#300012681 in _ZZ3runPPcENK3$_0clEv (=360939104) at example-nothread.cpp:109
	#400012264 in _Z3runPPc (=193675008) at example-nothread.cpp:114
	#500016758 in __klee_posix_wrapped_main (=2, =193675008) at example-nothread.cpp:204
	#600010297 in __klee_posix_ctor_stub_insert_point (=2, =193675008, =82188112) at runtime/POSIX/./klee_init_env.c:491
	#700010317 in __user_main (=5, =82188064, =82188112) at runtime/POSIX/./klee_init_env.c:499
	#800004403 in __uClibc_main (=28662152, =5, =82188064, =0, =0, =0, =0) at libc/misc/internals/__uClibc_main.c:401
	#900004570 in main (=5, =82188064)

<not masking anything>
<not masked by anything>

(3) ID #10461569409363877369 with 86 occurences:
Type of modification: write (unpersisted)
File: src/clht_lb_res.c
Line: 974
assembly.ll line: 14349
 allocated at _block_init_pmem_from_file():  %22 = call i8* @klee_pmem_alloc_pmem(i64 %19, i8* %20, i1 zeroext false, i8* %21), !dbg !11004
Stack: 
Current Thread: 1
Thread 1, Process 0, enabled
		PC:   store volatile i8 0, i8* %227, align 8, !dbg !11168 (op #0=<global const>, op #1=279639336)
	#000014349 in ht_resize_pes (=279639248, =1, =4) at src/clht_lb_res.c:974
	#100013951 in ht_status (=279639248, =1, =0) at src/clht_lb_res.c:1112
	#200013339 in clht_put (=279639248, =32, =32) at src/clht_lb_res.c:597
	#300012681 in _ZZ3runPPcENK3$_0clEv (=360939104) at example-nothread.cpp:109
	#400012264 in _Z3runPPc (=193675008) at example-nothread.cpp:114
	#500016758 in __klee_posix_wrapped_main (=2, =193675008) at example-nothread.cpp:204
	#600010297 in __klee_posix_ctor_stub_insert_point (=2, =193675008, =82188112) at runtime/POSIX/./klee_init_env.c:491
	#700010317 in __user_main (=5, =82188064, =82188112) at runtime/POSIX/./klee_init_env.c:499
	#800004403 in __uClibc_main (=28662152, =5, =82188064, =0, =0, =0, =0) at libc/misc/internals/__uClibc_main.c:401
	#900004570 in main (=5, =82188064)

<not masking anything>
<not masked by anything>

(4) ID #12555104262622299517 with 86 occurences:
Type of modification: write (unpersisted)
File: include/clht_lb_res.h
Line: 352
assembly.ll line: 15661
 allocated at _block_init_pmem_from_file():  %22 = call i8* @klee_pmem_alloc_pmem(i64 %19, i8* %20, i1 zeroext false, i8* %21), !dbg !11004
Stack: 
Current Thread: 1
Thread 1, Process 0, enabled
		PC:   store i8 %9, i8* %6, !dbg !10980 (op #0=2, op #1=279639632)
	#000015661 in lock_acq_resize (=279639632) at include/clht_lb_res.h:352
	#100014848 in bucket_cpy (=279639248, =279639632, =279640208) at src/clht_lb_res.c:726
	#200014204 in ht_resize_pes (=279639248, =1, =4) at src/clht_lb_res.c:849
	#300013951 in ht_status (=279639248, =1, =0) at src/clht_lb_res.c:1112
	#400013339 in clht_put (=279639248, =32, =32) at src/clht_lb_res.c:597
	#500012681 in _ZZ3runPPcENK3$_0clEv (=360939104) at example-nothread.cpp:109
	#600012264 in _Z3runPPc (=193675008) at example-nothread.cpp:114
	#700016758 in __klee_posix_wrapped_main (=2, =193675008) at example-nothread.cpp:204
	#800010297 in __klee_posix_ctor_stub_insert_point (=2, =193675008, =82188112) at runtime/POSIX/./klee_init_env.c:491
	#900010317 in __user_main (=5, =82188064, =82188112) at runtime/POSIX/./klee_init_env.c:499
	#1000004403 in __uClibc_main (=28662152, =5, =82188064, =0, =0, =0, =0) at libc/misc/internals/__uClibc_main.c:401
	#1100004570 in main (=5, =82188064)

<not masking anything>
<not masked by anything>

(5) ID #34872589361648626 with 14 occurences:
Type of modification: fence (unnecessary)
File: ../../src/../src/libpmem2/x86_64/init.c
Line: 27
assembly.ll line: 156064
 (no allocation info)
Stack: 
Current Thread: 1
Thread 1, Process 0, enabled
		PC:   call void @llvm.x86.sse.sfence(), !dbg !10975 (op #0=<global const>)
	#000156064 in memory_barrier () at ../../src/../src/libpmem2/x86_64/init.c:27
	#100172116 in pmem_drain () at pmem.c:189
	#200126380 in obj_norep_drain (=275701760) at obj.c:492
	#300111181 in pmemops_drain.993 (=275708464) at ./pmemops.h:76
	#400110971 in palloc_exec_actions (=275708464, =1184651904, =728375296, =3) at palloc.c:559
	#500118990 in palloc_publish (=275708464, =728375296, =3, =1184651904) at palloc.c:660
	#600139905 in pmemobj_tx_commit () at tx.c:1009
	#700140477 in pmemobj_tx_process () at tx.c:1101
	#800014389 in ht_resize_pes (=279639248, =1, =4) at src/clht_lb_res.c:1002
	#900013951 in ht_status (=279639248, =1, =0) at src/clht_lb_res.c:1112
	#1000013339 in clht_put (=279639248, =32, =32) at src/clht_lb_res.c:597
	#1100012681 in _ZZ3runPPcENK3$_0clEv (=360939104) at example-nothread.cpp:109
	#1200012264 in _Z3runPPc (=193675008) at example-nothread.cpp:114
	#1300016758 in __klee_posix_wrapped_main (=2, =193675008) at example-nothread.cpp:204
	#1400010297 in __klee_posix_ctor_stub_insert_point (=2, =193675008, =82188112) at runtime/POSIX/./klee_init_env.c:491
	#1500010317 in __user_main (=5, =82188064, =82188112) at runtime/POSIX/./klee_init_env.c:499
	#1600004403 in __uClibc_main (=28662152, =5, =82188064, =0, =0, =0, =0) at libc/misc/internals/__uClibc_main.c:401
	#1700004570 in main (=5, =82188064)

<not masking anything>
<not masked by anything>

(6) ID #7484994868321799779 with 6 occurences:
Type of modification: fence (unnecessary)
File: ../../src/../src/libpmem2/x86_64/init.c
Line: 27
assembly.ll line: 156064
 (no allocation info)
Stack: 
Current Thread: 1
Thread 1, Process 0, enabled
		PC:   call void @llvm.x86.sse.sfence(), !dbg !10975 (op #0=<global const>)
	#000156064 in memory_barrier () at ../../src/../src/libpmem2/x86_64/init.c:27
	#100172116 in pmem_drain () at pmem.c:189
	#200126380 in obj_norep_drain (=275701760) at obj.c:492
	#300139967 in pmemops_drain.1181 (=275708728) at ./pmemops.h:76
	#400139838 in pmemobj_tx_commit () at tx.c:1001
	#500140477 in pmemobj_tx_process () at tx.c:1101
	#600014389 in ht_resize_pes (=279639248, =1, =4) at src/clht_lb_res.c:1002
	#700013951 in ht_status (=279639248, =1, =0) at src/clht_lb_res.c:1112
	#800013339 in clht_put (=279639248, =32, =32) at src/clht_lb_res.c:597
	#900012681 in _ZZ3runPPcENK3$_0clEv (=360939104) at example-nothread.cpp:109
	#1000012264 in _Z3runPPc (=193675008) at example-nothread.cpp:114
	#1100016758 in __klee_posix_wrapped_main (=2, =193675008) at example-nothread.cpp:204
	#1200010297 in __klee_posix_ctor_stub_insert_point (=2, =193675008, =82188112) at runtime/POSIX/./klee_init_env.c:491
	#1300010317 in __user_main (=5, =82188064, =82188112) at runtime/POSIX/./klee_init_env.c:499
	#1400004403 in __uClibc_main (=28662152, =5, =82188064, =0, =0, =0, =0) at libc/misc/internals/__uClibc_main.c:401
	#1500004570 in main (=5, =82188064)

<not masking anything>
<not masked by anything>

(7) ID #17348430507044309557 with 28 occurences:
Type of modification: flush (unnecessary)
File: ../../src/../src/libpmem2/x86_64/flush.h
Line: 48
assembly.ll line: 156030
 allocated at _block_init_pmem_from_file():  %22 = call i8* @klee_pmem_alloc_pmem(i64 %19, i8* %20, i1 zeroext false, i8* %21), !dbg !11004
Stack: 
Current Thread: 1
Thread 1, Process 0, enabled
		PC:   call void @llvm.x86.clwb(i8* %3, i8* %3), !dbg !10978 (op #0=<global const>, op #1=279640192, op #2=279640192)
	#000156030 in pmem_clwb (=279640192) at ../../src/../src/libpmem2/x86_64/flush.h:48
	#100156014 in flush_clwb_nolog (=279640208, =176) at ../../src/../src/libpmem2/x86_64/flush.h:104
	#200155847 in flush_clwb (=279640208, =176) at ../../src/../src/libpmem2/x86_64/init.c:60
	#300172193 in pmem_flush (=279640208, =176) at pmem.c:227
	#400126355 in obj_norep_flush (=275701760, =279640208, =176, =2147483648) at obj.c:478
	#500140069 in pmemops_xflush.1182 (=275708728, =279640208, =176, =2147483648) at ./pmemops.h:64
	#600140023 in tx_flush_range (=9097009632, =275701760) at tx.c:403
	#700070375 in ravl_foreach_node (=9097009600, =106654216, =275701760, =1) at ../../src/../src/common/ravl.c:81
	#800070327 in ravl_delete_cb (=365385504, =106654216, =275701760) at ../../src/../src/common/ravl.c:104
	#900139949 in tx_pre_commit (=78386976) at tx.c:432
	#1000139835 in pmemobj_tx_commit () at tx.c:999
	#1100140477 in pmemobj_tx_process () at tx.c:1101
	#1200014389 in ht_resize_pes (=279639248, =1, =4) at src/clht_lb_res.c:1002
	#1300013951 in ht_status (=279639248, =1, =0) at src/clht_lb_res.c:1112
	#1400013339 in clht_put (=279639248, =32, =32) at src/clht_lb_res.c:597
	#1500012681 in _ZZ3runPPcENK3$_0clEv (=360939104) at example-nothread.cpp:109
	#1600012264 in _Z3runPPc (=193675008) at example-nothread.cpp:114
	#1700016758 in __klee_posix_wrapped_main (=2, =193675008) at example-nothread.cpp:204
	#1800010297 in __klee_posix_ctor_stub_insert_point (=2, =193675008, =82188112) at runtime/POSIX/./klee_init_env.c:491
	#1900010317 in __user_main (=5, =82188064, =82188112) at runtime/POSIX/./klee_init_env.c:499
	#2000004403 in __uClibc_main (=28662152, =5, =82188064, =0, =0, =0, =0) at libc/misc/internals/__uClibc_main.c:401
	#2100004570 in main (=5, =82188064)

<not masking anything>
<not masked by anything>

(8) ID #2988400283630954233 with 86 occurences:
Type of modification: write (unpersisted)
File: libc/string/memcpy.c
Line: 29
assembly.ll line: 11933
 allocated at _block_init_pmem_from_file():  %22 = call i8* @klee_pmem_alloc_pmem(i64 %19, i8* %20, i1 zeroext false, i8* %21), !dbg !11004
Stack: 
Current Thread: 1
Thread 1, Process 0, enabled
		PC:   store i8 %17, i8* %18, align 1, !dbg !10992 (op #0=1, op #1=278857152)
	#000011933 in memcpy (=278857152, =362019336, =8) at libc/string/memcpy.c:29
	#100061439 in huge_write_footer (=278856792, =46) at memblock.c:1143
	#200062336 in memblock_huge_init (=2647174576, =275708464, =3, =0, =46) at memblock.c:1317
	#300105781 in heap_split_block (=275708464, =5714350176, =2701025152, =1) at heap.c:958
	#400105208 in heap_get_bestfit_block (=275708464, =5714350176, =2701025152) at heap.c:992
	#500105443 in heap_ensure_run_bucket_filled (=275708464, =3213379840, =3) at heap.c:881
	#600105143 in heap_get_bestfit_block (=275708464, =3213379840, =728375464) at heap.c:984
	#700110697 in palloc_reservation_create (=275708464, =2048, =106656264, =5323367456, =2, =0, =0, =0, =728375424) at palloc.c:218
	#800118347 in palloc_reserve (=275708464, =2048, =106656264, =5323367456, =2, =0, =0, =0, =728375424) at palloc.c:597
	#900142632 in tx_alloc_common (=78386976, =2048, =2, =106656264, =5323367456) at tx.c:587
	#1000142842 in pmemobj_tx_zalloc (=2048, =2) at tx.c:1595
	#1100014622 in clht_hashtable_create (=32) at src/clht_lb_res.c:365
	#1200014155 in ht_resize_pes (=279639248, =1, =4) at src/clht_lb_res.c:839
	#1300013951 in ht_status (=279639248, =1, =0) at src/clht_lb_res.c:1112
	#1400013339 in clht_put (=279639248, =32, =32) at src/clht_lb_res.c:597
	#1500012681 in _ZZ3runPPcENK3$_0clEv (=360939104) at example-nothread.cpp:109
	#1600012264 in _Z3runPPc (=193675008) at example-nothread.cpp:114
	#1700016758 in __klee_posix_wrapped_main (=2, =193675008) at example-nothread.cpp:204
	#1800010297 in __klee_posix_ctor_stub_insert_point (=2, =193675008, =82188112) at runtime/POSIX/./klee_init_env.c:491
	#1900010317 in __user_main (=5, =82188064, =82188112) at runtime/POSIX/./klee_init_env.c:499
	#2000004403 in __uClibc_main (=28662152, =5, =82188064, =0, =0, =0, =0) at libc/misc/internals/__uClibc_main.c:401
	#2100004570 in main (=5, =82188064)

<not masking anything>
<not masked by anything>

(9) ID #12551755531863994252 with 14 occurences:
Type of modification: flush (unnecessary)
File: ../../src/../src/libpmem2/x86_64/flush.h
Line: 48
assembly.ll line: 156030
 allocated at _block_init_pmem_from_file():  %22 = call i8* @klee_pmem_alloc_pmem(i64 %19, i8* %20, i1 zeroext false, i8* %21), !dbg !11004
Stack: 
Current Thread: 1
Thread 1, Process 0, enabled
		PC:   call void @llvm.x86.clwb(i8* %3, i8* %3), !dbg !10978 (op #0=<global const>, op #1=279639232, op #2=279639232)
	#000156030 in pmem_clwb (=279639232) at ../../src/../src/libpmem2/x86_64/flush.h:48
	#100156014 in flush_clwb_nolog (=279639248, =8) at ../../src/../src/libpmem2/x86_64/flush.h:104
	#200155847 in flush_clwb (=279639248, =8) at ../../src/../src/libpmem2/x86_64/init.c:60
	#300172193 in pmem_flush (=279639248, =8) at pmem.c:227
	#400126355 in obj_norep_flush (=275701760, =279639248, =8, =2147483648) at obj.c:478
	#500140069 in pmemops_xflush.1182 (=275708728, =279639248, =8, =2147483648) at ./pmemops.h:64
	#600140023 in tx_flush_range (=9218000480, =275701760) at tx.c:403
	#700070375 in ravl_foreach_node (=9218000448, =106654216, =275701760, =1) at ../../src/../src/common/ravl.c:81
	#800070364 in ravl_foreach_node (=9097009600, =106654216, =275701760, =1) at ../../src/../src/common/ravl.c:79
	#900070327 in ravl_delete_cb (=365385504, =106654216, =275701760) at ../../src/../src/common/ravl.c:104
	#1000139949 in tx_pre_commit (=78386976) at tx.c:432
	#1100139835 in pmemobj_tx_commit () at tx.c:999
	#1200140477 in pmemobj_tx_process () at tx.c:1101
	#1300014389 in ht_resize_pes (=279639248, =1, =4) at src/clht_lb_res.c:1002
	#1400013951 in ht_status (=279639248, =1, =0) at src/clht_lb_res.c:1112
	#1500013339 in clht_put (=279639248, =32, =32) at src/clht_lb_res.c:597
	#1600012681 in _ZZ3runPPcENK3$_0clEv (=360939104) at example-nothread.cpp:109
	#1700012264 in _Z3runPPc (=193675008) at example-nothread.cpp:114
	#1800016758 in __klee_posix_wrapped_main (=2, =193675008) at example-nothread.cpp:204
	#1900010297 in __klee_posix_ctor_stub_insert_point (=2, =193675008, =82188112) at runtime/POSIX/./klee_init_env.c:491
	#2000010317 in __user_main (=5, =82188064, =82188112) at runtime/POSIX/./klee_init_env.c:499
	#2100004403 in __uClibc_main (=28662152, =5, =82188064, =0, =0, =0, =0) at libc/misc/internals/__uClibc_main.c:401
	#2200004570 in main (=5, =82188064)

<not masking anything>
<not masked by anything>

(10) ID #18300028260500496062 with 14 occurences:
Type of modification: flush (never modified)
File: src/clht_lb_res.c
Line: 154
assembly.ll line: 13654
 allocated at _block_init_pmem_from_file():  %22 = call i8* @klee_pmem_alloc_pmem(i64 %19, i8* %20, i1 zeroext false, i8* %21), !dbg !11004
Stack: 
Current Thread: 1
Thread 1, Process 0, enabled
		PC:   call void @llvm.x86.clwb(i8* %32, i8* %32), !dbg !11010 (op #0=<global const>, op #1=279640320, op #2=279640320)
	#000013654 in clflush (=279640208, =128, =false) at src/clht_lb_res.c:154
	#100014294 in ht_resize_pes (=279639248, =1, =4) at src/clht_lb_res.c:895
	#200013951 in ht_status (=279639248, =1, =0) at src/clht_lb_res.c:1112
	#300013339 in clht_put (=279639248, =32, =32) at src/clht_lb_res.c:597
	#400012681 in _ZZ3runPPcENK3$_0clEv (=360939104) at example-nothread.cpp:109
	#500012264 in _Z3runPPc (=193675008) at example-nothread.cpp:114
	#600016758 in __klee_posix_wrapped_main (=2, =193675008) at example-nothread.cpp:204
	#700010297 in __klee_posix_ctor_stub_insert_point (=2, =193675008, =82188112) at runtime/POSIX/./klee_init_env.c:491
	#800010317 in __user_main (=5, =82188064, =82188112) at runtime/POSIX/./klee_init_env.c:499
	#900004403 in __uClibc_main (=28662152, =5, =82188064, =0, =0, =0, =0) at libc/misc/internals/__uClibc_main.c:401
	#1000004570 in main (=5, =82188064)

<not masking anything>
<not masked by anything>

(11) ID #9773905257083978552 with 8 occurences:
Type of modification: flush (unnecessary)
File: ../../src/../src/libpmem2/x86_64/flush.h
Line: 48
assembly.ll line: 156030
 allocated at _block_init_pmem_from_file():  %22 = call i8* @klee_pmem_alloc_pmem(i64 %19, i8* %20, i1 zeroext false, i8* %21), !dbg !11004
Stack: 
Current Thread: 1
Thread 1, Process 0, enabled
		PC:   call void @llvm.x86.clwb(i8* %3, i8* %3), !dbg !10978 (op #0=<global const>, op #1=278856768, op #2=278856768)
	#000156030 in pmem_clwb (=278856768) at ../../src/../src/libpmem2/x86_64/flush.h:48
	#100156014 in flush_clwb_nolog (=278856792, =0) at ../../src/../src/libpmem2/x86_64/flush.h:104
	#200155847 in flush_clwb (=278856792, =0) at ../../src/../src/libpmem2/x86_64/init.c:60
	#300172193 in pmem_flush (=278856792, =0) at pmem.c:227
	#400172216 in pmem_persist (=278856792, =0) at pmem.c:238
	#500126317 in obj_norep_persist (=275701760, =278856792, =0, =0) at obj.c:464
	#600062045 in pmemops_xpersist.747 (=275708464, =278856792, =0, =0) at ./pmemops.h:51
	#700062018 in pmemops_persist.720 (=275708464, =278856792, =0) at ./pmemops.h:57
	#800106364 in memblock_run_init (=3205804928, =275708464, =2, =0, =453549880) at memblock.c:1388
	#900105997 in heap_run_create (=275708464, =3213379840, =2701025152) at heap.c:454
	#1000105487 in heap_ensure_run_bucket_filled (=275708464, =3213379840, =3) at heap.c:883
	#1100105143 in heap_get_bestfit_block (=275708464, =3213379840, =728375464) at heap.c:984
	#1200110697 in palloc_reservation_create (=275708464, =2048, =106656264, =5323367456, =2, =0, =0, =0, =728375424) at palloc.c:218
	#1300118347 in palloc_reserve (=275708464, =2048, =106656264, =5323367456, =2, =0, =0, =0, =728375424) at palloc.c:597
	#1400142632 in tx_alloc_common (=78386976, =2048, =2, =106656264, =5323367456) at tx.c:587
	#1500142842 in pmemobj_tx_zalloc (=2048, =2) at tx.c:1595
	#1600014622 in clht_hashtable_create (=32) at src/clht_lb_res.c:365
	#1700014155 in ht_resize_pes (=279639248, =1, =4) at src/clht_lb_res.c:839
	#1800013951 in ht_status (=279639248, =1, =0) at src/clht_lb_res.c:1112
	#1900013339 in clht_put (=279639248, =32, =32) at src/clht_lb_res.c:597
	#2000012681 in _ZZ3runPPcENK3$_0clEv (=360939104) at example-nothread.cpp:109
	#2100012264 in _Z3runPPc (=193675008) at example-nothread.cpp:114
	#2200016758 in __klee_posix_wrapped_main (=2, =193675008) at example-nothread.cpp:204
	#2300010297 in __klee_posix_ctor_stub_insert_point (=2, =193675008, =82188112) at runtime/POSIX/./klee_init_env.c:491
	#2400010317 in __user_main (=5, =82188064, =82188112) at runtime/POSIX/./klee_init_env.c:499
	#2500004403 in __uClibc_main (=28662152, =5, =82188064, =0, =0, =0, =0) at libc/misc/internals/__uClibc_main.c:401
	#2600004570 in main (=5, =82188064)

<not masking anything>
<not masked by anything>

(12) ID #8893403537748779800 with 66 occurences:
Type of modification: write (unpersisted)
File: src/clht_lb_res.c
Line: 583
assembly.ll line: 13319
 allocated at _block_init_pmem_from_file():  %22 = call i8* @klee_pmem_alloc_pmem(i64 %19, i8* %20, i1 zeroext false, i8* %21), !dbg !11004
Stack: 
Current Thread: 1
Thread 1, Process 0, enabled
		PC:   store volatile i64 %211, i64* %212, align 8, !dbg !11175 (op #0=17, op #1=279639744)
	#000013319 in clht_put (=279639248, =17, =17) at src/clht_lb_res.c:583
	#100012681 in _ZZ3runPPcENK3$_0clEv (=360939104) at example-nothread.cpp:109
	#200012264 in _Z3runPPc (=193675008) at example-nothread.cpp:114
	#300016758 in __klee_posix_wrapped_main (=2, =193675008) at example-nothread.cpp:204
	#400010297 in __klee_posix_ctor_stub_insert_point (=2, =193675008, =82188112) at runtime/POSIX/./klee_init_env.c:491
	#500010317 in __user_main (=5, =82188064, =82188112) at runtime/POSIX/./klee_init_env.c:499
	#600004403 in __uClibc_main (=28662152, =5, =82188064, =0, =0, =0, =0) at libc/misc/internals/__uClibc_main.c:401
	#700004570 in main (=5, =82188064)

<not masking anything>
<not masked by anything>

(13) ID #10825806955251443586 with 14 occurences:
Type of modification: fence (unnecessary)
File: src/clht_lb_res.c
Line: 139
assembly.ll line: 14937
 (no allocation info)
Stack: 
Current Thread: 1
Thread 1, Process 0, enabled
		PC:   call void @llvm.x86.sse2.mfence(), !dbg !10972 (op #0=<global const>)
	#000014937 in mfence () at src/clht_lb_res.c:139
	#100013629 in clflush (=279639248, =8, =true) at src/clht_lb_res.c:146
	#200014338 in ht_resize_pes (=279639248, =1, =4) at src/clht_lb_res.c:941
	#300013951 in ht_status (=279639248, =1, =0) at src/clht_lb_res.c:1112
	#400013339 in clht_put (=279639248, =32, =32) at src/clht_lb_res.c:597
	#500012681 in _ZZ3runPPcENK3$_0clEv (=360939104) at example-nothread.cpp:109
	#600012264 in _Z3runPPc (=193675008) at example-nothread.cpp:114
	#700016758 in __klee_posix_wrapped_main (=2, =193675008) at example-nothread.cpp:204
	#800010297 in __klee_posix_ctor_stub_insert_point (=2, =193675008, =82188112) at runtime/POSIX/./klee_init_env.c:491
	#900010317 in __user_main (=5, =82188064, =82188112) at runtime/POSIX/./klee_init_env.c:499
	#1000004403 in __uClibc_main (=28662152, =5, =82188064, =0, =0, =0, =0) at libc/misc/internals/__uClibc_main.c:401
	#1100004570 in main (=5, =82188064)

<not masking anything>
<not masked by anything>

(14) ID #16862658774785774126 with 102 occurences:
Type of modification: write (unpersisted)
File: src/clht_lb_res.c
Line: 557
assembly.ll line: 13269
 allocated at _block_init_pmem_from_file():  %22 = call i8* @klee_pmem_alloc_pmem(i64 %19, i8* %20, i1 zeroext false, i8* %21), !dbg !11004
Stack: 
Current Thread: 1
Thread 1, Process 0, enabled
		PC:   store volatile i64 %187, i64* %189, align 8, !dbg !11153 (op #0=4195664, op #1=279639752)
	#000013269 in clht_put (=279639248, =25, =25) at src/clht_lb_res.c:557
	#100012681 in _ZZ3runPPcENK3$_0clEv (=360939104) at example-nothread.cpp:109
	#200012264 in _Z3runPPc (=193675008) at example-nothread.cpp:114
	#300016758 in __klee_posix_wrapped_main (=2, =193675008) at example-nothread.cpp:204
	#400010297 in __klee_posix_ctor_stub_insert_point (=2, =193675008, =82188112) at runtime/POSIX/./klee_init_env.c:491
	#500010317 in __user_main (=5, =82188064, =82188112) at runtime/POSIX/./klee_init_env.c:499
	#600004403 in __uClibc_main (=28662152, =5, =82188064, =0, =0, =0, =0) at libc/misc/internals/__uClibc_main.c:401
	#700004570 in main (=5, =82188064)

<not masking anything>
<not masked by anything>

(15) ID #17237413678979839788 with 214 occurences:
Type of modification: write (unpersisted)
File: runtime/POSIX/./threadsync.c
Line: 114
assembly.ll line: 41620
 allocated at _block_init_pmem_from_file():  %22 = call i8* @klee_pmem_alloc_pmem(i64 %19, i8* %20, i1 zeroext false, i8* %21), !dbg !11004
Stack: 
Current Thread: 1
Thread 1, Process 0, enabled
		PC:   store %struct.mutex_data_t* %11, %struct.mutex_data_t** %13, align 8, !dbg !11017 (op #0=4084321856, op #1=275708968)
	#000041620 in _mutex_init (=275708968, =0) at runtime/POSIX/./threadsync.c:114
	#100041597 in pthread_mutex_init (=275708968, =0) at runtime/POSIX/./threadsync.c:146
	#200051550 in os_mutex_init (=275708968) at ../../src/../src/core/os_thread_posix.c:76
	#300125280 in util_mutex_init.840 (=275708968) at ../common/sys_util.h:28
	#400124751 in obj_runtime_init (=275701760, =0, =1, =1024) at obj.c:1236
	#500127842 in obj_open_common (=183028416, =182997624, =0, =1) at obj.c:1761
	#600127660 in pmemobj_openU (=183028416, =182997624) at obj.c:1798
	#700127625 in pmemobj_open (=183028416, =182997624) at obj.c:1811
	#800012309 in clht_create (=8) at src/clht_lb_res.c:265
	#900012190 in _Z3runPPc (=193675008) at example-nothread.cpp:81
	#1000016758 in __klee_posix_wrapped_main (=2, =193675008) at example-nothread.cpp:204
	#1100010297 in __klee_posix_ctor_stub_insert_point (=2, =193675008, =82188112) at runtime/POSIX/./klee_init_env.c:491
	#1200010317 in __user_main (=5, =82188064, =82188112) at runtime/POSIX/./klee_init_env.c:499
	#1300004403 in __uClibc_main (=28662152, =5, =82188064, =0, =0, =0, =0) at libc/misc/internals/__uClibc_main.c:401
	#1400004570 in main (=5, =82188064)

<not masking anything>
<not masked by anything>

(16) ID #8821525464235196629 with 214 occurences:
Type of modification: write (unpersisted)
File: libc/string/memcpy.c
Line: 29
assembly.ll line: 11933
 allocated at _block_init_pmem_from_file():  %22 = call i8* @klee_pmem_alloc_pmem(i64 %19, i8* %20, i1 zeroext false, i8* %21), !dbg !11004
Stack: 
Current Thread: 1
Thread 1, Process 0, enabled
		PC:   store i8 %17, i8* %18, align 1, !dbg !10992 (op #0=8, op #1=275708464)
	#000011933 in memcpy (=275708464, =275708728, =80) at libc/string/memcpy.c:29
	#100107334 in heap_boot (=275708464, =278855680, =13623296, =275707936, =275701760, =275708728, =1203554080, =379002976) at heap.c:1496
	#200116683 in palloc_boot (=275708464, =278855680, =13623296, =275707936, =275701760, =275708728, =1203554080, =379002976) at palloc.c:1248
	#300116545 in pmalloc_boot (=275701760) at pmalloc.c:179
	#400116329 in lane_recover_and_section_boot (=275701760) at lane.c:370
	#500125155 in obj_runtime_init_common (=275701760) at obj.c:840
	#600124690 in obj_runtime_init (=275701760, =0, =1, =1024) at obj.c:1206
	#700127842 in obj_open_common (=183028416, =182997624, =0, =1) at obj.c:1761
	#800127660 in pmemobj_openU (=183028416, =182997624) at obj.c:1798
	#900127625 in pmemobj_open (=183028416, =182997624) at obj.c:1811
	#1000012309 in clht_create (=8) at src/clht_lb_res.c:265
	#1100012190 in _Z3runPPc (=193675008) at example-nothread.cpp:81
	#1200016758 in __klee_posix_wrapped_main (=2, =193675008) at example-nothread.cpp:204
	#1300010297 in __klee_posix_ctor_stub_insert_point (=2, =193675008, =82188112) at runtime/POSIX/./klee_init_env.c:491
	#1400010317 in __user_main (=5, =82188064, =82188112) at runtime/POSIX/./klee_init_env.c:499
	#1500004403 in __uClibc_main (=28662152, =5, =82188064, =0, =0, =0, =0) at libc/misc/internals/__uClibc_main.c:401
	#1600004570 in main (=5, =82188064)

<not masking anything>
<not masked by anything>

(17) ID #713760822518100257 with 44 occurences:
Type of modification: flush (unnecessary)
File: src/clht_lb_res.c
Line: 154
assembly.ll line: 13654
 allocated at _block_init_pmem_from_file():  %22 = call i8* @klee_pmem_alloc_pmem(i64 %19, i8* %20, i1 zeroext false, i8* %21), !dbg !11004
Stack: 
Current Thread: 1
Thread 1, Process 0, enabled
		PC:   call void @llvm.x86.clwb(i8* %32, i8* %32), !dbg !11010 (op #0=<global const>, op #1=279639232, op #2=279639232)
	#000013654 in clflush (=279639248, =128, =true) at src/clht_lb_res.c:154
	#100012472 in clht_create (=8) at src/clht_lb_res.c:321
	#200012190 in _Z3runPPc (=193675008) at example-nothread.cpp:81
	#300016758 in __klee_posix_wrapped_main (=2, =193675008) at example-nothread.cpp:204
	#400010297 in __klee_posix_ctor_stub_insert_point (=2, =193675008, =82188112) at runtime/POSIX/./klee_init_env.c:491
	#500010317 in __user_main (=5, =82188064, =82188112) at runtime/POSIX/./klee_init_env.c:499
	#600004403 in __uClibc_main (=28662152, =5, =82188064, =0, =0, =0, =0) at libc/misc/internals/__uClibc_main.c:401
	#700004570 in main (=5, =82188064)

<not masking anything>
<not masked by anything>

(18) ID #2696204986372982883 with 44 occurences:
Type of modification: fence (unnecessary)
File: src/clht_lb_res.c
Line: 139
assembly.ll line: 14937
 (no allocation info)
Stack: 
Current Thread: 1
Thread 1, Process 0, enabled
		PC:   call void @llvm.x86.sse2.mfence(), !dbg !10972 (op #0=<global const>)
	#000014937 in mfence () at src/clht_lb_res.c:139
	#100013682 in clflush (=279639440, =128, =true) at src/clht_lb_res.c:159
	#200012469 in clht_create (=8) at src/clht_lb_res.c:320
	#300012190 in _Z3runPPc (=193675008) at example-nothread.cpp:81
	#400016758 in __klee_posix_wrapped_main (=2, =193675008) at example-nothread.cpp:204
	#500010297 in __klee_posix_ctor_stub_insert_point (=2, =193675008, =82188112) at runtime/POSIX/./klee_init_env.c:491
	#600010317 in __user_main (=5, =82188064, =82188112) at runtime/POSIX/./klee_init_env.c:499
	#700004403 in __uClibc_main (=28662152, =5, =82188064, =0, =0, =0, =0) at libc/misc/internals/__uClibc_main.c:401
	#800004570 in main (=5, =82188064)

<not masking anything>
<not masked by anything>

(19) ID #9656340591421936504 with 214 occurences:
Type of modification: write (unpersisted)
File: heap.c
Line: 1497
assembly.ll line: 107339
 allocated at _block_init_pmem_from_file():  %22 = call i8* @klee_pmem_alloc_pmem(i64 %19, i8* %20, i1 zeroext false, i8* %21), !dbg !11004
Stack: 
Current Thread: 1
Thread 1, Process 0, enabled
		PC:   store %struct.heap_layout* %99, %struct.heap_layout** %101, align 8, !dbg !11415 (op #0=278855680, op #1=275708544)
	#000107339 in heap_boot (=275708464, =278855680, =13623296, =275707936, =275701760, =275708728, =1203554080, =379002976) at heap.c:1497
	#100116683 in palloc_boot (=275708464, =278855680, =13623296, =275707936, =275701760, =275708728, =1203554080, =379002976) at palloc.c:1248
	#200116545 in pmalloc_boot (=275701760) at pmalloc.c:179
	#300116329 in lane_recover_and_section_boot (=275701760) at lane.c:370
	#400125155 in obj_runtime_init_common (=275701760) at obj.c:840
	#500124690 in obj_runtime_init (=275701760, =0, =1, =1024) at obj.c:1206
	#600127842 in obj_open_common (=183028416, =182997624, =0, =1) at obj.c:1761
	#700127660 in pmemobj_openU (=183028416, =182997624) at obj.c:1798
	#800127625 in pmemobj_open (=183028416, =182997624) at obj.c:1811
	#900012309 in clht_create (=8) at src/clht_lb_res.c:265
	#1000012190 in _Z3runPPc (=193675008) at example-nothread.cpp:81
	#1100016758 in __klee_posix_wrapped_main (=2, =193675008) at example-nothread.cpp:204
	#1200010297 in __klee_posix_ctor_stub_insert_point (=2, =193675008, =82188112) at runtime/POSIX/./klee_init_env.c:491
	#1300010317 in __user_main (=5, =82188064, =82188112) at runtime/POSIX/./klee_init_env.c:499
	#1400004403 in __uClibc_main (=28662152, =5, =82188064, =0, =0, =0, =0) at libc/misc/internals/__uClibc_main.c:401
	#1500004570 in main (=5, =82188064)

<not masking anything>
<not masked by anything>

(20) ID #13288199977547374967 with 88 occurences:
Type of modification: flush (unnecessary)
File: src/clht_lb_res.c
Line: 154
assembly.ll line: 13654
 allocated at _block_init_pmem_from_file():  %22 = call i8* @klee_pmem_alloc_pmem(i64 %19, i8* %20, i1 zeroext false, i8* %21), !dbg !11004
Stack: 
Current Thread: 1
Thread 1, Process 0, enabled
		PC:   call void @llvm.x86.clwb(i8* %32, i8* %32), !dbg !11010 (op #0=<global const>, op #1=279639424, op #2=279639424)
	#000013654 in clflush (=279639440, =128, =true) at src/clht_lb_res.c:154
	#100012469 in clht_create (=8) at src/clht_lb_res.c:320
	#200012190 in _Z3runPPc (=193675008) at example-nothread.cpp:81
	#300016758 in __klee_posix_wrapped_main (=2, =193675008) at example-nothread.cpp:204
	#400010297 in __klee_posix_ctor_stub_insert_point (=2, =193675008, =82188112) at runtime/POSIX/./klee_init_env.c:491
	#500010317 in __user_main (=5, =82188064, =82188112) at runtime/POSIX/./klee_init_env.c:499
	#600004403 in __uClibc_main (=28662152, =5, =82188064, =0, =0, =0, =0) at libc/misc/internals/__uClibc_main.c:401
	#700004570 in main (=5, =82188064)

<not masking anything>
<not masked by anything>

(21) ID #12647538321934938345 with 21884 occurences:
Type of modification: fence (unnecessary)
File: src/clht_lb_res.c
Line: 139
assembly.ll line: 14937
 (no allocation info)
Stack: 
Current Thread: 1
Thread 1, Process 0, enabled
		PC:   call void @llvm.x86.sse2.mfence(), !dbg !10972 (op #0=<global const>)
	#000014937 in mfence () at src/clht_lb_res.c:139
	#100013682 in clflush (=376760504, =8, =true) at src/clht_lb_res.c:159
	#200013278 in clht_put (=279639248, =25, =25) at src/clht_lb_res.c:559
	#300012681 in _ZZ3runPPcENK3$_0clEv (=360939104) at example-nothread.cpp:109
	#400012264 in _Z3runPPc (=193675008) at example-nothread.cpp:114
	#500016758 in __klee_posix_wrapped_main (=2, =193675008) at example-nothread.cpp:204
	#600010297 in __klee_posix_ctor_stub_insert_point (=2, =193675008, =82188112) at runtime/POSIX/./klee_init_env.c:491
	#700010317 in __user_main (=5, =82188064, =82188112) at runtime/POSIX/./klee_init_env.c:499
	#800004403 in __uClibc_main (=28662152, =5, =82188064, =0, =0, =0, =0) at libc/misc/internals/__uClibc_main.c:401
	#900004570 in main (=5, =82188064)

<not masking anything>
<not masked by anything>

(22) ID #8933622315068691902 with 44 occurences:
Type of modification: fence (unnecessary)
File: src/clht_lb_res.c
Line: 139
assembly.ll line: 14937
 (no allocation info)
Stack: 
Current Thread: 1
Thread 1, Process 0, enabled
		PC:   call void @llvm.x86.sse2.mfence(), !dbg !10972 (op #0=<global const>)
	#000014937 in mfence () at src/clht_lb_res.c:139
	#100013682 in clflush (=279639632, =512, =true) at src/clht_lb_res.c:159
	#200012466 in clht_create (=8) at src/clht_lb_res.c:319
	#300012190 in _Z3runPPc (=193675008) at example-nothread.cpp:81
	#400016758 in __klee_posix_wrapped_main (=2, =193675008) at example-nothread.cpp:204
	#500010297 in __klee_posix_ctor_stub_insert_point (=2, =193675008, =82188112) at runtime/POSIX/./klee_init_env.c:491
	#600010317 in __user_main (=5, =82188064, =82188112) at runtime/POSIX/./klee_init_env.c:499
	#700004403 in __uClibc_main (=28662152, =5, =82188064, =0, =0, =0, =0) at libc/misc/internals/__uClibc_main.c:401
	#800004570 in main (=5, =82188064)

<not masking anything>
<not masked by anything>

(23) ID #14183436900433795889 with 44 occurences:
Type of modification: fence (unnecessary)
File: ../../src/../src/libpmem2/x86_64/init.c
Line: 27
assembly.ll line: 156064
 (no allocation info)
Stack: 
Current Thread: 1
Thread 1, Process 0, enabled
		PC:   call void @llvm.x86.sse.sfence(), !dbg !10975 (op #0=<global const>)
	#000156064 in memory_barrier () at ../../src/../src/libpmem2/x86_64/init.c:27
	#100172116 in pmem_drain () at pmem.c:189
	#200126380 in obj_norep_drain (=275701760) at obj.c:492
	#300111181 in pmemops_drain.993 (=275708464) at ./pmemops.h:76
	#400110971 in palloc_exec_actions (=275708464, =1184438912, =2391810048, =2) at palloc.c:559
	#500118990 in palloc_publish (=275708464, =2391810048, =2, =1184438912) at palloc.c:660
	#600139905 in pmemobj_tx_commit () at tx.c:1009
	#700140477 in pmemobj_tx_process () at tx.c:1101
	#800014792 in clht_hashtable_create (=8) at src/clht_lb_res.c:413
	#900012389 in clht_create (=8) at src/clht_lb_res.c:298
	#1000012190 in _Z3runPPc (=193675008) at example-nothread.cpp:81
	#1100016758 in __klee_posix_wrapped_main (=2, =193675008) at example-nothread.cpp:204
	#1200010297 in __klee_posix_ctor_stub_insert_point (=2, =193675008, =82188112) at runtime/POSIX/./klee_init_env.c:491
	#1300010317 in __user_main (=5, =82188064, =82188112) at runtime/POSIX/./klee_init_env.c:499
	#1400004403 in __uClibc_main (=28662152, =5, =82188064, =0, =0, =0, =0) at libc/misc/internals/__uClibc_main.c:401
	#1500004570 in main (=5, =82188064)

<not masking anything>
<not masked by anything>

(24) ID #14589477334515550845 with 16 occurences:
Type of modification: write (unpersisted)
File: src/clht_lb_res.c
Line: 245
assembly.ll line: 13583
 allocated at _block_init_pmem_from_file():  %22 = call i8* @klee_pmem_alloc_pmem(i64 %19, i8* %20, i1 zeroext false, i8* %21), !dbg !11004
Stack: 
Current Thread: 1
Thread 1, Process 0, enabled
		PC:   store i32 %12, i32* %10, !dbg !10981 (op #0=1, op #1=279639528)
	#000013583 in clht_bucket_create_stats (=279639440, =194314024) at src/clht_lb_res.c:245
	#100013236 in clht_put (=279639248, =25, =25) at src/clht_lb_res.c:544
	#200012681 in _ZZ3runPPcENK3$_0clEv (=360939104) at example-nothread.cpp:109
	#300012264 in _Z3runPPc (=193675008) at example-nothread.cpp:114
	#400016758 in __klee_posix_wrapped_main (=2, =193675008) at example-nothread.cpp:204
	#500010297 in __klee_posix_ctor_stub_insert_point (=2, =193675008, =82188112) at runtime/POSIX/./klee_init_env.c:491
	#600010317 in __user_main (=5, =82188064, =82188112) at runtime/POSIX/./klee_init_env.c:499
	#700004403 in __uClibc_main (=28662152, =5, =82188064, =0, =0, =0, =0) at libc/misc/internals/__uClibc_main.c:401
	#800004570 in main (=5, =82188064)

<not masking anything>
May be masked by:
	ID #11855918355167162196

(25) ID #11904345396950146713 with 14 occurences:
Type of modification: flush (unnecessary)
File: ../../src/../src/libpmem2/x86_64/flush.h
Line: 48
assembly.ll line: 156030
 allocated at _block_init_pmem_from_file():  %22 = call i8* @klee_pmem_alloc_pmem(i64 %19, i8* %20, i1 zeroext false, i8* %21), !dbg !11004
Stack: 
Current Thread: 1
Thread 1, Process 0, enabled
		PC:   call void @llvm.x86.clwb(i8* %3, i8* %3), !dbg !10978 (op #0=<global const>, op #1=278856768, op #2=278856768)
	#000156030 in pmem_clwb (=278856768) at ../../src/../src/libpmem2/x86_64/flush.h:48
	#100156014 in flush_clwb_nolog (=278856784, =0) at ../../src/../src/libpmem2/x86_64/flush.h:104
	#200155847 in flush_clwb (=278856784, =0) at ../../src/../src/libpmem2/x86_64/init.c:60
	#300172193 in pmem_flush (=278856784, =0) at pmem.c:227
	#400172216 in pmem_persist (=278856784, =0) at pmem.c:238
	#500126317 in obj_norep_persist (=275701760, =278856784, =0, =0) at obj.c:464
	#600062045 in pmemops_xpersist.747 (=275708464, =278856784, =0, =0) at ./pmemops.h:51
	#700062018 in pmemops_persist.720 (=275708464, =278856784, =0) at ./pmemops.h:57
	#800106364 in memblock_run_init (=2358878032, =275708464, =1, =0, =432598904) at memblock.c:1388
	#900105997 in heap_run_create (=275708464, =3213336448, =2546870192) at heap.c:454
	#1000105487 in heap_ensure_run_bucket_filled (=275708464, =3213336448, =1) at heap.c:883
	#1100105143 in heap_get_bestfit_block (=275708464, =3213336448, =436117672) at heap.c:984
	#1200110697 in palloc_reservation_create (=275708464, =64, =106656264, =2283968896, =2, =0, =0, =0, =436117632) at palloc.c:218
	#1300118347 in palloc_reserve (=275708464, =64, =106656264, =2283968896, =2, =0, =0, =0, =436117632) at palloc.c:597
	#1400142632 in tx_alloc_common (=78386976, =64, =2, =106656264, =2283968896) at tx.c:587
	#1500142367 in pmemobj_tx_alloc (=64, =2) at tx.c:1564
	#1600016087 in clht_bucket_create () at src/clht_lb_res.c:212
	#1700013575 in clht_bucket_create_stats (=279639440, =194314024) at src/clht_lb_res.c:243
	#1800013236 in clht_put (=279639248, =25, =25) at src/clht_lb_res.c:544
	#1900012681 in _ZZ3runPPcENK3$_0clEv (=360939104) at example-nothread.cpp:109
	#2000012264 in _Z3runPPc (=193675008) at example-nothread.cpp:114
	#2100016758 in __klee_posix_wrapped_main (=2, =193675008) at example-nothread.cpp:204
	#2200010297 in __klee_posix_ctor_stub_insert_point (=2, =193675008, =82188112) at runtime/POSIX/./klee_init_env.c:491
	#2300010317 in __user_main (=5, =82188064, =82188112) at runtime/POSIX/./klee_init_env.c:499
	#2400004403 in __uClibc_main (=28662152, =5, =82188064, =0, =0, =0, =0) at libc/misc/internals/__uClibc_main.c:401
	#2500004570 in main (=5, =82188064)

<not masking anything>
<not masked by anything>

(26) ID #16568647745565667586 with 94 occurences:
Type of modification: write (unpersisted)
File: libc/string/memcpy.c
Line: 29
assembly.ll line: 11933
 allocated at _block_init_pmem_from_file():  %22 = call i8* @klee_pmem_alloc_pmem(i64 %19, i8* %20, i1 zeroext false, i8* %21), !dbg !11004
Stack: 
Current Thread: 1
Thread 1, Process 0, enabled
		PC:   store i8 %17, i8* %18, align 1, !dbg !10992 (op #0=2, op #1=279905344)
	#000011933 in memcpy (=279905344, =3326619392, =48) at libc/string/memcpy.c:29
	#100102246 in container_ravl_insert_block (=1066424832, =3326619392) at container_ravl.c:60
	#200056966 in bucket_insert_block (=5714350176, =3326619392) at bucket.c:75
	#300105783 in heap_split_block (=275708464, =5714350176, =2546870192, =1) at heap.c:961
	#400105208 in heap_get_bestfit_block (=275708464, =5714350176, =2546870192) at heap.c:992
	#500105443 in heap_ensure_run_bucket_filled (=275708464, =3213336448, =1) at heap.c:881
	#600105143 in heap_get_bestfit_block (=275708464, =3213336448, =436117672) at heap.c:984
	#700110697 in palloc_reservation_create (=275708464, =64, =106656264, =2283968896, =2, =0, =0, =0, =436117632) at palloc.c:218
	#800118347 in palloc_reserve (=275708464, =64, =106656264, =2283968896, =2, =0, =0, =0, =436117632) at palloc.c:597
	#900142632 in tx_alloc_common (=78386976, =64, =2, =106656264, =2283968896) at tx.c:587
	#1000142367 in pmemobj_tx_alloc (=64, =2) at tx.c:1564
	#1100016087 in clht_bucket_create () at src/clht_lb_res.c:212
	#1200013575 in clht_bucket_create_stats (=279639440, =194314024) at src/clht_lb_res.c:243
	#1300013236 in clht_put (=279639248, =25, =25) at src/clht_lb_res.c:544
	#1400012681 in _ZZ3runPPcENK3$_0clEv (=360939104) at example-nothread.cpp:109
	#1500012264 in _Z3runPPc (=193675008) at example-nothread.cpp:114
	#1600016758 in __klee_posix_wrapped_main (=2, =193675008) at example-nothread.cpp:204
	#1700010297 in __klee_posix_ctor_stub_insert_point (=2, =193675008, =82188112) at runtime/POSIX/./klee_init_env.c:491
	#1800010317 in __user_main (=5, =82188064, =82188112) at runtime/POSIX/./klee_init_env.c:499
	#1900004403 in __uClibc_main (=28662152, =5, =82188064, =0, =0, =0, =0) at libc/misc/internals/__uClibc_main.c:401
	#2000004570 in main (=5, =82188064)

<not masking anything>
<not masked by anything>

(27) ID #10710012352156091122 with 44 occurences:
Type of modification: fence (unnecessary)
File: ../../src/../src/libpmem2/x86_64/init.c
Line: 27
assembly.ll line: 156064
 (no allocation info)
Stack: 
Current Thread: 1
Thread 1, Process 0, enabled
		PC:   call void @llvm.x86.sse.sfence(), !dbg !10975 (op #0=<global const>)
	#000156064 in memory_barrier () at ../../src/../src/libpmem2/x86_64/init.c:27
	#100172116 in pmem_drain () at pmem.c:189
	#200126380 in obj_norep_drain (=275701760) at obj.c:492
	#300111181 in pmemops_drain.993 (=275708464) at ./pmemops.h:76
	#400110971 in palloc_exec_actions (=275708464, =1184438912, =183280640, =1) at palloc.c:559
	#500109976 in palloc_operation (=275708464, =0, =275707904, =128, =106578952, =3365548032, =0, =32768, =0, =0, =1184438912) at palloc.c:769
	#600131878 in obj_alloc_root (=275701760, =128, =0, =0) at obj.c:2833
	#700131716 in pmemobj_root_construct (=275701760, =128, =0, =0) at obj.c:2887
	#800132071 in pmemobj_root (=275701760, =128) at obj.c:2912
	#900012331 in clht_create (=8) at src/clht_lb_res.c:278
	#1000012190 in _Z3runPPc (=193675008) at example-nothread.cpp:81
	#1100016758 in __klee_posix_wrapped_main (=2, =193675008) at example-nothread.cpp:204
	#1200010297 in __klee_posix_ctor_stub_insert_point (=2, =193675008, =82188112) at runtime/POSIX/./klee_init_env.c:491
	#1300010317 in __user_main (=5, =82188064, =82188112) at runtime/POSIX/./klee_init_env.c:499
	#1400004403 in __uClibc_main (=28662152, =5, =82188064, =0, =0, =0, =0) at libc/misc/internals/__uClibc_main.c:401
	#1500004570 in main (=5, =82188064)

<not masking anything>
<not masked by anything>

(28) ID #3353963194318237458 with 214 occurences:
Type of modification: write (unpersisted)
File: libc/string/memset.c
Line: 28
assembly.ll line: 11972
 allocated at _block_init_pmem_from_file():  %22 = call i8* @klee_pmem_alloc_pmem(i64 %19, i8* %20, i1 zeroext false, i8* %21), !dbg !11004
Stack: 
Current Thread: 1
Thread 1, Process 0, enabled
		PC:   store i8 %14, i8* %15, align 1, !dbg !10989 (op #0=0, op #1=194386464)
	#000011972 in memset (=194386464, =0, =1504) at libc/string/memset.c:28
	#100128054 in obj_replicas_init (=362368768) at obj.c:1624
	#200127723 in obj_open_common (=183028416, =182997624, =0, =1) at obj.c:1724
	#300127660 in pmemobj_openU (=183028416, =182997624) at obj.c:1798
	#400127625 in pmemobj_open (=183028416, =182997624) at obj.c:1811
	#500012309 in clht_create (=8) at src/clht_lb_res.c:265
	#600012190 in _Z3runPPc (=193675200) at example-nothread.cpp:81
	#700016758 in __klee_posix_wrapped_main (=2, =193675200) at example-nothread.cpp:204
	#800010297 in __klee_posix_ctor_stub_insert_point (=2, =193675200, =82188112) at runtime/POSIX/./klee_init_env.c:491
	#900010317 in __user_main (=5, =82188064, =82188112) at runtime/POSIX/./klee_init_env.c:499
	#1000004403 in __uClibc_main (=28662152, =5, =82188064, =0, =0, =0, =0) at libc/misc/internals/__uClibc_main.c:401
	#1100004570 in main (=5, =82188064)

<not masking anything>
May be masked by:
	ID #9840793306711210257
	ID #9656340591421936504
	ID #6273670383214311153
	ID #8297685387232088275
	ID #15346124982778289576
	ID #10010847660103781348
	ID #16169850758212153888
	ID #17113959902945703916
	ID #3229093371520319288

(29) ID #6573244267762913748 with 14 occurences:
Type of modification: flush (never modified)
File: ../../src/../src/libpmem2/x86_64/flush.h
Line: 48
assembly.ll line: 156030
 allocated at _block_init_pmem_from_file():  %22 = call i8* @klee_pmem_alloc_pmem(i64 %19, i8* %20, i1 zeroext false, i8* %21), !dbg !11004
Stack: 
Current Thread: 1
Thread 1, Process 0, enabled
		PC:   call void @llvm.x86.clwb(i8* %3, i8* %3), !dbg !10978 (op #0=<global const>, op #1=279640320, op #2=279640320)
	#000156030 in pmem_clwb (=279640320) at ../../src/../src/libpmem2/x86_64/flush.h:48
	#100156014 in flush_clwb_nolog (=279640208, =176) at ../../src/../src/libpmem2/x86_64/flush.h:104
	#200155847 in flush_clwb (=279640208, =176) at ../../src/../src/libpmem2/x86_64/init.c:60
	#300172193 in pmem_flush (=279640208, =176) at pmem.c:227
	#400126355 in obj_norep_flush (=275701760, =279640208, =176, =2147483648) at obj.c:478
	#500140069 in pmemops_xflush.1182 (=275708728, =279640208, =176, =2147483648) at ./pmemops.h:64
	#600140023 in tx_flush_range (=9097009632, =275701760) at tx.c:403
	#700070375 in ravl_foreach_node (=9097009600, =106654216, =275701760, =1) at ../../src/../src/common/ravl.c:81
	#800070327 in ravl_delete_cb (=365385504, =106654216, =275701760) at ../../src/../src/common/ravl.c:104
	#900139949 in tx_pre_commit (=78386976) at tx.c:432
	#1000139835 in pmemobj_tx_commit () at tx.c:999
	#1100140477 in pmemobj_tx_process () at tx.c:1101
	#1200014389 in ht_resize_pes (=279639248, =1, =4) at src/clht_lb_res.c:1002
	#1300013951 in ht_status (=279639248, =1, =0) at src/clht_lb_res.c:1112
	#1400013339 in clht_put (=279639248, =32, =32) at src/clht_lb_res.c:597
	#1500012681 in _ZZ3runPPcENK3$_0clEv (=360939104) at example-nothread.cpp:109
	#1600012264 in _Z3runPPc (=193675008) at example-nothread.cpp:114
	#1700016758 in __klee_posix_wrapped_main (=2, =193675008) at example-nothread.cpp:204
	#1800010297 in __klee_posix_ctor_stub_insert_point (=2, =193675008, =82188112) at runtime/POSIX/./klee_init_env.c:491
	#1900010317 in __user_main (=5, =82188064, =82188112) at runtime/POSIX/./klee_init_env.c:499
	#2000004403 in __uClibc_main (=28662152, =5, =82188064, =0, =0, =0, =0) at libc/misc/internals/__uClibc_main.c:401
	#2100004570 in main (=5, =82188064)

<not masking anything>
<not masked by anything>

(30) ID #14254812864064901378 with 44 occurences:
Type of modification: flush (unnecessary)
File: ../../src/../src/libpmem2/x86_64/flush.h
Line: 48
assembly.ll line: 156030
 allocated at _block_init_pmem_from_file():  %22 = call i8* @klee_pmem_alloc_pmem(i64 %19, i8* %20, i1 zeroext false, i8* %21), !dbg !11004
Stack: 
Current Thread: 1
Thread 1, Process 0, enabled
		PC:   call void @llvm.x86.clwb(i8* %3, i8* %3), !dbg !10978 (op #0=<global const>, op #1=278856768, op #2=278856768)
	#000156030 in pmem_clwb (=278856768) at ../../src/../src/libpmem2/x86_64/flush.h:48
	#100156014 in flush_clwb_nolog (=278856776, =0) at ../../src/../src/libpmem2/x86_64/flush.h:104
	#200155847 in flush_clwb (=278856776, =0) at ../../src/../src/libpmem2/x86_64/init.c:60
	#300172193 in pmem_flush (=278856776, =0) at pmem.c:227
	#400172216 in pmem_persist (=278856776, =0) at pmem.c:238
	#500126317 in obj_norep_persist (=275701760, =278856776, =0, =0) at obj.c:464
	#600062045 in pmemops_xpersist.747 (=275708464, =278856776, =0, =0) at ./pmemops.h:51
	#700062018 in pmemops_persist.720 (=275708464, =278856776, =0) at ./pmemops.h:57
	#800106364 in memblock_run_init (=5645555328, =275708464, =0, =0, =442191704) at memblock.c:1388
	#900105997 in heap_run_create (=275708464, =2288885632, =5645455008) at heap.c:454
	#1000105487 in heap_ensure_run_bucket_filled (=275708464, =2288885632, =1) at heap.c:883
	#1100105143 in heap_get_bestfit_block (=275708464, =2288885632, =183280680) at heap.c:984
	#1200110697 in palloc_reservation_create (=275708464, =128, =106578952, =3365548032, =0, =32768, =0, =0, =183280640) at palloc.c:218
	#1300109846 in palloc_operation (=275708464, =0, =275707904, =128, =106578952, =3365548032, =0, =32768, =0, =0, =1184438912) at palloc.c:732
	#1400131878 in obj_alloc_root (=275701760, =128, =0, =0) at obj.c:2833
	#1500131716 in pmemobj_root_construct (=275701760, =128, =0, =0) at obj.c:2887
	#1600132071 in pmemobj_root (=275701760, =128) at obj.c:2912
	#1700012331 in clht_create (=8) at src/clht_lb_res.c:278
	#1800012190 in _Z3runPPc (=193675008) at example-nothread.cpp:81
	#1900016758 in __klee_posix_wrapped_main (=2, =193675008) at example-nothread.cpp:204
	#2000010297 in __klee_posix_ctor_stub_insert_point (=2, =193675008, =82188112) at runtime/POSIX/./klee_init_env.c:491
	#2100010317 in __user_main (=5, =82188064, =82188112) at runtime/POSIX/./klee_init_env.c:499
	#2200004403 in __uClibc_main (=28662152, =5, =82188064, =0, =0, =0, =0) at libc/misc/internals/__uClibc_main.c:401
	#2300004570 in main (=5, =82188064)

<not masking anything>
<not masked by anything>

(31) ID #12382425101330730944 with 44156 occurences:
Type of modification: fence (unnecessary)
File: src/clht_lb_res.c
Line: 139
assembly.ll line: 14937
 (no allocation info)
Stack: 
Current Thread: 1
Thread 1, Process 0, enabled
		PC:   call void @llvm.x86.sse2.mfence(), !dbg !10972 (op #0=<global const>)
	#000014937 in mfence () at src/clht_lb_res.c:139
	#100013629 in clflush (=279639704, =8, =true) at src/clht_lb_res.c:146
	#200013325 in clht_put (=279639248, =1, =1) at src/clht_lb_res.c:589
	#300012681 in _ZZ3runPPcENK3$_0clEv (=360939104) at example-nothread.cpp:109
	#400012264 in _Z3runPPc (=193675008) at example-nothread.cpp:114
	#500016758 in __klee_posix_wrapped_main (=2, =193675008) at example-nothread.cpp:204
	#600010297 in __klee_posix_ctor_stub_insert_point (=2, =193675008, =82188112) at runtime/POSIX/./klee_init_env.c:491
	#700010317 in __user_main (=5, =82188064, =82188112) at runtime/POSIX/./klee_init_env.c:499
	#800004403 in __uClibc_main (=28662152, =5, =82188064, =0, =0, =0, =0) at libc/misc/internals/__uClibc_main.c:401
	#900004570 in main (=5, =82188064)

<not masking anything>
<not masked by anything>

(32) ID #6288346720582810459 with 44 occurences:
Type of modification: fence (unnecessary)
File: src/clht_lb_res.c
Line: 139
assembly.ll line: 14937
 (no allocation info)
Stack: 
Current Thread: 1
Thread 1, Process 0, enabled
		PC:   call void @llvm.x86.sse2.mfence(), !dbg !10972 (op #0=<global const>)
	#000014937 in mfence () at src/clht_lb_res.c:139
	#100013629 in clflush (=279639248, =128, =true) at src/clht_lb_res.c:146
	#200012472 in clht_create (=8) at src/clht_lb_res.c:321
	#300012190 in _Z3runPPc (=193675008) at example-nothread.cpp:81
	#400016758 in __klee_posix_wrapped_main (=2, =193675008) at example-nothread.cpp:204
	#500010297 in __klee_posix_ctor_stub_insert_point (=2, =193675008, =82188112) at runtime/POSIX/./klee_init_env.c:491
	#600010317 in __user_main (=5, =82188064, =82188112) at runtime/POSIX/./klee_init_env.c:499
	#700004403 in __uClibc_main (=28662152, =5, =82188064, =0, =0, =0, =0) at libc/misc/internals/__uClibc_main.c:401
	#800004570 in main (=5, =82188064)

<not masking anything>
<not masked by anything>

(33) ID #14761954557789223504 with 44 occurences:
Type of modification: flush (never modified)
File: ../../src/../src/libpmem2/x86_64/flush.h
Line: 48
assembly.ll line: 156030
 allocated at _block_init_pmem_from_file():  %22 = call i8* @klee_pmem_alloc_pmem(i64 %19, i8* %20, i1 zeroext false, i8* %21), !dbg !11004
Stack: 
Current Thread: 1
Thread 1, Process 0, enabled
		PC:   call void @llvm.x86.clwb(i8* %3, i8* %3), !dbg !10978 (op #0=<global const>, op #1=279639552, op #2=279639552)
	#000156030 in pmem_clwb (=279639552) at ../../src/../src/libpmem2/x86_64/flush.h:48
	#100156014 in flush_clwb_nolog (=279639440, =176) at ../../src/../src/libpmem2/x86_64/flush.h:104
	#200155847 in flush_clwb (=279639440, =176) at ../../src/../src/libpmem2/x86_64/init.c:60
	#300172193 in pmem_flush (=279639440, =176) at pmem.c:227
	#400126355 in obj_norep_flush (=275701760, =279639440, =176, =2147483648) at obj.c:478
	#500140069 in pmemops_xflush.1182 (=275708728, =279639440, =176, =2147483648) at ./pmemops.h:64
	#600140023 in tx_flush_range (=5646659680, =275701760) at tx.c:403
	#700070375 in ravl_foreach_node (=5646659648, =106654216, =275701760, =1) at ../../src/../src/common/ravl.c:81
	#800070327 in ravl_delete_cb (=5645460096, =106654216, =275701760) at ../../src/../src/common/ravl.c:104
	#900139949 in tx_pre_commit (=78386976) at tx.c:432
	#1000139835 in pmemobj_tx_commit () at tx.c:999
	#1100140477 in pmemobj_tx_process () at tx.c:1101
	#1200014792 in clht_hashtable_create (=8) at src/clht_lb_res.c:413
	#1300012389 in clht_create (=8) at src/clht_lb_res.c:298
	#1400012190 in _Z3runPPc (=193675008) at example-nothread.cpp:81
	#1500016758 in __klee_posix_wrapped_main (=2, =193675008) at example-nothread.cpp:204
	#1600010297 in __klee_posix_ctor_stub_insert_point (=2, =193675008, =82188112) at runtime/POSIX/./klee_init_env.c:491
	#1700010317 in __user_main (=5, =82188064, =82188112) at runtime/POSIX/./klee_init_env.c:499
	#1800004403 in __uClibc_main (=28662152, =5, =82188064, =0, =0, =0, =0) at libc/misc/internals/__uClibc_main.c:401
	#1900004570 in main (=5, =82188064)

<not masking anything>
<not masked by anything>

(34) ID #9051861071671686555 with 21884 occurences:
Type of modification: fence (unnecessary)
File: src/clht_lb_res.c
Line: 139
assembly.ll line: 14937
 (no allocation info)
Stack: 
Current Thread: 1
Thread 1, Process 0, enabled
		PC:   call void @llvm.x86.sse2.mfence(), !dbg !10972 (op #0=<global const>)
	#000014937 in mfence () at src/clht_lb_res.c:139
	#100013682 in clflush (=279897424, =64, =true) at src/clht_lb_res.c:159
	#200013254 in clht_put (=279639248, =25, =25) at src/clht_lb_res.c:556
	#300012681 in _ZZ3runPPcENK3$_0clEv (=360939104) at example-nothread.cpp:109
	#400012264 in _Z3runPPc (=193675008) at example-nothread.cpp:114
	#500016758 in __klee_posix_wrapped_main (=2, =193675008) at example-nothread.cpp:204
	#600010297 in __klee_posix_ctor_stub_insert_point (=2, =193675008, =82188112) at runtime/POSIX/./klee_init_env.c:491
	#700010317 in __user_main (=5, =82188064, =82188112) at runtime/POSIX/./klee_init_env.c:499
	#800004403 in __uClibc_main (=28662152, =5, =82188064, =0, =0, =0, =0) at libc/misc/internals/__uClibc_main.c:401
	#900004570 in main (=5, =82188064)

<not masking anything>
<not masked by anything>

(35) ID #5212061938432182982 with 44 occurences:
Type of modification: fence (unnecessary)
File: src/clht_lb_res.c
Line: 139
assembly.ll line: 14937
 (no allocation info)
Stack: 
Current Thread: 1
Thread 1, Process 0, enabled
		PC:   call void @llvm.x86.sse2.mfence(), !dbg !10972 (op #0=<global const>)
	#000014937 in mfence () at src/clht_lb_res.c:139
	#100013629 in clflush (=279639440, =128, =true) at src/clht_lb_res.c:146
	#200012469 in clht_create (=8) at src/clht_lb_res.c:320
	#300012190 in _Z3runPPc (=193675008) at example-nothread.cpp:81
	#400016758 in __klee_posix_wrapped_main (=2, =193675008) at example-nothread.cpp:204
	#500010297 in __klee_posix_ctor_stub_insert_point (=2, =193675008, =82188112) at runtime/POSIX/./klee_init_env.c:491
	#600010317 in __user_main (=5, =82188064, =82188112) at runtime/POSIX/./klee_init_env.c:499
	#700004403 in __uClibc_main (=28662152, =5, =82188064, =0, =0, =0, =0) at libc/misc/internals/__uClibc_main.c:401
	#800004570 in main (=5, =82188064)

<not masking anything>
<not masked by anything>

(36) ID #12828875124718445957 with 43768 occurences:
Type of modification: flush (unnecessary)
File: src/clht_lb_res.c
Line: 154
assembly.ll line: 13654
 allocated at _block_init_pmem_from_file():  %22 = call i8* @klee_pmem_alloc_pmem(i64 %19, i8* %20, i1 zeroext false, i8* %21), !dbg !11004
Stack: 
Current Thread: 1
Thread 1, Process 0, enabled
		PC:   call void @llvm.x86.clwb(i8* %32, i8* %32), !dbg !11010 (op #0=<global const>, op #1=279897408, op #2=279897408)
	#000013654 in clflush (=279897424, =64, =true) at src/clht_lb_res.c:154
	#100013254 in clht_put (=279639248, =25, =25) at src/clht_lb_res.c:556
	#200012681 in _ZZ3runPPcENK3$_0clEv (=360939104) at example-nothread.cpp:109
	#300012264 in _Z3runPPc (=193675008) at example-nothread.cpp:114
	#400016758 in __klee_posix_wrapped_main (=2, =193675008) at example-nothread.cpp:204
	#500010297 in __klee_posix_ctor_stub_insert_point (=2, =193675008, =82188112) at runtime/POSIX/./klee_init_env.c:491
	#600010317 in __user_main (=5, =82188064, =82188112) at runtime/POSIX/./klee_init_env.c:499
	#700004403 in __uClibc_main (=28662152, =5, =82188064, =0, =0, =0, =0) at libc/misc/internals/__uClibc_main.c:401
	#800004570 in main (=5, =82188064)

<not masking anything>
<not masked by anything>

(37) ID #1974059537715324721 with 44 occurences:
Type of modification: flush (never modified)
File: src/clht_lb_res.c
Line: 154
assembly.ll line: 13654
 allocated at _block_init_pmem_from_file():  %22 = call i8* @klee_pmem_alloc_pmem(i64 %19, i8* %20, i1 zeroext false, i8* %21), !dbg !11004
Stack: 
Current Thread: 1
Thread 1, Process 0, enabled
		PC:   call void @llvm.x86.clwb(i8* %32, i8* %32), !dbg !11010 (op #0=<global const>, op #1=279639552, op #2=279639552)
	#000013654 in clflush (=279639440, =128, =true) at src/clht_lb_res.c:154
	#100012469 in clht_create (=8) at src/clht_lb_res.c:320
	#200012190 in _Z3runPPc (=193675008) at example-nothread.cpp:81
	#300016758 in __klee_posix_wrapped_main (=2, =193675008) at example-nothread.cpp:204
	#400010297 in __klee_posix_ctor_stub_insert_point (=2, =193675008, =82188112) at runtime/POSIX/./klee_init_env.c:491
	#500010317 in __user_main (=5, =82188064, =82188112) at runtime/POSIX/./klee_init_env.c:499
	#600004403 in __uClibc_main (=28662152, =5, =82188064, =0, =0, =0, =0) at libc/misc/internals/__uClibc_main.c:401
	#700004570 in main (=5, =82188064)

<not masking anything>
<not masked by anything>

(38) ID #17746134367770883685 with 396 occurences:
Type of modification: flush (unnecessary)
File: src/clht_lb_res.c
Line: 154
assembly.ll line: 13654
 allocated at _block_init_pmem_from_file():  %22 = call i8* @klee_pmem_alloc_pmem(i64 %19, i8* %20, i1 zeroext false, i8* %21), !dbg !11004
Stack: 
Current Thread: 1
Thread 1, Process 0, enabled
		PC:   call void @llvm.x86.clwb(i8* %32, i8* %32), !dbg !11010 (op #0=<global const>, op #1=279639616, op #2=279639616)
	#000013654 in clflush (=279639632, =512, =true) at src/clht_lb_res.c:154
	#100012466 in clht_create (=8) at src/clht_lb_res.c:319
	#200012190 in _Z3runPPc (=193675008) at example-nothread.cpp:81
	#300016758 in __klee_posix_wrapped_main (=2, =193675008) at example-nothread.cpp:204
	#400010297 in __klee_posix_ctor_stub_insert_point (=2, =193675008, =82188112) at runtime/POSIX/./klee_init_env.c:491
	#500010317 in __user_main (=5, =82188064, =82188112) at runtime/POSIX/./klee_init_env.c:499
	#600004403 in __uClibc_main (=28662152, =5, =82188064, =0, =0, =0, =0) at libc/misc/internals/__uClibc_main.c:401
	#700004570 in main (=5, =82188064)

<not masking anything>
<not masked by anything>

(39) ID #10729472614290935439 with 214 occurences:
Type of modification: write (unpersisted)
File: lane.c
Line: 520
assembly.ll line: 115272
 allocated at _block_init_pmem_from_file():  %22 = call i8* @klee_pmem_alloc_pmem(i64 %19, i8* %20, i1 zeroext false, i8* %21), !dbg !11004
Stack: 
Current Thread: 1
Thread 1, Process 0, enabled
		PC:   store i32 %62, i32* %60, !dbg !11008 (op #0=8, op #1=275708612)
	#000115272 in lane_hold (=275701760, =362018192) at lane.c:520
	#100109697 in pmalloc_operation_hold_type (=275701760, =1, =1) at pmalloc.c:46
	#200129399 in pmalloc_operation_hold (=275701760) at pmalloc.c:73
	#300131859 in obj_alloc_root (=275701760, =128, =0, =0) at obj.c:2829
	#400131716 in pmemobj_root_construct (=275701760, =128, =0, =0) at obj.c:2887
	#500132071 in pmemobj_root (=275701760, =128) at obj.c:2912
	#600012331 in clht_create (=8) at src/clht_lb_res.c:278
	#700012190 in _Z3runPPc (=193675008) at example-nothread.cpp:81
	#800016758 in __klee_posix_wrapped_main (=2, =193675008) at example-nothread.cpp:204
	#900010297 in __klee_posix_ctor_stub_insert_point (=2, =193675008, =82188112) at runtime/POSIX/./klee_init_env.c:491
	#1000010317 in __user_main (=5, =82188064, =82188112) at runtime/POSIX/./klee_init_env.c:499
	#1100004403 in __uClibc_main (=28662152, =5, =82188064, =0, =0, =0, =0) at libc/misc/internals/__uClibc_main.c:401
	#1200004570 in main (=5, =82188064)

<not masking anything>
<not masked by anything>

(40) ID #16169850758212153888 with 214 occurences:
Type of modification: write (unpersisted)
File: obj.c
Line: 1111
assembly.ll line: 124212
 allocated at _block_init_pmem_from_file():  %22 = call i8* @klee_pmem_alloc_pmem(i64 %19, i8* %20, i1 zeroext false, i8* %21), !dbg !11004
Stack: 
Current Thread: 1
Thread 1, Process 0, enabled
		PC:   store i32 (i8*, i8*, i64, i32)* @obj_norep_flush, i32 (i8*, i8*, i64, i32)** %57, align 8, !dbg !11039 (op #0=<global const>, op #1=194386752)
	#000124212 in obj_replica_init (=194379776, =362368768, =0, =0) at obj.c:1111
	#100128069 in obj_replicas_init (=362368768) at obj.c:1631
	#200127723 in obj_open_common (=183028416, =182997624, =0, =1) at obj.c:1724
	#300127660 in pmemobj_openU (=183028416, =182997624) at obj.c:1798
	#400127625 in pmemobj_open (=183028416, =182997624) at obj.c:1811
	#500012309 in clht_create (=8) at src/clht_lb_res.c:265
	#600012190 in _Z3runPPc (=193675200) at example-nothread.cpp:81
	#700016758 in __klee_posix_wrapped_main (=2, =193675200) at example-nothread.cpp:204
	#800010297 in __klee_posix_ctor_stub_insert_point (=2, =193675200, =82188112) at runtime/POSIX/./klee_init_env.c:491
	#900010317 in __user_main (=5, =82188064, =82188112) at runtime/POSIX/./klee_init_env.c:499
	#1000004403 in __uClibc_main (=28662152, =5, =82188064, =0, =0, =0, =0) at libc/misc/internals/__uClibc_main.c:401
	#1100004570 in main (=5, =82188064)

<not masking anything>
<not masked by anything>

(41) ID #5617396007299458598 with 21884 occurences:
Type of modification: fence (unnecessary)
File: ../../src/../src/libpmem2/x86_64/init.c
Line: 27
assembly.ll line: 156064
 (no allocation info)
Stack: 
Current Thread: 1
Thread 1, Process 0, enabled
		PC:   call void @llvm.x86.sse.sfence(), !dbg !10975 (op #0=<global const>)
	#000156064 in memory_barrier () at ../../src/../src/libpmem2/x86_64/init.c:27
	#100172116 in pmem_drain () at pmem.c:189
	#200126380 in obj_norep_drain (=275701760) at obj.c:492
	#300111181 in pmemops_drain.993 (=275708464) at ./pmemops.h:76
	#400110971 in palloc_exec_actions (=275708464, =1184651904, =436117504, =2) at palloc.c:559
	#500118990 in palloc_publish (=275708464, =436117504, =2, =1184651904) at palloc.c:660
	#600139905 in pmemobj_tx_commit () at tx.c:1009
	#700140477 in pmemobj_tx_process () at tx.c:1101
	#800013248 in clht_put (=279639248, =25, =25) at src/clht_lb_res.c:555
	#900012681 in _ZZ3runPPcENK3$_0clEv (=360939104) at example-nothread.cpp:109
	#1000012264 in _Z3runPPc (=193675008) at example-nothread.cpp:114
	#1100016758 in __klee_posix_wrapped_main (=2, =193675008) at example-nothread.cpp:204
	#1200010297 in __klee_posix_ctor_stub_insert_point (=2, =193675008, =82188112) at runtime/POSIX/./klee_init_env.c:491
	#1300010317 in __user_main (=5, =82188064, =82188112) at runtime/POSIX/./klee_init_env.c:499
	#1400004403 in __uClibc_main (=28662152, =5, =82188064, =0, =0, =0, =0) at libc/misc/internals/__uClibc_main.c:401
	#1500004570 in main (=5, =82188064)

<not masking anything>
<not masked by anything>

(42) ID #14072742178440061592 with 214 occurences:
Type of modification: write (unpersisted)
File: obj.c
Line: 996
assembly.ll line: 126788
 allocated at _block_init_pmem_from_file():  %22 = call i8* @klee_pmem_alloc_pmem(i64 %19, i8* %20, i1 zeroext false, i8* %21), !dbg !11004
Stack: 
Current Thread: 1
Thread 1, Process 0, enabled
		PC:   store i32 (%struct.pmemobjpool*, i8*, i64, i32, i32)* null, i32 (%struct.pmemobjpool*, i8*, i64, i32, i32)** %16, align 8, !dbg !10989 (op #0=<global const>, op #1=194386928)
	#000126788 in obj_replica_init_local (=194379776, =1, =16777216) at obj.c:996
	#100124315 in obj_replica_init (=194379776, =362368768, =0, =0) at obj.c:1139
	#200128069 in obj_replicas_init (=362368768) at obj.c:1631
	#300127723 in obj_open_common (=183028416, =182997624, =0, =1) at obj.c:1724
	#400127660 in pmemobj_openU (=183028416, =182997624) at obj.c:1798
	#500127625 in pmemobj_open (=183028416, =182997624) at obj.c:1811
	#600012309 in clht_create (=8) at src/clht_lb_res.c:265
	#700012190 in _Z3runPPc (=193675200) at example-nothread.cpp:81
	#800016758 in __klee_posix_wrapped_main (=2, =193675200) at example-nothread.cpp:204
	#900010297 in __klee_posix_ctor_stub_insert_point (=2, =193675200, =82188112) at runtime/POSIX/./klee_init_env.c:491
	#1000010317 in __user_main (=5, =82188064, =82188112) at runtime/POSIX/./klee_init_env.c:499
	#1100004403 in __uClibc_main (=28662152, =5, =82188064, =0, =0, =0, =0) at libc/misc/internals/__uClibc_main.c:401
	#1200004570 in main (=5, =82188064)

<not masking anything>
<not masked by anything>

(43) ID #9433833772502817230 with 214 occurences:
Type of modification: write (unpersisted)
File: obj.c
Line: 1244
assembly.ll line: 124772
 allocated at _block_init_pmem_from_file():  %22 = call i8* @klee_pmem_alloc_pmem(i64 %19, i8* %20, i1 zeroext false, i8* %21), !dbg !11004
Stack: 
Current Thread: 1
Thread 1, Process 0, enabled
		PC:   store i32 0, i32* %140, align 8, !dbg !11130 (op #0=<global const>, op #1=275709016)
	#000124772 in obj_runtime_init (=275701760, =0, =1, =1024) at obj.c:1244
	#100127842 in obj_open_common (=183028416, =182997624, =0, =1) at obj.c:1761
	#200127660 in pmemobj_openU (=183028416, =182997624) at obj.c:1798
	#300127625 in pmemobj_open (=183028416, =182997624) at obj.c:1811
	#400012309 in clht_create (=8) at src/clht_lb_res.c:265
	#500012190 in _Z3runPPc (=193675008) at example-nothread.cpp:81
	#600016758 in __klee_posix_wrapped_main (=2, =193675008) at example-nothread.cpp:204
	#700010297 in __klee_posix_ctor_stub_insert_point (=2, =193675008, =82188112) at runtime/POSIX/./klee_init_env.c:491
	#800010317 in __user_main (=5, =82188064, =82188112) at runtime/POSIX/./klee_init_env.c:499
	#900004403 in __uClibc_main (=28662152, =5, =82188064, =0, =0, =0, =0) at libc/misc/internals/__uClibc_main.c:401
	#1000004570 in main (=5, =82188064)

<not masking anything>
<not masked by anything>

(44) ID #4301337760411604713 with 214 occurences:
Type of modification: write (unpersisted)
File: obj.c
Line: 1007
assembly.ll line: 126816
 allocated at _block_init_pmem_from_file():  %22 = call i8* @klee_pmem_alloc_pmem(i64 %19, i8* %20, i1 zeroext false, i8* %21), !dbg !11004
Stack: 
Current Thread: 1
Thread 1, Process 0, enabled
		PC:   store void (i8*, i64)* @pmem_persist, void (i8*, i64)** %33, align 8, !dbg !11004 (op #0=<global const>, op #1=194386696)
	#000126816 in obj_replica_init_local (=194379776, =1, =16777216) at obj.c:1007
	#100124315 in obj_replica_init (=194379776, =362368768, =0, =0) at obj.c:1139
	#200128069 in obj_replicas_init (=362368768) at obj.c:1631
	#300127723 in obj_open_common (=183028416, =182997624, =0, =1) at obj.c:1724
	#400127660 in pmemobj_openU (=183028416, =182997624) at obj.c:1798
	#500127625 in pmemobj_open (=183028416, =182997624) at obj.c:1811
	#600012309 in clht_create (=8) at src/clht_lb_res.c:265
	#700012190 in _Z3runPPc (=193675200) at example-nothread.cpp:81
	#800016758 in __klee_posix_wrapped_main (=2, =193675200) at example-nothread.cpp:204
	#900010297 in __klee_posix_ctor_stub_insert_point (=2, =193675200, =82188112) at runtime/POSIX/./klee_init_env.c:491
	#1000010317 in __user_main (=5, =82188064, =82188112) at runtime/POSIX/./klee_init_env.c:499
	#1100004403 in __uClibc_main (=28662152, =5, =82188064, =0, =0, =0, =0) at libc/misc/internals/__uClibc_main.c:401
	#1200004570 in main (=5, =82188064)

<not masking anything>
<not masked by anything>

(45) ID #5565194661879170210 with 8 occurences:
Type of modification: write (unpersisted)
File: libc/string/memcpy.c
Line: 29
assembly.ll line: 11933
 allocated at _block_init_pmem_from_file():  %22 = call i8* @klee_pmem_alloc_pmem(i64 %19, i8* %20, i1 zeroext false, i8* %21), !dbg !11004
Stack: 
Current Thread: 1
Thread 1, Process 0, enabled
		PC:   store i8 %17, i8* %18, align 1, !dbg !10992 (op #0=1, op #1=278857152)
	#000011933 in memcpy (=278857152, =377041704, =8) at libc/string/memcpy.c:29
	#100061439 in huge_write_footer (=278856784, =47) at memblock.c:1143
	#200062336 in memblock_huge_init (=3326619392, =275708464, =2, =0, =47) at memblock.c:1317
	#300105781 in heap_split_block (=275708464, =5714350176, =2546870192, =1) at heap.c:958
	#400105208 in heap_get_bestfit_block (=275708464, =5714350176, =2546870192) at heap.c:992
	#500105443 in heap_ensure_run_bucket_filled (=275708464, =3213336448, =1) at heap.c:881
	#600105143 in heap_get_bestfit_block (=275708464, =3213336448, =436117672) at heap.c:984
	#700110697 in palloc_reservation_create (=275708464, =64, =106656264, =2283968896, =2, =0, =0, =0, =436117632) at palloc.c:218
	#800118347 in palloc_reserve (=275708464, =64, =106656264, =2283968896, =2, =0, =0, =0, =436117632) at palloc.c:597
	#900142632 in tx_alloc_common (=78386976, =64, =2, =106656264, =2283968896) at tx.c:587
	#1000142367 in pmemobj_tx_alloc (=64, =2) at tx.c:1564
	#1100016087 in clht_bucket_create () at src/clht_lb_res.c:212
	#1200013575 in clht_bucket_create_stats (=279639440, =194314024) at src/clht_lb_res.c:243
	#1300013236 in clht_put (=279639248, =25, =25) at src/clht_lb_res.c:544
	#1400012681 in _ZZ3runPPcENK3$_0clEv (=360939104) at example-nothread.cpp:109
	#1500012264 in _Z3runPPc (=193675008) at example-nothread.cpp:114
	#1600016758 in __klee_posix_wrapped_main (=2, =193675008) at example-nothread.cpp:204
	#1700010297 in __klee_posix_ctor_stub_insert_point (=2, =193675008, =82188112) at runtime/POSIX/./klee_init_env.c:491
	#1800010317 in __user_main (=5, =82188064, =82188112) at runtime/POSIX/./klee_init_env.c:499
	#1900004403 in __uClibc_main (=28662152, =5, =82188064, =0, =0, =0, =0) at libc/misc/internals/__uClibc_main.c:401
	#2000004570 in main (=5, =82188064)

<not masking anything>
May be masked by:
	ID #2988400283630954233

(46) ID #9046879109577386610 with 120 occurences:
Type of modification: write (unpersisted)
File: libc/string/memcpy.c
Line: 29
assembly.ll line: 11933
 allocated at _block_init_pmem_from_file():  %22 = call i8* @klee_pmem_alloc_pmem(i64 %19, i8* %20, i1 zeroext false, i8* %21), !dbg !11004
Stack: 
Current Thread: 1
Thread 1, Process 0, enabled
		PC:   store i8 %17, i8* %18, align 1, !dbg !10992 (op #0=1, op #1=279643200)
	#000011933 in memcpy (=279643200, =5645553888, =48) at libc/string/memcpy.c:29
	#100102246 in container_ravl_insert_block (=3812380032, =5645553888) at container_ravl.c:60
	#200056966 in bucket_insert_block (=3365560864, =5645553888) at bucket.c:75
	#300105783 in heap_split_block (=275708464, =3365560864, =5645455008, =1) at heap.c:961
	#400105208 in heap_get_bestfit_block (=275708464, =3365560864, =5645455008) at heap.c:992
	#500105443 in heap_ensure_run_bucket_filled (=275708464, =2288885632, =1) at heap.c:881
	#600105143 in heap_get_bestfit_block (=275708464, =2288885632, =183280680) at heap.c:984
	#700110697 in palloc_reservation_create (=275708464, =128, =106578952, =3365548032, =0, =32768, =0, =0, =183280640) at palloc.c:218
	#800109846 in palloc_operation (=275708464, =0, =275707904, =128, =106578952, =3365548032, =0, =32768, =0, =0, =1184438912) at palloc.c:732
	#900131878 in obj_alloc_root (=275701760, =128, =0, =0) at obj.c:2833
	#1000131716 in pmemobj_root_construct (=275701760, =128, =0, =0) at obj.c:2887
	#1100132071 in pmemobj_root (=275701760, =128) at obj.c:2912
	#1200012331 in clht_create (=8) at src/clht_lb_res.c:278
	#1300012190 in _Z3runPPc (=193675008) at example-nothread.cpp:81
	#1400016758 in __klee_posix_wrapped_main (=2, =193675008) at example-nothread.cpp:204
	#1500010297 in __klee_posix_ctor_stub_insert_point (=2, =193675008, =82188112) at runtime/POSIX/./klee_init_env.c:491
	#1600010317 in __user_main (=5, =82188064, =82188112) at runtime/POSIX/./klee_init_env.c:499
	#1700004403 in __uClibc_main (=28662152, =5, =82188064, =0, =0, =0, =0) at libc/misc/internals/__uClibc_main.c:401
	#1800004570 in main (=5, =82188064)

<not masking anything>
May be masked by:
	ID #15647382196203409427

(47) ID #5129107347122062469 with 120 occurences:
Type of modification: write (unpersisted)
File: libc/string/memcpy.c
Line: 29
assembly.ll line: 11933
 allocated at _block_init_pmem_from_file():  %22 = call i8* @klee_pmem_alloc_pmem(i64 %19, i8* %20, i1 zeroext false, i8* %21), !dbg !11004
Stack: 
Current Thread: 1
Thread 1, Process 0, enabled
		PC:   store i8 %17, i8* %18, align 1, !dbg !10992 (op #0=1, op #1=278857152)
	#000011933 in memcpy (=278857152, =376763008, =8) at libc/string/memcpy.c:29
	#100061439 in huge_write_footer (=278856776, =48) at memblock.c:1143
	#200062336 in memblock_huge_init (=5645553888, =275708464, =1, =0, =48) at memblock.c:1317
	#300105781 in heap_split_block (=275708464, =3365560864, =5645455008, =1) at heap.c:958
	#400105208 in heap_get_bestfit_block (=275708464, =3365560864, =5645455008) at heap.c:992
	#500105443 in heap_ensure_run_bucket_filled (=275708464, =2288885632, =1) at heap.c:881
	#600105143 in heap_get_bestfit_block (=275708464, =2288885632, =183280680) at heap.c:984
	#700110697 in palloc_reservation_create (=275708464, =128, =106578952, =3365548032, =0, =32768, =0, =0, =183280640) at palloc.c:218
	#800109846 in palloc_operation (=275708464, =0, =275707904, =128, =106578952, =3365548032, =0, =32768, =0, =0, =1184438912) at palloc.c:732
	#900131878 in obj_alloc_root (=275701760, =128, =0, =0) at obj.c:2833
	#1000131716 in pmemobj_root_construct (=275701760, =128, =0, =0) at obj.c:2887
	#1100132071 in pmemobj_root (=275701760, =128) at obj.c:2912
	#1200012331 in clht_create (=8) at src/clht_lb_res.c:278
	#1300012190 in _Z3runPPc (=193675008) at example-nothread.cpp:81
	#1400016758 in __klee_posix_wrapped_main (=2, =193675008) at example-nothread.cpp:204
	#1500010297 in __klee_posix_ctor_stub_insert_point (=2, =193675008, =82188112) at runtime/POSIX/./klee_init_env.c:491
	#1600010317 in __user_main (=5, =82188064, =82188112) at runtime/POSIX/./klee_init_env.c:499
	#1700004403 in __uClibc_main (=28662152, =5, =82188064, =0, =0, =0, =0) at libc/misc/internals/__uClibc_main.c:401
	#1800004570 in main (=5, =82188064)

<not masking anything>
May be masked by:
	ID #5565194661879170210

(48) ID #15366194158884047904 with 128 occurences:
Type of modification: write (unpersisted)
File: src/clht_gc.c
Line: 58
assembly.ll line: 12956
 allocated at _block_init_pmem_from_file():  %22 = call i8* @klee_pmem_alloc_pmem(i64 %19, i8* %20, i1 zeroext false, i8* %21), !dbg !11004
Stack: 
Current Thread: 1
Thread 1, Process 0, enabled
		PC:   store i64 %70, i64* %59, !dbg !11038 (op #0=5647031424, op #1=279639320)
	#000012956 in clht_gc_thread_init (=279639248, =0) at src/clht_gc.c:58
	#100012653 in _ZZ3runPPcENK3$_0clEv (=360939104) at example-nothread.cpp:103
	#200012264 in _Z3runPPc (=193675008) at example-nothread.cpp:114
	#300016758 in __klee_posix_wrapped_main (=2, =193675008) at example-nothread.cpp:204
	#400010297 in __klee_posix_ctor_stub_insert_point (=2, =193675008, =82188112) at runtime/POSIX/./klee_init_env.c:491
	#500010317 in __user_main (=5, =82188064, =82188112) at runtime/POSIX/./klee_init_env.c:499
	#600004403 in __uClibc_main (=28662152, =5, =82188064, =0, =0, =0, =0) at libc/misc/internals/__uClibc_main.c:401
	#700004570 in main (=5, =82188064)

<not masking anything>
May be masked by:
	ID #10279012886536096664

(49) ID #13660785014690661437 with 179 occurences:
Type of modification: write (unpersisted)
File: src/clht_lb_res.c
Line: 592
assembly.ll line: 13330
 allocated at _block_init_pmem_from_file():  %22 = call i8* @klee_pmem_alloc_pmem(i64 %19, i8* %20, i1 zeroext false, i8* %21), !dbg !11004
Stack: 
Current Thread: 1
Thread 1, Process 0, enabled
		PC:   store volatile i8 0, i8* %218, align 1, !dbg !11182 (op #0=<global const>, op #1=279639696)
	#000013330 in clht_put (=279639248, =1, =1) at src/clht_lb_res.c:592
	#100012681 in _ZZ3runPPcENK3$_0clEv (=360939104) at example-nothread.cpp:109
	#200012264 in _Z3runPPc (=193675008) at example-nothread.cpp:114
	#300016758 in __klee_posix_wrapped_main (=2, =193675008) at example-nothread.cpp:204
	#400010297 in __klee_posix_ctor_stub_insert_point (=2, =193675008, =82188112) at runtime/POSIX/./klee_init_env.c:491
	#500010317 in __user_main (=5, =82188064, =82188112) at runtime/POSIX/./klee_init_env.c:499
	#600004403 in __uClibc_main (=28662152, =5, =82188064, =0, =0, =0, =0) at libc/misc/internals/__uClibc_main.c:401
	#700004570 in main (=5, =82188064)

<not masking anything>
May be masked by:
	ID #12555104262622299517
	ID #8893403537748779800

(50) ID #10749493758332445816 with 21966 occurences:
Type of modification: flush (unnecessary)
File: ../../src/../src/libpmem2/x86_64/flush.h
Line: 48
assembly.ll line: 156030
 allocated at _block_init_pmem_from_file():  %22 = call i8* @klee_pmem_alloc_pmem(i64 %19, i8* %20, i1 zeroext false, i8* %21), !dbg !11004
Stack: 
Current Thread: 1
Thread 1, Process 0, enabled
		PC:   call void @llvm.x86.clwb(i8* %3, i8* %3), !dbg !10978 (op #0=<global const>, op #1=280130624, op #2=280130624)
	#000156030 in pmem_clwb (=280130624) at ../../src/../src/libpmem2/x86_64/flush.h:48
	#100156014 in flush_clwb_nolog (=280130640, =2096) at ../../src/../src/libpmem2/x86_64/flush.h:104
	#200155847 in flush_clwb (=280130640, =2096) at ../../src/../src/libpmem2/x86_64/init.c:60
	#300172193 in pmem_flush (=280130640, =2096) at pmem.c:227
	#400126355 in obj_norep_flush (=275701760, =280130640, =2096, =2147483648) at obj.c:478
	#500140069 in pmemops_xflush.1182 (=275708728, =280130640, =2096, =2147483648) at ./pmemops.h:64
	#600140023 in tx_flush_range (=9218008864, =275701760) at tx.c:403
	#700070375 in ravl_foreach_node (=9218008832, =106654216, =275701760, =1) at ../../src/../src/common/ravl.c:81
	#800070386 in ravl_foreach_node (=9097009600, =106654216, =275701760, =1) at ../../src/../src/common/ravl.c:82
	#900070327 in ravl_delete_cb (=365385504, =106654216, =275701760) at ../../src/../src/common/ravl.c:104
	#1000139949 in tx_pre_commit (=78386976) at tx.c:432
	#1100139835 in pmemobj_tx_commit () at tx.c:999
	#1200140477 in pmemobj_tx_process () at tx.c:1101
	#1300014389 in ht_resize_pes (=279639248, =1, =4) at src/clht_lb_res.c:1002
	#1400013951 in ht_status (=279639248, =1, =0) at src/clht_lb_res.c:1112
	#1500013339 in clht_put (=279639248, =32, =32) at src/clht_lb_res.c:597
	#1600012681 in _ZZ3runPPcENK3$_0clEv (=360939104) at example-nothread.cpp:109
	#1700012264 in _Z3runPPc (=193675008) at example-nothread.cpp:114
	#1800016758 in __klee_posix_wrapped_main (=2, =193675008) at example-nothread.cpp:204
	#1900010297 in __klee_posix_ctor_stub_insert_point (=2, =193675008, =82188112) at runtime/POSIX/./klee_init_env.c:491
	#2000010317 in __user_main (=5, =82188064, =82188112) at runtime/POSIX/./klee_init_env.c:499
	#2100004403 in __uClibc_main (=28662152, =5, =82188064, =0, =0, =0, =0) at libc/misc/internals/__uClibc_main.c:401
	#2200004570 in main (=5, =82188064)

<not masking anything>
<not masked by anything>

(51) ID #9840793306711210257 with 214 occurences:
Type of modification: write (unpersisted)
File: sync.c
Line: 48
assembly.ll line: 118093
 allocated at _block_init_pmem_from_file():  %22 = call i8* @klee_pmem_alloc_pmem(i64 %19, i8* %20, i1 zeroext false, i8* %21), !dbg !11004
Stack: 
Current Thread: 1
Thread 1, Process 0, enabled
		PC:   store i64 %32, i64* %26, !dbg !11012 (op #0=5, op #1=275708808)
	#000118093 in _get_value (=6, =275708808, =275708816, =0, =76363272) at sync.c:48
	#100118019 in get_mutex (=275701760, =275708808) at sync.c:91
	#200117151 in pmemobj_mutex_lock (=275701760, =275708808) at sync.c:201
	#300131786 in pmemobj_mutex_lock_nofail (=275701760, =275708808) at ./sync.h:84
	#400131703 in pmemobj_root_construct (=275701760, =128, =0, =0) at obj.c:2884
	#500132071 in pmemobj_root (=275701760, =128) at obj.c:2912
	#600012331 in clht_create (=8) at src/clht_lb_res.c:278
	#700012190 in _Z3runPPc (=193675008) at example-nothread.cpp:81
	#800016758 in __klee_posix_wrapped_main (=2, =193675008) at example-nothread.cpp:204
	#900010297 in __klee_posix_ctor_stub_insert_point (=2, =193675008, =82188112) at runtime/POSIX/./klee_init_env.c:491
	#1000010317 in __user_main (=5, =82188064, =82188112) at runtime/POSIX/./klee_init_env.c:499
	#1100004403 in __uClibc_main (=28662152, =5, =82188064, =0, =0, =0, =0) at libc/misc/internals/__uClibc_main.c:401
	#1200004570 in main (=5, =82188064)

<not masking anything>
<not masked by anything>

(52) ID #5720631726159907919 with 44 occurences:
Type of modification: fence (unnecessary)
File: src/clht_lb_res.c
Line: 139
assembly.ll line: 14937
 (no allocation info)
Stack: 
Current Thread: 1
Thread 1, Process 0, enabled
		PC:   call void @llvm.x86.sse2.mfence(), !dbg !10972 (op #0=<global const>)
	#000014937 in mfence () at src/clht_lb_res.c:139
	#100013629 in clflush (=279639632, =512, =true) at src/clht_lb_res.c:146
	#200012466 in clht_create (=8) at src/clht_lb_res.c:319
	#300012190 in _Z3runPPc (=193675008) at example-nothread.cpp:81
	#400016758 in __klee_posix_wrapped_main (=2, =193675008) at example-nothread.cpp:204
	#500010297 in __klee_posix_ctor_stub_insert_point (=2, =193675008, =82188112) at runtime/POSIX/./klee_init_env.c:491
	#600010317 in __user_main (=5, =82188064, =82188112) at runtime/POSIX/./klee_init_env.c:499
	#700004403 in __uClibc_main (=28662152, =5, =82188064, =0, =0, =0, =0) at libc/misc/internals/__uClibc_main.c:401
	#800004570 in main (=5, =82188064)

<not masking anything>
<not masked by anything>

(53) ID #14996565894027853370 with 21884 occurences:
Type of modification: fence (unnecessary)
File: src/clht_lb_res.c
Line: 139
assembly.ll line: 14937
 (no allocation info)
Stack: 
Current Thread: 1
Thread 1, Process 0, enabled
		PC:   call void @llvm.x86.sse2.mfence(), !dbg !10972 (op #0=<global const>)
	#000014937 in mfence () at src/clht_lb_res.c:139
	#100013629 in clflush (=279897424, =64, =true) at src/clht_lb_res.c:146
	#200013254 in clht_put (=279639248, =25, =25) at src/clht_lb_res.c:556
	#300012681 in _ZZ3runPPcENK3$_0clEv (=360939104) at example-nothread.cpp:109
	#400012264 in _Z3runPPc (=193675008) at example-nothread.cpp:114
	#500016758 in __klee_posix_wrapped_main (=2, =193675008) at example-nothread.cpp:204
	#600010297 in __klee_posix_ctor_stub_insert_point (=2, =193675008, =82188112) at runtime/POSIX/./klee_init_env.c:491
	#700010317 in __user_main (=5, =82188064, =82188112) at runtime/POSIX/./klee_init_env.c:499
	#800004403 in __uClibc_main (=28662152, =5, =82188064, =0, =0, =0, =0) at libc/misc/internals/__uClibc_main.c:401
	#900004570 in main (=5, =82188064)

<not masking anything>
<not masked by anything>

(54) ID #3572731938863325535 with 21884 occurences:
Type of modification: fence (unnecessary)
File: src/clht_lb_res.c
Line: 139
assembly.ll line: 14937
 (no allocation info)
Stack: 
Current Thread: 1
Thread 1, Process 0, enabled
		PC:   call void @llvm.x86.sse2.mfence(), !dbg !10972 (op #0=<global const>)
	#000014937 in mfence () at src/clht_lb_res.c:139
	#100013629 in clflush (=376760504, =8, =true) at src/clht_lb_res.c:146
	#200013278 in clht_put (=279639248, =25, =25) at src/clht_lb_res.c:559
	#300012681 in _ZZ3runPPcENK3$_0clEv (=360939104) at example-nothread.cpp:109
	#400012264 in _Z3runPPc (=193675008) at example-nothread.cpp:114
	#500016758 in __klee_posix_wrapped_main (=2, =193675008) at example-nothread.cpp:204
	#600010297 in __klee_posix_ctor_stub_insert_point (=2, =193675008, =82188112) at runtime/POSIX/./klee_init_env.c:491
	#700010317 in __user_main (=5, =82188064, =82188112) at runtime/POSIX/./klee_init_env.c:499
	#800004403 in __uClibc_main (=28662152, =5, =82188064, =0, =0, =0, =0) at libc/misc/internals/__uClibc_main.c:401
	#900004570 in main (=5, =82188064)

<not masking anything>
<not masked by anything>
