Persistent Memory Bugs:
	Number of bugs: 54
		Number of unpersisted write bugs (correctness): 24
		Number of extra flush bugs (performance): 10
		Number of flushes to untouched memory (performance): 4
		Number of fences with nothing to commit (performance): 16
	Overall bug occurences: 223807
		Number of unpersisted write occurences (correctness): 3403
		Number of extra flush occurences (performance): 66370
		Number of untouched memory flush occurences (performance): 116
		Number of occurence of fences with nothing to commit (performance): 153918

(1) ID #2112929640965233804 with 8 occurences:
Type of modification: write (unpersisted)
File: libc/string/memcpy.c
Line: 29
assembly.ll line: 11933
 allocated at _block_init_pmem_from_file():  %22 = call i8* @klee_pmem_alloc_pmem(i64 %19, i8* %20, i1 zeroext false, i8* %21), !dbg !11004
Stack: 
Current Thread: 1
Thread 1, Process 0, enabled
		PC:   store i8 %17, i8* %18, align 1, !dbg !10992 (op #0=1, op #1=183977408)
	#000011933 in memcpy (=183977408, =357995624, =8) at libc/string/memcpy.c:29
	#100061439 in huge_write_footer (=183977040, =47) at memblock.c:1143
	#200062336 in memblock_huge_init (=1143982096, =180828720, =2, =0, =47) at memblock.c:1317
	#300105781 in heap_split_block (=180828720, =380324736, =1143954560, =1) at heap.c:958
	#400105208 in heap_get_bestfit_block (=180828720, =380324736, =1143954560) at heap.c:992
	#500105443 in heap_ensure_run_bucket_filled (=180828720, =375125888, =1) at heap.c:881
	#600105143 in heap_get_bestfit_block (=180828720, =375125888, =1224523944) at heap.c:984
	#700110697 in palloc_reservation_create (=180828720, =64, =105910792, =1148956608, =2, =0, =0, =0, =1224523904) at palloc.c:218
	#800118347 in palloc_reserve (=180828720, =64, =105910792, =1148956608, =2, =0, =0, =0, =1224523904) at palloc.c:597
	#900142632 in tx_alloc_common (=73604864, =64, =2, =105910792, =1148956608) at tx.c:587
	#1000142367 in pmemobj_tx_alloc (=64, =2) at tx.c:1564
	#1100016087 in clht_bucket_create () at src/clht_lb_res.c:212
	#1200013575 in clht_bucket_create_stats (=184759696, =357990608) at src/clht_lb_res.c:243
	#1300013236 in clht_put (=184759504, =25, =25) at src/clht_lb_res.c:544
	#1400012681 in _ZZ3runPPcENK3$_0clEv (=222143280) at example-nothread.cpp:109
	#1500012264 in _Z3runPPc (=180582784) at example-nothread.cpp:114
	#1600016758 in __klee_posix_wrapped_main (=2, =180582784) at example-nothread.cpp:204
	#1700010297 in __klee_posix_ctor_stub_insert_point (=2, =180582784, =93452688) at runtime/POSIX/./klee_init_env.c:491
	#1800010317 in __user_main (=5, =93452640, =93452688) at runtime/POSIX/./klee_init_env.c:499
	#1900004403 in __uClibc_main (=27900296, =5, =93452640, =0, =0, =0, =0) at libc/misc/internals/__uClibc_main.c:401
	#2000004570 in main (=5, =93452640)

<not masking anything>
May be masked by:
	ID #10366202625862726451

(2) ID #10832048717066407629 with 16 occurences:
Type of modification: write (unpersisted)
File: src/clht_lb_res.c
Line: 245
assembly.ll line: 13583
 allocated at _block_init_pmem_from_file():  %22 = call i8* @klee_pmem_alloc_pmem(i64 %19, i8* %20, i1 zeroext false, i8* %21), !dbg !11004
Stack: 
Current Thread: 1
Thread 1, Process 0, enabled
		PC:   store i32 %12, i32* %10, !dbg !10981 (op #0=1, op #1=184759784)
	#000013583 in clht_bucket_create_stats (=184759696, =357990608) at src/clht_lb_res.c:245
	#100013236 in clht_put (=184759504, =25, =25) at src/clht_lb_res.c:544
	#200012681 in _ZZ3runPPcENK3$_0clEv (=222143280) at example-nothread.cpp:109
	#300012264 in _Z3runPPc (=180582784) at example-nothread.cpp:114
	#400016758 in __klee_posix_wrapped_main (=2, =180582784) at example-nothread.cpp:204
	#500010297 in __klee_posix_ctor_stub_insert_point (=2, =180582784, =93452688) at runtime/POSIX/./klee_init_env.c:491
	#600010317 in __user_main (=5, =93452640, =93452688) at runtime/POSIX/./klee_init_env.c:499
	#700004403 in __uClibc_main (=27900296, =5, =93452640, =0, =0, =0, =0) at libc/misc/internals/__uClibc_main.c:401
	#800004570 in main (=5, =93452640)

<not masking anything>
May be masked by:
	ID #4213071980280282914

(3) ID #16402878157391318700 with 66 occurences:
Type of modification: write (unpersisted)
File: src/clht_lb_res.c
Line: 583
assembly.ll line: 13319
 allocated at _block_init_pmem_from_file():  %22 = call i8* @klee_pmem_alloc_pmem(i64 %19, i8* %20, i1 zeroext false, i8* %21), !dbg !11004
Stack: 
Current Thread: 1
Thread 1, Process 0, enabled
		PC:   store volatile i64 %211, i64* %212, align 8, !dbg !11175 (op #0=17, op #1=184760000)
	#000013319 in clht_put (=184759504, =17, =17) at src/clht_lb_res.c:583
	#100012681 in _ZZ3runPPcENK3$_0clEv (=222143280) at example-nothread.cpp:109
	#200012264 in _Z3runPPc (=180582784) at example-nothread.cpp:114
	#300016758 in __klee_posix_wrapped_main (=2, =180582784) at example-nothread.cpp:204
	#400010297 in __klee_posix_ctor_stub_insert_point (=2, =180582784, =93452688) at runtime/POSIX/./klee_init_env.c:491
	#500010317 in __user_main (=5, =93452640, =93452688) at runtime/POSIX/./klee_init_env.c:499
	#600004403 in __uClibc_main (=27900296, =5, =93452640, =0, =0, =0, =0) at libc/misc/internals/__uClibc_main.c:401
	#700004570 in main (=5, =93452640)

<not masking anything>
<not masked by anything>

(4) ID #1210380423323575095 with 94 occurences:
Type of modification: write (unpersisted)
File: libc/string/memcpy.c
Line: 29
assembly.ll line: 11933
 allocated at _block_init_pmem_from_file():  %22 = call i8* @klee_pmem_alloc_pmem(i64 %19, i8* %20, i1 zeroext false, i8* %21), !dbg !11004
Stack: 
Current Thread: 1
Thread 1, Process 0, enabled
		PC:   store i8 %17, i8* %18, align 1, !dbg !10992 (op #0=2, op #1=185025600)
	#000011933 in memcpy (=185025600, =1143982096, =48) at libc/string/memcpy.c:29
	#100102246 in container_ravl_insert_block (=590747808, =1143982096) at container_ravl.c:60
	#200056966 in bucket_insert_block (=380324736, =1143982096) at bucket.c:75
	#300105783 in heap_split_block (=180828720, =380324736, =1143954560, =1) at heap.c:961
	#400105208 in heap_get_bestfit_block (=180828720, =380324736, =1143954560) at heap.c:992
	#500105443 in heap_ensure_run_bucket_filled (=180828720, =375125888, =1) at heap.c:881
	#600105143 in heap_get_bestfit_block (=180828720, =375125888, =1224523944) at heap.c:984
	#700110697 in palloc_reservation_create (=180828720, =64, =105910792, =1148956608, =2, =0, =0, =0, =1224523904) at palloc.c:218
	#800118347 in palloc_reserve (=180828720, =64, =105910792, =1148956608, =2, =0, =0, =0, =1224523904) at palloc.c:597
	#900142632 in tx_alloc_common (=73604864, =64, =2, =105910792, =1148956608) at tx.c:587
	#1000142367 in pmemobj_tx_alloc (=64, =2) at tx.c:1564
	#1100016087 in clht_bucket_create () at src/clht_lb_res.c:212
	#1200013575 in clht_bucket_create_stats (=184759696, =357990608) at src/clht_lb_res.c:243
	#1300013236 in clht_put (=184759504, =25, =25) at src/clht_lb_res.c:544
	#1400012681 in _ZZ3runPPcENK3$_0clEv (=222143280) at example-nothread.cpp:109
	#1500012264 in _Z3runPPc (=180582784) at example-nothread.cpp:114
	#1600016758 in __klee_posix_wrapped_main (=2, =180582784) at example-nothread.cpp:204
	#1700010297 in __klee_posix_ctor_stub_insert_point (=2, =180582784, =93452688) at runtime/POSIX/./klee_init_env.c:491
	#1800010317 in __user_main (=5, =93452640, =93452688) at runtime/POSIX/./klee_init_env.c:499
	#1900004403 in __uClibc_main (=27900296, =5, =93452640, =0, =0, =0, =0) at libc/misc/internals/__uClibc_main.c:401
	#2000004570 in main (=5, =93452640)

<not masking anything>
<not masked by anything>

(5) ID #17905670701232324462 with 102 occurences:
Type of modification: write (unpersisted)
File: src/clht_lb_res.c
Line: 557
assembly.ll line: 13269
 allocated at _block_init_pmem_from_file():  %22 = call i8* @klee_pmem_alloc_pmem(i64 %19, i8* %20, i1 zeroext false, i8* %21), !dbg !11004
Stack: 
Current Thread: 1
Thread 1, Process 0, enabled
		PC:   store volatile i64 %187, i64* %189, align 8, !dbg !11153 (op #0=4195664, op #1=184760008)
	#000013269 in clht_put (=184759504, =25, =25) at src/clht_lb_res.c:557
	#100012681 in _ZZ3runPPcENK3$_0clEv (=222143280) at example-nothread.cpp:109
	#200012264 in _Z3runPPc (=180582784) at example-nothread.cpp:114
	#300016758 in __klee_posix_wrapped_main (=2, =180582784) at example-nothread.cpp:204
	#400010297 in __klee_posix_ctor_stub_insert_point (=2, =180582784, =93452688) at runtime/POSIX/./klee_init_env.c:491
	#500010317 in __user_main (=5, =93452640, =93452688) at runtime/POSIX/./klee_init_env.c:499
	#600004403 in __uClibc_main (=27900296, =5, =93452640, =0, =0, =0, =0) at libc/misc/internals/__uClibc_main.c:401
	#700004570 in main (=5, =93452640)

<not masking anything>
<not masked by anything>

(6) ID #2247348593239699643 with 179 occurences:
Type of modification: write (unpersisted)
File: src/clht_lb_res.c
Line: 592
assembly.ll line: 13330
 allocated at _block_init_pmem_from_file():  %22 = call i8* @klee_pmem_alloc_pmem(i64 %19, i8* %20, i1 zeroext false, i8* %21), !dbg !11004
Stack: 
Current Thread: 1
Thread 1, Process 0, enabled
		PC:   store volatile i8 0, i8* %218, align 1, !dbg !11182 (op #0=<global const>, op #1=184759952)
	#000013330 in clht_put (=184759504, =1, =1) at src/clht_lb_res.c:592
	#100012681 in _ZZ3runPPcENK3$_0clEv (=222143280) at example-nothread.cpp:109
	#200012264 in _Z3runPPc (=180582784) at example-nothread.cpp:114
	#300016758 in __klee_posix_wrapped_main (=2, =180582784) at example-nothread.cpp:204
	#400010297 in __klee_posix_ctor_stub_insert_point (=2, =180582784, =93452688) at runtime/POSIX/./klee_init_env.c:491
	#500010317 in __user_main (=5, =93452640, =93452688) at runtime/POSIX/./klee_init_env.c:499
	#600004403 in __uClibc_main (=27900296, =5, =93452640, =0, =0, =0, =0) at libc/misc/internals/__uClibc_main.c:401
	#700004570 in main (=5, =93452640)

<not masking anything>
May be masked by:
	ID #4680515645425540892
	ID #16402878157391318700

(7) ID #14258283888560657083 with 21966 occurences:
Type of modification: flush (unnecessary)
File: ../../src/../src/libpmem2/x86_64/flush.h
Line: 48
assembly.ll line: 156030
 allocated at _block_init_pmem_from_file():  %22 = call i8* @klee_pmem_alloc_pmem(i64 %19, i8* %20, i1 zeroext false, i8* %21), !dbg !11004
Stack: 
Current Thread: 1
Thread 1, Process 0, enabled
		PC:   call void @llvm.x86.clwb(i8* %3, i8* %3), !dbg !10978 (op #0=<global const>, op #1=185250880, op #2=185250880)
	#000156030 in pmem_clwb (=185250880) at ../../src/../src/libpmem2/x86_64/flush.h:48
	#100156014 in flush_clwb_nolog (=185250896, =2096) at ../../src/../src/libpmem2/x86_64/flush.h:104
	#200155847 in flush_clwb (=185250896, =2096) at ../../src/../src/libpmem2/x86_64/init.c:60
	#300172193 in pmem_flush (=185250896, =2096) at pmem.c:227
	#400126355 in obj_norep_flush (=180822016, =185250896, =2096, =2147483648) at obj.c:478
	#500140069 in pmemops_xflush.1182 (=180828984, =185250896, =2096, =2147483648) at ./pmemops.h:64
	#600140023 in tx_flush_range (=306199584, =180822016) at tx.c:403
	#700070375 in ravl_foreach_node (=306199552, =105908744, =180822016, =1) at ../../src/../src/common/ravl.c:81
	#800070386 in ravl_foreach_node (=306241280, =105908744, =180822016, =1) at ../../src/../src/common/ravl.c:82
	#900070327 in ravl_delete_cb (=1148056544, =105908744, =180822016) at ../../src/../src/common/ravl.c:104
	#1000139949 in tx_pre_commit (=73604864) at tx.c:432
	#1100139835 in pmemobj_tx_commit () at tx.c:999
	#1200140477 in pmemobj_tx_process () at tx.c:1101
	#1300014389 in ht_resize_pes (=184759504, =1, =4) at src/clht_lb_res.c:1002
	#1400013951 in ht_status (=184759504, =1, =0) at src/clht_lb_res.c:1112
	#1500013339 in clht_put (=184759504, =32, =32) at src/clht_lb_res.c:597
	#1600012681 in _ZZ3runPPcENK3$_0clEv (=222143280) at example-nothread.cpp:109
	#1700012264 in _Z3runPPc (=180582784) at example-nothread.cpp:114
	#1800016758 in __klee_posix_wrapped_main (=2, =180582784) at example-nothread.cpp:204
	#1900010297 in __klee_posix_ctor_stub_insert_point (=2, =180582784, =93452688) at runtime/POSIX/./klee_init_env.c:491
	#2000010317 in __user_main (=5, =93452640, =93452688) at runtime/POSIX/./klee_init_env.c:499
	#2100004403 in __uClibc_main (=27900296, =5, =93452640, =0, =0, =0, =0) at libc/misc/internals/__uClibc_main.c:401
	#2200004570 in main (=5, =93452640)

<not masking anything>
<not masked by anything>

(8) ID #12138520181832993398 with 14 occurences:
Type of modification: flush (never modified)
File: ../../src/../src/libpmem2/x86_64/flush.h
Line: 48
assembly.ll line: 156030
 allocated at _block_init_pmem_from_file():  %22 = call i8* @klee_pmem_alloc_pmem(i64 %19, i8* %20, i1 zeroext false, i8* %21), !dbg !11004
Stack: 
Current Thread: 1
Thread 1, Process 0, enabled
		PC:   call void @llvm.x86.clwb(i8* %3, i8* %3), !dbg !10978 (op #0=<global const>, op #1=184760576, op #2=184760576)
	#000156030 in pmem_clwb (=184760576) at ../../src/../src/libpmem2/x86_64/flush.h:48
	#100156014 in flush_clwb_nolog (=184760464, =176) at ../../src/../src/libpmem2/x86_64/flush.h:104
	#200155847 in flush_clwb (=184760464, =176) at ../../src/../src/libpmem2/x86_64/init.c:60
	#300172193 in pmem_flush (=184760464, =176) at pmem.c:227
	#400126355 in obj_norep_flush (=180822016, =184760464, =176, =2147483648) at obj.c:478
	#500140069 in pmemops_xflush.1182 (=180828984, =184760464, =176, =2147483648) at ./pmemops.h:64
	#600140023 in tx_flush_range (=306241312, =180822016) at tx.c:403
	#700070375 in ravl_foreach_node (=306241280, =105908744, =180822016, =1) at ../../src/../src/common/ravl.c:81
	#800070327 in ravl_delete_cb (=1148056544, =105908744, =180822016) at ../../src/../src/common/ravl.c:104
	#900139949 in tx_pre_commit (=73604864) at tx.c:432
	#1000139835 in pmemobj_tx_commit () at tx.c:999
	#1100140477 in pmemobj_tx_process () at tx.c:1101
	#1200014389 in ht_resize_pes (=184759504, =1, =4) at src/clht_lb_res.c:1002
	#1300013951 in ht_status (=184759504, =1, =0) at src/clht_lb_res.c:1112
	#1400013339 in clht_put (=184759504, =32, =32) at src/clht_lb_res.c:597
	#1500012681 in _ZZ3runPPcENK3$_0clEv (=222143280) at example-nothread.cpp:109
	#1600012264 in _Z3runPPc (=180582784) at example-nothread.cpp:114
	#1700016758 in __klee_posix_wrapped_main (=2, =180582784) at example-nothread.cpp:204
	#1800010297 in __klee_posix_ctor_stub_insert_point (=2, =180582784, =93452688) at runtime/POSIX/./klee_init_env.c:491
	#1900010317 in __user_main (=5, =93452640, =93452688) at runtime/POSIX/./klee_init_env.c:499
	#2000004403 in __uClibc_main (=27900296, =5, =93452640, =0, =0, =0, =0) at libc/misc/internals/__uClibc_main.c:401
	#2100004570 in main (=5, =93452640)

<not masking anything>
<not masked by anything>

(9) ID #18266902798826860853 with 14 occurences:
Type of modification: flush (unnecessary)
File: ../../src/../src/libpmem2/x86_64/flush.h
Line: 48
assembly.ll line: 156030
 allocated at _block_init_pmem_from_file():  %22 = call i8* @klee_pmem_alloc_pmem(i64 %19, i8* %20, i1 zeroext false, i8* %21), !dbg !11004
Stack: 
Current Thread: 1
Thread 1, Process 0, enabled
		PC:   call void @llvm.x86.clwb(i8* %3, i8* %3), !dbg !10978 (op #0=<global const>, op #1=184759488, op #2=184759488)
	#000156030 in pmem_clwb (=184759488) at ../../src/../src/libpmem2/x86_64/flush.h:48
	#100156014 in flush_clwb_nolog (=184759504, =8) at ../../src/../src/libpmem2/x86_64/flush.h:104
	#200155847 in flush_clwb (=184759504, =8) at ../../src/../src/libpmem2/x86_64/init.c:60
	#300172193 in pmem_flush (=184759504, =8) at pmem.c:227
	#400126355 in obj_norep_flush (=180822016, =184759504, =8, =2147483648) at obj.c:478
	#500140069 in pmemops_xflush.1182 (=180828984, =184759504, =8, =2147483648) at ./pmemops.h:64
	#600140023 in tx_flush_range (=330286624, =180822016) at tx.c:403
	#700070375 in ravl_foreach_node (=330286592, =105908744, =180822016, =1) at ../../src/../src/common/ravl.c:81
	#800070364 in ravl_foreach_node (=306241280, =105908744, =180822016, =1) at ../../src/../src/common/ravl.c:79
	#900070327 in ravl_delete_cb (=1148056544, =105908744, =180822016) at ../../src/../src/common/ravl.c:104
	#1000139949 in tx_pre_commit (=73604864) at tx.c:432
	#1100139835 in pmemobj_tx_commit () at tx.c:999
	#1200140477 in pmemobj_tx_process () at tx.c:1101
	#1300014389 in ht_resize_pes (=184759504, =1, =4) at src/clht_lb_res.c:1002
	#1400013951 in ht_status (=184759504, =1, =0) at src/clht_lb_res.c:1112
	#1500013339 in clht_put (=184759504, =32, =32) at src/clht_lb_res.c:597
	#1600012681 in _ZZ3runPPcENK3$_0clEv (=222143280) at example-nothread.cpp:109
	#1700012264 in _Z3runPPc (=180582784) at example-nothread.cpp:114
	#1800016758 in __klee_posix_wrapped_main (=2, =180582784) at example-nothread.cpp:204
	#1900010297 in __klee_posix_ctor_stub_insert_point (=2, =180582784, =93452688) at runtime/POSIX/./klee_init_env.c:491
	#2000010317 in __user_main (=5, =93452640, =93452688) at runtime/POSIX/./klee_init_env.c:499
	#2100004403 in __uClibc_main (=27900296, =5, =93452640, =0, =0, =0, =0) at libc/misc/internals/__uClibc_main.c:401
	#2200004570 in main (=5, =93452640)

<not masking anything>
<not masked by anything>

(10) ID #6369033927579129687 with 14 occurences:
Type of modification: fence (unnecessary)
File: src/clht_lb_res.c
Line: 139
assembly.ll line: 14937
 (no allocation info)
Stack: 
Current Thread: 1
Thread 1, Process 0, enabled
		PC:   call void @llvm.x86.sse2.mfence(), !dbg !10972 (op #0=<global const>)
	#000014937 in mfence () at src/clht_lb_res.c:139
	#100013629 in clflush (=184759504, =8, =true) at src/clht_lb_res.c:146
	#200014338 in ht_resize_pes (=184759504, =1, =4) at src/clht_lb_res.c:941
	#300013951 in ht_status (=184759504, =1, =0) at src/clht_lb_res.c:1112
	#400013339 in clht_put (=184759504, =32, =32) at src/clht_lb_res.c:597
	#500012681 in _ZZ3runPPcENK3$_0clEv (=222143280) at example-nothread.cpp:109
	#600012264 in _Z3runPPc (=180582784) at example-nothread.cpp:114
	#700016758 in __klee_posix_wrapped_main (=2, =180582784) at example-nothread.cpp:204
	#800010297 in __klee_posix_ctor_stub_insert_point (=2, =180582784, =93452688) at runtime/POSIX/./klee_init_env.c:491
	#900010317 in __user_main (=5, =93452640, =93452688) at runtime/POSIX/./klee_init_env.c:499
	#1000004403 in __uClibc_main (=27900296, =5, =93452640, =0, =0, =0, =0) at libc/misc/internals/__uClibc_main.c:401
	#1100004570 in main (=5, =93452640)

<not masking anything>
<not masked by anything>

(11) ID #16782064232459613949 with 214 occurences:
Type of modification: write (unpersisted)
File: libc/string/memset.c
Line: 28
assembly.ll line: 11972
 allocated at _block_init_pmem_from_file():  %22 = call i8* @klee_pmem_alloc_pmem(i64 %19, i8* %20, i1 zeroext false, i8* %21), !dbg !11004
Stack: 
Current Thread: 1
Thread 1, Process 0, enabled
		PC:   store i8 %14, i8* %15, align 1, !dbg !10989 (op #0=0, op #1=264608288)
	#000011972 in memset (=264608288, =0, =1504) at libc/string/memset.c:28
	#100128054 in obj_replicas_init (=351136000) at obj.c:1624
	#200127723 in obj_open_common (=178234096, =128160968, =0, =1) at obj.c:1724
	#300127660 in pmemobj_openU (=178234096, =128160968) at obj.c:1798
	#400127625 in pmemobj_open (=178234096, =128160968) at obj.c:1811
	#500012309 in clht_create (=8) at src/clht_lb_res.c:265
	#600012190 in _Z3runPPc (=180583872) at example-nothread.cpp:81
	#700016758 in __klee_posix_wrapped_main (=2, =180583872) at example-nothread.cpp:204
	#800010297 in __klee_posix_ctor_stub_insert_point (=2, =180583872, =93452688) at runtime/POSIX/./klee_init_env.c:491
	#900010317 in __user_main (=5, =93452640, =93452688) at runtime/POSIX/./klee_init_env.c:499
	#1000004403 in __uClibc_main (=27900296, =5, =93452640, =0, =0, =0, =0) at libc/misc/internals/__uClibc_main.c:401
	#1100004570 in main (=5, =93452640)

<not masking anything>
May be masked by:
	ID #5300660221599735853
	ID #14405269477327866588
	ID #10943468008896493681
	ID #3245612990495213350
	ID #12361492788512433587
	ID #1263434704711122363
	ID #2493105587450869573
	ID #606208484285589311
	ID #1264335053424240816

(12) ID #14067413373559141743 with 28 occurences:
Type of modification: flush (unnecessary)
File: ../../src/../src/libpmem2/x86_64/flush.h
Line: 48
assembly.ll line: 156030
 allocated at _block_init_pmem_from_file():  %22 = call i8* @klee_pmem_alloc_pmem(i64 %19, i8* %20, i1 zeroext false, i8* %21), !dbg !11004
Stack: 
Current Thread: 1
Thread 1, Process 0, enabled
		PC:   call void @llvm.x86.clwb(i8* %3, i8* %3), !dbg !10978 (op #0=<global const>, op #1=184760448, op #2=184760448)
	#000156030 in pmem_clwb (=184760448) at ../../src/../src/libpmem2/x86_64/flush.h:48
	#100156014 in flush_clwb_nolog (=184760464, =176) at ../../src/../src/libpmem2/x86_64/flush.h:104
	#200155847 in flush_clwb (=184760464, =176) at ../../src/../src/libpmem2/x86_64/init.c:60
	#300172193 in pmem_flush (=184760464, =176) at pmem.c:227
	#400126355 in obj_norep_flush (=180822016, =184760464, =176, =2147483648) at obj.c:478
	#500140069 in pmemops_xflush.1182 (=180828984, =184760464, =176, =2147483648) at ./pmemops.h:64
	#600140023 in tx_flush_range (=306241312, =180822016) at tx.c:403
	#700070375 in ravl_foreach_node (=306241280, =105908744, =180822016, =1) at ../../src/../src/common/ravl.c:81
	#800070327 in ravl_delete_cb (=1148056544, =105908744, =180822016) at ../../src/../src/common/ravl.c:104
	#900139949 in tx_pre_commit (=73604864) at tx.c:432
	#1000139835 in pmemobj_tx_commit () at tx.c:999
	#1100140477 in pmemobj_tx_process () at tx.c:1101
	#1200014389 in ht_resize_pes (=184759504, =1, =4) at src/clht_lb_res.c:1002
	#1300013951 in ht_status (=184759504, =1, =0) at src/clht_lb_res.c:1112
	#1400013339 in clht_put (=184759504, =32, =32) at src/clht_lb_res.c:597
	#1500012681 in _ZZ3runPPcENK3$_0clEv (=222143280) at example-nothread.cpp:109
	#1600012264 in _Z3runPPc (=180582784) at example-nothread.cpp:114
	#1700016758 in __klee_posix_wrapped_main (=2, =180582784) at example-nothread.cpp:204
	#1800010297 in __klee_posix_ctor_stub_insert_point (=2, =180582784, =93452688) at runtime/POSIX/./klee_init_env.c:491
	#1900010317 in __user_main (=5, =93452640, =93452688) at runtime/POSIX/./klee_init_env.c:499
	#2000004403 in __uClibc_main (=27900296, =5, =93452640, =0, =0, =0, =0) at libc/misc/internals/__uClibc_main.c:401
	#2100004570 in main (=5, =93452640)

<not masking anything>
<not masked by anything>

(13) ID #18339012903592564393 with 214 occurences:
Type of modification: write (unpersisted)
File: runtime/POSIX/./threadsync.c
Line: 114
assembly.ll line: 41620
 allocated at _block_init_pmem_from_file():  %22 = call i8* @klee_pmem_alloc_pmem(i64 %19, i8* %20, i1 zeroext false, i8* %21), !dbg !11004
Stack: 
Current Thread: 1
Thread 1, Process 0, enabled
		PC:   store %struct.mutex_data_t* %11, %struct.mutex_data_t** %13, align 8, !dbg !11017 (op #0=358503680, op #1=264608808)
	#000041620 in _mutex_init (=264608808, =0) at runtime/POSIX/./threadsync.c:114
	#100041597 in pthread_mutex_init (=264608808, =0) at runtime/POSIX/./threadsync.c:146
	#200051550 in os_mutex_init (=264608808) at ../../src/../src/core/os_thread_posix.c:76
	#300125280 in util_mutex_init.840 (=264608808) at ../common/sys_util.h:28
	#400124751 in obj_runtime_init (=264601600, =0, =1, =1024) at obj.c:1236
	#500127842 in obj_open_common (=178234096, =128160968, =0, =1) at obj.c:1761
	#600127660 in pmemobj_openU (=178234096, =128160968) at obj.c:1798
	#700127625 in pmemobj_open (=178234096, =128160968) at obj.c:1811
	#800012309 in clht_create (=8) at src/clht_lb_res.c:265
	#900012190 in _Z3runPPc (=180583872) at example-nothread.cpp:81
	#1000016758 in __klee_posix_wrapped_main (=2, =180583872) at example-nothread.cpp:204
	#1100010297 in __klee_posix_ctor_stub_insert_point (=2, =180583872, =93452688) at runtime/POSIX/./klee_init_env.c:491
	#1200010317 in __user_main (=5, =93452640, =93452688) at runtime/POSIX/./klee_init_env.c:499
	#1300004403 in __uClibc_main (=27900296, =5, =93452640, =0, =0, =0, =0) at libc/misc/internals/__uClibc_main.c:401
	#1400004570 in main (=5, =93452640)

<not masking anything>
<not masked by anything>

(14) ID #10720941769044796307 with 214 occurences:
Type of modification: write (unpersisted)
File: obj.c
Line: 1244
assembly.ll line: 124772
 allocated at _block_init_pmem_from_file():  %22 = call i8* @klee_pmem_alloc_pmem(i64 %19, i8* %20, i1 zeroext false, i8* %21), !dbg !11004
Stack: 
Current Thread: 1
Thread 1, Process 0, enabled
		PC:   store i32 0, i32* %140, align 8, !dbg !11130 (op #0=<global const>, op #1=264608856)
	#000124772 in obj_runtime_init (=264601600, =0, =1, =1024) at obj.c:1244
	#100127842 in obj_open_common (=178234096, =128160968, =0, =1) at obj.c:1761
	#200127660 in pmemobj_openU (=178234096, =128160968) at obj.c:1798
	#300127625 in pmemobj_open (=178234096, =128160968) at obj.c:1811
	#400012309 in clht_create (=8) at src/clht_lb_res.c:265
	#500012190 in _Z3runPPc (=180583872) at example-nothread.cpp:81
	#600016758 in __klee_posix_wrapped_main (=2, =180583872) at example-nothread.cpp:204
	#700010297 in __klee_posix_ctor_stub_insert_point (=2, =180583872, =93452688) at runtime/POSIX/./klee_init_env.c:491
	#800010317 in __user_main (=5, =93452640, =93452688) at runtime/POSIX/./klee_init_env.c:499
	#900004403 in __uClibc_main (=27900296, =5, =93452640, =0, =0, =0, =0) at libc/misc/internals/__uClibc_main.c:401
	#1000004570 in main (=5, =93452640)

<not masking anything>
<not masked by anything>

(15) ID #610140467147480707 with 214 occurences:
Type of modification: write (unpersisted)
File: lane.c
Line: 520
assembly.ll line: 115272
 allocated at _block_init_pmem_from_file():  %22 = call i8* @klee_pmem_alloc_pmem(i64 %19, i8* %20, i1 zeroext false, i8* %21), !dbg !11004
Stack: 
Current Thread: 1
Thread 1, Process 0, enabled
		PC:   store i32 %62, i32* %60, !dbg !11008 (op #0=8, op #1=264608452)
	#000115272 in lane_hold (=264601600, =178830128) at lane.c:520
	#100109697 in pmalloc_operation_hold_type (=264601600, =1, =1) at pmalloc.c:46
	#200129399 in pmalloc_operation_hold (=264601600) at pmalloc.c:73
	#300131859 in obj_alloc_root (=264601600, =128, =0, =0) at obj.c:2829
	#400131716 in pmemobj_root_construct (=264601600, =128, =0, =0) at obj.c:2887
	#500132071 in pmemobj_root (=264601600, =128) at obj.c:2912
	#600012331 in clht_create (=8) at src/clht_lb_res.c:278
	#700012190 in _Z3runPPc (=180583872) at example-nothread.cpp:81
	#800016758 in __klee_posix_wrapped_main (=2, =180583872) at example-nothread.cpp:204
	#900010297 in __klee_posix_ctor_stub_insert_point (=2, =180583872, =93452688) at runtime/POSIX/./klee_init_env.c:491
	#1000010317 in __user_main (=5, =93452640, =93452688) at runtime/POSIX/./klee_init_env.c:499
	#1100004403 in __uClibc_main (=27900296, =5, =93452640, =0, =0, =0, =0) at libc/misc/internals/__uClibc_main.c:401
	#1200004570 in main (=5, =93452640)

<not masking anything>
<not masked by anything>

(16) ID #10366202625862726451 with 86 occurences:
Type of modification: write (unpersisted)
File: libc/string/memcpy.c
Line: 29
assembly.ll line: 11933
 allocated at _block_init_pmem_from_file():  %22 = call i8* @klee_pmem_alloc_pmem(i64 %19, i8* %20, i1 zeroext false, i8* %21), !dbg !11004
Stack: 
Current Thread: 1
Thread 1, Process 0, enabled
		PC:   store i8 %17, i8* %18, align 1, !dbg !10992 (op #0=1, op #1=183977408)
	#000011933 in memcpy (=183977408, =357992360, =8) at libc/string/memcpy.c:29
	#100061439 in huge_write_footer (=183977048, =46) at memblock.c:1143
	#200062336 in memblock_huge_init (=361810704, =180828720, =3, =0, =46) at memblock.c:1317
	#300105781 in heap_split_block (=180828720, =380324736, =951683856, =1) at heap.c:958
	#400105208 in heap_get_bestfit_block (=180828720, =380324736, =951683856) at heap.c:992
	#500105443 in heap_ensure_run_bucket_filled (=180828720, =546490400, =3) at heap.c:881
	#600105143 in heap_get_bestfit_block (=180828720, =546490400, =1143881896) at heap.c:984
	#700110697 in palloc_reservation_create (=180828720, =2048, =105910792, =1148108096, =2, =0, =0, =0, =1143881856) at palloc.c:218
	#800118347 in palloc_reserve (=180828720, =2048, =105910792, =1148108096, =2, =0, =0, =0, =1143881856) at palloc.c:597
	#900142632 in tx_alloc_common (=73604864, =2048, =2, =105910792, =1148108096) at tx.c:587
	#1000142842 in pmemobj_tx_zalloc (=2048, =2) at tx.c:1595
	#1100014622 in clht_hashtable_create (=32) at src/clht_lb_res.c:365
	#1200014155 in ht_resize_pes (=184759504, =1, =4) at src/clht_lb_res.c:839
	#1300013951 in ht_status (=184759504, =1, =0) at src/clht_lb_res.c:1112
	#1400013339 in clht_put (=184759504, =32, =32) at src/clht_lb_res.c:597
	#1500012681 in _ZZ3runPPcENK3$_0clEv (=222143280) at example-nothread.cpp:109
	#1600012264 in _Z3runPPc (=180582784) at example-nothread.cpp:114
	#1700016758 in __klee_posix_wrapped_main (=2, =180582784) at example-nothread.cpp:204
	#1800010297 in __klee_posix_ctor_stub_insert_point (=2, =180582784, =93452688) at runtime/POSIX/./klee_init_env.c:491
	#1900010317 in __user_main (=5, =93452640, =93452688) at runtime/POSIX/./klee_init_env.c:499
	#2000004403 in __uClibc_main (=27900296, =5, =93452640, =0, =0, =0, =0) at libc/misc/internals/__uClibc_main.c:401
	#2100004570 in main (=5, =93452640)

<not masking anything>
<not masked by anything>

(17) ID #5166763968023183779 with 44 occurences:
Type of modification: flush (unnecessary)
File: src/clht_lb_res.c
Line: 154
assembly.ll line: 13654
 allocated at _block_init_pmem_from_file():  %22 = call i8* @klee_pmem_alloc_pmem(i64 %19, i8* %20, i1 zeroext false, i8* %21), !dbg !11004
Stack: 
Current Thread: 1
Thread 1, Process 0, enabled
		PC:   call void @llvm.x86.clwb(i8* %32, i8* %32), !dbg !11010 (op #0=<global const>, op #1=268539072, op #2=268539072)
	#000013654 in clflush (=268539088, =128, =true) at src/clht_lb_res.c:154
	#100012472 in clht_create (=8) at src/clht_lb_res.c:321
	#200012190 in _Z3runPPc (=180583872) at example-nothread.cpp:81
	#300016758 in __klee_posix_wrapped_main (=2, =180583872) at example-nothread.cpp:204
	#400010297 in __klee_posix_ctor_stub_insert_point (=2, =180583872, =93452688) at runtime/POSIX/./klee_init_env.c:491
	#500010317 in __user_main (=5, =93452640, =93452688) at runtime/POSIX/./klee_init_env.c:499
	#600004403 in __uClibc_main (=27900296, =5, =93452640, =0, =0, =0, =0) at libc/misc/internals/__uClibc_main.c:401
	#700004570 in main (=5, =93452640)

<not masking anything>
<not masked by anything>

(18) ID #14793479959013910994 with 86 occurences:
Type of modification: write (unpersisted)
File: src/clht_lb_res.c
Line: 973
assembly.ll line: 14344
 allocated at _block_init_pmem_from_file():  %22 = call i8* @klee_pmem_alloc_pmem(i64 %19, i8* %20, i1 zeroext false, i8* %21), !dbg !11004
Stack: 
Current Thread: 1
Thread 1, Process 0, enabled
		PC:   store %struct.clht_hashtable_s* %219, %struct.clht_hashtable_s** %223, align 16, !dbg !11167 (op #0=184760464, op #1=184759776)
	#000014344 in ht_resize_pes (=184759504, =1, =4) at src/clht_lb_res.c:973
	#100013951 in ht_status (=184759504, =1, =0) at src/clht_lb_res.c:1112
	#200013339 in clht_put (=184759504, =32, =32) at src/clht_lb_res.c:597
	#300012681 in _ZZ3runPPcENK3$_0clEv (=222143280) at example-nothread.cpp:109
	#400012264 in _Z3runPPc (=180582784) at example-nothread.cpp:114
	#500016758 in __klee_posix_wrapped_main (=2, =180582784) at example-nothread.cpp:204
	#600010297 in __klee_posix_ctor_stub_insert_point (=2, =180582784, =93452688) at runtime/POSIX/./klee_init_env.c:491
	#700010317 in __user_main (=5, =93452640, =93452688) at runtime/POSIX/./klee_init_env.c:499
	#800004403 in __uClibc_main (=27900296, =5, =93452640, =0, =0, =0, =0) at libc/misc/internals/__uClibc_main.c:401
	#900004570 in main (=5, =93452640)

<not masking anything>
<not masked by anything>

(19) ID #5681086901133647989 with 44 occurences:
Type of modification: flush (never modified)
File: src/clht_lb_res.c
Line: 154
assembly.ll line: 13654
 allocated at _block_init_pmem_from_file():  %22 = call i8* @klee_pmem_alloc_pmem(i64 %19, i8* %20, i1 zeroext false, i8* %21), !dbg !11004
Stack: 
Current Thread: 1
Thread 1, Process 0, enabled
		PC:   call void @llvm.x86.clwb(i8* %32, i8* %32), !dbg !11010 (op #0=<global const>, op #1=268539392, op #2=268539392)
	#000013654 in clflush (=268539280, =128, =true) at src/clht_lb_res.c:154
	#100012469 in clht_create (=8) at src/clht_lb_res.c:320
	#200012190 in _Z3runPPc (=180583872) at example-nothread.cpp:81
	#300016758 in __klee_posix_wrapped_main (=2, =180583872) at example-nothread.cpp:204
	#400010297 in __klee_posix_ctor_stub_insert_point (=2, =180583872, =93452688) at runtime/POSIX/./klee_init_env.c:491
	#500010317 in __user_main (=5, =93452640, =93452688) at runtime/POSIX/./klee_init_env.c:499
	#600004403 in __uClibc_main (=27900296, =5, =93452640, =0, =0, =0, =0) at libc/misc/internals/__uClibc_main.c:401
	#700004570 in main (=5, =93452640)

<not masking anything>
<not masked by anything>

(20) ID #1019741269128924509 with 21884 occurences:
Type of modification: fence (unnecessary)
File: src/clht_lb_res.c
Line: 139
assembly.ll line: 14937
 (no allocation info)
Stack: 
Current Thread: 1
Thread 1, Process 0, enabled
		PC:   call void @llvm.x86.sse2.mfence(), !dbg !10972 (op #0=<global const>)
	#000014937 in mfence () at src/clht_lb_res.c:139
	#100013682 in clflush (=357996824, =8, =true) at src/clht_lb_res.c:159
	#200013278 in clht_put (=184759504, =25, =25) at src/clht_lb_res.c:559
	#300012681 in _ZZ3runPPcENK3$_0clEv (=222143280) at example-nothread.cpp:109
	#400012264 in _Z3runPPc (=180582784) at example-nothread.cpp:114
	#500016758 in __klee_posix_wrapped_main (=2, =180582784) at example-nothread.cpp:204
	#600010297 in __klee_posix_ctor_stub_insert_point (=2, =180582784, =93452688) at runtime/POSIX/./klee_init_env.c:491
	#700010317 in __user_main (=5, =93452640, =93452688) at runtime/POSIX/./klee_init_env.c:499
	#800004403 in __uClibc_main (=27900296, =5, =93452640, =0, =0, =0, =0) at libc/misc/internals/__uClibc_main.c:401
	#900004570 in main (=5, =93452640)

<not masking anything>
<not masked by anything>

(21) ID #13239905228201162936 with 44 occurences:
Type of modification: fence (unnecessary)
File: src/clht_lb_res.c
Line: 139
assembly.ll line: 14937
 (no allocation info)
Stack: 
Current Thread: 1
Thread 1, Process 0, enabled
		PC:   call void @llvm.x86.sse2.mfence(), !dbg !10972 (op #0=<global const>)
	#000014937 in mfence () at src/clht_lb_res.c:139
	#100013629 in clflush (=268539088, =128, =true) at src/clht_lb_res.c:146
	#200012472 in clht_create (=8) at src/clht_lb_res.c:321
	#300012190 in _Z3runPPc (=180583872) at example-nothread.cpp:81
	#400016758 in __klee_posix_wrapped_main (=2, =180583872) at example-nothread.cpp:204
	#500010297 in __klee_posix_ctor_stub_insert_point (=2, =180583872, =93452688) at runtime/POSIX/./klee_init_env.c:491
	#600010317 in __user_main (=5, =93452640, =93452688) at runtime/POSIX/./klee_init_env.c:499
	#700004403 in __uClibc_main (=27900296, =5, =93452640, =0, =0, =0, =0) at libc/misc/internals/__uClibc_main.c:401
	#800004570 in main (=5, =93452640)

<not masking anything>
<not masked by anything>

(22) ID #18336116772772559748 with 44 occurences:
Type of modification: fence (unnecessary)
File: src/clht_lb_res.c
Line: 139
assembly.ll line: 14937
 (no allocation info)
Stack: 
Current Thread: 1
Thread 1, Process 0, enabled
		PC:   call void @llvm.x86.sse2.mfence(), !dbg !10972 (op #0=<global const>)
	#000014937 in mfence () at src/clht_lb_res.c:139
	#100013682 in clflush (=268539280, =128, =true) at src/clht_lb_res.c:159
	#200012469 in clht_create (=8) at src/clht_lb_res.c:320
	#300012190 in _Z3runPPc (=180583872) at example-nothread.cpp:81
	#400016758 in __klee_posix_wrapped_main (=2, =180583872) at example-nothread.cpp:204
	#500010297 in __klee_posix_ctor_stub_insert_point (=2, =180583872, =93452688) at runtime/POSIX/./klee_init_env.c:491
	#600010317 in __user_main (=5, =93452640, =93452688) at runtime/POSIX/./klee_init_env.c:499
	#700004403 in __uClibc_main (=27900296, =5, =93452640, =0, =0, =0, =0) at libc/misc/internals/__uClibc_main.c:401
	#800004570 in main (=5, =93452640)

<not masking anything>
<not masked by anything>

(23) ID #2451139374741588047 with 88 occurences:
Type of modification: flush (unnecessary)
File: src/clht_lb_res.c
Line: 154
assembly.ll line: 13654
 allocated at _block_init_pmem_from_file():  %22 = call i8* @klee_pmem_alloc_pmem(i64 %19, i8* %20, i1 zeroext false, i8* %21), !dbg !11004
Stack: 
Current Thread: 1
Thread 1, Process 0, enabled
		PC:   call void @llvm.x86.clwb(i8* %32, i8* %32), !dbg !11010 (op #0=<global const>, op #1=268539264, op #2=268539264)
	#000013654 in clflush (=268539280, =128, =true) at src/clht_lb_res.c:154
	#100012469 in clht_create (=8) at src/clht_lb_res.c:320
	#200012190 in _Z3runPPc (=180583872) at example-nothread.cpp:81
	#300016758 in __klee_posix_wrapped_main (=2, =180583872) at example-nothread.cpp:204
	#400010297 in __klee_posix_ctor_stub_insert_point (=2, =180583872, =93452688) at runtime/POSIX/./klee_init_env.c:491
	#500010317 in __user_main (=5, =93452640, =93452688) at runtime/POSIX/./klee_init_env.c:499
	#600004403 in __uClibc_main (=27900296, =5, =93452640, =0, =0, =0, =0) at libc/misc/internals/__uClibc_main.c:401
	#700004570 in main (=5, =93452640)

<not masking anything>
<not masked by anything>

(24) ID #11696167346663198082 with 44 occurences:
Type of modification: fence (unnecessary)
File: src/clht_lb_res.c
Line: 139
assembly.ll line: 14937
 (no allocation info)
Stack: 
Current Thread: 1
Thread 1, Process 0, enabled
		PC:   call void @llvm.x86.sse2.mfence(), !dbg !10972 (op #0=<global const>)
	#000014937 in mfence () at src/clht_lb_res.c:139
	#100013682 in clflush (=268539472, =512, =true) at src/clht_lb_res.c:159
	#200012466 in clht_create (=8) at src/clht_lb_res.c:319
	#300012190 in _Z3runPPc (=180583872) at example-nothread.cpp:81
	#400016758 in __klee_posix_wrapped_main (=2, =180583872) at example-nothread.cpp:204
	#500010297 in __klee_posix_ctor_stub_insert_point (=2, =180583872, =93452688) at runtime/POSIX/./klee_init_env.c:491
	#600010317 in __user_main (=5, =93452640, =93452688) at runtime/POSIX/./klee_init_env.c:499
	#700004403 in __uClibc_main (=27900296, =5, =93452640, =0, =0, =0, =0) at libc/misc/internals/__uClibc_main.c:401
	#800004570 in main (=5, =93452640)

<not masking anything>
<not masked by anything>

(25) ID #12531792260745162719 with 86 occurences:
Type of modification: write (unpersisted)
File: libc/string/memcpy.c
Line: 29
assembly.ll line: 11933
 allocated at _block_init_pmem_from_file():  %22 = call i8* @klee_pmem_alloc_pmem(i64 %19, i8* %20, i1 zeroext false, i8* %21), !dbg !11004
Stack: 
Current Thread: 1
Thread 1, Process 0, enabled
		PC:   store i8 %17, i8* %18, align 1, !dbg !10992 (op #0=3, op #1=185287744)
	#000011933 in memcpy (=185287744, =361810704, =48) at libc/string/memcpy.c:29
	#100102246 in container_ravl_insert_block (=590747808, =361810704) at container_ravl.c:60
	#200056966 in bucket_insert_block (=380324736, =361810704) at bucket.c:75
	#300105783 in heap_split_block (=180828720, =380324736, =951683856, =1) at heap.c:961
	#400105208 in heap_get_bestfit_block (=180828720, =380324736, =951683856) at heap.c:992
	#500105443 in heap_ensure_run_bucket_filled (=180828720, =546490400, =3) at heap.c:881
	#600105143 in heap_get_bestfit_block (=180828720, =546490400, =1143881896) at heap.c:984
	#700110697 in palloc_reservation_create (=180828720, =2048, =105910792, =1148108096, =2, =0, =0, =0, =1143881856) at palloc.c:218
	#800118347 in palloc_reserve (=180828720, =2048, =105910792, =1148108096, =2, =0, =0, =0, =1143881856) at palloc.c:597
	#900142632 in tx_alloc_common (=73604864, =2048, =2, =105910792, =1148108096) at tx.c:587
	#1000142842 in pmemobj_tx_zalloc (=2048, =2) at tx.c:1595
	#1100014622 in clht_hashtable_create (=32) at src/clht_lb_res.c:365
	#1200014155 in ht_resize_pes (=184759504, =1, =4) at src/clht_lb_res.c:839
	#1300013951 in ht_status (=184759504, =1, =0) at src/clht_lb_res.c:1112
	#1400013339 in clht_put (=184759504, =32, =32) at src/clht_lb_res.c:597
	#1500012681 in _ZZ3runPPcENK3$_0clEv (=222143280) at example-nothread.cpp:109
	#1600012264 in _Z3runPPc (=180582784) at example-nothread.cpp:114
	#1700016758 in __klee_posix_wrapped_main (=2, =180582784) at example-nothread.cpp:204
	#1800010297 in __klee_posix_ctor_stub_insert_point (=2, =180582784, =93452688) at runtime/POSIX/./klee_init_env.c:491
	#1900010317 in __user_main (=5, =93452640, =93452688) at runtime/POSIX/./klee_init_env.c:499
	#2000004403 in __uClibc_main (=27900296, =5, =93452640, =0, =0, =0, =0) at libc/misc/internals/__uClibc_main.c:401
	#2100004570 in main (=5, =93452640)

<not masking anything>
<not masked by anything>

(26) ID #2329310459115451978 with 21884 occurences:
Type of modification: fence (unnecessary)
File: ../../src/../src/libpmem2/x86_64/init.c
Line: 27
assembly.ll line: 156064
 (no allocation info)
Stack: 
Current Thread: 1
Thread 1, Process 0, enabled
		PC:   call void @llvm.x86.sse.sfence(), !dbg !10975 (op #0=<global const>)
	#000156064 in memory_barrier () at ../../src/../src/libpmem2/x86_64/init.c:27
	#100172116 in pmem_drain () at pmem.c:189
	#200126380 in obj_norep_drain (=180822016) at obj.c:492
	#300111181 in pmemops_drain.993 (=180828720) at ./pmemops.h:76
	#400110971 in palloc_exec_actions (=180828720, =405163648, =1224523776, =2) at palloc.c:559
	#500118990 in palloc_publish (=180828720, =1224523776, =2, =405163648) at palloc.c:660
	#600139905 in pmemobj_tx_commit () at tx.c:1009
	#700140477 in pmemobj_tx_process () at tx.c:1101
	#800013248 in clht_put (=184759504, =25, =25) at src/clht_lb_res.c:555
	#900012681 in _ZZ3runPPcENK3$_0clEv (=222143280) at example-nothread.cpp:109
	#1000012264 in _Z3runPPc (=180582784) at example-nothread.cpp:114
	#1100016758 in __klee_posix_wrapped_main (=2, =180582784) at example-nothread.cpp:204
	#1200010297 in __klee_posix_ctor_stub_insert_point (=2, =180582784, =93452688) at runtime/POSIX/./klee_init_env.c:491
	#1300010317 in __user_main (=5, =93452640, =93452688) at runtime/POSIX/./klee_init_env.c:499
	#1400004403 in __uClibc_main (=27900296, =5, =93452640, =0, =0, =0, =0) at libc/misc/internals/__uClibc_main.c:401
	#1500004570 in main (=5, =93452640)

<not masking anything>
<not masked by anything>

(27) ID #4680515645425540892 with 86 occurences:
Type of modification: write (unpersisted)
File: include/clht_lb_res.h
Line: 352
assembly.ll line: 15661
 allocated at _block_init_pmem_from_file():  %22 = call i8* @klee_pmem_alloc_pmem(i64 %19, i8* %20, i1 zeroext false, i8* %21), !dbg !11004
Stack: 
Current Thread: 1
Thread 1, Process 0, enabled
		PC:   store i8 %9, i8* %6, !dbg !10980 (op #0=2, op #1=184759888)
	#000015661 in lock_acq_resize (=184759888) at include/clht_lb_res.h:352
	#100014848 in bucket_cpy (=184759504, =184759888, =184760464) at src/clht_lb_res.c:726
	#200014204 in ht_resize_pes (=184759504, =1, =4) at src/clht_lb_res.c:849
	#300013951 in ht_status (=184759504, =1, =0) at src/clht_lb_res.c:1112
	#400013339 in clht_put (=184759504, =32, =32) at src/clht_lb_res.c:597
	#500012681 in _ZZ3runPPcENK3$_0clEv (=222143280) at example-nothread.cpp:109
	#600012264 in _Z3runPPc (=180582784) at example-nothread.cpp:114
	#700016758 in __klee_posix_wrapped_main (=2, =180582784) at example-nothread.cpp:204
	#800010297 in __klee_posix_ctor_stub_insert_point (=2, =180582784, =93452688) at runtime/POSIX/./klee_init_env.c:491
	#900010317 in __user_main (=5, =93452640, =93452688) at runtime/POSIX/./klee_init_env.c:499
	#1000004403 in __uClibc_main (=27900296, =5, =93452640, =0, =0, =0, =0) at libc/misc/internals/__uClibc_main.c:401
	#1100004570 in main (=5, =93452640)

<not masking anything>
<not masked by anything>

(28) ID #11596643165922898166 with 44 occurences:
Type of modification: fence (unnecessary)
File: ../../src/../src/libpmem2/x86_64/init.c
Line: 27
assembly.ll line: 156064
 (no allocation info)
Stack: 
Current Thread: 1
Thread 1, Process 0, enabled
		PC:   call void @llvm.x86.sse.sfence(), !dbg !10975 (op #0=<global const>)
	#000156064 in memory_barrier () at ../../src/../src/libpmem2/x86_64/init.c:27
	#100172116 in pmem_drain () at pmem.c:189
	#200126380 in obj_norep_drain (=264601600) at obj.c:492
	#300111181 in pmemops_drain.993 (=264608304) at ./pmemops.h:76
	#400110971 in palloc_exec_actions (=264608304, =180132608, =103221248, =1) at palloc.c:559
	#500109976 in palloc_operation (=264608304, =0, =264607744, =128, =105833480, =357222016, =0, =32768, =0, =0, =180132608) at palloc.c:769
	#600131878 in obj_alloc_root (=264601600, =128, =0, =0) at obj.c:2833
	#700131716 in pmemobj_root_construct (=264601600, =128, =0, =0) at obj.c:2887
	#800132071 in pmemobj_root (=264601600, =128) at obj.c:2912
	#900012331 in clht_create (=8) at src/clht_lb_res.c:278
	#1000012190 in _Z3runPPc (=180583872) at example-nothread.cpp:81
	#1100016758 in __klee_posix_wrapped_main (=2, =180583872) at example-nothread.cpp:204
	#1200010297 in __klee_posix_ctor_stub_insert_point (=2, =180583872, =93452688) at runtime/POSIX/./klee_init_env.c:491
	#1300010317 in __user_main (=5, =93452640, =93452688) at runtime/POSIX/./klee_init_env.c:499
	#1400004403 in __uClibc_main (=27900296, =5, =93452640, =0, =0, =0, =0) at libc/misc/internals/__uClibc_main.c:401
	#1500004570 in main (=5, =93452640)

<not masking anything>
<not masked by anything>

(29) ID #14089801763002709172 with 214 occurences:
Type of modification: write (unpersisted)
File: libc/string/memcpy.c
Line: 29
assembly.ll line: 11933
 allocated at _block_init_pmem_from_file():  %22 = call i8* @klee_pmem_alloc_pmem(i64 %19, i8* %20, i1 zeroext false, i8* %21), !dbg !11004
Stack: 
Current Thread: 1
Thread 1, Process 0, enabled
		PC:   store i8 %17, i8* %18, align 1, !dbg !10992 (op #0=8, op #1=264608304)
	#000011933 in memcpy (=264608304, =264608568, =80) at libc/string/memcpy.c:29
	#100107334 in heap_boot (=264608304, =267755520, =13623296, =264607776, =264601600, =264608568, =351301184, =351136000) at heap.c:1496
	#200116683 in palloc_boot (=264608304, =267755520, =13623296, =264607776, =264601600, =264608568, =351301184, =351136000) at palloc.c:1248
	#300116545 in pmalloc_boot (=264601600) at pmalloc.c:179
	#400116329 in lane_recover_and_section_boot (=264601600) at lane.c:370
	#500125155 in obj_runtime_init_common (=264601600) at obj.c:840
	#600124690 in obj_runtime_init (=264601600, =0, =1, =1024) at obj.c:1206
	#700127842 in obj_open_common (=178234096, =128160968, =0, =1) at obj.c:1761
	#800127660 in pmemobj_openU (=178234096, =128160968) at obj.c:1798
	#900127625 in pmemobj_open (=178234096, =128160968) at obj.c:1811
	#1000012309 in clht_create (=8) at src/clht_lb_res.c:265
	#1100012190 in _Z3runPPc (=180583872) at example-nothread.cpp:81
	#1200016758 in __klee_posix_wrapped_main (=2, =180583872) at example-nothread.cpp:204
	#1300010297 in __klee_posix_ctor_stub_insert_point (=2, =180583872, =93452688) at runtime/POSIX/./klee_init_env.c:491
	#1400010317 in __user_main (=5, =93452640, =93452688) at runtime/POSIX/./klee_init_env.c:499
	#1500004403 in __uClibc_main (=27900296, =5, =93452640, =0, =0, =0, =0) at libc/misc/internals/__uClibc_main.c:401
	#1600004570 in main (=5, =93452640)

<not masking anything>
<not masked by anything>

(30) ID #15953922892055588734 with 44 occurences:
Type of modification: flush (unnecessary)
File: ../../src/../src/libpmem2/x86_64/flush.h
Line: 48
assembly.ll line: 156030
 allocated at _block_init_pmem_from_file():  %22 = call i8* @klee_pmem_alloc_pmem(i64 %19, i8* %20, i1 zeroext false, i8* %21), !dbg !11004
Stack: 
Current Thread: 1
Thread 1, Process 0, enabled
		PC:   call void @llvm.x86.clwb(i8* %3, i8* %3), !dbg !10978 (op #0=<global const>, op #1=267756608, op #2=267756608)
	#000156030 in pmem_clwb (=267756608) at ../../src/../src/libpmem2/x86_64/flush.h:48
	#100156014 in flush_clwb_nolog (=267756616, =0) at ../../src/../src/libpmem2/x86_64/flush.h:104
	#200155847 in flush_clwb (=267756616, =0) at ../../src/../src/libpmem2/x86_64/init.c:60
	#300172193 in pmem_flush (=267756616, =0) at pmem.c:227
	#400172216 in pmem_persist (=267756616, =0) at pmem.c:238
	#500126317 in obj_norep_persist (=264601600, =267756616, =0, =0) at obj.c:464
	#600062045 in pmemops_xpersist.747 (=264608304, =267756616, =0, =0) at ./pmemops.h:51
	#700062018 in pmemops_persist.720 (=264608304, =267756616, =0) at ./pmemops.h:57
	#800106364 in memblock_run_init (=477608272, =264608304, =0, =0, =375113912) at memblock.c:1388
	#900105997 in heap_run_create (=264608304, =375181728, =477596000) at heap.c:454
	#1000105487 in heap_ensure_run_bucket_filled (=264608304, =375181728, =1) at heap.c:883
	#1100105143 in heap_get_bestfit_block (=264608304, =375181728, =103221288) at heap.c:984
	#1200110697 in palloc_reservation_create (=264608304, =128, =105833480, =357222016, =0, =32768, =0, =0, =103221248) at palloc.c:218
	#1300109846 in palloc_operation (=264608304, =0, =264607744, =128, =105833480, =357222016, =0, =32768, =0, =0, =180132608) at palloc.c:732
	#1400131878 in obj_alloc_root (=264601600, =128, =0, =0) at obj.c:2833
	#1500131716 in pmemobj_root_construct (=264601600, =128, =0, =0) at obj.c:2887
	#1600132071 in pmemobj_root (=264601600, =128) at obj.c:2912
	#1700012331 in clht_create (=8) at src/clht_lb_res.c:278
	#1800012190 in _Z3runPPc (=180583872) at example-nothread.cpp:81
	#1900016758 in __klee_posix_wrapped_main (=2, =180583872) at example-nothread.cpp:204
	#2000010297 in __klee_posix_ctor_stub_insert_point (=2, =180583872, =93452688) at runtime/POSIX/./klee_init_env.c:491
	#2100010317 in __user_main (=5, =93452640, =93452688) at runtime/POSIX/./klee_init_env.c:499
	#2200004403 in __uClibc_main (=27900296, =5, =93452640, =0, =0, =0, =0) at libc/misc/internals/__uClibc_main.c:401
	#2300004570 in main (=5, =93452640)

<not masking anything>
<not masked by anything>

(31) ID #5903811601847130321 with 44 occurences:
Type of modification: flush (never modified)
File: ../../src/../src/libpmem2/x86_64/flush.h
Line: 48
assembly.ll line: 156030
 allocated at _block_init_pmem_from_file():  %22 = call i8* @klee_pmem_alloc_pmem(i64 %19, i8* %20, i1 zeroext false, i8* %21), !dbg !11004
Stack: 
Current Thread: 1
Thread 1, Process 0, enabled
		PC:   call void @llvm.x86.clwb(i8* %3, i8* %3), !dbg !10978 (op #0=<global const>, op #1=268539392, op #2=268539392)
	#000156030 in pmem_clwb (=268539392) at ../../src/../src/libpmem2/x86_64/flush.h:48
	#100156014 in flush_clwb_nolog (=268539280, =176) at ../../src/../src/libpmem2/x86_64/flush.h:104
	#200155847 in flush_clwb (=268539280, =176) at ../../src/../src/libpmem2/x86_64/init.c:60
	#300172193 in pmem_flush (=268539280, =176) at pmem.c:227
	#400126355 in obj_norep_flush (=264601600, =268539280, =176, =2147483648) at obj.c:478
	#500140069 in pmemops_xflush.1182 (=264608568, =268539280, =176, =2147483648) at ./pmemops.h:64
	#600140023 in tx_flush_range (=478764448, =264601600) at tx.c:403
	#700070375 in ravl_foreach_node (=478764416, =105908744, =264601600, =1) at ../../src/../src/common/ravl.c:81
	#800070327 in ravl_delete_cb (=420944064, =105908744, =264601600) at ../../src/../src/common/ravl.c:104
	#900139949 in tx_pre_commit (=73604864) at tx.c:432
	#1000139835 in pmemobj_tx_commit () at tx.c:999
	#1100140477 in pmemobj_tx_process () at tx.c:1101
	#1200014792 in clht_hashtable_create (=8) at src/clht_lb_res.c:413
	#1300012389 in clht_create (=8) at src/clht_lb_res.c:298
	#1400012190 in _Z3runPPc (=180583872) at example-nothread.cpp:81
	#1500016758 in __klee_posix_wrapped_main (=2, =180583872) at example-nothread.cpp:204
	#1600010297 in __klee_posix_ctor_stub_insert_point (=2, =180583872, =93452688) at runtime/POSIX/./klee_init_env.c:491
	#1700010317 in __user_main (=5, =93452640, =93452688) at runtime/POSIX/./klee_init_env.c:499
	#1800004403 in __uClibc_main (=27900296, =5, =93452640, =0, =0, =0, =0) at libc/misc/internals/__uClibc_main.c:401
	#1900004570 in main (=5, =93452640)

<not masking anything>
<not masked by anything>

(32) ID #10748362528038287004 with 86 occurences:
Type of modification: write (unpersisted)
File: src/clht_lb_res.c
Line: 974
assembly.ll line: 14349
 allocated at _block_init_pmem_from_file():  %22 = call i8* @klee_pmem_alloc_pmem(i64 %19, i8* %20, i1 zeroext false, i8* %21), !dbg !11004
Stack: 
Current Thread: 1
Thread 1, Process 0, enabled
		PC:   store volatile i8 0, i8* %227, align 8, !dbg !11168 (op #0=<global const>, op #1=184759592)
	#000014349 in ht_resize_pes (=184759504, =1, =4) at src/clht_lb_res.c:974
	#100013951 in ht_status (=184759504, =1, =0) at src/clht_lb_res.c:1112
	#200013339 in clht_put (=184759504, =32, =32) at src/clht_lb_res.c:597
	#300012681 in _ZZ3runPPcENK3$_0clEv (=222143280) at example-nothread.cpp:109
	#400012264 in _Z3runPPc (=180582784) at example-nothread.cpp:114
	#500016758 in __klee_posix_wrapped_main (=2, =180582784) at example-nothread.cpp:204
	#600010297 in __klee_posix_ctor_stub_insert_point (=2, =180582784, =93452688) at runtime/POSIX/./klee_init_env.c:491
	#700010317 in __user_main (=5, =93452640, =93452688) at runtime/POSIX/./klee_init_env.c:499
	#800004403 in __uClibc_main (=27900296, =5, =93452640, =0, =0, =0, =0) at libc/misc/internals/__uClibc_main.c:401
	#900004570 in main (=5, =93452640)

<not masking anything>
<not masked by anything>

(33) ID #17442148676943289100 with 44 occurences:
Type of modification: fence (unnecessary)
File: ../../src/../src/libpmem2/x86_64/init.c
Line: 27
assembly.ll line: 156064
 (no allocation info)
Stack: 
Current Thread: 1
Thread 1, Process 0, enabled
		PC:   call void @llvm.x86.sse.sfence(), !dbg !10975 (op #0=<global const>)
	#000156064 in memory_barrier () at ../../src/../src/libpmem2/x86_64/init.c:27
	#100172116 in pmem_drain () at pmem.c:189
	#200126380 in obj_norep_drain (=264601600) at obj.c:492
	#300111181 in pmemops_drain.993 (=264608304) at ./pmemops.h:76
	#400110971 in palloc_exec_actions (=264608304, =180132608, =420536320, =2) at palloc.c:559
	#500118990 in palloc_publish (=264608304, =420536320, =2, =180132608) at palloc.c:660
	#600139905 in pmemobj_tx_commit () at tx.c:1009
	#700140477 in pmemobj_tx_process () at tx.c:1101
	#800014792 in clht_hashtable_create (=8) at src/clht_lb_res.c:413
	#900012389 in clht_create (=8) at src/clht_lb_res.c:298
	#1000012190 in _Z3runPPc (=180583872) at example-nothread.cpp:81
	#1100016758 in __klee_posix_wrapped_main (=2, =180583872) at example-nothread.cpp:204
	#1200010297 in __klee_posix_ctor_stub_insert_point (=2, =180583872, =93452688) at runtime/POSIX/./klee_init_env.c:491
	#1300010317 in __user_main (=5, =93452640, =93452688) at runtime/POSIX/./klee_init_env.c:499
	#1400004403 in __uClibc_main (=27900296, =5, =93452640, =0, =0, =0, =0) at libc/misc/internals/__uClibc_main.c:401
	#1500004570 in main (=5, =93452640)

<not masking anything>
<not masked by anything>

(34) ID #17797630180622523987 with 6 occurences:
Type of modification: fence (unnecessary)
File: ../../src/../src/libpmem2/x86_64/init.c
Line: 27
assembly.ll line: 156064
 (no allocation info)
Stack: 
Current Thread: 1
Thread 1, Process 0, enabled
		PC:   call void @llvm.x86.sse.sfence(), !dbg !10975 (op #0=<global const>)
	#000156064 in memory_barrier () at ../../src/../src/libpmem2/x86_64/init.c:27
	#100172116 in pmem_drain () at pmem.c:189
	#200126380 in obj_norep_drain (=180822016) at obj.c:492
	#300139967 in pmemops_drain.1181 (=180828984) at ./pmemops.h:76
	#400139838 in pmemobj_tx_commit () at tx.c:1001
	#500140477 in pmemobj_tx_process () at tx.c:1101
	#600014389 in ht_resize_pes (=184759504, =1, =4) at src/clht_lb_res.c:1002
	#700013951 in ht_status (=184759504, =1, =0) at src/clht_lb_res.c:1112
	#800013339 in clht_put (=184759504, =32, =32) at src/clht_lb_res.c:597
	#900012681 in _ZZ3runPPcENK3$_0clEv (=222143280) at example-nothread.cpp:109
	#1000012264 in _Z3runPPc (=180582784) at example-nothread.cpp:114
	#1100016758 in __klee_posix_wrapped_main (=2, =180582784) at example-nothread.cpp:204
	#1200010297 in __klee_posix_ctor_stub_insert_point (=2, =180582784, =93452688) at runtime/POSIX/./klee_init_env.c:491
	#1300010317 in __user_main (=5, =93452640, =93452688) at runtime/POSIX/./klee_init_env.c:499
	#1400004403 in __uClibc_main (=27900296, =5, =93452640, =0, =0, =0, =0) at libc/misc/internals/__uClibc_main.c:401
	#1500004570 in main (=5, =93452640)

<not masking anything>
<not masked by anything>

(35) ID #1814922655011911596 with 43768 occurences:
Type of modification: flush (unnecessary)
File: src/clht_lb_res.c
Line: 154
assembly.ll line: 13654
 allocated at _block_init_pmem_from_file():  %22 = call i8* @klee_pmem_alloc_pmem(i64 %19, i8* %20, i1 zeroext false, i8* %21), !dbg !11004
Stack: 
Current Thread: 1
Thread 1, Process 0, enabled
		PC:   call void @llvm.x86.clwb(i8* %32, i8* %32), !dbg !11010 (op #0=<global const>, op #1=185017664, op #2=185017664)
	#000013654 in clflush (=185017680, =64, =true) at src/clht_lb_res.c:154
	#100013254 in clht_put (=184759504, =25, =25) at src/clht_lb_res.c:556
	#200012681 in _ZZ3runPPcENK3$_0clEv (=222143280) at example-nothread.cpp:109
	#300012264 in _Z3runPPc (=180582784) at example-nothread.cpp:114
	#400016758 in __klee_posix_wrapped_main (=2, =180582784) at example-nothread.cpp:204
	#500010297 in __klee_posix_ctor_stub_insert_point (=2, =180582784, =93452688) at runtime/POSIX/./klee_init_env.c:491
	#600010317 in __user_main (=5, =93452640, =93452688) at runtime/POSIX/./klee_init_env.c:499
	#700004403 in __uClibc_main (=27900296, =5, =93452640, =0, =0, =0, =0) at libc/misc/internals/__uClibc_main.c:401
	#800004570 in main (=5, =93452640)

<not masking anything>
<not masked by anything>

(36) ID #10655077135481166733 with 44 occurences:
Type of modification: fence (unnecessary)
File: src/clht_lb_res.c
Line: 139
assembly.ll line: 14937
 (no allocation info)
Stack: 
Current Thread: 1
Thread 1, Process 0, enabled
		PC:   call void @llvm.x86.sse2.mfence(), !dbg !10972 (op #0=<global const>)
	#000014937 in mfence () at src/clht_lb_res.c:139
	#100013629 in clflush (=268539472, =512, =true) at src/clht_lb_res.c:146
	#200012466 in clht_create (=8) at src/clht_lb_res.c:319
	#300012190 in _Z3runPPc (=180583872) at example-nothread.cpp:81
	#400016758 in __klee_posix_wrapped_main (=2, =180583872) at example-nothread.cpp:204
	#500010297 in __klee_posix_ctor_stub_insert_point (=2, =180583872, =93452688) at runtime/POSIX/./klee_init_env.c:491
	#600010317 in __user_main (=5, =93452640, =93452688) at runtime/POSIX/./klee_init_env.c:499
	#700004403 in __uClibc_main (=27900296, =5, =93452640, =0, =0, =0, =0) at libc/misc/internals/__uClibc_main.c:401
	#800004570 in main (=5, =93452640)

<not masking anything>
<not masked by anything>

(37) ID #16408000620198180820 with 44 occurences:
Type of modification: fence (unnecessary)
File: src/clht_lb_res.c
Line: 139
assembly.ll line: 14937
 (no allocation info)
Stack: 
Current Thread: 1
Thread 1, Process 0, enabled
		PC:   call void @llvm.x86.sse2.mfence(), !dbg !10972 (op #0=<global const>)
	#000014937 in mfence () at src/clht_lb_res.c:139
	#100013629 in clflush (=268539280, =128, =true) at src/clht_lb_res.c:146
	#200012469 in clht_create (=8) at src/clht_lb_res.c:320
	#300012190 in _Z3runPPc (=180583872) at example-nothread.cpp:81
	#400016758 in __klee_posix_wrapped_main (=2, =180583872) at example-nothread.cpp:204
	#500010297 in __klee_posix_ctor_stub_insert_point (=2, =180583872, =93452688) at runtime/POSIX/./klee_init_env.c:491
	#600010317 in __user_main (=5, =93452640, =93452688) at runtime/POSIX/./klee_init_env.c:499
	#700004403 in __uClibc_main (=27900296, =5, =93452640, =0, =0, =0, =0) at libc/misc/internals/__uClibc_main.c:401
	#800004570 in main (=5, =93452640)

<not masking anything>
<not masked by anything>

(38) ID #7380642826898694607 with 396 occurences:
Type of modification: flush (unnecessary)
File: src/clht_lb_res.c
Line: 154
assembly.ll line: 13654
 allocated at _block_init_pmem_from_file():  %22 = call i8* @klee_pmem_alloc_pmem(i64 %19, i8* %20, i1 zeroext false, i8* %21), !dbg !11004
Stack: 
Current Thread: 1
Thread 1, Process 0, enabled
		PC:   call void @llvm.x86.clwb(i8* %32, i8* %32), !dbg !11010 (op #0=<global const>, op #1=268539456, op #2=268539456)
	#000013654 in clflush (=268539472, =512, =true) at src/clht_lb_res.c:154
	#100012466 in clht_create (=8) at src/clht_lb_res.c:319
	#200012190 in _Z3runPPc (=180583872) at example-nothread.cpp:81
	#300016758 in __klee_posix_wrapped_main (=2, =180583872) at example-nothread.cpp:204
	#400010297 in __klee_posix_ctor_stub_insert_point (=2, =180583872, =93452688) at runtime/POSIX/./klee_init_env.c:491
	#500010317 in __user_main (=5, =93452640, =93452688) at runtime/POSIX/./klee_init_env.c:499
	#600004403 in __uClibc_main (=27900296, =5, =93452640, =0, =0, =0, =0) at libc/misc/internals/__uClibc_main.c:401
	#700004570 in main (=5, =93452640)

<not masking anything>
<not masked by anything>

(39) ID #14405269477327866588 with 214 occurences:
Type of modification: write (unpersisted)
File: heap.c
Line: 1497
assembly.ll line: 107339
 allocated at _block_init_pmem_from_file():  %22 = call i8* @klee_pmem_alloc_pmem(i64 %19, i8* %20, i1 zeroext false, i8* %21), !dbg !11004
Stack: 
Current Thread: 1
Thread 1, Process 0, enabled
		PC:   store %struct.heap_layout* %99, %struct.heap_layout** %101, align 8, !dbg !11415 (op #0=267755520, op #1=264608384)
	#000107339 in heap_boot (=264608304, =267755520, =13623296, =264607776, =264601600, =264608568, =351301184, =351136000) at heap.c:1497
	#100116683 in palloc_boot (=264608304, =267755520, =13623296, =264607776, =264601600, =264608568, =351301184, =351136000) at palloc.c:1248
	#200116545 in pmalloc_boot (=264601600) at pmalloc.c:179
	#300116329 in lane_recover_and_section_boot (=264601600) at lane.c:370
	#400125155 in obj_runtime_init_common (=264601600) at obj.c:840
	#500124690 in obj_runtime_init (=264601600, =0, =1, =1024) at obj.c:1206
	#600127842 in obj_open_common (=178234096, =128160968, =0, =1) at obj.c:1761
	#700127660 in pmemobj_openU (=178234096, =128160968) at obj.c:1798
	#800127625 in pmemobj_open (=178234096, =128160968) at obj.c:1811
	#900012309 in clht_create (=8) at src/clht_lb_res.c:265
	#1000012190 in _Z3runPPc (=180583872) at example-nothread.cpp:81
	#1100016758 in __klee_posix_wrapped_main (=2, =180583872) at example-nothread.cpp:204
	#1200010297 in __klee_posix_ctor_stub_insert_point (=2, =180583872, =93452688) at runtime/POSIX/./klee_init_env.c:491
	#1300010317 in __user_main (=5, =93452640, =93452688) at runtime/POSIX/./klee_init_env.c:499
	#1400004403 in __uClibc_main (=27900296, =5, =93452640, =0, =0, =0, =0) at libc/misc/internals/__uClibc_main.c:401
	#1500004570 in main (=5, =93452640)

<not masking anything>
<not masked by anything>

(40) ID #11809285002834777811 with 214 occurences:
Type of modification: write (unpersisted)
File: obj.c
Line: 996
assembly.ll line: 126788
 allocated at _block_init_pmem_from_file():  %22 = call i8* @klee_pmem_alloc_pmem(i64 %19, i8* %20, i1 zeroext false, i8* %21), !dbg !11004
Stack: 
Current Thread: 1
Thread 1, Process 0, enabled
		PC:   store i32 (%struct.pmemobjpool*, i8*, i64, i32, i32)* null, i32 (%struct.pmemobjpool*, i8*, i64, i32, i32)** %16, align 8, !dbg !10989 (op #0=<global const>, op #1=264608752)
	#000126788 in obj_replica_init_local (=264601600, =1, =16777216) at obj.c:996
	#100124315 in obj_replica_init (=264601600, =351136000, =0, =0) at obj.c:1139
	#200128069 in obj_replicas_init (=351136000) at obj.c:1631
	#300127723 in obj_open_common (=178234096, =128160968, =0, =1) at obj.c:1724
	#400127660 in pmemobj_openU (=178234096, =128160968) at obj.c:1798
	#500127625 in pmemobj_open (=178234096, =128160968) at obj.c:1811
	#600012309 in clht_create (=8) at src/clht_lb_res.c:265
	#700012190 in _Z3runPPc (=180583872) at example-nothread.cpp:81
	#800016758 in __klee_posix_wrapped_main (=2, =180583872) at example-nothread.cpp:204
	#900010297 in __klee_posix_ctor_stub_insert_point (=2, =180583872, =93452688) at runtime/POSIX/./klee_init_env.c:491
	#1000010317 in __user_main (=5, =93452640, =93452688) at runtime/POSIX/./klee_init_env.c:499
	#1100004403 in __uClibc_main (=27900296, =5, =93452640, =0, =0, =0, =0) at libc/misc/internals/__uClibc_main.c:401
	#1200004570 in main (=5, =93452640)

<not masking anything>
<not masked by anything>

(41) ID #545190261829512998 with 214 occurences:
Type of modification: write (unpersisted)
File: obj.c
Line: 1007
assembly.ll line: 126816
 allocated at _block_init_pmem_from_file():  %22 = call i8* @klee_pmem_alloc_pmem(i64 %19, i8* %20, i1 zeroext false, i8* %21), !dbg !11004
Stack: 
Current Thread: 1
Thread 1, Process 0, enabled
		PC:   store void (i8*, i64)* @pmem_persist, void (i8*, i64)** %33, align 8, !dbg !11004 (op #0=<global const>, op #1=264608520)
	#000126816 in obj_replica_init_local (=264601600, =1, =16777216) at obj.c:1007
	#100124315 in obj_replica_init (=264601600, =351136000, =0, =0) at obj.c:1139
	#200128069 in obj_replicas_init (=351136000) at obj.c:1631
	#300127723 in obj_open_common (=178234096, =128160968, =0, =1) at obj.c:1724
	#400127660 in pmemobj_openU (=178234096, =128160968) at obj.c:1798
	#500127625 in pmemobj_open (=178234096, =128160968) at obj.c:1811
	#600012309 in clht_create (=8) at src/clht_lb_res.c:265
	#700012190 in _Z3runPPc (=180583872) at example-nothread.cpp:81
	#800016758 in __klee_posix_wrapped_main (=2, =180583872) at example-nothread.cpp:204
	#900010297 in __klee_posix_ctor_stub_insert_point (=2, =180583872, =93452688) at runtime/POSIX/./klee_init_env.c:491
	#1000010317 in __user_main (=5, =93452640, =93452688) at runtime/POSIX/./klee_init_env.c:499
	#1100004403 in __uClibc_main (=27900296, =5, =93452640, =0, =0, =0, =0) at libc/misc/internals/__uClibc_main.c:401
	#1200004570 in main (=5, =93452640)

<not masking anything>
<not masked by anything>

(42) ID #11410001833774086850 with 128 occurences:
Type of modification: write (unpersisted)
File: src/clht_gc.c
Line: 58
assembly.ll line: 12956
 allocated at _block_init_pmem_from_file():  %22 = call i8* @klee_pmem_alloc_pmem(i64 %19, i8* %20, i1 zeroext false, i8* %21), !dbg !11004
Stack: 
Current Thread: 1
Thread 1, Process 0, enabled
		PC:   store i64 %70, i64* %59, !dbg !11038 (op #0=479250880, op #1=268539160)
	#000012956 in clht_gc_thread_init (=268539088, =0) at src/clht_gc.c:58
	#100012653 in _ZZ3runPPcENK3$_0clEv (=305857088) at example-nothread.cpp:103
	#200012264 in _Z3runPPc (=180583872) at example-nothread.cpp:114
	#300016758 in __klee_posix_wrapped_main (=2, =180583872) at example-nothread.cpp:204
	#400010297 in __klee_posix_ctor_stub_insert_point (=2, =180583872, =93452688) at runtime/POSIX/./klee_init_env.c:491
	#500010317 in __user_main (=5, =93452640, =93452688) at runtime/POSIX/./klee_init_env.c:499
	#600004403 in __uClibc_main (=27900296, =5, =93452640, =0, =0, =0, =0) at libc/misc/internals/__uClibc_main.c:401
	#700004570 in main (=5, =93452640)

<not masking anything>
May be masked by:
	ID #15060224830368163303

(43) ID #13375691273066474050 with 14 occurences:
Type of modification: fence (unnecessary)
File: ../../src/../src/libpmem2/x86_64/init.c
Line: 27
assembly.ll line: 156064
 (no allocation info)
Stack: 
Current Thread: 1
Thread 1, Process 0, enabled
		PC:   call void @llvm.x86.sse.sfence(), !dbg !10975 (op #0=<global const>)
	#000156064 in memory_barrier () at ../../src/../src/libpmem2/x86_64/init.c:27
	#100172116 in pmem_drain () at pmem.c:189
	#200126380 in obj_norep_drain (=180822016) at obj.c:492
	#300111181 in pmemops_drain.993 (=180828720) at ./pmemops.h:76
	#400110971 in palloc_exec_actions (=180828720, =405163648, =1143881728, =3) at palloc.c:559
	#500118990 in palloc_publish (=180828720, =1143881728, =3, =405163648) at palloc.c:660
	#600139905 in pmemobj_tx_commit () at tx.c:1009
	#700140477 in pmemobj_tx_process () at tx.c:1101
	#800014389 in ht_resize_pes (=184759504, =1, =4) at src/clht_lb_res.c:1002
	#900013951 in ht_status (=184759504, =1, =0) at src/clht_lb_res.c:1112
	#1000013339 in clht_put (=184759504, =32, =32) at src/clht_lb_res.c:597
	#1100012681 in _ZZ3runPPcENK3$_0clEv (=222143280) at example-nothread.cpp:109
	#1200012264 in _Z3runPPc (=180582784) at example-nothread.cpp:114
	#1300016758 in __klee_posix_wrapped_main (=2, =180582784) at example-nothread.cpp:204
	#1400010297 in __klee_posix_ctor_stub_insert_point (=2, =180582784, =93452688) at runtime/POSIX/./klee_init_env.c:491
	#1500010317 in __user_main (=5, =93452640, =93452688) at runtime/POSIX/./klee_init_env.c:499
	#1600004403 in __uClibc_main (=27900296, =5, =93452640, =0, =0, =0, =0) at libc/misc/internals/__uClibc_main.c:401
	#1700004570 in main (=5, =93452640)

<not masking anything>
<not masked by anything>

(44) ID #6101498109729082144 with 21884 occurences:
Type of modification: fence (unnecessary)
File: src/clht_lb_res.c
Line: 139
assembly.ll line: 14937
 (no allocation info)
Stack: 
Current Thread: 1
Thread 1, Process 0, enabled
		PC:   call void @llvm.x86.sse2.mfence(), !dbg !10972 (op #0=<global const>)
	#000014937 in mfence () at src/clht_lb_res.c:139
	#100013682 in clflush (=185017680, =64, =true) at src/clht_lb_res.c:159
	#200013254 in clht_put (=184759504, =25, =25) at src/clht_lb_res.c:556
	#300012681 in _ZZ3runPPcENK3$_0clEv (=222143280) at example-nothread.cpp:109
	#400012264 in _Z3runPPc (=180582784) at example-nothread.cpp:114
	#500016758 in __klee_posix_wrapped_main (=2, =180582784) at example-nothread.cpp:204
	#600010297 in __klee_posix_ctor_stub_insert_point (=2, =180582784, =93452688) at runtime/POSIX/./klee_init_env.c:491
	#700010317 in __user_main (=5, =93452640, =93452688) at runtime/POSIX/./klee_init_env.c:499
	#800004403 in __uClibc_main (=27900296, =5, =93452640, =0, =0, =0, =0) at libc/misc/internals/__uClibc_main.c:401
	#900004570 in main (=5, =93452640)

<not masking anything>
<not masked by anything>

(45) ID #4944566804912980567 with 14 occurences:
Type of modification: flush (never modified)
File: src/clht_lb_res.c
Line: 154
assembly.ll line: 13654
 allocated at _block_init_pmem_from_file():  %22 = call i8* @klee_pmem_alloc_pmem(i64 %19, i8* %20, i1 zeroext false, i8* %21), !dbg !11004
Stack: 
Current Thread: 1
Thread 1, Process 0, enabled
		PC:   call void @llvm.x86.clwb(i8* %32, i8* %32), !dbg !11010 (op #0=<global const>, op #1=184760576, op #2=184760576)
	#000013654 in clflush (=184760464, =128, =false) at src/clht_lb_res.c:154
	#100014294 in ht_resize_pes (=184759504, =1, =4) at src/clht_lb_res.c:895
	#200013951 in ht_status (=184759504, =1, =0) at src/clht_lb_res.c:1112
	#300013339 in clht_put (=184759504, =32, =32) at src/clht_lb_res.c:597
	#400012681 in _ZZ3runPPcENK3$_0clEv (=222143280) at example-nothread.cpp:109
	#500012264 in _Z3runPPc (=180582784) at example-nothread.cpp:114
	#600016758 in __klee_posix_wrapped_main (=2, =180582784) at example-nothread.cpp:204
	#700010297 in __klee_posix_ctor_stub_insert_point (=2, =180582784, =93452688) at runtime/POSIX/./klee_init_env.c:491
	#800010317 in __user_main (=5, =93452640, =93452688) at runtime/POSIX/./klee_init_env.c:499
	#900004403 in __uClibc_main (=27900296, =5, =93452640, =0, =0, =0, =0) at libc/misc/internals/__uClibc_main.c:401
	#1000004570 in main (=5, =93452640)

<not masking anything>
<not masked by anything>

(46) ID #606208484285589311 with 214 occurences:
Type of modification: write (unpersisted)
File: obj.c
Line: 1111
assembly.ll line: 124212
 allocated at _block_init_pmem_from_file():  %22 = call i8* @klee_pmem_alloc_pmem(i64 %19, i8* %20, i1 zeroext false, i8* %21), !dbg !11004
Stack: 
Current Thread: 1
Thread 1, Process 0, enabled
		PC:   store i32 (i8*, i8*, i64, i32)* @obj_norep_flush, i32 (i8*, i8*, i64, i32)** %57, align 8, !dbg !11039 (op #0=<global const>, op #1=264608576)
	#000124212 in obj_replica_init (=264601600, =351136000, =0, =0) at obj.c:1111
	#100128069 in obj_replicas_init (=351136000) at obj.c:1631
	#200127723 in obj_open_common (=178234096, =128160968, =0, =1) at obj.c:1724
	#300127660 in pmemobj_openU (=178234096, =128160968) at obj.c:1798
	#400127625 in pmemobj_open (=178234096, =128160968) at obj.c:1811
	#500012309 in clht_create (=8) at src/clht_lb_res.c:265
	#600012190 in _Z3runPPc (=180583872) at example-nothread.cpp:81
	#700016758 in __klee_posix_wrapped_main (=2, =180583872) at example-nothread.cpp:204
	#800010297 in __klee_posix_ctor_stub_insert_point (=2, =180583872, =93452688) at runtime/POSIX/./klee_init_env.c:491
	#900010317 in __user_main (=5, =93452640, =93452688) at runtime/POSIX/./klee_init_env.c:499
	#1000004403 in __uClibc_main (=27900296, =5, =93452640, =0, =0, =0, =0) at libc/misc/internals/__uClibc_main.c:401
	#1100004570 in main (=5, =93452640)

<not masking anything>
<not masked by anything>

(47) ID #5300660221599735853 with 214 occurences:
Type of modification: write (unpersisted)
File: sync.c
Line: 48
assembly.ll line: 118093
 allocated at _block_init_pmem_from_file():  %22 = call i8* @klee_pmem_alloc_pmem(i64 %19, i8* %20, i1 zeroext false, i8* %21), !dbg !11004
Stack: 
Current Thread: 1
Thread 1, Process 0, enabled
		PC:   store i64 %32, i64* %26, !dbg !11012 (op #0=5, op #1=264608648)
	#000118093 in _get_value (=6, =264608648, =264608656, =0, =75601416) at sync.c:48
	#100118019 in get_mutex (=264601600, =264608648) at sync.c:91
	#200117151 in pmemobj_mutex_lock (=264601600, =264608648) at sync.c:201
	#300131786 in pmemobj_mutex_lock_nofail (=264601600, =264608648) at ./sync.h:84
	#400131703 in pmemobj_root_construct (=264601600, =128, =0, =0) at obj.c:2884
	#500132071 in pmemobj_root (=264601600, =128) at obj.c:2912
	#600012331 in clht_create (=8) at src/clht_lb_res.c:278
	#700012190 in _Z3runPPc (=180583872) at example-nothread.cpp:81
	#800016758 in __klee_posix_wrapped_main (=2, =180583872) at example-nothread.cpp:204
	#900010297 in __klee_posix_ctor_stub_insert_point (=2, =180583872, =93452688) at runtime/POSIX/./klee_init_env.c:491
	#1000010317 in __user_main (=5, =93452640, =93452688) at runtime/POSIX/./klee_init_env.c:499
	#1100004403 in __uClibc_main (=27900296, =5, =93452640, =0, =0, =0, =0) at libc/misc/internals/__uClibc_main.c:401
	#1200004570 in main (=5, =93452640)

<not masking anything>
<not masked by anything>

(48) ID #11037039827076954171 with 120 occurences:
Type of modification: write (unpersisted)
File: libc/string/memcpy.c
Line: 29
assembly.ll line: 11933
 allocated at _block_init_pmem_from_file():  %22 = call i8* @klee_pmem_alloc_pmem(i64 %19, i8* %20, i1 zeroext false, i8* %21), !dbg !11004
Stack: 
Current Thread: 1
Thread 1, Process 0, enabled
		PC:   store i8 %17, i8* %18, align 1, !dbg !10992 (op #0=1, op #1=268543040)
	#000011933 in memcpy (=268543040, =477604624, =48) at libc/string/memcpy.c:29
	#100102246 in container_ravl_insert_block (=420940160, =477604624) at container_ravl.c:60
	#200056966 in bucket_insert_block (=375186240, =477604624) at bucket.c:75
	#300105783 in heap_split_block (=264608304, =375186240, =477596000, =1) at heap.c:961
	#400105208 in heap_get_bestfit_block (=264608304, =375186240, =477596000) at heap.c:992
	#500105443 in heap_ensure_run_bucket_filled (=264608304, =375181728, =1) at heap.c:881
	#600105143 in heap_get_bestfit_block (=264608304, =375181728, =103221288) at heap.c:984
	#700110697 in palloc_reservation_create (=264608304, =128, =105833480, =357222016, =0, =32768, =0, =0, =103221248) at palloc.c:218
	#800109846 in palloc_operation (=264608304, =0, =264607744, =128, =105833480, =357222016, =0, =32768, =0, =0, =180132608) at palloc.c:732
	#900131878 in obj_alloc_root (=264601600, =128, =0, =0) at obj.c:2833
	#1000131716 in pmemobj_root_construct (=264601600, =128, =0, =0) at obj.c:2887
	#1100132071 in pmemobj_root (=264601600, =128) at obj.c:2912
	#1200012331 in clht_create (=8) at src/clht_lb_res.c:278
	#1300012190 in _Z3runPPc (=180583872) at example-nothread.cpp:81
	#1400016758 in __klee_posix_wrapped_main (=2, =180583872) at example-nothread.cpp:204
	#1500010297 in __klee_posix_ctor_stub_insert_point (=2, =180583872, =93452688) at runtime/POSIX/./klee_init_env.c:491
	#1600010317 in __user_main (=5, =93452640, =93452688) at runtime/POSIX/./klee_init_env.c:499
	#1700004403 in __uClibc_main (=27900296, =5, =93452640, =0, =0, =0, =0) at libc/misc/internals/__uClibc_main.c:401
	#1800004570 in main (=5, =93452640)

<not masking anything>
May be masked by:
	ID #1667504487734355571

(49) ID #809570593810090337 with 120 occurences:
Type of modification: write (unpersisted)
File: libc/string/memcpy.c
Line: 29
assembly.ll line: 11933
 allocated at _block_init_pmem_from_file():  %22 = call i8* @klee_pmem_alloc_pmem(i64 %19, i8* %20, i1 zeroext false, i8* %21), !dbg !11004
Stack: 
Current Thread: 1
Thread 1, Process 0, enabled
		PC:   store i8 %17, i8* %18, align 1, !dbg !10992 (op #0=1, op #1=267756992)
	#000011933 in memcpy (=267756992, =180194576, =8) at libc/string/memcpy.c:29
	#100061439 in huge_write_footer (=267756616, =48) at memblock.c:1143
	#200062336 in memblock_huge_init (=477604624, =264608304, =1, =0, =48) at memblock.c:1317
	#300105781 in heap_split_block (=264608304, =375186240, =477596000, =1) at heap.c:958
	#400105208 in heap_get_bestfit_block (=264608304, =375186240, =477596000) at heap.c:992
	#500105443 in heap_ensure_run_bucket_filled (=264608304, =375181728, =1) at heap.c:881
	#600105143 in heap_get_bestfit_block (=264608304, =375181728, =103221288) at heap.c:984
	#700110697 in palloc_reservation_create (=264608304, =128, =105833480, =357222016, =0, =32768, =0, =0, =103221248) at palloc.c:218
	#800109846 in palloc_operation (=264608304, =0, =264607744, =128, =105833480, =357222016, =0, =32768, =0, =0, =180132608) at palloc.c:732
	#900131878 in obj_alloc_root (=264601600, =128, =0, =0) at obj.c:2833
	#1000131716 in pmemobj_root_construct (=264601600, =128, =0, =0) at obj.c:2887
	#1100132071 in pmemobj_root (=264601600, =128) at obj.c:2912
	#1200012331 in clht_create (=8) at src/clht_lb_res.c:278
	#1300012190 in _Z3runPPc (=180583872) at example-nothread.cpp:81
	#1400016758 in __klee_posix_wrapped_main (=2, =180583872) at example-nothread.cpp:204
	#1500010297 in __klee_posix_ctor_stub_insert_point (=2, =180583872, =93452688) at runtime/POSIX/./klee_init_env.c:491
	#1600010317 in __user_main (=5, =93452640, =93452688) at runtime/POSIX/./klee_init_env.c:499
	#1700004403 in __uClibc_main (=27900296, =5, =93452640, =0, =0, =0, =0) at libc/misc/internals/__uClibc_main.c:401
	#1800004570 in main (=5, =93452640)

<not masking anything>
May be masked by:
	ID #2112929640965233804

(50) ID #17913015807945431067 with 44156 occurences:
Type of modification: fence (unnecessary)
File: src/clht_lb_res.c
Line: 139
assembly.ll line: 14937
 (no allocation info)
Stack: 
Current Thread: 1
Thread 1, Process 0, enabled
		PC:   call void @llvm.x86.sse2.mfence(), !dbg !10972 (op #0=<global const>)
	#000014937 in mfence () at src/clht_lb_res.c:139
	#100013629 in clflush (=184759960, =8, =true) at src/clht_lb_res.c:146
	#200013325 in clht_put (=184759504, =1, =1) at src/clht_lb_res.c:589
	#300012681 in _ZZ3runPPcENK3$_0clEv (=222143280) at example-nothread.cpp:109
	#400012264 in _Z3runPPc (=180582784) at example-nothread.cpp:114
	#500016758 in __klee_posix_wrapped_main (=2, =180582784) at example-nothread.cpp:204
	#600010297 in __klee_posix_ctor_stub_insert_point (=2, =180582784, =93452688) at runtime/POSIX/./klee_init_env.c:491
	#700010317 in __user_main (=5, =93452640, =93452688) at runtime/POSIX/./klee_init_env.c:499
	#800004403 in __uClibc_main (=27900296, =5, =93452640, =0, =0, =0, =0) at libc/misc/internals/__uClibc_main.c:401
	#900004570 in main (=5, =93452640)

<not masking anything>
<not masked by anything>

(51) ID #14533257958079075277 with 14 occurences:
Type of modification: flush (unnecessary)
File: ../../src/../src/libpmem2/x86_64/flush.h
Line: 48
assembly.ll line: 156030
 allocated at _block_init_pmem_from_file():  %22 = call i8* @klee_pmem_alloc_pmem(i64 %19, i8* %20, i1 zeroext false, i8* %21), !dbg !11004
Stack: 
Current Thread: 1
Thread 1, Process 0, enabled
		PC:   call void @llvm.x86.clwb(i8* %3, i8* %3), !dbg !10978 (op #0=<global const>, op #1=183977024, op #2=183977024)
	#000156030 in pmem_clwb (=183977024) at ../../src/../src/libpmem2/x86_64/flush.h:48
	#100156014 in flush_clwb_nolog (=183977040, =0) at ../../src/../src/libpmem2/x86_64/flush.h:104
	#200155847 in flush_clwb (=183977040, =0) at ../../src/../src/libpmem2/x86_64/init.c:60
	#300172193 in pmem_flush (=183977040, =0) at pmem.c:227
	#400172216 in pmem_persist (=183977040, =0) at pmem.c:238
	#500126317 in obj_norep_persist (=180822016, =183977040, =0, =0) at obj.c:464
	#600062045 in pmemops_xpersist.747 (=180828720, =183977040, =0, =0) at ./pmemops.h:51
	#700062018 in pmemops_persist.720 (=180828720, =183977040, =0) at ./pmemops.h:57
	#800106364 in memblock_run_init (=1143951296, =180828720, =1, =0, =424894680) at memblock.c:1388
	#900105997 in heap_run_create (=180828720, =375125888, =1143954560) at heap.c:454
	#1000105487 in heap_ensure_run_bucket_filled (=180828720, =375125888, =1) at heap.c:883
	#1100105143 in heap_get_bestfit_block (=180828720, =375125888, =1224523944) at heap.c:984
	#1200110697 in palloc_reservation_create (=180828720, =64, =105910792, =1148956608, =2, =0, =0, =0, =1224523904) at palloc.c:218
	#1300118347 in palloc_reserve (=180828720, =64, =105910792, =1148956608, =2, =0, =0, =0, =1224523904) at palloc.c:597
	#1400142632 in tx_alloc_common (=73604864, =64, =2, =105910792, =1148956608) at tx.c:587
	#1500142367 in pmemobj_tx_alloc (=64, =2) at tx.c:1564
	#1600016087 in clht_bucket_create () at src/clht_lb_res.c:212
	#1700013575 in clht_bucket_create_stats (=184759696, =357990608) at src/clht_lb_res.c:243
	#1800013236 in clht_put (=184759504, =25, =25) at src/clht_lb_res.c:544
	#1900012681 in _ZZ3runPPcENK3$_0clEv (=222143280) at example-nothread.cpp:109
	#2000012264 in _Z3runPPc (=180582784) at example-nothread.cpp:114
	#2100016758 in __klee_posix_wrapped_main (=2, =180582784) at example-nothread.cpp:204
	#2200010297 in __klee_posix_ctor_stub_insert_point (=2, =180582784, =93452688) at runtime/POSIX/./klee_init_env.c:491
	#2300010317 in __user_main (=5, =93452640, =93452688) at runtime/POSIX/./klee_init_env.c:499
	#2400004403 in __uClibc_main (=27900296, =5, =93452640, =0, =0, =0, =0) at libc/misc/internals/__uClibc_main.c:401
	#2500004570 in main (=5, =93452640)

<not masking anything>
<not masked by anything>

(52) ID #5820698316352111401 with 21884 occurences:
Type of modification: fence (unnecessary)
File: src/clht_lb_res.c
Line: 139
assembly.ll line: 14937
 (no allocation info)
Stack: 
Current Thread: 1
Thread 1, Process 0, enabled
		PC:   call void @llvm.x86.sse2.mfence(), !dbg !10972 (op #0=<global const>)
	#000014937 in mfence () at src/clht_lb_res.c:139
	#100013629 in clflush (=185017680, =64, =true) at src/clht_lb_res.c:146
	#200013254 in clht_put (=184759504, =25, =25) at src/clht_lb_res.c:556
	#300012681 in _ZZ3runPPcENK3$_0clEv (=222143280) at example-nothread.cpp:109
	#400012264 in _Z3runPPc (=180582784) at example-nothread.cpp:114
	#500016758 in __klee_posix_wrapped_main (=2, =180582784) at example-nothread.cpp:204
	#600010297 in __klee_posix_ctor_stub_insert_point (=2, =180582784, =93452688) at runtime/POSIX/./klee_init_env.c:491
	#700010317 in __user_main (=5, =93452640, =93452688) at runtime/POSIX/./klee_init_env.c:499
	#800004403 in __uClibc_main (=27900296, =5, =93452640, =0, =0, =0, =0) at libc/misc/internals/__uClibc_main.c:401
	#900004570 in main (=5, =93452640)

<not masking anything>
<not masked by anything>

(53) ID #2643126983393016694 with 21884 occurences:
Type of modification: fence (unnecessary)
File: src/clht_lb_res.c
Line: 139
assembly.ll line: 14937
 (no allocation info)
Stack: 
Current Thread: 1
Thread 1, Process 0, enabled
		PC:   call void @llvm.x86.sse2.mfence(), !dbg !10972 (op #0=<global const>)
	#000014937 in mfence () at src/clht_lb_res.c:139
	#100013629 in clflush (=357996824, =8, =true) at src/clht_lb_res.c:146
	#200013278 in clht_put (=184759504, =25, =25) at src/clht_lb_res.c:559
	#300012681 in _ZZ3runPPcENK3$_0clEv (=222143280) at example-nothread.cpp:109
	#400012264 in _Z3runPPc (=180582784) at example-nothread.cpp:114
	#500016758 in __klee_posix_wrapped_main (=2, =180582784) at example-nothread.cpp:204
	#600010297 in __klee_posix_ctor_stub_insert_point (=2, =180582784, =93452688) at runtime/POSIX/./klee_init_env.c:491
	#700010317 in __user_main (=5, =93452640, =93452688) at runtime/POSIX/./klee_init_env.c:499
	#800004403 in __uClibc_main (=27900296, =5, =93452640, =0, =0, =0, =0) at libc/misc/internals/__uClibc_main.c:401
	#900004570 in main (=5, =93452640)

<not masking anything>
<not masked by anything>

(54) ID #14408601881521178517 with 8 occurences:
Type of modification: flush (unnecessary)
File: ../../src/../src/libpmem2/x86_64/flush.h
Line: 48
assembly.ll line: 156030
 allocated at _block_init_pmem_from_file():  %22 = call i8* @klee_pmem_alloc_pmem(i64 %19, i8* %20, i1 zeroext false, i8* %21), !dbg !11004
Stack: 
Current Thread: 1
Thread 1, Process 0, enabled
		PC:   call void @llvm.x86.clwb(i8* %3, i8* %3), !dbg !10978 (op #0=<global const>, op #1=183977024, op #2=183977024)
	#000156030 in pmem_clwb (=183977024) at ../../src/../src/libpmem2/x86_64/flush.h:48
	#100156014 in flush_clwb_nolog (=183977048, =0) at ../../src/../src/libpmem2/x86_64/flush.h:104
	#200155847 in flush_clwb (=183977048, =0) at ../../src/../src/libpmem2/x86_64/init.c:60
	#300172193 in pmem_flush (=183977048, =0) at pmem.c:227
	#400172216 in pmem_persist (=183977048, =0) at pmem.c:238
	#500126317 in obj_norep_persist (=180822016, =183977048, =0, =0) at obj.c:464
	#600062045 in pmemops_xpersist.747 (=180828720, =183977048, =0, =0) at ./pmemops.h:51
	#700062018 in pmemops_persist.720 (=180828720, =183977048, =0) at ./pmemops.h:57
	#800106364 in memblock_run_init (=951693248, =180828720, =2, =0, =546488120) at memblock.c:1388
	#900105997 in heap_run_create (=180828720, =546490400, =951683856) at heap.c:454
	#1000105487 in heap_ensure_run_bucket_filled (=180828720, =546490400, =3) at heap.c:883
	#1100105143 in heap_get_bestfit_block (=180828720, =546490400, =1143881896) at heap.c:984
	#1200110697 in palloc_reservation_create (=180828720, =2048, =105910792, =1148108096, =2, =0, =0, =0, =1143881856) at palloc.c:218
	#1300118347 in palloc_reserve (=180828720, =2048, =105910792, =1148108096, =2, =0, =0, =0, =1143881856) at palloc.c:597
	#1400142632 in tx_alloc_common (=73604864, =2048, =2, =105910792, =1148108096) at tx.c:587
	#1500142842 in pmemobj_tx_zalloc (=2048, =2) at tx.c:1595
	#1600014622 in clht_hashtable_create (=32) at src/clht_lb_res.c:365
	#1700014155 in ht_resize_pes (=184759504, =1, =4) at src/clht_lb_res.c:839
	#1800013951 in ht_status (=184759504, =1, =0) at src/clht_lb_res.c:1112
	#1900013339 in clht_put (=184759504, =32, =32) at src/clht_lb_res.c:597
	#2000012681 in _ZZ3runPPcENK3$_0clEv (=222143280) at example-nothread.cpp:109
	#2100012264 in _Z3runPPc (=180582784) at example-nothread.cpp:114
	#2200016758 in __klee_posix_wrapped_main (=2, =180582784) at example-nothread.cpp:204
	#2300010297 in __klee_posix_ctor_stub_insert_point (=2, =180582784, =93452688) at runtime/POSIX/./klee_init_env.c:491
	#2400010317 in __user_main (=5, =93452640, =93452688) at runtime/POSIX/./klee_init_env.c:499
	#2500004403 in __uClibc_main (=27900296, =5, =93452640, =0, =0, =0, =0) at libc/misc/internals/__uClibc_main.c:401
	#2600004570 in main (=5, =93452640)

<not masking anything>
<not masked by anything>
