Error: persistent memory violation!
File: runtime/POSIX/fd.c
Line: 527
assembly.ll line: 5553
Stack: 
	#000005553 in close (=3) at runtime/POSIX/fd.c:527
	#100036634 in util_part_fdclose (=41135560) at ../../src/../src/common/set.c:1842
	#200036598 in util_replica_fdclose (=41135488) at ../../src/../src/common/set.c:4354
	#300036557 in util_poolset_fdclose_always (=138557248) at ../../src/../src/common/set.c:709
	#400036284 in util_poolset_fdclose (=138557248) at ../../src/../src/common/set.c:724
	#500091656 in obj_open_common (=124094528, =122388912, =0, =1) at obj.c:1799
	#600091464 in pmemobj_openU (=124094528, =122388912) at obj.c:1826
	#700091429 in pmemobj_open (=124094528, =122388912) at obj.c:1839
	#800012792 in __klee_posix_wrapped_main (=3, =126475424) at nvmbugs/000_pmdk_btree_map/driver.c:35
	#900011011 in __user_main (=8, =122447488, =122447560) at runtime/POSIX/klee_init_env.c:281
	#1000003300 in __uClibc_main (=22254984, =8, =122447488, =39982856, =39982728, =0, =0) at libc/misc/internals/__uClibc_main.c:401
	#1100003467 in main (=8, =122447488)
Errors: 
1) Persistent Memory Info:
	Name: pmem_file_data
	Address: 23285877882880
	Size: 16384
File: obj.c
Line: 1147
assembly.ll line: 88044
Stack: 
	#000088044 in obj_replica_init (=23285877882880, =138557248, =0, =0) at obj.c:1147
	#100091873 in obj_replicas_init (=138557248) at obj.c:1659
	#200091527 in obj_open_common (=124094528, =122388912, =0, =1) at obj.c:1752
	#300091464 in pmemobj_openU (=124094528, =122388912) at obj.c:1826
	#400091429 in pmemobj_open (=124094528, =122388912) at obj.c:1839
	#500012792 in __klee_posix_wrapped_main (=3, =126475424) at nvmbugs/000_pmdk_btree_map/driver.c:35
	#600011011 in __user_main (=8, =122447488, =122447560) at runtime/POSIX/klee_init_env.c:281
	#700003300 in __uClibc_main (=22254984, =8, =122447488, =39982856, =39982728, =0, =0) at libc/misc/internals/__uClibc_main.c:401
	#800003467 in main (=8, =122447488)

2) Persistent Memory Info:
	Name: pmem_file_data
	Address: 23285877882880
	Size: 16384
File: obj.c
Line: 186
assembly.ll line: 24799
Stack: 
	#000024799 in obj_ctl_init_and_load (=23285877882880) at obj.c:186
	#100088542 in obj_runtime_init (=23285877882880, =0, =1, =1024) at obj.c:1259
	#200091646 in obj_open_common (=124094528, =122388912, =0, =1) at obj.c:1789
	#300091464 in pmemobj_openU (=124094528, =122388912) at obj.c:1826
	#400091429 in pmemobj_open (=124094528, =122388912) at obj.c:1839
	#500012792 in __klee_posix_wrapped_main (=3, =126475424) at nvmbugs/000_pmdk_btree_map/driver.c:35
	#600011011 in __user_main (=8, =122447488, =122447560) at runtime/POSIX/klee_init_env.c:281
	#700003300 in __uClibc_main (=22254984, =8, =122447488, =39982856, =39982728, =0, =0) at libc/misc/internals/__uClibc_main.c:401
	#800003467 in main (=8, =122447488)

3) Persistent Memory Info:
	Name: pmem_file_data
	Address: 23285877882880
	Size: 16384
File: libc/string/memset.c
Line: 28
assembly.ll line: 12666
Stack: 
	#000012666 in memset (=23285877889568, =0, =1504) at libc/string/memset.c:28
	#100091858 in obj_replicas_init (=138557248) at obj.c:1652
	#200091527 in obj_open_common (=124094528, =122388912, =0, =1) at obj.c:1752
	#300091464 in pmemobj_openU (=124094528, =122388912) at obj.c:1826
	#400091429 in pmemobj_open (=124094528, =122388912) at obj.c:1839
	#500012792 in __klee_posix_wrapped_main (=3, =126475424) at nvmbugs/000_pmdk_btree_map/driver.c:35
	#600011011 in __user_main (=8, =122447488, =122447560) at runtime/POSIX/klee_init_env.c:281
	#700003300 in __uClibc_main (=22254984, =8, =122447488, =39982856, =39982728, =0, =0) at libc/misc/internals/__uClibc_main.c:401
	#800003467 in main (=8, =122447488)

4) Persistent Memory Info:
	Name: pmem_file_data
	Address: 23285877882880
	Size: 16384
File: heap.c
Line: 1477
assembly.ll line: 71478
Stack: 
	#000071478 in heap_boot (=23285877889584, =23285881036800, =5234688, =23285877889056, =23285877882880, =23285877889848, =126581888, =138557248) at heap.c:1477
	#100080496 in palloc_boot (=23285877889584, =23285881036800, =5234688, =23285877889056, =23285877882880, =23285877889848, =126581888, =138557248) at palloc.c:877
	#200080315 in pmalloc_boot (=23285877882880) at pmalloc.c:208
	#300080099 in lane_recover_and_section_boot (=23285877882880) at lane.c:399
	#400088959 in obj_runtime_init_common (=23285877882880) at obj.c:859
	#500088494 in obj_runtime_init (=23285877882880, =0, =1, =1024) at obj.c:1234
	#600091646 in obj_open_common (=124094528, =122388912, =0, =1) at obj.c:1789
	#700091464 in pmemobj_openU (=124094528, =122388912) at obj.c:1826
	#800091429 in pmemobj_open (=124094528, =122388912) at obj.c:1839
	#900012792 in __klee_posix_wrapped_main (=3, =126475424) at nvmbugs/000_pmdk_btree_map/driver.c:35
	#1000011011 in __user_main (=8, =122447488, =122447560) at runtime/POSIX/klee_init_env.c:281
	#1100003300 in __uClibc_main (=22254984, =8, =122447488, =39982856, =39982728, =0, =0) at libc/misc/internals/__uClibc_main.c:401
	#1200003467 in main (=8, =122447488)

5) Persistent Memory Info:
	Name: pmem_file_data
	Address: 23285877882880
	Size: 16384
File: obj.c
Line: 1042
assembly.ll line: 90635
Stack: 
	#000090635 in obj_replica_init_local (=23285877882880, =1, =8388608) at obj.c:1042
	#100088122 in obj_replica_init (=23285877882880, =138557248, =0, =0) at obj.c:1169
	#200091873 in obj_replicas_init (=138557248) at obj.c:1659
	#300091527 in obj_open_common (=124094528, =122388912, =0, =1) at obj.c:1752
	#400091464 in pmemobj_openU (=124094528, =122388912) at obj.c:1826
	#500091429 in pmemobj_open (=124094528, =122388912) at obj.c:1839
	#600012792 in __klee_posix_wrapped_main (=3, =126475424) at nvmbugs/000_pmdk_btree_map/driver.c:35
	#700011011 in __user_main (=8, =122447488, =122447560) at runtime/POSIX/klee_init_env.c:281
	#800003300 in __uClibc_main (=22254984, =8, =122447488, =39982856, =39982728, =0, =0) at libc/misc/internals/__uClibc_main.c:401
	#900003467 in main (=8, =122447488)

6) Persistent Memory Info:
	Name: pmem_file_data
	Address: 23285877882880
	Size: 16384
File: obj.c
Line: 1272
assembly.ll line: 88576
Stack: 
	#000088576 in obj_runtime_init (=23285877882880, =0, =1, =1024) at obj.c:1272
	#100091646 in obj_open_common (=124094528, =122388912, =0, =1) at obj.c:1789
	#200091464 in pmemobj_openU (=124094528, =122388912) at obj.c:1826
	#300091429 in pmemobj_open (=124094528, =122388912) at obj.c:1839
	#400012792 in __klee_posix_wrapped_main (=3, =126475424) at nvmbugs/000_pmdk_btree_map/driver.c:35
	#500011011 in __user_main (=8, =122447488, =122447560) at runtime/POSIX/klee_init_env.c:281
	#600003300 in __uClibc_main (=22254984, =8, =122447488, =39982856, =39982728, =0, =0) at libc/misc/internals/__uClibc_main.c:401
	#700003467 in main (=8, =122447488)

7) Persistent Memory Info:
	Name: pmem_file_data
	Address: 23285877882880
	Size: 16384
File: libc/string/memcpy.c
Line: 29
assembly.ll line: 12627
Stack: 
	#000012627 in memcpy (=23285877889584, =23285877889848, =80) at libc/string/memcpy.c:29
	#100071447 in heap_boot (=23285877889584, =23285881036800, =5234688, =23285877889056, =23285877882880, =23285877889848, =126581888, =138557248) at heap.c:1469
	#200080496 in palloc_boot (=23285877889584, =23285881036800, =5234688, =23285877889056, =23285877882880, =23285877889848, =126581888, =138557248) at palloc.c:877
	#300080315 in pmalloc_boot (=23285877882880) at pmalloc.c:208
	#400080099 in lane_recover_and_section_boot (=23285877882880) at lane.c:399
	#500088959 in obj_runtime_init_common (=23285877882880) at obj.c:859
	#600088494 in obj_runtime_init (=23285877882880, =0, =1, =1024) at obj.c:1234
	#700091646 in obj_open_common (=124094528, =122388912, =0, =1) at obj.c:1789
	#800091464 in pmemobj_openU (=124094528, =122388912) at obj.c:1826
	#900091429 in pmemobj_open (=124094528, =122388912) at obj.c:1839
	#1000012792 in __klee_posix_wrapped_main (=3, =126475424) at nvmbugs/000_pmdk_btree_map/driver.c:35
	#1100011011 in __user_main (=8, =122447488, =122447560) at runtime/POSIX/klee_init_env.c:281
	#1200003300 in __uClibc_main (=22254984, =8, =122447488, =39982856, =39982728, =0, =0) at libc/misc/internals/__uClibc_main.c:401
	#1300003467 in main (=8, =122447488)

8) Persistent Memory Info:
	Name: pmem_file_data
	Address: 23285877882880
	Size: 16384
File: obj.c
Line: 1265
assembly.ll line: 88560
Stack: 
	#000088560 in obj_runtime_init (=23285877882880, =0, =1, =1024) at obj.c:1265
	#100091646 in obj_open_common (=124094528, =122388912, =0, =1) at obj.c:1789
	#200091464 in pmemobj_openU (=124094528, =122388912) at obj.c:1826
	#300091429 in pmemobj_open (=124094528, =122388912) at obj.c:1839
	#400012792 in __klee_posix_wrapped_main (=3, =126475424) at nvmbugs/000_pmdk_btree_map/driver.c:35
	#500011011 in __user_main (=8, =122447488, =122447560) at runtime/POSIX/klee_init_env.c:281
	#600003300 in __uClibc_main (=22254984, =8, =122447488, =39982856, =39982728, =0, =0) at libc/misc/internals/__uClibc_main.c:401
	#700003467 in main (=8, =122447488)

9) Persistent Memory Info:
	Name: pmem_file_data
	Address: 23285877882880
	Size: 16384
File: obj.c
Line: 1026
assembly.ll line: 90592
Stack: 
	#000090592 in obj_replica_init_local (=23285877882880, =1, =8388608) at obj.c:1026
	#100088122 in obj_replica_init (=23285877882880, =138557248, =0, =0) at obj.c:1169
	#200091873 in obj_replicas_init (=138557248) at obj.c:1659
	#300091527 in obj_open_common (=124094528, =122388912, =0, =1) at obj.c:1752
	#400091464 in pmemobj_openU (=124094528, =122388912) at obj.c:1826
	#500091429 in pmemobj_open (=124094528, =122388912) at obj.c:1839
	#600012792 in __klee_posix_wrapped_main (=3, =126475424) at nvmbugs/000_pmdk_btree_map/driver.c:35
	#700011011 in __user_main (=8, =122447488, =122447560) at runtime/POSIX/klee_init_env.c:281
	#800003300 in __uClibc_main (=22254984, =8, =122447488, =39982856, =39982728, =0, =0) at libc/misc/internals/__uClibc_main.c:401
	#900003467 in main (=8, =122447488)

Error: persistent memory violation!
File: runtime/POSIX/mman.c
Line: 190
assembly.ll line: 107892
Stack: 
	#000107892 in munmap_sym (=23285877882880, =8388608, =127193344) at runtime/POSIX/mman.c:190
	#100107962 in munmap (=23285877882880, =8388608) at runtime/POSIX/mman.c:205
	#200048043 in util_unmap_part (=41135560) at ../../src/../src/common/set.c:488
	#300050202 in util_replica_close (=138557248, =0) at ../../src/../src/common/set.c:2914
	#400049982 in util_poolset_close (=138557248, =0) at ../../src/../src/common/set.c:634
	#500091107 in obj_pool_cleanup (=23285877882880) at obj.c:1960
	#600092738 in pmemobj_close (=23285877882880) at obj.c:2000
	#700013465 in __klee_posix_wrapped_main (=3, =126475424) at nvmbugs/000_pmdk_btree_map/driver.c:93
	#800011011 in __user_main (=8, =122447488, =122447560) at runtime/POSIX/klee_init_env.c:281
	#900003300 in __uClibc_main (=22254984, =8, =122447488, =39982856, =39982728, =0, =0) at libc/misc/internals/__uClibc_main.c:401
	#1000003467 in main (=8, =122447488)
Errors: 
10) Persistent Memory Info:
	Name: pmem_file_data
	Address: 23285877882880
	Size: 16384
File: lane.c
Line: 366
assembly.ll line: 79935
Stack: 
	#000079935 in lane_cleanup (=23285877882880) at lane.c:366
	#100091099 in obj_pool_cleanup (=23285877882880) at obj.c:1956
	#200092738 in pmemobj_close (=23285877882880) at obj.c:2000
	#300013465 in __klee_posix_wrapped_main (=3, =126475424) at nvmbugs/000_pmdk_btree_map/driver.c:93
	#400011011 in __user_main (=8, =122447488, =122447560) at runtime/POSIX/klee_init_env.c:281
	#500003300 in __uClibc_main (=22254984, =8, =122447488, =39982856, =39982728, =0, =0) at libc/misc/internals/__uClibc_main.c:401
	#600003467 in main (=8, =122447488)

11) Persistent Memory Info:
	Name: pmem_file_data
	Address: 23285877882880
	Size: 16384
File: sync.c
Line: 89
assembly.ll line: 81941
Stack: 
	#000081941 in _get_value (=4, =23285877889928, =23285877889936, =0, =67584264) at sync.c:89
	#100081832 in get_mutex (=23285877882880, =23285877889928) at sync.c:120
	#200080964 in pmemobj_mutex_lock (=23285877882880, =23285877889928) at sync.c:230
	#300095547 in pmemobj_mutex_lock_nofail (=23285877882880, =23285877889928) at ./sync.h:113
	#400095464 in pmemobj_root_construct (=23285877882880, =24, =0, =0) at obj.c:2888
	#500095832 in pmemobj_root (=23285877882880, =24) at obj.c:2916
	#600012815 in __klee_posix_wrapped_main (=3, =126475424) at nvmbugs/000_pmdk_btree_map/driver.c:45
	#700011011 in __user_main (=8, =122447488, =122447560) at runtime/POSIX/klee_init_env.c:281
	#800003300 in __uClibc_main (=22254984, =8, =122447488, =39982856, =39982728, =0, =0) at libc/misc/internals/__uClibc_main.c:401
	#900003467 in main (=8, =122447488)

12) Persistent Memory Info:
	Name: pmem_file_data
	Address: 23285877882880
	Size: 16384
Stack: 
	#000151898 in _mm_stream_si128.567 (=23285877892208, =72607871306194852786626568)
	#100151504 in memmove_movnt4x64b.556 (=23285877892160, =23285882070840) at ../../src/../src/libpmem/x86_64/memcpy/memcpy_nt_sse2.h:66
	#200150997 in memmove_movnt_sse_fw.552 (=23285877892160, =23285882070840, =256) at ../../src/../src/libpmem/x86_64/memcpy/memcpy_nt_sse2.h:179
	#300149839 in memmove_movnt_sse2_clwb (=23285877892160, =23285882070840, =256) at ../../src/../src/libpmem/x86_64/memcpy/memcpy_nt_sse2.h:300
	#400140179 in memmove_nodrain_sse2_clwb (=23285877892160, =23285882070840, =256, =2) at ../../src/../src/libpmem/x86_64/init.c:166
	#500166737 in pmem_memcpy (=23285877892160, =23285882070840, =256, =3) at pmem.c:646
	#600090230 in obj_norep_memcpy (=23285877882880, =23285877892160, =23285882070840, =256, =3) at obj.c:442
	#700034162 in pmemops_memcpy.1279 (=23285877889848, =23285877892160, =23285882070840, =256, =3) at ./pmemops.h:112
	#800086070 in ulog_entry_buf_create (=23285877892032, =0, =21, =23285882070800, =23285882070800, =304, =13835058055282163712, =23285877889848) at ulog.c:483
	#900085631 in operation_add_buffer (=87412352, =23285882070800, =23285882070800, =304, =13835058055282163712) at memops.c:472
	#1000103747 in pmemobj_tx_add_snapshot (=122445568, =251535232) at tx.c:1167
	#1100103327 in pmemobj_tx_add_common (=122445568, =251396704) at tx.c:1270
	#1200104364 in pmemobj_tx_add_range (=10892548160861921288, =4187920, =0, =304) at tx.c:1457
	#1300014829 in btree_map_insert_item (=10892548160861921288, =4187920, =5, =250191584) at nvmbugs/000_pmdk_btree_map/btree_map_buggy.c:264
	#1400013954 in btree_map_insert (=23285877882880, =10892548160861921288, =3935056, =9, =10892548160861921288, =3936336) at nvmbugs/000_pmdk_btree_map/btree_map_buggy.c:300
	#1500013278 in __klee_posix_wrapped_main (=3, =126475424) at nvmbugs/000_pmdk_btree_map/driver.c:80
	#1600011011 in __user_main (=8, =122447488, =122447560) at runtime/POSIX/klee_init_env.c:281
	#1700003300 in __uClibc_main (=22254984, =8, =122447488, =39982856, =39982728, =0, =0) at libc/misc/internals/__uClibc_main.c:401
	#1800003467 in main (=8, =122447488)

13) Persistent Memory Info:
	Name: pmem_file_data
	Address: 23285877882880
	Size: 16384
File: heap.c
Line: 1595
assembly.ll line: 72313
Stack: 
	#000072313 in heap_cleanup (=23285877889584) at heap.c:1595
	#100080516 in palloc_heap_cleanup (=23285877889584) at palloc.c:934
	#200080603 in pmalloc_cleanup (=23285877882880) at pmalloc.c:233
	#300080592 in lane_section_cleanup (=23285877882880) at lane.c:423
	#400091097 in obj_pool_cleanup (=23285877882880) at obj.c:1955
	#500092738 in pmemobj_close (=23285877882880) at obj.c:2000
	#600013465 in __klee_posix_wrapped_main (=3, =126475424) at nvmbugs/000_pmdk_btree_map/driver.c:93
	#700011011 in __user_main (=8, =122447488, =122447560) at runtime/POSIX/klee_init_env.c:281
	#800003300 in __uClibc_main (=22254984, =8, =122447488, =39982856, =39982728, =0, =0) at libc/misc/internals/__uClibc_main.c:401
	#900003467 in main (=8, =122447488)

14) Persistent Memory Info:
	Name: pmem_file_data
	Address: 23285877882880
	Size: 16384
File: obj.c
Line: 1936
assembly.ll line: 91327
Stack: 
	#000091327 in obj_pool_lock_cleanup (=23285877882880) at obj.c:1936
	#100091095 in obj_pool_cleanup (=23285877882880) at obj.c:1953
	#200092738 in pmemobj_close (=23285877882880) at obj.c:2000
	#300013465 in __klee_posix_wrapped_main (=3, =126475424) at nvmbugs/000_pmdk_btree_map/driver.c:93
	#400011011 in __user_main (=8, =122447488, =122447560) at runtime/POSIX/klee_init_env.c:281
	#500003300 in __uClibc_main (=22254984, =8, =122447488, =39982856, =39982728, =0, =0) at libc/misc/internals/__uClibc_main.c:401
	#600003467 in main (=8, =122447488)

15) Persistent Memory Info:
	Name: pmem_file_data
	Address: 23285877882880
	Size: 16384
Stack: 
	#000151898 in _mm_stream_si128.567 (=23285877891440, =340282366920938463352694142989510901760)
	#100151672 in memmove_movnt2x64b.557 (=23285877891328, =150986752) at ../../src/../src/libpmem/x86_64/memcpy/memcpy_nt_sse2.h:102
	#200151017 in memmove_movnt_sse_fw.552 (=23285877891328, =150986752, =128) at ../../src/../src/libpmem/x86_64/memcpy/memcpy_nt_sse2.h:186
	#300149839 in memmove_movnt_sse2_clwb (=23285877891328, =150986752, =128) at ../../src/../src/libpmem/x86_64/memcpy/memcpy_nt_sse2.h:300
	#400140179 in memmove_nodrain_sse2_clwb (=23285877891328, =150986752, =128, =8) at ../../src/../src/libpmem/x86_64/init.c:166
	#500166737 in pmem_memcpy (=23285877891328, =150986752, =128, =8) at pmem.c:646
	#600090230 in obj_norep_memcpy (=23285877882880, =23285877891328, =150986752, =128, =8) at obj.c:442
	#700034162 in pmemops_memcpy.1279 (=23285877889848, =23285877891328, =150986752, =128, =8) at ./pmemops.h:112
	#800077764 in ulog_store (=23285877891328, =150986752, =32, =640, =87413384, =23285877889848) at ulog.c:372
	#900077005 in operation_process_persistent_redo (=87413120) at memops.c:661
	#1000075588 in operation_process (=87413120) at memops.c:795
	#1100075334 in operation_finish (=87413120, =0) at memops.c:826
	#1200075040 in palloc_exec_actions (=23285877889584, =87413120, =138428416, =2) at palloc.c:570
	#1300082803 in palloc_publish (=23285877889584, =138428416, =2, =87413120) at palloc.c:666
	#1400102306 in pmemobj_tx_commit () at tx.c:989
	#1500102878 in pmemobj_tx_process () at tx.c:1081
	#1600013327 in __klee_posix_wrapped_main (=3, =126475424) at nvmbugs/000_pmdk_btree_map/driver.c:82
	#1700011011 in __user_main (=8, =122447488, =122447560) at runtime/POSIX/klee_init_env.c:281
	#1800003300 in __uClibc_main (=22254984, =8, =122447488, =39982856, =39982728, =0, =0) at libc/misc/internals/__uClibc_main.c:401
	#1900003467 in main (=8, =122447488)

16) Persistent Memory Info:
	Name: pmem_file_data
	Address: 23285877882880
	Size: 16384
Stack: 
	#000151898 in _mm_stream_si128.567 (=23285877892336, =0)
	#100151544 in memmove_movnt4x64b.556 (=23285877892160, =23285882070840) at ../../src/../src/libpmem/x86_64/memcpy/memcpy_nt_sse2.h:74
	#200150997 in memmove_movnt_sse_fw.552 (=23285877892160, =23285882070840, =256) at ../../src/../src/libpmem/x86_64/memcpy/memcpy_nt_sse2.h:179
	#300149839 in memmove_movnt_sse2_clwb (=23285877892160, =23285882070840, =256) at ../../src/../src/libpmem/x86_64/memcpy/memcpy_nt_sse2.h:300
	#400140179 in memmove_nodrain_sse2_clwb (=23285877892160, =23285882070840, =256, =2) at ../../src/../src/libpmem/x86_64/init.c:166
	#500166737 in pmem_memcpy (=23285877892160, =23285882070840, =256, =3) at pmem.c:646
	#600090230 in obj_norep_memcpy (=23285877882880, =23285877892160, =23285882070840, =256, =3) at obj.c:442
	#700034162 in pmemops_memcpy.1279 (=23285877889848, =23285877892160, =23285882070840, =256, =3) at ./pmemops.h:112
	#800086070 in ulog_entry_buf_create (=23285877892032, =0, =21, =23285882070800, =23285882070800, =304, =13835058055282163712, =23285877889848) at ulog.c:483
	#900085631 in operation_add_buffer (=87412352, =23285882070800, =23285882070800, =304, =13835058055282163712) at memops.c:472
	#1000103747 in pmemobj_tx_add_snapshot (=122445568, =251535232) at tx.c:1167
	#1100103327 in pmemobj_tx_add_common (=122445568, =251396704) at tx.c:1270
	#1200104364 in pmemobj_tx_add_range (=10892548160861921288, =4187920, =0, =304) at tx.c:1457
	#1300014829 in btree_map_insert_item (=10892548160861921288, =4187920, =5, =250191584) at nvmbugs/000_pmdk_btree_map/btree_map_buggy.c:264
	#1400013954 in btree_map_insert (=23285877882880, =10892548160861921288, =3935056, =9, =10892548160861921288, =3936336) at nvmbugs/000_pmdk_btree_map/btree_map_buggy.c:300
	#1500013278 in __klee_posix_wrapped_main (=3, =126475424) at nvmbugs/000_pmdk_btree_map/driver.c:80
	#1600011011 in __user_main (=8, =122447488, =122447560) at runtime/POSIX/klee_init_env.c:281
	#1700003300 in __uClibc_main (=22254984, =8, =122447488, =39982856, =39982728, =0, =0) at libc/misc/internals/__uClibc_main.c:401
	#1800003467 in main (=8, =122447488)

17) Persistent Memory Info:
	Name: pmem_file_data
	Address: 23285877882880
	Size: 16384
Stack: 
	#000143732 in _mm_stream_si128.777 (=23285877892592, =0)
	#100143553 in memset_movnt1x64b.766 (=23285877892544, =0) at ../../src/../src/libpmem/x86_64/memset/memset_nt_sse2.h:89
	#200142491 in memset_movnt_sse2_clwb (=23285877892544, =0, =64) at ../../src/../src/libpmem/x86_64/memset/memset_nt_sse2.h:162
	#300140593 in memset_nodrain_sse2_clwb (=23285877892544, =0, =64, =2) at ../../src/../src/libpmem/x86_64/init.c:171
	#400166806 in pmem_memset (=23285877892544, =0, =64, =2) at pmem.c:670
	#500090322 in obj_norep_memset (=23285877882880, =23285877892544, =0, =64, =2) at obj.c:471
	#600077892 in pmemops_memset.1262 (=23285877889848, =23285877892544, =0, =64, =2) at ./pmemops.h:126
	#700085838 in ulog_clobber_entry (=23285877892544, =23285877889848) at ulog.c:424
	#800085609 in operation_add_buffer (=87412352, =23285881816400, =23285881816400, =8, =13835058055282163712) at memops.c:469
	#900103747 in pmemobj_tx_add_snapshot (=122445568, =249927456) at tx.c:1167
	#1000103327 in pmemobj_tx_add_common (=122445568, =251396576) at tx.c:1270
	#1100103041 in pmemobj_tx_add_range_direct (=23285881816400, =8) at tx.c:1382
	#1200013300 in __klee_posix_wrapped_main (=3, =126475424) at nvmbugs/000_pmdk_btree_map/driver.c:81
	#1300011011 in __user_main (=8, =122447488, =122447560) at runtime/POSIX/klee_init_env.c:281
	#1400003300 in __uClibc_main (=22254984, =8, =122447488, =39982856, =39982728, =0, =0) at libc/misc/internals/__uClibc_main.c:401
	#1500003467 in main (=8, =122447488)

18) Persistent Memory Info:
	Name: pmem_file_data
	Address: 23285877882880
	Size: 16384
Stack: 
	#000151898 in _mm_stream_si128.567 (=23285877892400, =0)
	#100151564 in memmove_movnt4x64b.556 (=23285877892160, =23285882070840) at ../../src/../src/libpmem/x86_64/memcpy/memcpy_nt_sse2.h:78
	#200150997 in memmove_movnt_sse_fw.552 (=23285877892160, =23285882070840, =256) at ../../src/../src/libpmem/x86_64/memcpy/memcpy_nt_sse2.h:179
	#300149839 in memmove_movnt_sse2_clwb (=23285877892160, =23285882070840, =256) at ../../src/../src/libpmem/x86_64/memcpy/memcpy_nt_sse2.h:300
	#400140179 in memmove_nodrain_sse2_clwb (=23285877892160, =23285882070840, =256, =2) at ../../src/../src/libpmem/x86_64/init.c:166
	#500166737 in pmem_memcpy (=23285877892160, =23285882070840, =256, =3) at pmem.c:646
	#600090230 in obj_norep_memcpy (=23285877882880, =23285877892160, =23285882070840, =256, =3) at obj.c:442
	#700034162 in pmemops_memcpy.1279 (=23285877889848, =23285877892160, =23285882070840, =256, =3) at ./pmemops.h:112
	#800086070 in ulog_entry_buf_create (=23285877892032, =0, =21, =23285882070800, =23285882070800, =304, =13835058055282163712, =23285877889848) at ulog.c:483
	#900085631 in operation_add_buffer (=87412352, =23285882070800, =23285882070800, =304, =13835058055282163712) at memops.c:472
	#1000103747 in pmemobj_tx_add_snapshot (=122445568, =251535232) at tx.c:1167
	#1100103327 in pmemobj_tx_add_common (=122445568, =251396704) at tx.c:1270
	#1200104364 in pmemobj_tx_add_range (=10892548160861921288, =4187920, =0, =304) at tx.c:1457
	#1300014829 in btree_map_insert_item (=10892548160861921288, =4187920, =5, =250191584) at nvmbugs/000_pmdk_btree_map/btree_map_buggy.c:264
	#1400013954 in btree_map_insert (=23285877882880, =10892548160861921288, =3935056, =9, =10892548160861921288, =3936336) at nvmbugs/000_pmdk_btree_map/btree_map_buggy.c:300
	#1500013278 in __klee_posix_wrapped_main (=3, =126475424) at nvmbugs/000_pmdk_btree_map/driver.c:80
	#1600011011 in __user_main (=8, =122447488, =122447560) at runtime/POSIX/klee_init_env.c:281
	#1700003300 in __uClibc_main (=22254984, =8, =122447488, =39982856, =39982728, =0, =0) at libc/misc/internals/__uClibc_main.c:401
	#1800003467 in main (=8, =122447488)

19) Persistent Memory Info:
	Name: pmem_file_data
	Address: 23285877882880
	Size: 16384
Stack: 
	#000151898 in _mm_stream_si128.567 (=23285877891504, =0)
	#100151732 in memmove_movnt1x64b.558 (=23285877891456, =150986880) at ../../src/../src/libpmem/x86_64/memcpy/memcpy_nt_sse2.h:118
	#200151037 in memmove_movnt_sse_fw.552 (=23285877891328, =150986752, =192) at ../../src/../src/libpmem/x86_64/memcpy/memcpy_nt_sse2.h:193
	#300149839 in memmove_movnt_sse2_clwb (=23285877891328, =150986752, =192) at ../../src/../src/libpmem/x86_64/memcpy/memcpy_nt_sse2.h:300
	#400140179 in memmove_nodrain_sse2_clwb (=23285877891328, =150986752, =192, =8) at ../../src/../src/libpmem/x86_64/init.c:166
	#500166737 in pmem_memcpy (=23285877891328, =150986752, =192, =8) at pmem.c:646
	#600090230 in obj_norep_memcpy (=23285877882880, =23285877891328, =150986752, =192, =8) at obj.c:442
	#700034162 in pmemops_memcpy.1279 (=23285877889848, =23285877891328, =150986752, =192, =8) at ./pmemops.h:112
	#800077764 in ulog_store (=23285877891328, =150986752, =64, =640, =87413384, =23285877889848) at ulog.c:372
	#900077005 in operation_process_persistent_redo (=87413120) at memops.c:661
	#1000075588 in operation_process (=87413120) at memops.c:795
	#1100075334 in operation_finish (=87413120, =0) at memops.c:826
	#1200075040 in palloc_exec_actions (=23285877889584, =87413120, =138428416, =5) at palloc.c:570
	#1300082803 in palloc_publish (=23285877889584, =138428416, =5, =87413120) at palloc.c:666
	#1400102306 in pmemobj_tx_commit () at tx.c:989
	#1500102878 in pmemobj_tx_process () at tx.c:1081
	#1600013134 in __klee_posix_wrapped_main (=3, =126475424) at nvmbugs/000_pmdk_btree_map/driver.c:71
	#1700011011 in __user_main (=8, =122447488, =122447560) at runtime/POSIX/klee_init_env.c:281
	#1800003300 in __uClibc_main (=22254984, =8, =122447488, =39982856, =39982728, =0, =0) at libc/misc/internals/__uClibc_main.c:401
	#1900003467 in main (=8, =122447488)

20) Persistent Memory Info:
	Name: pmem_file_data
	Address: 23285877882880
	Size: 16384
Stack: 
	#000151898 in _mm_stream_si128.567 (=23285877892144, =92233720368551693776)
	#100151732 in memmove_movnt1x64b.558 (=23285877892096, =251784192) at ../../src/../src/libpmem/x86_64/memcpy/memcpy_nt_sse2.h:118
	#200151037 in memmove_movnt_sse_fw.552 (=23285877892096, =251784192, =64) at ../../src/../src/libpmem/x86_64/memcpy/memcpy_nt_sse2.h:193
	#300149839 in memmove_movnt_sse2_clwb (=23285877892096, =251784192, =64) at ../../src/../src/libpmem/x86_64/memcpy/memcpy_nt_sse2.h:300
	#400140179 in memmove_nodrain_sse2_clwb (=23285877892096, =251784192, =64, =2) at ../../src/../src/libpmem/x86_64/init.c:166
	#500166737 in pmem_memcpy (=23285877892096, =251784192, =64, =3) at pmem.c:646
	#600090230 in obj_norep_memcpy (=23285877882880, =23285877892096, =251784192, =64, =3) at obj.c:442
	#700034162 in pmemops_memcpy.1279 (=23285877889848, =23285877892096, =251784192, =64, =3) at ./pmemops.h:112
	#800086248 in ulog_entry_buf_create (=23285877892032, =0, =21, =23285882070800, =23285882070800, =304, =13835058055282163712, =23285877889848) at ulog.c:511
	#900085631 in operation_add_buffer (=87412352, =23285882070800, =23285882070800, =304, =13835058055282163712) at memops.c:472
	#1000103747 in pmemobj_tx_add_snapshot (=122445568, =251535232) at tx.c:1167
	#1100103327 in pmemobj_tx_add_common (=122445568, =251396704) at tx.c:1270
	#1200104364 in pmemobj_tx_add_range (=10892548160861921288, =4187920, =0, =304) at tx.c:1457
	#1300014829 in btree_map_insert_item (=10892548160861921288, =4187920, =5, =250191584) at nvmbugs/000_pmdk_btree_map/btree_map_buggy.c:264
	#1400013954 in btree_map_insert (=23285877882880, =10892548160861921288, =3935056, =9, =10892548160861921288, =3936336) at nvmbugs/000_pmdk_btree_map/btree_map_buggy.c:300
	#1500013278 in __klee_posix_wrapped_main (=3, =126475424) at nvmbugs/000_pmdk_btree_map/driver.c:80
	#1600011011 in __user_main (=8, =122447488, =122447560) at runtime/POSIX/klee_init_env.c:281
	#1700003300 in __uClibc_main (=22254984, =8, =122447488, =39982856, =39982728, =0, =0) at libc/misc/internals/__uClibc_main.c:401
	#1800003467 in main (=8, =122447488)

21) Persistent Memory Info:
	Name: pmem_file_data
	Address: 23285877882880
	Size: 16384
Stack: 
	#000151898 in _mm_stream_si128.567 (=23285877892464, =0)
	#100151732 in memmove_movnt1x64b.558 (=23285877892416, =251526272) at ../../src/../src/libpmem/x86_64/memcpy/memcpy_nt_sse2.h:118
	#200151037 in memmove_movnt_sse_fw.552 (=23285877892416, =251526272, =64) at ../../src/../src/libpmem/x86_64/memcpy/memcpy_nt_sse2.h:193
	#300149839 in memmove_movnt_sse2_clwb (=23285877892416, =251526272, =64) at ../../src/../src/libpmem/x86_64/memcpy/memcpy_nt_sse2.h:300
	#400140179 in memmove_nodrain_sse2_clwb (=23285877892416, =251526272, =64, =2) at ../../src/../src/libpmem/x86_64/init.c:166
	#500166737 in pmem_memcpy (=23285877892416, =251526272, =64, =3) at pmem.c:646
	#600090230 in obj_norep_memcpy (=23285877882880, =23285877892416, =251526272, =64, =3) at obj.c:442
	#700034162 in pmemops_memcpy.1279 (=23285877889848, =23285877892416, =251526272, =64, =3) at ./pmemops.h:112
	#800086142 in ulog_entry_buf_create (=23285877892032, =0, =21, =23285882070800, =23285882070800, =304, =13835058055282163712, =23285877889848) at ulog.c:493
	#900085631 in operation_add_buffer (=87412352, =23285882070800, =23285882070800, =304, =13835058055282163712) at memops.c:472
	#1000103747 in pmemobj_tx_add_snapshot (=122445568, =251535232) at tx.c:1167
	#1100103327 in pmemobj_tx_add_common (=122445568, =251396704) at tx.c:1270
	#1200104364 in pmemobj_tx_add_range (=10892548160861921288, =4187920, =0, =304) at tx.c:1457
	#1300014829 in btree_map_insert_item (=10892548160861921288, =4187920, =5, =250191584) at nvmbugs/000_pmdk_btree_map/btree_map_buggy.c:264
	#1400013954 in btree_map_insert (=23285877882880, =10892548160861921288, =3935056, =9, =10892548160861921288, =3936336) at nvmbugs/000_pmdk_btree_map/btree_map_buggy.c:300
	#1500013278 in __klee_posix_wrapped_main (=3, =126475424) at nvmbugs/000_pmdk_btree_map/driver.c:80
	#1600011011 in __user_main (=8, =122447488, =122447560) at runtime/POSIX/klee_init_env.c:281
	#1700003300 in __uClibc_main (=22254984, =8, =122447488, =39982856, =39982728, =0, =0) at libc/misc/internals/__uClibc_main.c:401
	#1800003467 in main (=8, =122447488)

22) Persistent Memory Info:
	Name: pmem_file_data
	Address: 23285877882880
	Size: 16384
Stack: 
	#000151898 in _mm_stream_si128.567 (=23285877892528, =0)
	#100151732 in memmove_movnt1x64b.558 (=23285877892480, =251784640) at ../../src/../src/libpmem/x86_64/memcpy/memcpy_nt_sse2.h:118
	#200151037 in memmove_movnt_sse_fw.552 (=23285877892480, =251784640, =64) at ../../src/../src/libpmem/x86_64/memcpy/memcpy_nt_sse2.h:193
	#300149839 in memmove_movnt_sse2_clwb (=23285877892480, =251784640, =64) at ../../src/../src/libpmem/x86_64/memcpy/memcpy_nt_sse2.h:300
	#400140179 in memmove_nodrain_sse2_clwb (=23285877892480, =251784640, =64, =2) at ../../src/../src/libpmem/x86_64/init.c:166
	#500166737 in pmem_memcpy (=23285877892480, =251784640, =64, =3) at pmem.c:646
	#600090230 in obj_norep_memcpy (=23285877882880, =23285877892480, =251784640, =64, =3) at obj.c:442
	#700034162 in pmemops_memcpy.1279 (=23285877889848, =23285877892480, =251784640, =64, =3) at ./pmemops.h:112
	#800086248 in ulog_entry_buf_create (=23285877892032, =384, =21, =23285881816400, =23285881816400, =8, =13835058055282163712, =23285877889848) at ulog.c:511
	#900085631 in operation_add_buffer (=87412352, =23285881816400, =23285881816400, =8, =13835058055282163712) at memops.c:472
	#1000103747 in pmemobj_tx_add_snapshot (=122445568, =249927456) at tx.c:1167
	#1100103327 in pmemobj_tx_add_common (=122445568, =251396576) at tx.c:1270
	#1200103041 in pmemobj_tx_add_range_direct (=23285881816400, =8) at tx.c:1382
	#1300013300 in __klee_posix_wrapped_main (=3, =126475424) at nvmbugs/000_pmdk_btree_map/driver.c:81
	#1400011011 in __user_main (=8, =122447488, =122447560) at runtime/POSIX/klee_init_env.c:281
	#1500003300 in __uClibc_main (=22254984, =8, =122447488, =39982856, =39982728, =0, =0) at libc/misc/internals/__uClibc_main.c:401
	#1600003467 in main (=8, =122447488)

23) Persistent Memory Info:
	Name: pmem_file_data
	Address: 23285877882880
	Size: 16384
Stack: 
	#000151898 in _mm_stream_si128.567 (=23285877891376, =0)
	#100151732 in memmove_movnt1x64b.558 (=23285877891328, =251527104) at ../../src/../src/libpmem/x86_64/memcpy/memcpy_nt_sse2.h:118
	#200151037 in memmove_movnt_sse_fw.552 (=23285877891328, =251527104, =64) at ../../src/../src/libpmem/x86_64/memcpy/memcpy_nt_sse2.h:193
	#300149839 in memmove_movnt_sse2_clwb (=23285877891328, =251527104, =64) at ../../src/../src/libpmem/x86_64/memcpy/memcpy_nt_sse2.h:300
	#400140179 in memmove_nodrain_sse2_clwb (=23285877891328, =251527104, =64, =8) at ../../src/../src/libpmem/x86_64/init.c:166
	#500166737 in pmem_memcpy (=23285877891328, =251527104, =64, =8) at pmem.c:646
	#600090230 in obj_norep_memcpy (=23285877882880, =23285877891328, =251527104, =64, =8) at obj.c:442
	#700034162 in pmemops_memcpy.1279 (=23285877889848, =23285877891328, =251527104, =64, =8) at ./pmemops.h:112
	#800077824 in ulog_clobber (=23285877891328, =87413384, =23285877889848) at ulog.c:714
	#900077022 in operation_process_persistent_redo (=87413120) at memops.c:668
	#1000075588 in operation_process (=87413120) at memops.c:795
	#1100075334 in operation_finish (=87413120, =0) at memops.c:826
	#1200075040 in palloc_exec_actions (=23285877889584, =87413120, =138428416, =2) at palloc.c:570
	#1300082803 in palloc_publish (=23285877889584, =138428416, =2, =87413120) at palloc.c:666
	#1400102306 in pmemobj_tx_commit () at tx.c:989
	#1500102878 in pmemobj_tx_process () at tx.c:1081
	#1600013327 in __klee_posix_wrapped_main (=3, =126475424) at nvmbugs/000_pmdk_btree_map/driver.c:82
	#1700011011 in __user_main (=8, =122447488, =122447560) at runtime/POSIX/klee_init_env.c:281
	#1800003300 in __uClibc_main (=22254984, =8, =122447488, =39982856, =39982728, =0, =0) at libc/misc/internals/__uClibc_main.c:401
	#1900003467 in main (=8, =122447488)

24) Persistent Memory Info:
	Name: pmem_file_data
	Address: 23285877882880
	Size: 16384
Stack: 
	#000151898 in _mm_stream_si128.567 (=23285877892272, =0)
	#100151524 in memmove_movnt4x64b.556 (=23285877892160, =23285882070840) at ../../src/../src/libpmem/x86_64/memcpy/memcpy_nt_sse2.h:70
	#200150997 in memmove_movnt_sse_fw.552 (=23285877892160, =23285882070840, =256) at ../../src/../src/libpmem/x86_64/memcpy/memcpy_nt_sse2.h:179
	#300149839 in memmove_movnt_sse2_clwb (=23285877892160, =23285882070840, =256) at ../../src/../src/libpmem/x86_64/memcpy/memcpy_nt_sse2.h:300
	#400140179 in memmove_nodrain_sse2_clwb (=23285877892160, =23285882070840, =256, =2) at ../../src/../src/libpmem/x86_64/init.c:166
	#500166737 in pmem_memcpy (=23285877892160, =23285882070840, =256, =3) at pmem.c:646
	#600090230 in obj_norep_memcpy (=23285877882880, =23285877892160, =23285882070840, =256, =3) at obj.c:442
	#700034162 in pmemops_memcpy.1279 (=23285877889848, =23285877892160, =23285882070840, =256, =3) at ./pmemops.h:112
	#800086070 in ulog_entry_buf_create (=23285877892032, =0, =21, =23285882070800, =23285882070800, =304, =13835058055282163712, =23285877889848) at ulog.c:483
	#900085631 in operation_add_buffer (=87412352, =23285882070800, =23285882070800, =304, =13835058055282163712) at memops.c:472
	#1000103747 in pmemobj_tx_add_snapshot (=122445568, =251535232) at tx.c:1167
	#1100103327 in pmemobj_tx_add_common (=122445568, =251396704) at tx.c:1270
	#1200104364 in pmemobj_tx_add_range (=10892548160861921288, =4187920, =0, =304) at tx.c:1457
	#1300014829 in btree_map_insert_item (=10892548160861921288, =4187920, =5, =250191584) at nvmbugs/000_pmdk_btree_map/btree_map_buggy.c:264
	#1400013954 in btree_map_insert (=23285877882880, =10892548160861921288, =3935056, =9, =10892548160861921288, =3936336) at nvmbugs/000_pmdk_btree_map/btree_map_buggy.c:300
	#1500013278 in __klee_posix_wrapped_main (=3, =126475424) at nvmbugs/000_pmdk_btree_map/driver.c:80
	#1600011011 in __user_main (=8, =122447488, =122447560) at runtime/POSIX/klee_init_env.c:281
	#1700003300 in __uClibc_main (=22254984, =8, =122447488, =39982856, =39982728, =0, =0) at libc/misc/internals/__uClibc_main.c:401
	#1800003467 in main (=8, =122447488)

Error: persistent memory violation!
File: runtime/POSIX/mman.c
Line: 190
assembly.ll line: 107892
Stack: 
	#000107892 in munmap_sym (=23285877882880, =8388608, =127193344) at runtime/POSIX/mman.c:190
	#100107962 in munmap (=23285877882880, =8388608) at runtime/POSIX/mman.c:205
	#200048043 in util_unmap_part (=41135560) at ../../src/../src/common/set.c:488
	#300050202 in util_replica_close (=138557248, =0) at ../../src/../src/common/set.c:2914
	#400049982 in util_poolset_close (=138557248, =0) at ../../src/../src/common/set.c:634
	#500091107 in obj_pool_cleanup (=23285877882880) at obj.c:1960
	#600092738 in pmemobj_close (=23285877882880) at obj.c:2000
	#700013465 in __klee_posix_wrapped_main (=3, =126475424) at nvmbugs/000_pmdk_btree_map/driver.c:93
	#800011011 in __user_main (=8, =122447488, =122447560) at runtime/POSIX/klee_init_env.c:281
	#900003300 in __uClibc_main (=22254984, =8, =122447488, =39982856, =39982728, =0, =0) at libc/misc/internals/__uClibc_main.c:401
	#1000003467 in main (=8, =122447488)
Errors: 
25) Persistent Memory Info:
	Name: pmem_file_data
	Address: 23285882060800
	Size: 16384
File: nvmbugs/000_pmdk_btree_map/btree_map_buggy.c
Line: 199
assembly.ll line: 15201
Stack: 
	#000015201 in btree_map_create_split_node (=10892548160861921288, =4187280, =168460736) at nvmbugs/000_pmdk_btree_map/btree_map_buggy.c:199
	#100014473 in btree_map_find_dest_node (=10892548160861921288, =3935056, =10892548160861921288, =4187280, =0, =0, =7, =245310952) at nvmbugs/000_pmdk_btree_map/btree_map_buggy.c:215
	#200013939 in btree_map_insert (=23285877882880, =10892548160861921288, =3935056, =7, =10892548160861921288, =3936080) at nvmbugs/000_pmdk_btree_map/btree_map_buggy.c:297
	#300013278 in __klee_posix_wrapped_main (=3, =126475424) at nvmbugs/000_pmdk_btree_map/driver.c:80
	#400011011 in __user_main (=8, =122447488, =122447560) at runtime/POSIX/klee_init_env.c:281
	#500003300 in __uClibc_main (=22254984, =8, =122447488, =39982856, =39982728, =0, =0) at libc/misc/internals/__uClibc_main.c:401
	#600003467 in main (=8, =122447488)

26) Persistent Memory Info:
	Name: pmem_file_data
	Address: 23285882060800
	Size: 16384
File: libc/string/memcpy.c
Line: 29
assembly.ll line: 12627
Stack: 
	#000012627 in memcpy (=23285882070320, =122388848, =16) at libc/string/memcpy.c:29
	#100015415 in set_empty_item (=23285882070312) at nvmbugs/000_pmdk_btree_map/btree_map_buggy.c:49
	#200015118 in btree_map_create_split_node (=10892548160861921288, =4187280, =168460736) at nvmbugs/000_pmdk_btree_map/btree_map_buggy.c:194
	#300014473 in btree_map_find_dest_node (=10892548160861921288, =3935056, =10892548160861921288, =4187280, =0, =0, =7, =245310952) at nvmbugs/000_pmdk_btree_map/btree_map_buggy.c:215
	#400013939 in btree_map_insert (=23285877882880, =10892548160861921288, =3935056, =7, =10892548160861921288, =3936080) at nvmbugs/000_pmdk_btree_map/btree_map_buggy.c:297
	#500013278 in __klee_posix_wrapped_main (=3, =126475424) at nvmbugs/000_pmdk_btree_map/driver.c:80
	#600011011 in __user_main (=8, =122447488, =122447560) at runtime/POSIX/klee_init_env.c:281
	#700003300 in __uClibc_main (=22254984, =8, =122447488, =39982856, =39982728, =0, =0) at libc/misc/internals/__uClibc_main.c:401
	#800003467 in main (=8, =122447488)

27) Persistent Memory Info:
	Name: pmem_file_data
	Address: 23285882060800
	Size: 16384
File: nvmbugs/000_pmdk_btree_map/btree_map_buggy.c
Line: 48
assembly.ll line: 15411
Stack: 
	#000015411 in set_empty_item (=23285882070264) at nvmbugs/000_pmdk_btree_map/btree_map_buggy.c:48
	#100015118 in btree_map_create_split_node (=10892548160861921288, =4187280, =168460736) at nvmbugs/000_pmdk_btree_map/btree_map_buggy.c:194
	#200014473 in btree_map_find_dest_node (=10892548160861921288, =3935056, =10892548160861921288, =4187280, =0, =0, =7, =245310952) at nvmbugs/000_pmdk_btree_map/btree_map_buggy.c:215
	#300013939 in btree_map_insert (=23285877882880, =10892548160861921288, =3935056, =7, =10892548160861921288, =3936080) at nvmbugs/000_pmdk_btree_map/btree_map_buggy.c:297
	#400013278 in __klee_posix_wrapped_main (=3, =126475424) at nvmbugs/000_pmdk_btree_map/driver.c:80
	#500011011 in __user_main (=8, =122447488, =122447560) at runtime/POSIX/klee_init_env.c:281
	#600003300 in __uClibc_main (=22254984, =8, =122447488, =39982856, =39982728, =0, =0) at libc/misc/internals/__uClibc_main.c:401
	#700003467 in main (=8, =122447488)

28) Persistent Memory Info:
	Name: pmem_file_data
	Address: 23285882060800
	Size: 16384
File: libc/string/memcpy.c
Line: 29
assembly.ll line: 12627
Stack: 
	#000012627 in memcpy (=23285882070448, =122388848, =16) at libc/string/memcpy.c:29
	#100015175 in btree_map_create_split_node (=10892548160861921288, =4187280, =168460736) at nvmbugs/000_pmdk_btree_map/btree_map_buggy.c:197
	#200014473 in btree_map_find_dest_node (=10892548160861921288, =3935056, =10892548160861921288, =4187280, =0, =0, =7, =245310952) at nvmbugs/000_pmdk_btree_map/btree_map_buggy.c:215
	#300013939 in btree_map_insert (=23285877882880, =10892548160861921288, =3935056, =7, =10892548160861921288, =3936080) at nvmbugs/000_pmdk_btree_map/btree_map_buggy.c:297
	#400013278 in __klee_posix_wrapped_main (=3, =126475424) at nvmbugs/000_pmdk_btree_map/driver.c:80
	#500011011 in __user_main (=8, =122447488, =122447560) at runtime/POSIX/klee_init_env.c:281
	#600003300 in __uClibc_main (=22254984, =8, =122447488, =39982856, =39982728, =0, =0) at libc/misc/internals/__uClibc_main.c:401
	#700003467 in main (=8, =122447488)

Error: persistent memory violation!
File: runtime/POSIX/mman.c
Line: 190
assembly.ll line: 107892
Stack: 
	#000107892 in munmap_sym (=23285877882880, =8388608, =127193344) at runtime/POSIX/mman.c:190
	#100107962 in munmap (=23285877882880, =8388608) at runtime/POSIX/mman.c:205
	#200048043 in util_unmap_part (=41135560) at ../../src/../src/common/set.c:488
	#300050202 in util_replica_close (=138557248, =0) at ../../src/../src/common/set.c:2914
	#400049982 in util_poolset_close (=138557248, =0) at ../../src/../src/common/set.c:634
	#500091107 in obj_pool_cleanup (=23285877882880) at obj.c:1960
	#600092738 in pmemobj_close (=23285877882880) at obj.c:2000
	#700013465 in __klee_posix_wrapped_main (=3, =126475424) at nvmbugs/000_pmdk_btree_map/driver.c:93
	#800011011 in __user_main (=8, =122447488, =122447560) at runtime/POSIX/klee_init_env.c:281
	#900003300 in __uClibc_main (=22254984, =8, =122447488, =39982856, =39982728, =0, =0) at libc/misc/internals/__uClibc_main.c:401
	#1000003467 in main (=8, =122447488)
Errors: 
29) Persistent Memory Info:
	Name: pmem_file_data
	Address: 23285882077184
	Size: 16384
File: libc/string/memcpy.c
Line: 29
assembly.ll line: 12627
Stack: 
	#000012627 in memcpy (=23285882086464, =246119408, =40) at libc/string/memcpy.c:29
	#100065388 in container_ravl_insert_block (=168971424, =246119408) at container_ravl.c:89
	#200029997 in bucket_insert_block (=170482880, =246119408) at bucket.c:104
	#300029882 in heap_free_chunk_reuse (=23285877889584, =170482880, =246119408) at heap.c:545
	#400069838 in heap_reclaim_zone_garbage (=23285877889584, =170482880, =0) at heap.c:644
	#500069188 in heap_populate_bucket (=23285877889584, =170482880) at heap.c:678
	#600068634 in heap_ensure_run_bucket_filled (=23285877889584, =151204992, =1) at heap.c:842
	#700068311 in heap_get_bestfit_block (=23285877889584, =151204992, =138428960) at heap.c:958
	#800074805 in palloc_reservation_create (=23285877889584, =16, =67788552, =245492640, =1012, =0, =0, =0, =138428928) at palloc.c:238
	#900082160 in palloc_reserve (=23285877889584, =16, =67788552, =245492640, =1012, =0, =0, =0, =138428928) at palloc.c:603
	#1000104970 in tx_alloc_common (=122445568, =16, =1012, =67788552, =245492640) at tx.c:612
	#1100105168 in pmemobj_tx_zalloc (=16, =1012) at tx.c:1554
	#1200013126 in __klee_posix_wrapped_main (=3, =126475424) at nvmbugs/000_pmdk_btree_map/driver.c:70
	#1300011011 in __user_main (=8, =122447488, =122447560) at runtime/POSIX/klee_init_env.c:281
	#1400003300 in __uClibc_main (=22254984, =8, =122447488, =39982856, =39982728, =0, =0) at libc/misc/internals/__uClibc_main.c:401
	#1500003467 in main (=8, =122447488)

