Persistent Memory Bugs:
	Number of bugs: 9
		Number of unpersisted write bugs (correctness): 0
		Number of extra flush bugs (performance): 2
		Number of flushes to untouched memory (performance): 2
		Number of fences with nothing to commit (performance): 5
	Overall bug occurences: 689216
		Number of unpersisted write occurences (correctness): 0
		Number of extra flush occurences (performance): 48
		Number of untouched memory flush occurences (performance): 689088
		Number of occurence of fences with nothing to commit (performance): 80

(1) ID #6594 with 32 occurences:
Type of modification: flush (unnecessary)
File: ../../src/../src/libpmem2/x86_64/flush.h
Line: 48
assembly.ll line: 148965
 allocated at _block_init_pmem():  %24 = call i8* @klee_pmem_alloc_pmem(i64 %20, i8* %21, i1 zeroext %23, i8* null), !dbg !8395
Stack: 
Current Thread: 1
Thread 1, Process 0, enabled
		PC:   call void @llvm.x86.clwb(i8* %3, i8* %3), !dbg !8368 (op #0=<global const>, op #1=158197184, op #2=158197184)
	#000148965 in pmem_clwb (=158197184) at ../../src/../src/libpmem2/x86_64/flush.h:48
	#100148949 in flush_clwb_nolog (=158197200, =72) at ../../src/../src/libpmem2/x86_64/flush.h:104
	#200148782 in flush_clwb (=158197200, =72) at ../../src/../src/libpmem2/x86_64/init.c:60
	#300165144 in pmem_flush (=158197200, =72) at pmem.c:232
	#400165170 in pmem_persist (=158197200, =72) at pmem.c:243
	#500116605 in obj_norep_persist (=154263552, =158197200, =72, =0) at obj.c:464
	#600115730 in pmemops_xpersist.865 (=154270520, =158197200, =72, =0) at ./pmemops.h:51
	#700115255 in pmemops_persist.846 (=154270520, =158197200, =72) at ./pmemops.h:57
	#800121519 in pmemobj_persist (=154263552, =158197200, =72) at obj.c:2724
	#900014699 in create_hashmap (=154263552, =9907816116311271240, =3933648, =0) at nvmbugs/hashmap_atomic/hashmap_atomic.c:150
	#1000014524 in hm_atomic_create (=154263552, =158197072, =0) at nvmbugs/hashmap_atomic/hashmap_atomic.c:443
	#1100011140 in map_hm_atomic_create (=154263552, =158197072, =0) at nvmbugs/hashmap_atomic/map_hashmap_atomic.c:87
	#1200015506 in map_create (=154260000, =158197072, =0) at nvmbugs/hashmap_atomic/map.c:84
	#1300014984 in __klee_posix_wrapped_main (=3, =153876704) at nvmbugs/hashmap_atomic/driver.c:150
	#1400009362 in __klee_posix_ctor_stub_insert_point (=3, =153876704, =73686528) at runtime/POSIX/./klee_init_env.c:491
	#1500009382 in __user_main (=7, =73686464, =73686528) at runtime/POSIX/./klee_init_env.c:499
	#1600003468 in __uClibc_main (=45671432, =7, =73686464, =0, =0, =0, =0) at libc/misc/internals/__uClibc_main.c:401
	#1700003635 in main (=7, =73686464)

<not masking anything>
<not masked by anything>

(2) ID #6564 with 16 occurences:
Type of modification: fence (unnecessary)
File: ../../src/../src/libpmem2/x86_64/init.c
Line: 27
assembly.ll line: 148999
 (no allocation info)
Stack: 
Current Thread: 1
Thread 1, Process 0, enabled
		PC:   call void @llvm.x86.sse.sfence(), !dbg !8365 (op #0=<global const>)
	#000148999 in memory_barrier () at ../../src/../src/libpmem2/x86_64/init.c:27
	#100165051 in pmem_drain () at pmem.c:189
	#200116668 in obj_norep_drain (=154263552) at obj.c:492
	#300101507 in pmemops_drain.1002 (=154270256) at ./pmemops.h:76
	#400101297 in palloc_exec_actions (=154270256, =151610112, =153399808, =1) at palloc.c:559
	#500100304 in palloc_operation (=154270256, =0, =158197248, =808, =56238984, =302103904, =1001, =0, =0, =0, =151610112) at palloc.c:769
	#600119668 in obj_alloc_construct (=154263552, =158197240, =808, =1001, =0, =54818568, =153390168) at obj.c:2192
	#700119502 in pmemobj_alloc (=154263552, =158197240, =808, =1001, =54818568, =153390168) at obj.c:2224
	#800014672 in create_hashmap (=154263552, =9907816116311271240, =3933648, =0) at nvmbugs/hashmap_atomic/hashmap_atomic.c:144
	#900014524 in hm_atomic_create (=154263552, =158197072, =0) at nvmbugs/hashmap_atomic/hashmap_atomic.c:443
	#1000011140 in map_hm_atomic_create (=154263552, =158197072, =0) at nvmbugs/hashmap_atomic/map_hashmap_atomic.c:87
	#1100015506 in map_create (=154260000, =158197072, =0) at nvmbugs/hashmap_atomic/map.c:84
	#1200014984 in __klee_posix_wrapped_main (=3, =153876704) at nvmbugs/hashmap_atomic/driver.c:150
	#1300009362 in __klee_posix_ctor_stub_insert_point (=3, =153876704, =73686528) at runtime/POSIX/./klee_init_env.c:491
	#1400009382 in __user_main (=7, =73686464, =73686528) at runtime/POSIX/./klee_init_env.c:499
	#1500003468 in __uClibc_main (=45671432, =7, =73686464, =0, =0, =0, =0) at libc/misc/internals/__uClibc_main.c:401
	#1600003635 in main (=7, =73686464)

<not masking anything>
<not masked by anything>

(3) ID #6595 with 16 occurences:
Type of modification: fence (unnecessary)
File: ../../src/../src/libpmem2/x86_64/init.c
Line: 27
assembly.ll line: 148999
 (no allocation info)
Stack: 
Current Thread: 1
Thread 1, Process 0, enabled
		PC:   call void @llvm.x86.sse.sfence(), !dbg !8365 (op #0=<global const>)
	#000148999 in memory_barrier () at ../../src/../src/libpmem2/x86_64/init.c:27
	#100165051 in pmem_drain () at pmem.c:189
	#200165171 in pmem_persist (=158197200, =72) at pmem.c:244
	#300116605 in obj_norep_persist (=154263552, =158197200, =72, =0) at obj.c:464
	#400115730 in pmemops_xpersist.865 (=154270520, =158197200, =72, =0) at ./pmemops.h:51
	#500115255 in pmemops_persist.846 (=154270520, =158197200, =72) at ./pmemops.h:57
	#600121519 in pmemobj_persist (=154263552, =158197200, =72) at obj.c:2724
	#700014699 in create_hashmap (=154263552, =9907816116311271240, =3933648, =0) at nvmbugs/hashmap_atomic/hashmap_atomic.c:150
	#800014524 in hm_atomic_create (=154263552, =158197072, =0) at nvmbugs/hashmap_atomic/hashmap_atomic.c:443
	#900011140 in map_hm_atomic_create (=154263552, =158197072, =0) at nvmbugs/hashmap_atomic/map_hashmap_atomic.c:87
	#1000015506 in map_create (=154260000, =158197072, =0) at nvmbugs/hashmap_atomic/map.c:84
	#1100014984 in __klee_posix_wrapped_main (=3, =153876704) at nvmbugs/hashmap_atomic/driver.c:150
	#1200009362 in __klee_posix_ctor_stub_insert_point (=3, =153876704, =73686528) at runtime/POSIX/./klee_init_env.c:491
	#1300009382 in __user_main (=7, =73686464, =73686528) at runtime/POSIX/./klee_init_env.c:499
	#1400003468 in __uClibc_main (=45671432, =7, =73686464, =0, =0, =0, =0) at libc/misc/internals/__uClibc_main.c:401
	#1500003635 in main (=7, =73686464)

<not masking anything>
<not masked by anything>

(4) ID #6238 with 688128 occurences:
Type of modification: flush (never modified)
File: ../../src/../src/libpmem2/x86_64/flush.h
Line: 48
assembly.ll line: 148965
 allocated at _block_init_pmem():  %24 = call i8* @klee_pmem_alloc_pmem(i64 %20, i8* %21, i1 zeroext %23, i8* null), !dbg !8395
Stack: 
Current Thread: 1
Thread 1, Process 0, enabled
		PC:   call void @llvm.x86.clwb(i8* %3, i8* %3), !dbg !8368 (op #0=<global const>, op #1=154271872, op #2=154271872)
	#000148965 in pmem_clwb (=154271872) at ../../src/../src/libpmem2/x86_64/flush.h:48
	#100148949 in flush_clwb_nolog (=154271744, =3145728) at ../../src/../src/libpmem2/x86_64/flush.h:104
	#200148782 in flush_clwb (=154271744, =3145728) at ../../src/../src/libpmem2/x86_64/init.c:60
	#300165144 in pmem_flush (=154271744, =3145728) at pmem.c:232
	#400165170 in pmem_persist (=154271744, =3145728) at pmem.c:243
	#500116605 in obj_norep_persist (=154263552, =154271744, =3145728, =2147483648) at obj.c:464
	#600106392 in pmemops_xpersist.664 (=154270520, =154271744, =3145728, =2147483648) at ./pmemops.h:51
	#700106365 in lane_init_data (=154263552) at lane.c:320
	#800114725 in obj_descr_create (=154263552, =151520016, =8388608) at obj.c:887
	#900114270 in pmemobj_createU (=113263112, =151520016, =8388608, =438) at obj.c:1382
	#1000113991 in pmemobj_create (=113263112, =151520016, =8388608, =438) at obj.c:1423
	#1100014826 in __klee_posix_wrapped_main (=3, =153876704) at nvmbugs/hashmap_atomic/driver.c:125
	#1200009362 in __klee_posix_ctor_stub_insert_point (=3, =153876704, =73686528) at runtime/POSIX/./klee_init_env.c:491
	#1300009382 in __user_main (=7, =73686464, =73686528) at runtime/POSIX/./klee_init_env.c:499
	#1400003468 in __uClibc_main (=45671432, =7, =73686464, =0, =0, =0, =0) at libc/misc/internals/__uClibc_main.c:401
	#1500003635 in main (=7, =73686464)

<not masking anything>
<not masked by anything>

(5) ID #9 with 960 occurences:
Type of modification: flush (never modified)
File: ../../src/../src/libpmem2/x86_64/flush.h
Line: 48
assembly.ll line: 148965
 allocated at _block_init_pmem():  %24 = call i8* @klee_pmem_alloc_pmem(i64 %20, i8* %21, i1 zeroext %23, i8* null), !dbg !8395
Stack: 
Current Thread: 1
Thread 1, Process 0, enabled
		PC:   call void @llvm.x86.clwb(i8* %3, i8* %3), !dbg !8368 (op #0=<global const>, op #1=154263744, op #2=154263744)
	#000148965 in pmem_clwb (=154263744) at ../../src/../src/libpmem2/x86_64/flush.h:48
	#100148949 in flush_clwb_nolog (=154263552, =4096) at ../../src/../src/libpmem2/x86_64/flush.h:104
	#200148782 in flush_clwb (=154263552, =4096) at ../../src/../src/libpmem2/x86_64/init.c:60
	#300165144 in pmem_flush (=154263552, =4096) at pmem.c:232
	#400165170 in pmem_persist (=154263552, =4096) at pmem.c:243
	#500081355 in util_persist (=1, =154263552, =4096) at ../common/util_pmem.h:27
	#600081323 in util_persist_auto (=1, =154263552, =4096) at ../common/util_pmem.h:40
	#700080843 in util_header_create (=70622592, =0, =0, =86120912, =0) at ../../src/../src/common/set.c:2326
	#800084061 in util_replica_init_headers_local (=70622592, =0, =1, =86120912) at ../../src/../src/common/set.c:2777
	#900083935 in util_replica_create_local (=70622592, =0, =1, =86120912) at ../../src/../src/common/set.c:2823
	#1000082438 in util_pool_create_uuids (=153390136, =113263112, =8388608, =8388608, =2097152, =86120912, =153390272, =1, =0) at ../../src/../src/common/set.c:3313
	#1100084343 in util_pool_create (=153390136, =113263112, =8388608, =8388608, =2097152, =86120912, =153390272, =1) at ../../src/../src/common/set.c:3356
	#1200114087 in pmemobj_createU (=113263112, =151520016, =8388608, =438) at obj.c:1343
	#1300113991 in pmemobj_create (=113263112, =151520016, =8388608, =438) at obj.c:1423
	#1400014826 in __klee_posix_wrapped_main (=3, =153876704) at nvmbugs/hashmap_atomic/driver.c:125
	#1500009362 in __klee_posix_ctor_stub_insert_point (=3, =153876704, =73686528) at runtime/POSIX/./klee_init_env.c:491
	#1600009382 in __user_main (=7, =73686464, =73686528) at runtime/POSIX/./klee_init_env.c:499
	#1700003468 in __uClibc_main (=45671432, =7, =73686464, =0, =0, =0, =0) at libc/misc/internals/__uClibc_main.c:401
	#1800003635 in main (=7, =73686464)

<not masking anything>
<not masked by anything>

(6) ID #6435 with 16 occurences:
Type of modification: fence (unnecessary)
File: ../../src/../src/libpmem2/x86_64/init.c
Line: 27
assembly.ll line: 148999
 (no allocation info)
Stack: 
Current Thread: 1
Thread 1, Process 0, enabled
		PC:   call void @llvm.x86.sse.sfence(), !dbg !8365 (op #0=<global const>)
	#000148999 in memory_barrier () at ../../src/../src/libpmem2/x86_64/init.c:27
	#100165051 in pmem_drain () at pmem.c:189
	#200116668 in obj_norep_drain (=154263552) at obj.c:492
	#300101507 in pmemops_drain.1002 (=154270256) at ./pmemops.h:76
	#400101297 in palloc_exec_actions (=154270256, =151610112, =153399808, =1) at palloc.c:559
	#500100304 in palloc_operation (=154270256, =0, =158197080, =72, =56238984, =180278144, =1000, =0, =0, =0, =151610112) at palloc.c:769
	#600119668 in obj_alloc_construct (=154263552, =158197072, =72, =1000, =1, =0, =0) at obj.c:2192
	#700119981 in pmemobj_zalloc (=154263552, =158197072, =72, =1000) at obj.c:2300
	#800014515 in hm_atomic_create (=154263552, =158197072, =0) at nvmbugs/hashmap_atomic/hashmap_atomic.c:441
	#900011140 in map_hm_atomic_create (=154263552, =158197072, =0) at nvmbugs/hashmap_atomic/map_hashmap_atomic.c:87
	#1000015506 in map_create (=154260000, =158197072, =0) at nvmbugs/hashmap_atomic/map.c:84
	#1100014984 in __klee_posix_wrapped_main (=3, =153876704) at nvmbugs/hashmap_atomic/driver.c:150
	#1200009362 in __klee_posix_ctor_stub_insert_point (=3, =153876704, =73686528) at runtime/POSIX/./klee_init_env.c:491
	#1300009382 in __user_main (=7, =73686464, =73686528) at runtime/POSIX/./klee_init_env.c:499
	#1400003468 in __uClibc_main (=45671432, =7, =73686464, =0, =0, =0, =0) at libc/misc/internals/__uClibc_main.c:401
	#1500003635 in main (=7, =73686464)

<not masking anything>
<not masked by anything>

(7) ID #6562 with 16 occurences:
Type of modification: flush (unnecessary)
File: ../../src/../src/libpmem2/x86_64/flush.h
Line: 48
assembly.ll line: 148965
 allocated at _block_init_pmem():  %24 = call i8* @klee_pmem_alloc_pmem(i64 %20, i8* %21, i1 zeroext %23, i8* null), !dbg !8395
Stack: 
Current Thread: 1
Thread 1, Process 0, enabled
		PC:   call void @llvm.x86.clwb(i8* %3, i8* %3), !dbg !8368 (op #0=<global const>, op #1=158417984, op #2=158417984)
	#000148965 in pmem_clwb (=158417984) at ../../src/../src/libpmem2/x86_64/flush.h:48
	#100148949 in flush_clwb_nolog (=158418000, =8) at ../../src/../src/libpmem2/x86_64/flush.h:104
	#200148782 in flush_clwb (=158418000, =8) at ../../src/../src/libpmem2/x86_64/init.c:60
	#300165144 in pmem_flush (=158418000, =8) at pmem.c:232
	#400165170 in pmem_persist (=158418000, =8) at pmem.c:243
	#500116605 in obj_norep_persist (=154263552, =158418000, =8, =0) at obj.c:464
	#600115730 in pmemops_xpersist.865 (=154270520, =158418000, =8, =0) at ./pmemops.h:51
	#700115255 in pmemops_persist.846 (=154270520, =158418000, =8) at ./pmemops.h:57
	#800121519 in pmemobj_persist (=154263552, =158418000, =8) at obj.c:2724
	#900012027 in create_buckets (=154263552, =158418000, =153390168) at nvmbugs/hashmap_atomic/hashmap_atomic.c:120
	#1000119808 in constructor_alloc (=154263552, =158418000, =816, =302103904) at obj.c:2161
	#1100105090 in alloc_prep_block (=154270256, =153399848, =56238984, =302103904, =1001, =0, =153399808) at palloc.c:134
	#1200101040 in palloc_reservation_create (=154270256, =808, =56238984, =302103904, =1001, =0, =0, =0, =153399808) at palloc.c:222
	#1300100174 in palloc_operation (=154270256, =0, =158197248, =808, =56238984, =302103904, =1001, =0, =0, =0, =151610112) at palloc.c:732
	#1400119668 in obj_alloc_construct (=154263552, =158197240, =808, =1001, =0, =54818568, =153390168) at obj.c:2192
	#1500119502 in pmemobj_alloc (=154263552, =158197240, =808, =1001, =54818568, =153390168) at obj.c:2224
	#1600014672 in create_hashmap (=154263552, =9907816116311271240, =3933648, =0) at nvmbugs/hashmap_atomic/hashmap_atomic.c:144
	#1700014524 in hm_atomic_create (=154263552, =158197072, =0) at nvmbugs/hashmap_atomic/hashmap_atomic.c:443
	#1800011140 in map_hm_atomic_create (=154263552, =158197072, =0) at nvmbugs/hashmap_atomic/map_hashmap_atomic.c:87
	#1900015506 in map_create (=154260000, =158197072, =0) at nvmbugs/hashmap_atomic/map.c:84
	#2000014984 in __klee_posix_wrapped_main (=3, =153876704) at nvmbugs/hashmap_atomic/driver.c:150
	#2100009362 in __klee_posix_ctor_stub_insert_point (=3, =153876704, =73686528) at runtime/POSIX/./klee_init_env.c:491
	#2200009382 in __user_main (=7, =73686464, =73686528) at runtime/POSIX/./klee_init_env.c:499
	#2300003468 in __uClibc_main (=45671432, =7, =73686464, =0, =0, =0, =0) at libc/misc/internals/__uClibc_main.c:401
	#2400003635 in main (=7, =73686464)

<not masking anything>
<not masked by anything>

(8) ID #6393 with 16 occurences:
Type of modification: fence (unnecessary)
File: ../../src/../src/libpmem2/x86_64/init.c
Line: 27
assembly.ll line: 148999
 (no allocation info)
Stack: 
Current Thread: 1
Thread 1, Process 0, enabled
		PC:   call void @llvm.x86.sse.sfence(), !dbg !8365 (op #0=<global const>)
	#000148999 in memory_barrier () at ../../src/../src/libpmem2/x86_64/init.c:27
	#100165051 in pmem_drain () at pmem.c:189
	#200116668 in obj_norep_drain (=154263552) at obj.c:492
	#300101507 in pmemops_drain.1002 (=154270256) at ./pmemops.h:76
	#400101297 in palloc_exec_actions (=154270256, =151610112, =153399808, =1) at palloc.c:559
	#500100304 in palloc_operation (=154270256, =0, =154269696, =16, =56243208, =229081536, =0, =32768, =0, =0, =151610112) at palloc.c:769
	#600122166 in obj_alloc_root (=154263552, =16, =0, =0) at obj.c:2833
	#700122004 in pmemobj_root_construct (=154263552, =16, =0, =0) at obj.c:2887
	#800122359 in pmemobj_root (=154263552, =16) at obj.c:2912
	#900014851 in __klee_posix_wrapped_main (=3, =153876704) at nvmbugs/hashmap_atomic/driver.c:136
	#1000009362 in __klee_posix_ctor_stub_insert_point (=3, =153876704, =73686528) at runtime/POSIX/./klee_init_env.c:491
	#1100009382 in __user_main (=7, =73686464, =73686528) at runtime/POSIX/./klee_init_env.c:499
	#1200003468 in __uClibc_main (=45671432, =7, =73686464, =0, =0, =0, =0) at libc/misc/internals/__uClibc_main.c:401
	#1300003635 in main (=7, =73686464)

<not masking anything>
<not masked by anything>

(9) ID #6563 with 16 occurences:
Type of modification: fence (unnecessary)
File: ../../src/../src/libpmem2/x86_64/init.c
Line: 27
assembly.ll line: 148999
 (no allocation info)
Stack: 
Current Thread: 1
Thread 1, Process 0, enabled
		PC:   call void @llvm.x86.sse.sfence(), !dbg !8365 (op #0=<global const>)
	#000148999 in memory_barrier () at ../../src/../src/libpmem2/x86_64/init.c:27
	#100165051 in pmem_drain () at pmem.c:189
	#200165171 in pmem_persist (=158418000, =8) at pmem.c:244
	#300116605 in obj_norep_persist (=154263552, =158418000, =8, =0) at obj.c:464
	#400115730 in pmemops_xpersist.865 (=154270520, =158418000, =8, =0) at ./pmemops.h:51
	#500115255 in pmemops_persist.846 (=154270520, =158418000, =8) at ./pmemops.h:57
	#600121519 in pmemobj_persist (=154263552, =158418000, =8) at obj.c:2724
	#700012027 in create_buckets (=154263552, =158418000, =153390168) at nvmbugs/hashmap_atomic/hashmap_atomic.c:120
	#800119808 in constructor_alloc (=154263552, =158418000, =816, =302103904) at obj.c:2161
	#900105090 in alloc_prep_block (=154270256, =153399848, =56238984, =302103904, =1001, =0, =153399808) at palloc.c:134
	#1000101040 in palloc_reservation_create (=154270256, =808, =56238984, =302103904, =1001, =0, =0, =0, =153399808) at palloc.c:222
	#1100100174 in palloc_operation (=154270256, =0, =158197248, =808, =56238984, =302103904, =1001, =0, =0, =0, =151610112) at palloc.c:732
	#1200119668 in obj_alloc_construct (=154263552, =158197240, =808, =1001, =0, =54818568, =153390168) at obj.c:2192
	#1300119502 in pmemobj_alloc (=154263552, =158197240, =808, =1001, =54818568, =153390168) at obj.c:2224
	#1400014672 in create_hashmap (=154263552, =9907816116311271240, =3933648, =0) at nvmbugs/hashmap_atomic/hashmap_atomic.c:144
	#1500014524 in hm_atomic_create (=154263552, =158197072, =0) at nvmbugs/hashmap_atomic/hashmap_atomic.c:443
	#1600011140 in map_hm_atomic_create (=154263552, =158197072, =0) at nvmbugs/hashmap_atomic/map_hashmap_atomic.c:87
	#1700015506 in map_create (=154260000, =158197072, =0) at nvmbugs/hashmap_atomic/map.c:84
	#1800014984 in __klee_posix_wrapped_main (=3, =153876704) at nvmbugs/hashmap_atomic/driver.c:150
	#1900009362 in __klee_posix_ctor_stub_insert_point (=3, =153876704, =73686528) at runtime/POSIX/./klee_init_env.c:491
	#2000009382 in __user_main (=7, =73686464, =73686528) at runtime/POSIX/./klee_init_env.c:499
	#2100003468 in __uClibc_main (=45671432, =7, =73686464, =0, =0, =0, =0) at libc/misc/internals/__uClibc_main.c:401
	#2200003635 in main (=7, =73686464)

<not masking anything>
<not masked by anything>
