Persistent Memory Bugs:
	Number of bugs: 51
		Number of unpersisted write bugs (correctness): 24
		Number of extra flush bugs (performance): 7
		Number of flushes to untouched memory (performance): 4
		Number of fences with nothing to commit (performance): 16
	Overall bug occurences: 223741
		Number of unpersisted write occurences (correctness): 3403
		Number of extra flush occurences (performance): 66304
		Number of untouched memory flush occurences (performance): 116
		Number of occurence of fences with nothing to commit (performance): 153918

(1) ID #2339444512682632102 with 86 occurences:
Type of modification: write (unpersisted)
File: libc/string/memcpy.c
Line: 29
assembly.ll line: 11940
 allocated at _block_init_pmem_from_file():  %22 = call i8* @klee_pmem_alloc_pmem(i64 %19, i8* %20, i1 zeroext false, i8* %21), !dbg !11010
Stack: 
Current Thread: 1
Thread 1, Process 0, enabled
		PC:   store i8 %17, i8* %18, align 1, !dbg !10998 (op #0=3, op #1=531334208)
	#000011940 in memcpy (=531334208, =343261104, =40) at libc/string/memcpy.c:29
	#100102354 in container_ravl_insert_block (=624621856, =343261104) at container_ravl.c:60
	#200056970 in bucket_insert_block (=1614964608, =343261104) at bucket.c:75
	#300105889 in heap_split_block (=526875184, =1614964608, =500490576, =1) at heap.c:964
	#400105316 in heap_get_bestfit_block (=526875184, =1614964608, =500490576) at heap.c:995
	#500105551 in heap_ensure_run_bucket_filled (=526875184, =1363283488, =3) at heap.c:884
	#600105251 in heap_get_bestfit_block (=526875184, =1363283488, =1559044264) at heap.c:987
	#700110805 in palloc_reservation_create (=526875184, =2048, =127015688, =1648997472, =2, =0, =0, =0, =1559044224) at palloc.c:218
	#800118417 in palloc_reserve (=526875184, =2048, =127015688, =1648997472, =2, =0, =0, =0, =1559044224) at palloc.c:597
	#900142700 in tx_alloc_common (=71792416, =2048, =2, =127015688, =1648997472) at tx.c:587
	#1000142910 in pmemobj_tx_zalloc (=2048, =2) at tx.c:1595
	#1100014629 in clht_hashtable_create (=32) at src/clht_lb_res.c:365
	#1200014162 in ht_resize_pes (=530805968, =1, =4) at src/clht_lb_res.c:839
	#1300013958 in ht_status (=530805968, =1, =0) at src/clht_lb_res.c:1112
	#1400013346 in clht_put (=530805968, =32, =32) at src/clht_lb_res.c:597
	#1500012688 in _ZZ3runPPcENK3$_0clEv (=291644592) at example-nothread.cpp:109
	#1600012271 in _Z3runPPc (=400716384) at example-nothread.cpp:114
	#1700016765 in __klee_posix_wrapped_main (=2, =400716384) at example-nothread.cpp:204
	#1800010304 in __klee_posix_ctor_stub_insert_point (=2, =400716384, =49624624) at runtime/POSIX/./klee_init_env.c:491
	#1900010324 in __user_main (=5, =49624576, =49624624) at runtime/POSIX/./klee_init_env.c:499
	#2000004410 in __uClibc_main (=49076616, =5, =49624576, =0, =0, =0, =0) at libc/misc/internals/__uClibc_main.c:401
	#2100004577 in main (=5, =49624576)

<not masking anything>
<not masked by anything>

(2) ID #14147490184899255272 with 14 occurences:
Type of modification: flush (never modified)
File: ../../src/../src/libpmem2/x86_64/flush.h
Line: 48
assembly.ll line: 156098
 allocated at _block_init_pmem_from_file():  %22 = call i8* @klee_pmem_alloc_pmem(i64 %19, i8* %20, i1 zeroext false, i8* %21), !dbg !11010
Stack: 
Current Thread: 1
Thread 1, Process 0, enabled
		PC:   call void @llvm.x86.clwb(i8* %3, i8* %3), !dbg !10984 (op #0=<global const>, op #1=530807040, op #2=530807040)
	#000156098 in pmem_clwb (=530807040) at ../../src/../src/libpmem2/x86_64/flush.h:48
	#100156082 in flush_clwb_nolog (=530806928, =176) at ../../src/../src/libpmem2/x86_64/flush.h:104
	#200155915 in flush_clwb (=530806928, =176) at ../../src/../src/libpmem2/x86_64/init.c:60
	#300172277 in pmem_flush (=530806928, =176) at pmem.c:232
	#400126425 in obj_norep_flush (=526868480, =530806928, =176, =2147483648) at obj.c:478
	#500140137 in pmemops_xflush.1191 (=526875448, =530806928, =176, =2147483648) at ./pmemops.h:64
	#600140091 in tx_flush_range (=1770970720, =526868480) at tx.c:403
	#700070320 in ravl_foreach_node (=1770970688, =127013640, =526868480, =1) at ../../src/../src/common/ravl.c:81
	#800070272 in ravl_delete_cb (=1666621152, =127013640, =526868480) at ../../src/../src/common/ravl.c:104
	#900140017 in tx_pre_commit (=71792416) at tx.c:432
	#1000139903 in pmemobj_tx_commit () at tx.c:999
	#1100140545 in pmemobj_tx_process () at tx.c:1101
	#1200014396 in ht_resize_pes (=530805968, =1, =4) at src/clht_lb_res.c:1002
	#1300013958 in ht_status (=530805968, =1, =0) at src/clht_lb_res.c:1112
	#1400013346 in clht_put (=530805968, =32, =32) at src/clht_lb_res.c:597
	#1500012688 in _ZZ3runPPcENK3$_0clEv (=291644592) at example-nothread.cpp:109
	#1600012271 in _Z3runPPc (=400716384) at example-nothread.cpp:114
	#1700016765 in __klee_posix_wrapped_main (=2, =400716384) at example-nothread.cpp:204
	#1800010304 in __klee_posix_ctor_stub_insert_point (=2, =400716384, =49624624) at runtime/POSIX/./klee_init_env.c:491
	#1900010324 in __user_main (=5, =49624576, =49624624) at runtime/POSIX/./klee_init_env.c:499
	#2000004410 in __uClibc_main (=49076616, =5, =49624576, =0, =0, =0, =0) at libc/misc/internals/__uClibc_main.c:401
	#2100004577 in main (=5, =49624576)

<not masking anything>
<not masked by anything>

(3) ID #3297230423911445501 with 14 occurences:
Type of modification: fence (unnecessary)
File: src/clht_lb_res.c
Line: 139
assembly.ll line: 14944
 (no allocation info)
Stack: 
Current Thread: 1
Thread 1, Process 0, enabled
		PC:   call void @llvm.x86.sse2.mfence(), !dbg !10978 (op #0=<global const>)
	#000014944 in mfence () at src/clht_lb_res.c:139
	#100013636 in clflush (=530805968, =8, =true) at src/clht_lb_res.c:146
	#200014345 in ht_resize_pes (=530805968, =1, =4) at src/clht_lb_res.c:941
	#300013958 in ht_status (=530805968, =1, =0) at src/clht_lb_res.c:1112
	#400013346 in clht_put (=530805968, =32, =32) at src/clht_lb_res.c:597
	#500012688 in _ZZ3runPPcENK3$_0clEv (=291644592) at example-nothread.cpp:109
	#600012271 in _Z3runPPc (=400716384) at example-nothread.cpp:114
	#700016765 in __klee_posix_wrapped_main (=2, =400716384) at example-nothread.cpp:204
	#800010304 in __klee_posix_ctor_stub_insert_point (=2, =400716384, =49624624) at runtime/POSIX/./klee_init_env.c:491
	#900010324 in __user_main (=5, =49624576, =49624624) at runtime/POSIX/./klee_init_env.c:499
	#1000004410 in __uClibc_main (=49076616, =5, =49624576, =0, =0, =0, =0) at libc/misc/internals/__uClibc_main.c:401
	#1100004577 in main (=5, =49624576)

<not masking anything>
<not masked by anything>

(4) ID #15948313152925555872 with 8 occurences:
Type of modification: write (unpersisted)
File: libc/string/memcpy.c
Line: 29
assembly.ll line: 11940
 allocated at _block_init_pmem_from_file():  %22 = call i8* @klee_pmem_alloc_pmem(i64 %19, i8* %20, i1 zeroext false, i8* %21), !dbg !11010
Stack: 
Current Thread: 1
Thread 1, Process 0, enabled
		PC:   store i8 %17, i8* %18, align 1, !dbg !10998 (op #0=1, op #1=530023872)
	#000011940 in memcpy (=530023872, =1166515240, =8) at libc/string/memcpy.c:29
	#100061416 in huge_write_footer (=530023504, =47) at memblock.c:1136
	#200062313 in memblock_huge_init (=470422832, =526875184, =2, =0, =47) at memblock.c:1310
	#300105887 in heap_split_block (=526875184, =1614964608, =384040496, =1) at heap.c:961
	#400105316 in heap_get_bestfit_block (=526875184, =1614964608, =384040496) at heap.c:995
	#500105551 in heap_ensure_run_bucket_filled (=526875184, =1364494304, =1) at heap.c:884
	#600105251 in heap_get_bestfit_block (=526875184, =1364494304, =1559044264) at heap.c:987
	#700110805 in palloc_reservation_create (=526875184, =64, =127015688, =1823321408, =2, =0, =0, =0, =1559044224) at palloc.c:218
	#800118417 in palloc_reserve (=526875184, =64, =127015688, =1823321408, =2, =0, =0, =0, =1559044224) at palloc.c:597
	#900142700 in tx_alloc_common (=71792416, =64, =2, =127015688, =1823321408) at tx.c:587
	#1000142435 in pmemobj_tx_alloc (=64, =2) at tx.c:1564
	#1100016094 in clht_bucket_create () at src/clht_lb_res.c:212
	#1200013582 in clht_bucket_create_stats (=530806160, =1166509328) at src/clht_lb_res.c:243
	#1300013243 in clht_put (=530805968, =25, =25) at src/clht_lb_res.c:544
	#1400012688 in _ZZ3runPPcENK3$_0clEv (=291644592) at example-nothread.cpp:109
	#1500012271 in _Z3runPPc (=400716384) at example-nothread.cpp:114
	#1600016765 in __klee_posix_wrapped_main (=2, =400716384) at example-nothread.cpp:204
	#1700010304 in __klee_posix_ctor_stub_insert_point (=2, =400716384, =49624624) at runtime/POSIX/./klee_init_env.c:491
	#1800010324 in __user_main (=5, =49624576, =49624624) at runtime/POSIX/./klee_init_env.c:499
	#1900004410 in __uClibc_main (=49076616, =5, =49624576, =0, =0, =0, =0) at libc/misc/internals/__uClibc_main.c:401
	#2000004577 in main (=5, =49624576)

<not masking anything>
May be masked by:
	ID #292927989654242467

(5) ID #11184578870497761238 with 14 occurences:
Type of modification: flush (unnecessary)
File: ../../src/../src/libpmem2/x86_64/flush.h
Line: 48
assembly.ll line: 156098
 allocated at _block_init_pmem_from_file():  %22 = call i8* @klee_pmem_alloc_pmem(i64 %19, i8* %20, i1 zeroext false, i8* %21), !dbg !11010
Stack: 
Current Thread: 1
Thread 1, Process 0, enabled
		PC:   call void @llvm.x86.clwb(i8* %3, i8* %3), !dbg !10984 (op #0=<global const>, op #1=530805952, op #2=530805952)
	#000156098 in pmem_clwb (=530805952) at ../../src/../src/libpmem2/x86_64/flush.h:48
	#100156082 in flush_clwb_nolog (=530805968, =8) at ../../src/../src/libpmem2/x86_64/flush.h:104
	#200155915 in flush_clwb (=530805968, =8) at ../../src/../src/libpmem2/x86_64/init.c:60
	#300172277 in pmem_flush (=530805968, =8) at pmem.c:232
	#400126425 in obj_norep_flush (=526868480, =530805968, =8, =2147483648) at obj.c:478
	#500140137 in pmemops_xflush.1191 (=526875448, =530805968, =8, =2147483648) at ./pmemops.h:64
	#600140091 in tx_flush_range (=1770937184, =526868480) at tx.c:403
	#700070320 in ravl_foreach_node (=1770937152, =127013640, =526868480, =1) at ../../src/../src/common/ravl.c:81
	#800070309 in ravl_foreach_node (=1770970688, =127013640, =526868480, =1) at ../../src/../src/common/ravl.c:79
	#900070272 in ravl_delete_cb (=1666621152, =127013640, =526868480) at ../../src/../src/common/ravl.c:104
	#1000140017 in tx_pre_commit (=71792416) at tx.c:432
	#1100139903 in pmemobj_tx_commit () at tx.c:999
	#1200140545 in pmemobj_tx_process () at tx.c:1101
	#1300014396 in ht_resize_pes (=530805968, =1, =4) at src/clht_lb_res.c:1002
	#1400013958 in ht_status (=530805968, =1, =0) at src/clht_lb_res.c:1112
	#1500013346 in clht_put (=530805968, =32, =32) at src/clht_lb_res.c:597
	#1600012688 in _ZZ3runPPcENK3$_0clEv (=291644592) at example-nothread.cpp:109
	#1700012271 in _Z3runPPc (=400716384) at example-nothread.cpp:114
	#1800016765 in __klee_posix_wrapped_main (=2, =400716384) at example-nothread.cpp:204
	#1900010304 in __klee_posix_ctor_stub_insert_point (=2, =400716384, =49624624) at runtime/POSIX/./klee_init_env.c:491
	#2000010324 in __user_main (=5, =49624576, =49624624) at runtime/POSIX/./klee_init_env.c:499
	#2100004410 in __uClibc_main (=49076616, =5, =49624576, =0, =0, =0, =0) at libc/misc/internals/__uClibc_main.c:401
	#2200004577 in main (=5, =49624576)

<not masking anything>
<not masked by anything>

(6) ID #7644115210618049217 with 94 occurences:
Type of modification: write (unpersisted)
File: libc/string/memcpy.c
Line: 29
assembly.ll line: 11940
 allocated at _block_init_pmem_from_file():  %22 = call i8* @klee_pmem_alloc_pmem(i64 %19, i8* %20, i1 zeroext false, i8* %21), !dbg !11010
Stack: 
Current Thread: 1
Thread 1, Process 0, enabled
		PC:   store i8 %17, i8* %18, align 1, !dbg !10998 (op #0=2, op #1=531072064)
	#000011940 in memcpy (=531072064, =470422832, =40) at libc/string/memcpy.c:29
	#100102354 in container_ravl_insert_block (=624621856, =470422832) at container_ravl.c:60
	#200056970 in bucket_insert_block (=1614964608, =470422832) at bucket.c:75
	#300105889 in heap_split_block (=526875184, =1614964608, =384040496, =1) at heap.c:964
	#400105316 in heap_get_bestfit_block (=526875184, =1614964608, =384040496) at heap.c:995
	#500105551 in heap_ensure_run_bucket_filled (=526875184, =1364494304, =1) at heap.c:884
	#600105251 in heap_get_bestfit_block (=526875184, =1364494304, =1559044264) at heap.c:987
	#700110805 in palloc_reservation_create (=526875184, =64, =127015688, =1823321408, =2, =0, =0, =0, =1559044224) at palloc.c:218
	#800118417 in palloc_reserve (=526875184, =64, =127015688, =1823321408, =2, =0, =0, =0, =1559044224) at palloc.c:597
	#900142700 in tx_alloc_common (=71792416, =64, =2, =127015688, =1823321408) at tx.c:587
	#1000142435 in pmemobj_tx_alloc (=64, =2) at tx.c:1564
	#1100016094 in clht_bucket_create () at src/clht_lb_res.c:212
	#1200013582 in clht_bucket_create_stats (=530806160, =1166509328) at src/clht_lb_res.c:243
	#1300013243 in clht_put (=530805968, =25, =25) at src/clht_lb_res.c:544
	#1400012688 in _ZZ3runPPcENK3$_0clEv (=291644592) at example-nothread.cpp:109
	#1500012271 in _Z3runPPc (=400716384) at example-nothread.cpp:114
	#1600016765 in __klee_posix_wrapped_main (=2, =400716384) at example-nothread.cpp:204
	#1700010304 in __klee_posix_ctor_stub_insert_point (=2, =400716384, =49624624) at runtime/POSIX/./klee_init_env.c:491
	#1800010324 in __user_main (=5, =49624576, =49624624) at runtime/POSIX/./klee_init_env.c:499
	#1900004410 in __uClibc_main (=49076616, =5, =49624576, =0, =0, =0, =0) at libc/misc/internals/__uClibc_main.c:401
	#2000004577 in main (=5, =49624576)

<not masking anything>
<not masked by anything>

(7) ID #16884903019849850198 with 44 occurences:
Type of modification: flush (never modified)
File: ../../src/../src/libpmem2/x86_64/flush.h
Line: 48
assembly.ll line: 156098
 allocated at _block_init_pmem_from_file():  %22 = call i8* @klee_pmem_alloc_pmem(i64 %19, i8* %20, i1 zeroext false, i8* %21), !dbg !11010
Stack: 
Current Thread: 1
Thread 1, Process 0, enabled
		PC:   call void @llvm.x86.clwb(i8* %3, i8* %3), !dbg !10984 (op #0=<global const>, op #1=530806272, op #2=530806272)
	#000156098 in pmem_clwb (=530806272) at ../../src/../src/libpmem2/x86_64/flush.h:48
	#100156082 in flush_clwb_nolog (=530806160, =176) at ../../src/../src/libpmem2/x86_64/flush.h:104
	#200155915 in flush_clwb (=530806160, =176) at ../../src/../src/libpmem2/x86_64/init.c:60
	#300172277 in pmem_flush (=530806160, =176) at pmem.c:232
	#400126425 in obj_norep_flush (=526868480, =530806160, =176, =2147483648) at obj.c:478
	#500140137 in pmemops_xflush.1191 (=526875448, =530806160, =176, =2147483648) at ./pmemops.h:64
	#600140091 in tx_flush_range (=1436500704, =526868480) at tx.c:403
	#700070320 in ravl_foreach_node (=1436500672, =127013640, =526868480, =1) at ../../src/../src/common/ravl.c:81
	#800070272 in ravl_delete_cb (=1435101856, =127013640, =526868480) at ../../src/../src/common/ravl.c:104
	#900140017 in tx_pre_commit (=71792416) at tx.c:432
	#1000139903 in pmemobj_tx_commit () at tx.c:999
	#1100140545 in pmemobj_tx_process () at tx.c:1101
	#1200014799 in clht_hashtable_create (=8) at src/clht_lb_res.c:413
	#1300012396 in clht_create (=8) at src/clht_lb_res.c:298
	#1400012197 in _Z3runPPc (=400716384) at example-nothread.cpp:81
	#1500016765 in __klee_posix_wrapped_main (=2, =400716384) at example-nothread.cpp:204
	#1600010304 in __klee_posix_ctor_stub_insert_point (=2, =400716384, =49624624) at runtime/POSIX/./klee_init_env.c:491
	#1700010324 in __user_main (=5, =49624576, =49624624) at runtime/POSIX/./klee_init_env.c:499
	#1800004410 in __uClibc_main (=49076616, =5, =49624576, =0, =0, =0, =0) at libc/misc/internals/__uClibc_main.c:401
	#1900004577 in main (=5, =49624576)

<not masking anything>
<not masked by anything>

(8) ID #9548101098499033180 with 14 occurences:
Type of modification: fence (unnecessary)
File: ../../src/../src/libpmem2/x86_64/init.c
Line: 27
assembly.ll line: 156132
 (no allocation info)
Stack: 
Current Thread: 1
Thread 1, Process 0, enabled
		PC:   call void @llvm.x86.sse.sfence(), !dbg !10981 (op #0=<global const>)
	#000156132 in memory_barrier () at ../../src/../src/libpmem2/x86_64/init.c:27
	#100172184 in pmem_drain () at pmem.c:189
	#200126450 in obj_norep_drain (=526868480) at obj.c:492
	#300111289 in pmemops_drain.1002 (=526875184) at ./pmemops.h:76
	#400111079 in palloc_exec_actions (=526875184, =1545705856, =1559044096, =3) at palloc.c:559
	#500119060 in palloc_publish (=526875184, =1559044096, =3, =1545705856) at palloc.c:660
	#600139973 in pmemobj_tx_commit () at tx.c:1009
	#700140545 in pmemobj_tx_process () at tx.c:1101
	#800014396 in ht_resize_pes (=530805968, =1, =4) at src/clht_lb_res.c:1002
	#900013958 in ht_status (=530805968, =1, =0) at src/clht_lb_res.c:1112
	#1000013346 in clht_put (=530805968, =32, =32) at src/clht_lb_res.c:597
	#1100012688 in _ZZ3runPPcENK3$_0clEv (=291644592) at example-nothread.cpp:109
	#1200012271 in _Z3runPPc (=400716384) at example-nothread.cpp:114
	#1300016765 in __klee_posix_wrapped_main (=2, =400716384) at example-nothread.cpp:204
	#1400010304 in __klee_posix_ctor_stub_insert_point (=2, =400716384, =49624624) at runtime/POSIX/./klee_init_env.c:491
	#1500010324 in __user_main (=5, =49624576, =49624624) at runtime/POSIX/./klee_init_env.c:499
	#1600004410 in __uClibc_main (=49076616, =5, =49624576, =0, =0, =0, =0) at libc/misc/internals/__uClibc_main.c:401
	#1700004577 in main (=5, =49624576)

<not masking anything>
<not masked by anything>

(9) ID #765061356327587772 with 44 occurences:
Type of modification: fence (unnecessary)
File: src/clht_lb_res.c
Line: 139
assembly.ll line: 14944
 (no allocation info)
Stack: 
Current Thread: 1
Thread 1, Process 0, enabled
		PC:   call void @llvm.x86.sse2.mfence(), !dbg !10978 (op #0=<global const>)
	#000014944 in mfence () at src/clht_lb_res.c:139
	#100013636 in clflush (=530806352, =512, =true) at src/clht_lb_res.c:146
	#200012473 in clht_create (=8) at src/clht_lb_res.c:319
	#300012197 in _Z3runPPc (=400716384) at example-nothread.cpp:81
	#400016765 in __klee_posix_wrapped_main (=2, =400716384) at example-nothread.cpp:204
	#500010304 in __klee_posix_ctor_stub_insert_point (=2, =400716384, =49624624) at runtime/POSIX/./klee_init_env.c:491
	#600010324 in __user_main (=5, =49624576, =49624624) at runtime/POSIX/./klee_init_env.c:499
	#700004410 in __uClibc_main (=49076616, =5, =49624576, =0, =0, =0, =0) at libc/misc/internals/__uClibc_main.c:401
	#800004577 in main (=5, =49624576)

<not masking anything>
<not masked by anything>

(10) ID #1751771953916276021 with 6 occurences:
Type of modification: fence (unnecessary)
File: ../../src/../src/libpmem2/x86_64/init.c
Line: 27
assembly.ll line: 156132
 (no allocation info)
Stack: 
Current Thread: 1
Thread 1, Process 0, enabled
		PC:   call void @llvm.x86.sse.sfence(), !dbg !10981 (op #0=<global const>)
	#000156132 in memory_barrier () at ../../src/../src/libpmem2/x86_64/init.c:27
	#100172184 in pmem_drain () at pmem.c:189
	#200126450 in obj_norep_drain (=526868480) at obj.c:492
	#300140035 in pmemops_drain.1190 (=526875448) at ./pmemops.h:76
	#400139906 in pmemobj_tx_commit () at tx.c:1001
	#500140545 in pmemobj_tx_process () at tx.c:1101
	#600014396 in ht_resize_pes (=530805968, =1, =4) at src/clht_lb_res.c:1002
	#700013958 in ht_status (=530805968, =1, =0) at src/clht_lb_res.c:1112
	#800013346 in clht_put (=530805968, =32, =32) at src/clht_lb_res.c:597
	#900012688 in _ZZ3runPPcENK3$_0clEv (=291644592) at example-nothread.cpp:109
	#1000012271 in _Z3runPPc (=400716384) at example-nothread.cpp:114
	#1100016765 in __klee_posix_wrapped_main (=2, =400716384) at example-nothread.cpp:204
	#1200010304 in __klee_posix_ctor_stub_insert_point (=2, =400716384, =49624624) at runtime/POSIX/./klee_init_env.c:491
	#1300010324 in __user_main (=5, =49624576, =49624624) at runtime/POSIX/./klee_init_env.c:499
	#1400004410 in __uClibc_main (=49076616, =5, =49624576, =0, =0, =0, =0) at libc/misc/internals/__uClibc_main.c:401
	#1500004577 in main (=5, =49624576)

<not masking anything>
<not masked by anything>

(11) ID #11617670776794821400 with 214 occurences:
Type of modification: write (unpersisted)
File: runtime/POSIX/./threadsync.c
Line: 114
assembly.ll line: 41627
 allocated at _block_init_pmem_from_file():  %22 = call i8* @klee_pmem_alloc_pmem(i64 %19, i8* %20, i1 zeroext false, i8* %21), !dbg !11010
Stack: 
Current Thread: 1
Thread 1, Process 0, enabled
		PC:   store %struct.mutex_data_t* %11, %struct.mutex_data_t** %13, align 8, !dbg !11023 (op #0=615702912, op #1=526875688)
	#000041627 in _mutex_init (=526875688, =0) at runtime/POSIX/./threadsync.c:114
	#100041604 in pthread_mutex_init (=526875688, =0) at runtime/POSIX/./threadsync.c:146
	#200051557 in os_mutex_init (=526875688) at ../../src/../src/core/os_thread_posix.c:76
	#300125350 in util_mutex_init.849 (=526875688) at ../common/sys_util.h:28
	#400124821 in obj_runtime_init (=526868480, =0, =1, =1024) at obj.c:1236
	#500127912 in obj_open_common (=220365200, =149323000, =0, =1) at obj.c:1761
	#600127730 in pmemobj_openU (=220365200, =149323000) at obj.c:1798
	#700127695 in pmemobj_open (=220365200, =149323000) at obj.c:1811
	#800012316 in clht_create (=8) at src/clht_lb_res.c:265
	#900012197 in _Z3runPPc (=400716384) at example-nothread.cpp:81
	#1000016765 in __klee_posix_wrapped_main (=2, =400716384) at example-nothread.cpp:204
	#1100010304 in __klee_posix_ctor_stub_insert_point (=2, =400716384, =49624624) at runtime/POSIX/./klee_init_env.c:491
	#1200010324 in __user_main (=5, =49624576, =49624624) at runtime/POSIX/./klee_init_env.c:499
	#1300004410 in __uClibc_main (=49076616, =5, =49624576, =0, =0, =0, =0) at libc/misc/internals/__uClibc_main.c:401
	#1400004577 in main (=5, =49624576)

<not masking anything>
<not masked by anything>

(12) ID #5653286954622875958 with 214 occurences:
Type of modification: write (unpersisted)
File: libc/string/memset.c
Line: 28
assembly.ll line: 11979
 allocated at _block_init_pmem_from_file():  %22 = call i8* @klee_pmem_alloc_pmem(i64 %19, i8* %20, i1 zeroext false, i8* %21), !dbg !11010
Stack: 
Current Thread: 1
Thread 1, Process 0, enabled
		PC:   store i8 %14, i8* %15, align 1, !dbg !10995 (op #0=0, op #1=526875168)
	#000011979 in memset (=526875168, =0, =1504) at libc/string/memset.c:28
	#100128124 in obj_replicas_init (=413387552) at obj.c:1624
	#200127793 in obj_open_common (=220365200, =149323000, =0, =1) at obj.c:1724
	#300127730 in pmemobj_openU (=220365200, =149323000) at obj.c:1798
	#400127695 in pmemobj_open (=220365200, =149323000) at obj.c:1811
	#500012316 in clht_create (=8) at src/clht_lb_res.c:265
	#600012197 in _Z3runPPc (=400716384) at example-nothread.cpp:81
	#700016765 in __klee_posix_wrapped_main (=2, =400716384) at example-nothread.cpp:204
	#800010304 in __klee_posix_ctor_stub_insert_point (=2, =400716384, =49624624) at runtime/POSIX/./klee_init_env.c:491
	#900010324 in __user_main (=5, =49624576, =49624624) at runtime/POSIX/./klee_init_env.c:499
	#1000004410 in __uClibc_main (=49076616, =5, =49624576, =0, =0, =0, =0) at libc/misc/internals/__uClibc_main.c:401
	#1100004577 in main (=5, =49624576)

<not masking anything>
May be masked by:
	ID #4746929433863557763
	ID #6887901809244407941
	ID #11280680316491783901
	ID #9636094762479354509
	ID #4820177009050555537
	ID #15525046092579477721
	ID #14841652783461785427
	ID #7431514294088658992
	ID #17039916795025077924

(13) ID #2910671698364434703 with 120 occurences:
Type of modification: write (unpersisted)
File: libc/string/memcpy.c
Line: 29
assembly.ll line: 11940
 allocated at _block_init_pmem_from_file():  %22 = call i8* @klee_pmem_alloc_pmem(i64 %19, i8* %20, i1 zeroext false, i8* %21), !dbg !11010
Stack: 
Current Thread: 1
Thread 1, Process 0, enabled
		PC:   store i8 %17, i8* %18, align 1, !dbg !10998 (op #0=1, op #1=530809920)
	#000011940 in memcpy (=530809920, =485985424, =40) at libc/string/memcpy.c:29
	#100102354 in container_ravl_insert_block (=1378285760, =485985424) at container_ravl.c:60
	#200056970 in bucket_insert_block (=1361529440, =485985424) at bucket.c:75
	#300105889 in heap_split_block (=526875184, =1361529440, =292195424, =1) at heap.c:964
	#400105316 in heap_get_bestfit_block (=526875184, =1361529440, =292195424) at heap.c:995
	#500105551 in heap_ensure_run_bucket_filled (=526875184, =893390272, =1) at heap.c:884
	#600105251 in heap_get_bestfit_block (=526875184, =893390272, =130998312) at heap.c:987
	#700110805 in palloc_reservation_create (=526875184, =128, =127003912, =1361541440, =0, =32768, =0, =0, =130998272) at palloc.c:218
	#800109956 in palloc_operation (=526875184, =0, =526874624, =128, =127003912, =1361541440, =0, =32768, =0, =0, =216071168) at palloc.c:732
	#900131948 in obj_alloc_root (=526868480, =128, =0, =0) at obj.c:2833
	#1000131786 in pmemobj_root_construct (=526868480, =128, =0, =0) at obj.c:2887
	#1100132141 in pmemobj_root (=526868480, =128) at obj.c:2912
	#1200012338 in clht_create (=8) at src/clht_lb_res.c:278
	#1300012197 in _Z3runPPc (=400716384) at example-nothread.cpp:81
	#1400016765 in __klee_posix_wrapped_main (=2, =400716384) at example-nothread.cpp:204
	#1500010304 in __klee_posix_ctor_stub_insert_point (=2, =400716384, =49624624) at runtime/POSIX/./klee_init_env.c:491
	#1600010324 in __user_main (=5, =49624576, =49624624) at runtime/POSIX/./klee_init_env.c:499
	#1700004410 in __uClibc_main (=49076616, =5, =49624576, =0, =0, =0, =0) at libc/misc/internals/__uClibc_main.c:401
	#1800004577 in main (=5, =49624576)

<not masking anything>
May be masked by:
	ID #12194720180960418127

(14) ID #8366898374210530524 with 21966 occurences:
Type of modification: flush (unnecessary)
File: ../../src/../src/libpmem2/x86_64/flush.h
Line: 48
assembly.ll line: 156098
 allocated at _block_init_pmem_from_file():  %22 = call i8* @klee_pmem_alloc_pmem(i64 %19, i8* %20, i1 zeroext false, i8* %21), !dbg !11010
Stack: 
Current Thread: 1
Thread 1, Process 0, enabled
		PC:   call void @llvm.x86.clwb(i8* %3, i8* %3), !dbg !10984 (op #0=<global const>, op #1=531297344, op #2=531297344)
	#000156098 in pmem_clwb (=531297344) at ../../src/../src/libpmem2/x86_64/flush.h:48
	#100156082 in flush_clwb_nolog (=531297360, =2096) at ../../src/../src/libpmem2/x86_64/flush.h:104
	#200155915 in flush_clwb (=531297360, =2096) at ../../src/../src/libpmem2/x86_64/init.c:60
	#300172277 in pmem_flush (=531297360, =2096) at pmem.c:232
	#400126425 in obj_norep_flush (=526868480, =531297360, =2096, =2147483648) at obj.c:478
	#500140137 in pmemops_xflush.1191 (=526875448, =531297360, =2096, =2147483648) at ./pmemops.h:64
	#600140091 in tx_flush_range (=1770919648, =526868480) at tx.c:403
	#700070320 in ravl_foreach_node (=1770919616, =127013640, =526868480, =1) at ../../src/../src/common/ravl.c:81
	#800070331 in ravl_foreach_node (=1770970688, =127013640, =526868480, =1) at ../../src/../src/common/ravl.c:82
	#900070272 in ravl_delete_cb (=1666621152, =127013640, =526868480) at ../../src/../src/common/ravl.c:104
	#1000140017 in tx_pre_commit (=71792416) at tx.c:432
	#1100139903 in pmemobj_tx_commit () at tx.c:999
	#1200140545 in pmemobj_tx_process () at tx.c:1101
	#1300014396 in ht_resize_pes (=530805968, =1, =4) at src/clht_lb_res.c:1002
	#1400013958 in ht_status (=530805968, =1, =0) at src/clht_lb_res.c:1112
	#1500013346 in clht_put (=530805968, =32, =32) at src/clht_lb_res.c:597
	#1600012688 in _ZZ3runPPcENK3$_0clEv (=291644592) at example-nothread.cpp:109
	#1700012271 in _Z3runPPc (=400716384) at example-nothread.cpp:114
	#1800016765 in __klee_posix_wrapped_main (=2, =400716384) at example-nothread.cpp:204
	#1900010304 in __klee_posix_ctor_stub_insert_point (=2, =400716384, =49624624) at runtime/POSIX/./klee_init_env.c:491
	#2000010324 in __user_main (=5, =49624576, =49624624) at runtime/POSIX/./klee_init_env.c:499
	#2100004410 in __uClibc_main (=49076616, =5, =49624576, =0, =0, =0, =0) at libc/misc/internals/__uClibc_main.c:401
	#2200004577 in main (=5, =49624576)

<not masking anything>
<not masked by anything>

(15) ID #5826028677940509904 with 44 occurences:
Type of modification: fence (unnecessary)
File: src/clht_lb_res.c
Line: 139
assembly.ll line: 14944
 (no allocation info)
Stack: 
Current Thread: 1
Thread 1, Process 0, enabled
		PC:   call void @llvm.x86.sse2.mfence(), !dbg !10978 (op #0=<global const>)
	#000014944 in mfence () at src/clht_lb_res.c:139
	#100013689 in clflush (=530806160, =128, =true) at src/clht_lb_res.c:159
	#200012476 in clht_create (=8) at src/clht_lb_res.c:320
	#300012197 in _Z3runPPc (=400716384) at example-nothread.cpp:81
	#400016765 in __klee_posix_wrapped_main (=2, =400716384) at example-nothread.cpp:204
	#500010304 in __klee_posix_ctor_stub_insert_point (=2, =400716384, =49624624) at runtime/POSIX/./klee_init_env.c:491
	#600010324 in __user_main (=5, =49624576, =49624624) at runtime/POSIX/./klee_init_env.c:499
	#700004410 in __uClibc_main (=49076616, =5, =49624576, =0, =0, =0, =0) at libc/misc/internals/__uClibc_main.c:401
	#800004577 in main (=5, =49624576)

<not masking anything>
<not masked by anything>

(16) ID #12484788152712848128 with 44 occurences:
Type of modification: flush (never modified)
File: src/clht_lb_res.c
Line: 154
assembly.ll line: 13661
 allocated at _block_init_pmem_from_file():  %22 = call i8* @klee_pmem_alloc_pmem(i64 %19, i8* %20, i1 zeroext false, i8* %21), !dbg !11010
Stack: 
Current Thread: 1
Thread 1, Process 0, enabled
		PC:   call void @llvm.x86.clwb(i8* %32, i8* %32), !dbg !11016 (op #0=<global const>, op #1=530806272, op #2=530806272)
	#000013661 in clflush (=530806160, =128, =true) at src/clht_lb_res.c:154
	#100012476 in clht_create (=8) at src/clht_lb_res.c:320
	#200012197 in _Z3runPPc (=400716384) at example-nothread.cpp:81
	#300016765 in __klee_posix_wrapped_main (=2, =400716384) at example-nothread.cpp:204
	#400010304 in __klee_posix_ctor_stub_insert_point (=2, =400716384, =49624624) at runtime/POSIX/./klee_init_env.c:491
	#500010324 in __user_main (=5, =49624576, =49624624) at runtime/POSIX/./klee_init_env.c:499
	#600004410 in __uClibc_main (=49076616, =5, =49624576, =0, =0, =0, =0) at libc/misc/internals/__uClibc_main.c:401
	#700004577 in main (=5, =49624576)

<not masking anything>
<not masked by anything>

(17) ID #14626059365413832815 with 66 occurences:
Type of modification: write (unpersisted)
File: src/clht_lb_res.c
Line: 583
assembly.ll line: 13326
 allocated at _block_init_pmem_from_file():  %22 = call i8* @klee_pmem_alloc_pmem(i64 %19, i8* %20, i1 zeroext false, i8* %21), !dbg !11010
Stack: 
Current Thread: 1
Thread 1, Process 0, enabled
		PC:   store volatile i64 %211, i64* %212, align 8, !dbg !11181 (op #0=17, op #1=530806464)
	#000013326 in clht_put (=530805968, =17, =17) at src/clht_lb_res.c:583
	#100012688 in _ZZ3runPPcENK3$_0clEv (=291644592) at example-nothread.cpp:109
	#200012271 in _Z3runPPc (=400716384) at example-nothread.cpp:114
	#300016765 in __klee_posix_wrapped_main (=2, =400716384) at example-nothread.cpp:204
	#400010304 in __klee_posix_ctor_stub_insert_point (=2, =400716384, =49624624) at runtime/POSIX/./klee_init_env.c:491
	#500010324 in __user_main (=5, =49624576, =49624624) at runtime/POSIX/./klee_init_env.c:499
	#600004410 in __uClibc_main (=49076616, =5, =49624576, =0, =0, =0, =0) at libc/misc/internals/__uClibc_main.c:401
	#700004577 in main (=5, =49624576)

<not masking anything>
<not masked by anything>

(18) ID #17847682312686670939 with 88 occurences:
Type of modification: flush (unnecessary)
File: src/clht_lb_res.c
Line: 154
assembly.ll line: 13661
 allocated at _block_init_pmem_from_file():  %22 = call i8* @klee_pmem_alloc_pmem(i64 %19, i8* %20, i1 zeroext false, i8* %21), !dbg !11010
Stack: 
Current Thread: 1
Thread 1, Process 0, enabled
		PC:   call void @llvm.x86.clwb(i8* %32, i8* %32), !dbg !11016 (op #0=<global const>, op #1=530806144, op #2=530806144)
	#000013661 in clflush (=530806160, =128, =true) at src/clht_lb_res.c:154
	#100012476 in clht_create (=8) at src/clht_lb_res.c:320
	#200012197 in _Z3runPPc (=400716384) at example-nothread.cpp:81
	#300016765 in __klee_posix_wrapped_main (=2, =400716384) at example-nothread.cpp:204
	#400010304 in __klee_posix_ctor_stub_insert_point (=2, =400716384, =49624624) at runtime/POSIX/./klee_init_env.c:491
	#500010324 in __user_main (=5, =49624576, =49624624) at runtime/POSIX/./klee_init_env.c:499
	#600004410 in __uClibc_main (=49076616, =5, =49624576, =0, =0, =0, =0) at libc/misc/internals/__uClibc_main.c:401
	#700004577 in main (=5, =49624576)

<not masking anything>
<not masked by anything>

(19) ID #17929639104942287495 with 44 occurences:
Type of modification: fence (unnecessary)
File: src/clht_lb_res.c
Line: 139
assembly.ll line: 14944
 (no allocation info)
Stack: 
Current Thread: 1
Thread 1, Process 0, enabled
		PC:   call void @llvm.x86.sse2.mfence(), !dbg !10978 (op #0=<global const>)
	#000014944 in mfence () at src/clht_lb_res.c:139
	#100013689 in clflush (=530806352, =512, =true) at src/clht_lb_res.c:159
	#200012473 in clht_create (=8) at src/clht_lb_res.c:319
	#300012197 in _Z3runPPc (=400716384) at example-nothread.cpp:81
	#400016765 in __klee_posix_wrapped_main (=2, =400716384) at example-nothread.cpp:204
	#500010304 in __klee_posix_ctor_stub_insert_point (=2, =400716384, =49624624) at runtime/POSIX/./klee_init_env.c:491
	#600010324 in __user_main (=5, =49624576, =49624624) at runtime/POSIX/./klee_init_env.c:499
	#700004410 in __uClibc_main (=49076616, =5, =49624576, =0, =0, =0, =0) at libc/misc/internals/__uClibc_main.c:401
	#800004577 in main (=5, =49624576)

<not masking anything>
<not masked by anything>

(20) ID #1167610439391468671 with 21884 occurences:
Type of modification: fence (unnecessary)
File: src/clht_lb_res.c
Line: 139
assembly.ll line: 14944
 (no allocation info)
Stack: 
Current Thread: 1
Thread 1, Process 0, enabled
		PC:   call void @llvm.x86.sse2.mfence(), !dbg !10978 (op #0=<global const>)
	#000014944 in mfence () at src/clht_lb_res.c:139
	#100013636 in clflush (=531064144, =64, =true) at src/clht_lb_res.c:146
	#200013261 in clht_put (=530805968, =25, =25) at src/clht_lb_res.c:556
	#300012688 in _ZZ3runPPcENK3$_0clEv (=291644592) at example-nothread.cpp:109
	#400012271 in _Z3runPPc (=400716384) at example-nothread.cpp:114
	#500016765 in __klee_posix_wrapped_main (=2, =400716384) at example-nothread.cpp:204
	#600010304 in __klee_posix_ctor_stub_insert_point (=2, =400716384, =49624624) at runtime/POSIX/./klee_init_env.c:491
	#700010324 in __user_main (=5, =49624576, =49624624) at runtime/POSIX/./klee_init_env.c:499
	#800004410 in __uClibc_main (=49076616, =5, =49624576, =0, =0, =0, =0) at libc/misc/internals/__uClibc_main.c:401
	#900004577 in main (=5, =49624576)

<not masking anything>
<not masked by anything>

(21) ID #2331317707979782239 with 214 occurences:
Type of modification: write (unpersisted)
File: lane.c
Line: 520
assembly.ll line: 115342
 allocated at _block_init_pmem_from_file():  %22 = call i8* @klee_pmem_alloc_pmem(i64 %19, i8* %20, i1 zeroext false, i8* %21), !dbg !11010
Stack: 
Current Thread: 1
Thread 1, Process 0, enabled
		PC:   store i32 %62, i32* %60, !dbg !11014 (op #0=8, op #1=526875332)
	#000115342 in lane_hold (=526868480, =400706816) at lane.c:520
	#100109807 in pmalloc_operation_hold_type (=526868480, =1, =1) at pmalloc.c:46
	#200129469 in pmalloc_operation_hold (=526868480) at pmalloc.c:73
	#300131929 in obj_alloc_root (=526868480, =128, =0, =0) at obj.c:2829
	#400131786 in pmemobj_root_construct (=526868480, =128, =0, =0) at obj.c:2887
	#500132141 in pmemobj_root (=526868480, =128) at obj.c:2912
	#600012338 in clht_create (=8) at src/clht_lb_res.c:278
	#700012197 in _Z3runPPc (=400716384) at example-nothread.cpp:81
	#800016765 in __klee_posix_wrapped_main (=2, =400716384) at example-nothread.cpp:204
	#900010304 in __klee_posix_ctor_stub_insert_point (=2, =400716384, =49624624) at runtime/POSIX/./klee_init_env.c:491
	#1000010324 in __user_main (=5, =49624576, =49624624) at runtime/POSIX/./klee_init_env.c:499
	#1100004410 in __uClibc_main (=49076616, =5, =49624576, =0, =0, =0, =0) at libc/misc/internals/__uClibc_main.c:401
	#1200004577 in main (=5, =49624576)

<not masking anything>
<not masked by anything>

(22) ID #9843849253484272222 with 43768 occurences:
Type of modification: flush (unnecessary)
File: src/clht_lb_res.c
Line: 154
assembly.ll line: 13661
 allocated at _block_init_pmem_from_file():  %22 = call i8* @klee_pmem_alloc_pmem(i64 %19, i8* %20, i1 zeroext false, i8* %21), !dbg !11010
Stack: 
Current Thread: 1
Thread 1, Process 0, enabled
		PC:   call void @llvm.x86.clwb(i8* %32, i8* %32), !dbg !11016 (op #0=<global const>, op #1=531064128, op #2=531064128)
	#000013661 in clflush (=531064144, =64, =true) at src/clht_lb_res.c:154
	#100013261 in clht_put (=530805968, =25, =25) at src/clht_lb_res.c:556
	#200012688 in _ZZ3runPPcENK3$_0clEv (=291644592) at example-nothread.cpp:109
	#300012271 in _Z3runPPc (=400716384) at example-nothread.cpp:114
	#400016765 in __klee_posix_wrapped_main (=2, =400716384) at example-nothread.cpp:204
	#500010304 in __klee_posix_ctor_stub_insert_point (=2, =400716384, =49624624) at runtime/POSIX/./klee_init_env.c:491
	#600010324 in __user_main (=5, =49624576, =49624624) at runtime/POSIX/./klee_init_env.c:499
	#700004410 in __uClibc_main (=49076616, =5, =49624576, =0, =0, =0, =0) at libc/misc/internals/__uClibc_main.c:401
	#800004577 in main (=5, =49624576)

<not masking anything>
<not masked by anything>

(23) ID #17204887219122209992 with 44 occurences:
Type of modification: fence (unnecessary)
File: src/clht_lb_res.c
Line: 139
assembly.ll line: 14944
 (no allocation info)
Stack: 
Current Thread: 1
Thread 1, Process 0, enabled
		PC:   call void @llvm.x86.sse2.mfence(), !dbg !10978 (op #0=<global const>)
	#000014944 in mfence () at src/clht_lb_res.c:139
	#100013636 in clflush (=530806160, =128, =true) at src/clht_lb_res.c:146
	#200012476 in clht_create (=8) at src/clht_lb_res.c:320
	#300012197 in _Z3runPPc (=400716384) at example-nothread.cpp:81
	#400016765 in __klee_posix_wrapped_main (=2, =400716384) at example-nothread.cpp:204
	#500010304 in __klee_posix_ctor_stub_insert_point (=2, =400716384, =49624624) at runtime/POSIX/./klee_init_env.c:491
	#600010324 in __user_main (=5, =49624576, =49624624) at runtime/POSIX/./klee_init_env.c:499
	#700004410 in __uClibc_main (=49076616, =5, =49624576, =0, =0, =0, =0) at libc/misc/internals/__uClibc_main.c:401
	#800004577 in main (=5, =49624576)

<not masking anything>
<not masked by anything>

(24) ID #2211765782482430393 with 86 occurences:
Type of modification: write (unpersisted)
File: src/clht_lb_res.c
Line: 974
assembly.ll line: 14356
 allocated at _block_init_pmem_from_file():  %22 = call i8* @klee_pmem_alloc_pmem(i64 %19, i8* %20, i1 zeroext false, i8* %21), !dbg !11010
Stack: 
Current Thread: 1
Thread 1, Process 0, enabled
		PC:   store volatile i8 0, i8* %227, align 8, !dbg !11174 (op #0=<global const>, op #1=530806056)
	#000014356 in ht_resize_pes (=530805968, =1, =4) at src/clht_lb_res.c:974
	#100013958 in ht_status (=530805968, =1, =0) at src/clht_lb_res.c:1112
	#200013346 in clht_put (=530805968, =32, =32) at src/clht_lb_res.c:597
	#300012688 in _ZZ3runPPcENK3$_0clEv (=291644592) at example-nothread.cpp:109
	#400012271 in _Z3runPPc (=400716384) at example-nothread.cpp:114
	#500016765 in __klee_posix_wrapped_main (=2, =400716384) at example-nothread.cpp:204
	#600010304 in __klee_posix_ctor_stub_insert_point (=2, =400716384, =49624624) at runtime/POSIX/./klee_init_env.c:491
	#700010324 in __user_main (=5, =49624576, =49624624) at runtime/POSIX/./klee_init_env.c:499
	#800004410 in __uClibc_main (=49076616, =5, =49624576, =0, =0, =0, =0) at libc/misc/internals/__uClibc_main.c:401
	#900004577 in main (=5, =49624576)

<not masking anything>
<not masked by anything>

(25) ID #17901635972799295069 with 44 occurences:
Type of modification: fence (unnecessary)
File: ../../src/../src/libpmem2/x86_64/init.c
Line: 27
assembly.ll line: 156132
 (no allocation info)
Stack: 
Current Thread: 1
Thread 1, Process 0, enabled
		PC:   call void @llvm.x86.sse.sfence(), !dbg !10981 (op #0=<global const>)
	#000156132 in memory_barrier () at ../../src/../src/libpmem2/x86_64/init.c:27
	#100172184 in pmem_drain () at pmem.c:189
	#200126450 in obj_norep_drain (=526868480) at obj.c:492
	#300111289 in pmemops_drain.1002 (=526875184) at ./pmemops.h:76
	#400111079 in palloc_exec_actions (=526875184, =216071168, =130998272, =1) at palloc.c:559
	#500110086 in palloc_operation (=526875184, =0, =526874624, =128, =127003912, =1361541440, =0, =32768, =0, =0, =216071168) at palloc.c:769
	#600131948 in obj_alloc_root (=526868480, =128, =0, =0) at obj.c:2833
	#700131786 in pmemobj_root_construct (=526868480, =128, =0, =0) at obj.c:2887
	#800132141 in pmemobj_root (=526868480, =128) at obj.c:2912
	#900012338 in clht_create (=8) at src/clht_lb_res.c:278
	#1000012197 in _Z3runPPc (=400716384) at example-nothread.cpp:81
	#1100016765 in __klee_posix_wrapped_main (=2, =400716384) at example-nothread.cpp:204
	#1200010304 in __klee_posix_ctor_stub_insert_point (=2, =400716384, =49624624) at runtime/POSIX/./klee_init_env.c:491
	#1300010324 in __user_main (=5, =49624576, =49624624) at runtime/POSIX/./klee_init_env.c:499
	#1400004410 in __uClibc_main (=49076616, =5, =49624576, =0, =0, =0, =0) at libc/misc/internals/__uClibc_main.c:401
	#1500004577 in main (=5, =49624576)

<not masking anything>
<not masked by anything>

(26) ID #10397655222435267956 with 214 occurences:
Type of modification: write (unpersisted)
File: obj.c
Line: 1244
assembly.ll line: 124842
 allocated at _block_init_pmem_from_file():  %22 = call i8* @klee_pmem_alloc_pmem(i64 %19, i8* %20, i1 zeroext false, i8* %21), !dbg !11010
Stack: 
Current Thread: 1
Thread 1, Process 0, enabled
		PC:   store i32 0, i32* %140, align 8, !dbg !11136 (op #0=<global const>, op #1=526875736)
	#000124842 in obj_runtime_init (=526868480, =0, =1, =1024) at obj.c:1244
	#100127912 in obj_open_common (=220365200, =149323000, =0, =1) at obj.c:1761
	#200127730 in pmemobj_openU (=220365200, =149323000) at obj.c:1798
	#300127695 in pmemobj_open (=220365200, =149323000) at obj.c:1811
	#400012316 in clht_create (=8) at src/clht_lb_res.c:265
	#500012197 in _Z3runPPc (=400716384) at example-nothread.cpp:81
	#600016765 in __klee_posix_wrapped_main (=2, =400716384) at example-nothread.cpp:204
	#700010304 in __klee_posix_ctor_stub_insert_point (=2, =400716384, =49624624) at runtime/POSIX/./klee_init_env.c:491
	#800010324 in __user_main (=5, =49624576, =49624624) at runtime/POSIX/./klee_init_env.c:499
	#900004410 in __uClibc_main (=49076616, =5, =49624576, =0, =0, =0, =0) at libc/misc/internals/__uClibc_main.c:401
	#1000004577 in main (=5, =49624576)

<not masking anything>
<not masked by anything>

(27) ID #449228779530942585 with 396 occurences:
Type of modification: flush (unnecessary)
File: src/clht_lb_res.c
Line: 154
assembly.ll line: 13661
 allocated at _block_init_pmem_from_file():  %22 = call i8* @klee_pmem_alloc_pmem(i64 %19, i8* %20, i1 zeroext false, i8* %21), !dbg !11010
Stack: 
Current Thread: 1
Thread 1, Process 0, enabled
		PC:   call void @llvm.x86.clwb(i8* %32, i8* %32), !dbg !11016 (op #0=<global const>, op #1=530806336, op #2=530806336)
	#000013661 in clflush (=530806352, =512, =true) at src/clht_lb_res.c:154
	#100012473 in clht_create (=8) at src/clht_lb_res.c:319
	#200012197 in _Z3runPPc (=400716384) at example-nothread.cpp:81
	#300016765 in __klee_posix_wrapped_main (=2, =400716384) at example-nothread.cpp:204
	#400010304 in __klee_posix_ctor_stub_insert_point (=2, =400716384, =49624624) at runtime/POSIX/./klee_init_env.c:491
	#500010324 in __user_main (=5, =49624576, =49624624) at runtime/POSIX/./klee_init_env.c:499
	#600004410 in __uClibc_main (=49076616, =5, =49624576, =0, =0, =0, =0) at libc/misc/internals/__uClibc_main.c:401
	#700004577 in main (=5, =49624576)

<not masking anything>
<not masked by anything>

(28) ID #17336722330467547538 with 86 occurences:
Type of modification: write (unpersisted)
File: src/clht_lb_res.c
Line: 973
assembly.ll line: 14351
 allocated at _block_init_pmem_from_file():  %22 = call i8* @klee_pmem_alloc_pmem(i64 %19, i8* %20, i1 zeroext false, i8* %21), !dbg !11010
Stack: 
Current Thread: 1
Thread 1, Process 0, enabled
		PC:   store %struct.clht_hashtable_s* %219, %struct.clht_hashtable_s** %223, align 16, !dbg !11173 (op #0=530806928, op #1=530806240)
	#000014351 in ht_resize_pes (=530805968, =1, =4) at src/clht_lb_res.c:973
	#100013958 in ht_status (=530805968, =1, =0) at src/clht_lb_res.c:1112
	#200013346 in clht_put (=530805968, =32, =32) at src/clht_lb_res.c:597
	#300012688 in _ZZ3runPPcENK3$_0clEv (=291644592) at example-nothread.cpp:109
	#400012271 in _Z3runPPc (=400716384) at example-nothread.cpp:114
	#500016765 in __klee_posix_wrapped_main (=2, =400716384) at example-nothread.cpp:204
	#600010304 in __klee_posix_ctor_stub_insert_point (=2, =400716384, =49624624) at runtime/POSIX/./klee_init_env.c:491
	#700010324 in __user_main (=5, =49624576, =49624624) at runtime/POSIX/./klee_init_env.c:499
	#800004410 in __uClibc_main (=49076616, =5, =49624576, =0, =0, =0, =0) at libc/misc/internals/__uClibc_main.c:401
	#900004577 in main (=5, =49624576)

<not masking anything>
<not masked by anything>

(29) ID #2246232590246718078 with 28 occurences:
Type of modification: flush (unnecessary)
File: ../../src/../src/libpmem2/x86_64/flush.h
Line: 48
assembly.ll line: 156098
 allocated at _block_init_pmem_from_file():  %22 = call i8* @klee_pmem_alloc_pmem(i64 %19, i8* %20, i1 zeroext false, i8* %21), !dbg !11010
Stack: 
Current Thread: 1
Thread 1, Process 0, enabled
		PC:   call void @llvm.x86.clwb(i8* %3, i8* %3), !dbg !10984 (op #0=<global const>, op #1=530806912, op #2=530806912)
	#000156098 in pmem_clwb (=530806912) at ../../src/../src/libpmem2/x86_64/flush.h:48
	#100156082 in flush_clwb_nolog (=530806928, =176) at ../../src/../src/libpmem2/x86_64/flush.h:104
	#200155915 in flush_clwb (=530806928, =176) at ../../src/../src/libpmem2/x86_64/init.c:60
	#300172277 in pmem_flush (=530806928, =176) at pmem.c:232
	#400126425 in obj_norep_flush (=526868480, =530806928, =176, =2147483648) at obj.c:478
	#500140137 in pmemops_xflush.1191 (=526875448, =530806928, =176, =2147483648) at ./pmemops.h:64
	#600140091 in tx_flush_range (=1770970720, =526868480) at tx.c:403
	#700070320 in ravl_foreach_node (=1770970688, =127013640, =526868480, =1) at ../../src/../src/common/ravl.c:81
	#800070272 in ravl_delete_cb (=1666621152, =127013640, =526868480) at ../../src/../src/common/ravl.c:104
	#900140017 in tx_pre_commit (=71792416) at tx.c:432
	#1000139903 in pmemobj_tx_commit () at tx.c:999
	#1100140545 in pmemobj_tx_process () at tx.c:1101
	#1200014396 in ht_resize_pes (=530805968, =1, =4) at src/clht_lb_res.c:1002
	#1300013958 in ht_status (=530805968, =1, =0) at src/clht_lb_res.c:1112
	#1400013346 in clht_put (=530805968, =32, =32) at src/clht_lb_res.c:597
	#1500012688 in _ZZ3runPPcENK3$_0clEv (=291644592) at example-nothread.cpp:109
	#1600012271 in _Z3runPPc (=400716384) at example-nothread.cpp:114
	#1700016765 in __klee_posix_wrapped_main (=2, =400716384) at example-nothread.cpp:204
	#1800010304 in __klee_posix_ctor_stub_insert_point (=2, =400716384, =49624624) at runtime/POSIX/./klee_init_env.c:491
	#1900010324 in __user_main (=5, =49624576, =49624624) at runtime/POSIX/./klee_init_env.c:499
	#2000004410 in __uClibc_main (=49076616, =5, =49624576, =0, =0, =0, =0) at libc/misc/internals/__uClibc_main.c:401
	#2100004577 in main (=5, =49624576)

<not masking anything>
<not masked by anything>

(30) ID #2542795191961256306 with 44 occurences:
Type of modification: flush (unnecessary)
File: src/clht_lb_res.c
Line: 154
assembly.ll line: 13661
 allocated at _block_init_pmem_from_file():  %22 = call i8* @klee_pmem_alloc_pmem(i64 %19, i8* %20, i1 zeroext false, i8* %21), !dbg !11010
Stack: 
Current Thread: 1
Thread 1, Process 0, enabled
		PC:   call void @llvm.x86.clwb(i8* %32, i8* %32), !dbg !11016 (op #0=<global const>, op #1=530805952, op #2=530805952)
	#000013661 in clflush (=530805968, =128, =true) at src/clht_lb_res.c:154
	#100012479 in clht_create (=8) at src/clht_lb_res.c:321
	#200012197 in _Z3runPPc (=400716384) at example-nothread.cpp:81
	#300016765 in __klee_posix_wrapped_main (=2, =400716384) at example-nothread.cpp:204
	#400010304 in __klee_posix_ctor_stub_insert_point (=2, =400716384, =49624624) at runtime/POSIX/./klee_init_env.c:491
	#500010324 in __user_main (=5, =49624576, =49624624) at runtime/POSIX/./klee_init_env.c:499
	#600004410 in __uClibc_main (=49076616, =5, =49624576, =0, =0, =0, =0) at libc/misc/internals/__uClibc_main.c:401
	#700004577 in main (=5, =49624576)

<not masking anything>
<not masked by anything>

(31) ID #5350381169980667961 with 214 occurences:
Type of modification: write (unpersisted)
File: obj.c
Line: 996
assembly.ll line: 126858
 allocated at _block_init_pmem_from_file():  %22 = call i8* @klee_pmem_alloc_pmem(i64 %19, i8* %20, i1 zeroext false, i8* %21), !dbg !11010
Stack: 
Current Thread: 1
Thread 1, Process 0, enabled
		PC:   store i32 (%struct.pmemobjpool*, i8*, i64, i32, i32)* null, i32 (%struct.pmemobjpool*, i8*, i64, i32, i32)** %16, align 8, !dbg !10995 (op #0=<global const>, op #1=526875632)
	#000126858 in obj_replica_init_local (=526868480, =1, =16777216) at obj.c:996
	#100124385 in obj_replica_init (=526868480, =413387552, =0, =0) at obj.c:1139
	#200128139 in obj_replicas_init (=413387552) at obj.c:1631
	#300127793 in obj_open_common (=220365200, =149323000, =0, =1) at obj.c:1724
	#400127730 in pmemobj_openU (=220365200, =149323000) at obj.c:1798
	#500127695 in pmemobj_open (=220365200, =149323000) at obj.c:1811
	#600012316 in clht_create (=8) at src/clht_lb_res.c:265
	#700012197 in _Z3runPPc (=400716384) at example-nothread.cpp:81
	#800016765 in __klee_posix_wrapped_main (=2, =400716384) at example-nothread.cpp:204
	#900010304 in __klee_posix_ctor_stub_insert_point (=2, =400716384, =49624624) at runtime/POSIX/./klee_init_env.c:491
	#1000010324 in __user_main (=5, =49624576, =49624624) at runtime/POSIX/./klee_init_env.c:499
	#1100004410 in __uClibc_main (=49076616, =5, =49624576, =0, =0, =0, =0) at libc/misc/internals/__uClibc_main.c:401
	#1200004577 in main (=5, =49624576)

<not masking anything>
<not masked by anything>

(32) ID #292927989654242467 with 86 occurences:
Type of modification: write (unpersisted)
File: libc/string/memcpy.c
Line: 29
assembly.ll line: 11940
 allocated at _block_init_pmem_from_file():  %22 = call i8* @klee_pmem_alloc_pmem(i64 %19, i8* %20, i1 zeroext false, i8* %21), !dbg !11010
Stack: 
Current Thread: 1
Thread 1, Process 0, enabled
		PC:   store i8 %17, i8* %18, align 1, !dbg !10998 (op #0=1, op #1=530023872)
	#000011940 in memcpy (=530023872, =1562970048, =8) at libc/string/memcpy.c:29
	#100061416 in huge_write_footer (=530023512, =46) at memblock.c:1136
	#200062313 in memblock_huge_init (=343261104, =526875184, =3, =0, =46) at memblock.c:1310
	#300105887 in heap_split_block (=526875184, =1614964608, =500490576, =1) at heap.c:961
	#400105316 in heap_get_bestfit_block (=526875184, =1614964608, =500490576) at heap.c:995
	#500105551 in heap_ensure_run_bucket_filled (=526875184, =1363283488, =3) at heap.c:884
	#600105251 in heap_get_bestfit_block (=526875184, =1363283488, =1559044264) at heap.c:987
	#700110805 in palloc_reservation_create (=526875184, =2048, =127015688, =1648997472, =2, =0, =0, =0, =1559044224) at palloc.c:218
	#800118417 in palloc_reserve (=526875184, =2048, =127015688, =1648997472, =2, =0, =0, =0, =1559044224) at palloc.c:597
	#900142700 in tx_alloc_common (=71792416, =2048, =2, =127015688, =1648997472) at tx.c:587
	#1000142910 in pmemobj_tx_zalloc (=2048, =2) at tx.c:1595
	#1100014629 in clht_hashtable_create (=32) at src/clht_lb_res.c:365
	#1200014162 in ht_resize_pes (=530805968, =1, =4) at src/clht_lb_res.c:839
	#1300013958 in ht_status (=530805968, =1, =0) at src/clht_lb_res.c:1112
	#1400013346 in clht_put (=530805968, =32, =32) at src/clht_lb_res.c:597
	#1500012688 in _ZZ3runPPcENK3$_0clEv (=291644592) at example-nothread.cpp:109
	#1600012271 in _Z3runPPc (=400716384) at example-nothread.cpp:114
	#1700016765 in __klee_posix_wrapped_main (=2, =400716384) at example-nothread.cpp:204
	#1800010304 in __klee_posix_ctor_stub_insert_point (=2, =400716384, =49624624) at runtime/POSIX/./klee_init_env.c:491
	#1900010324 in __user_main (=5, =49624576, =49624624) at runtime/POSIX/./klee_init_env.c:499
	#2000004410 in __uClibc_main (=49076616, =5, =49624576, =0, =0, =0, =0) at libc/misc/internals/__uClibc_main.c:401
	#2100004577 in main (=5, =49624576)

<not masking anything>
<not masked by anything>

(33) ID #6887901809244407941 with 214 occurences:
Type of modification: write (unpersisted)
File: heap.c
Line: 1500
assembly.ll line: 107449
 allocated at _block_init_pmem_from_file():  %22 = call i8* @klee_pmem_alloc_pmem(i64 %19, i8* %20, i1 zeroext false, i8* %21), !dbg !11010
Stack: 
Current Thread: 1
Thread 1, Process 0, enabled
		PC:   store %struct.heap_layout* %99, %struct.heap_layout** %101, align 8, !dbg !11417 (op #0=530022400, op #1=526875264)
	#000107449 in heap_boot (=526875184, =530022400, =13623296, =526874656, =526868480, =526875448, =1166505024, =413387552) at heap.c:1500
	#100116753 in palloc_boot (=526875184, =530022400, =13623296, =526874656, =526868480, =526875448, =1166505024, =413387552) at palloc.c:1248
	#200116615 in pmalloc_boot (=526868480) at pmalloc.c:179
	#300116399 in lane_recover_and_section_boot (=526868480) at lane.c:370
	#400125225 in obj_runtime_init_common (=526868480) at obj.c:840
	#500124760 in obj_runtime_init (=526868480, =0, =1, =1024) at obj.c:1206
	#600127912 in obj_open_common (=220365200, =149323000, =0, =1) at obj.c:1761
	#700127730 in pmemobj_openU (=220365200, =149323000) at obj.c:1798
	#800127695 in pmemobj_open (=220365200, =149323000) at obj.c:1811
	#900012316 in clht_create (=8) at src/clht_lb_res.c:265
	#1000012197 in _Z3runPPc (=400716384) at example-nothread.cpp:81
	#1100016765 in __klee_posix_wrapped_main (=2, =400716384) at example-nothread.cpp:204
	#1200010304 in __klee_posix_ctor_stub_insert_point (=2, =400716384, =49624624) at runtime/POSIX/./klee_init_env.c:491
	#1300010324 in __user_main (=5, =49624576, =49624624) at runtime/POSIX/./klee_init_env.c:499
	#1400004410 in __uClibc_main (=49076616, =5, =49624576, =0, =0, =0, =0) at libc/misc/internals/__uClibc_main.c:401
	#1500004577 in main (=5, =49624576)

<not masking anything>
<not masked by anything>

(34) ID #17995687563049139467 with 214 occurences:
Type of modification: write (unpersisted)
File: libc/string/memcpy.c
Line: 29
assembly.ll line: 11940
 allocated at _block_init_pmem_from_file():  %22 = call i8* @klee_pmem_alloc_pmem(i64 %19, i8* %20, i1 zeroext false, i8* %21), !dbg !11010
Stack: 
Current Thread: 1
Thread 1, Process 0, enabled
		PC:   store i8 %17, i8* %18, align 1, !dbg !10998 (op #0=8, op #1=526875184)
	#000011940 in memcpy (=526875184, =526875448, =80) at libc/string/memcpy.c:29
	#100107444 in heap_boot (=526875184, =530022400, =13623296, =526874656, =526868480, =526875448, =1166505024, =413387552) at heap.c:1499
	#200116753 in palloc_boot (=526875184, =530022400, =13623296, =526874656, =526868480, =526875448, =1166505024, =413387552) at palloc.c:1248
	#300116615 in pmalloc_boot (=526868480) at pmalloc.c:179
	#400116399 in lane_recover_and_section_boot (=526868480) at lane.c:370
	#500125225 in obj_runtime_init_common (=526868480) at obj.c:840
	#600124760 in obj_runtime_init (=526868480, =0, =1, =1024) at obj.c:1206
	#700127912 in obj_open_common (=220365200, =149323000, =0, =1) at obj.c:1761
	#800127730 in pmemobj_openU (=220365200, =149323000) at obj.c:1798
	#900127695 in pmemobj_open (=220365200, =149323000) at obj.c:1811
	#1000012316 in clht_create (=8) at src/clht_lb_res.c:265
	#1100012197 in _Z3runPPc (=400716384) at example-nothread.cpp:81
	#1200016765 in __klee_posix_wrapped_main (=2, =400716384) at example-nothread.cpp:204
	#1300010304 in __klee_posix_ctor_stub_insert_point (=2, =400716384, =49624624) at runtime/POSIX/./klee_init_env.c:491
	#1400010324 in __user_main (=5, =49624576, =49624624) at runtime/POSIX/./klee_init_env.c:499
	#1500004410 in __uClibc_main (=49076616, =5, =49624576, =0, =0, =0, =0) at libc/misc/internals/__uClibc_main.c:401
	#1600004577 in main (=5, =49624576)

<not masking anything>
<not masked by anything>

(35) ID #14198028529363302609 with 86 occurences:
Type of modification: write (unpersisted)
File: include/clht_lb_res.h
Line: 352
assembly.ll line: 15668
 allocated at _block_init_pmem_from_file():  %22 = call i8* @klee_pmem_alloc_pmem(i64 %19, i8* %20, i1 zeroext false, i8* %21), !dbg !11010
Stack: 
Current Thread: 1
Thread 1, Process 0, enabled
		PC:   store i8 %9, i8* %6, !dbg !10986 (op #0=2, op #1=530806352)
	#000015668 in lock_acq_resize (=530806352) at include/clht_lb_res.h:352
	#100014855 in bucket_cpy (=530805968, =530806352, =530806928) at src/clht_lb_res.c:726
	#200014211 in ht_resize_pes (=530805968, =1, =4) at src/clht_lb_res.c:849
	#300013958 in ht_status (=530805968, =1, =0) at src/clht_lb_res.c:1112
	#400013346 in clht_put (=530805968, =32, =32) at src/clht_lb_res.c:597
	#500012688 in _ZZ3runPPcENK3$_0clEv (=291644592) at example-nothread.cpp:109
	#600012271 in _Z3runPPc (=400716384) at example-nothread.cpp:114
	#700016765 in __klee_posix_wrapped_main (=2, =400716384) at example-nothread.cpp:204
	#800010304 in __klee_posix_ctor_stub_insert_point (=2, =400716384, =49624624) at runtime/POSIX/./klee_init_env.c:491
	#900010324 in __user_main (=5, =49624576, =49624624) at runtime/POSIX/./klee_init_env.c:499
	#1000004410 in __uClibc_main (=49076616, =5, =49624576, =0, =0, =0, =0) at libc/misc/internals/__uClibc_main.c:401
	#1100004577 in main (=5, =49624576)

<not masking anything>
<not masked by anything>

(36) ID #9636094762479354509 with 214 occurences:
Type of modification: write (unpersisted)
File: obj.c
Line: 1111
assembly.ll line: 124282
 allocated at _block_init_pmem_from_file():  %22 = call i8* @klee_pmem_alloc_pmem(i64 %19, i8* %20, i1 zeroext false, i8* %21), !dbg !11010
Stack: 
Current Thread: 1
Thread 1, Process 0, enabled
		PC:   store i32 (i8*, i8*, i64, i32)* @obj_norep_flush, i32 (i8*, i8*, i64, i32)** %57, align 8, !dbg !11045 (op #0=<global const>, op #1=526875456)
	#000124282 in obj_replica_init (=526868480, =413387552, =0, =0) at obj.c:1111
	#100128139 in obj_replicas_init (=413387552) at obj.c:1631
	#200127793 in obj_open_common (=220365200, =149323000, =0, =1) at obj.c:1724
	#300127730 in pmemobj_openU (=220365200, =149323000) at obj.c:1798
	#400127695 in pmemobj_open (=220365200, =149323000) at obj.c:1811
	#500012316 in clht_create (=8) at src/clht_lb_res.c:265
	#600012197 in _Z3runPPc (=400716384) at example-nothread.cpp:81
	#700016765 in __klee_posix_wrapped_main (=2, =400716384) at example-nothread.cpp:204
	#800010304 in __klee_posix_ctor_stub_insert_point (=2, =400716384, =49624624) at runtime/POSIX/./klee_init_env.c:491
	#900010324 in __user_main (=5, =49624576, =49624624) at runtime/POSIX/./klee_init_env.c:499
	#1000004410 in __uClibc_main (=49076616, =5, =49624576, =0, =0, =0, =0) at libc/misc/internals/__uClibc_main.c:401
	#1100004577 in main (=5, =49624576)

<not masking anything>
<not masked by anything>

(37) ID #4746929433863557763 with 214 occurences:
Type of modification: write (unpersisted)
File: sync.c
Line: 48
assembly.ll line: 118163
 allocated at _block_init_pmem_from_file():  %22 = call i8* @klee_pmem_alloc_pmem(i64 %19, i8* %20, i1 zeroext false, i8* %21), !dbg !11010
Stack: 
Current Thread: 1
Thread 1, Process 0, enabled
		PC:   store i64 %32, i64* %26, !dbg !11018 (op #0=5, op #1=526875528)
	#000118163 in _get_value (=6, =526875528, =526875536, =0, =96588424) at sync.c:48
	#100118089 in get_mutex (=526868480, =526875528) at sync.c:91
	#200117221 in pmemobj_mutex_lock (=526868480, =526875528) at sync.c:201
	#300131856 in pmemobj_mutex_lock_nofail (=526868480, =526875528) at ./sync.h:84
	#400131773 in pmemobj_root_construct (=526868480, =128, =0, =0) at obj.c:2884
	#500132141 in pmemobj_root (=526868480, =128) at obj.c:2912
	#600012338 in clht_create (=8) at src/clht_lb_res.c:278
	#700012197 in _Z3runPPc (=400716384) at example-nothread.cpp:81
	#800016765 in __klee_posix_wrapped_main (=2, =400716384) at example-nothread.cpp:204
	#900010304 in __klee_posix_ctor_stub_insert_point (=2, =400716384, =49624624) at runtime/POSIX/./klee_init_env.c:491
	#1000010324 in __user_main (=5, =49624576, =49624624) at runtime/POSIX/./klee_init_env.c:499
	#1100004410 in __uClibc_main (=49076616, =5, =49624576, =0, =0, =0, =0) at libc/misc/internals/__uClibc_main.c:401
	#1200004577 in main (=5, =49624576)

<not masking anything>
<not masked by anything>

(38) ID #692093120208024020 with 14 occurences:
Type of modification: flush (never modified)
File: src/clht_lb_res.c
Line: 154
assembly.ll line: 13661
 allocated at _block_init_pmem_from_file():  %22 = call i8* @klee_pmem_alloc_pmem(i64 %19, i8* %20, i1 zeroext false, i8* %21), !dbg !11010
Stack: 
Current Thread: 1
Thread 1, Process 0, enabled
		PC:   call void @llvm.x86.clwb(i8* %32, i8* %32), !dbg !11016 (op #0=<global const>, op #1=530807040, op #2=530807040)
	#000013661 in clflush (=530806928, =128, =false) at src/clht_lb_res.c:154
	#100014301 in ht_resize_pes (=530805968, =1, =4) at src/clht_lb_res.c:895
	#200013958 in ht_status (=530805968, =1, =0) at src/clht_lb_res.c:1112
	#300013346 in clht_put (=530805968, =32, =32) at src/clht_lb_res.c:597
	#400012688 in _ZZ3runPPcENK3$_0clEv (=291644592) at example-nothread.cpp:109
	#500012271 in _Z3runPPc (=400716384) at example-nothread.cpp:114
	#600016765 in __klee_posix_wrapped_main (=2, =400716384) at example-nothread.cpp:204
	#700010304 in __klee_posix_ctor_stub_insert_point (=2, =400716384, =49624624) at runtime/POSIX/./klee_init_env.c:491
	#800010324 in __user_main (=5, =49624576, =49624624) at runtime/POSIX/./klee_init_env.c:499
	#900004410 in __uClibc_main (=49076616, =5, =49624576, =0, =0, =0, =0) at libc/misc/internals/__uClibc_main.c:401
	#1000004577 in main (=5, =49624576)

<not masking anything>
<not masked by anything>

(39) ID #2921498902634343906 with 44 occurences:
Type of modification: fence (unnecessary)
File: ../../src/../src/libpmem2/x86_64/init.c
Line: 27
assembly.ll line: 156132
 (no allocation info)
Stack: 
Current Thread: 1
Thread 1, Process 0, enabled
		PC:   call void @llvm.x86.sse.sfence(), !dbg !10981 (op #0=<global const>)
	#000156132 in memory_barrier () at ../../src/../src/libpmem2/x86_64/init.c:27
	#100172184 in pmem_drain () at pmem.c:189
	#200126450 in obj_norep_drain (=526868480) at obj.c:492
	#300111289 in pmemops_drain.1002 (=526875184) at ./pmemops.h:76
	#400111079 in palloc_exec_actions (=526875184, =216071168, =1378189312, =2) at palloc.c:559
	#500119060 in palloc_publish (=526875184, =1378189312, =2, =216071168) at palloc.c:660
	#600139973 in pmemobj_tx_commit () at tx.c:1009
	#700140545 in pmemobj_tx_process () at tx.c:1101
	#800014799 in clht_hashtable_create (=8) at src/clht_lb_res.c:413
	#900012396 in clht_create (=8) at src/clht_lb_res.c:298
	#1000012197 in _Z3runPPc (=400716384) at example-nothread.cpp:81
	#1100016765 in __klee_posix_wrapped_main (=2, =400716384) at example-nothread.cpp:204
	#1200010304 in __klee_posix_ctor_stub_insert_point (=2, =400716384, =49624624) at runtime/POSIX/./klee_init_env.c:491
	#1300010324 in __user_main (=5, =49624576, =49624624) at runtime/POSIX/./klee_init_env.c:499
	#1400004410 in __uClibc_main (=49076616, =5, =49624576, =0, =0, =0, =0) at libc/misc/internals/__uClibc_main.c:401
	#1500004577 in main (=5, =49624576)

<not masking anything>
<not masked by anything>

(40) ID #1463922938261204241 with 214 occurences:
Type of modification: write (unpersisted)
File: obj.c
Line: 1007
assembly.ll line: 126886
 allocated at _block_init_pmem_from_file():  %22 = call i8* @klee_pmem_alloc_pmem(i64 %19, i8* %20, i1 zeroext false, i8* %21), !dbg !11010
Stack: 
Current Thread: 1
Thread 1, Process 0, enabled
		PC:   store void (i8*, i64)* @pmem_persist, void (i8*, i64)** %33, align 8, !dbg !11010 (op #0=<global const>, op #1=526875400)
	#000126886 in obj_replica_init_local (=526868480, =1, =16777216) at obj.c:1007
	#100124385 in obj_replica_init (=526868480, =413387552, =0, =0) at obj.c:1139
	#200128139 in obj_replicas_init (=413387552) at obj.c:1631
	#300127793 in obj_open_common (=220365200, =149323000, =0, =1) at obj.c:1724
	#400127730 in pmemobj_openU (=220365200, =149323000) at obj.c:1798
	#500127695 in pmemobj_open (=220365200, =149323000) at obj.c:1811
	#600012316 in clht_create (=8) at src/clht_lb_res.c:265
	#700012197 in _Z3runPPc (=400716384) at example-nothread.cpp:81
	#800016765 in __klee_posix_wrapped_main (=2, =400716384) at example-nothread.cpp:204
	#900010304 in __klee_posix_ctor_stub_insert_point (=2, =400716384, =49624624) at runtime/POSIX/./klee_init_env.c:491
	#1000010324 in __user_main (=5, =49624576, =49624624) at runtime/POSIX/./klee_init_env.c:499
	#1100004410 in __uClibc_main (=49076616, =5, =49624576, =0, =0, =0, =0) at libc/misc/internals/__uClibc_main.c:401
	#1200004577 in main (=5, =49624576)

<not masking anything>
<not masked by anything>

(41) ID #15685754714172599741 with 179 occurences:
Type of modification: write (unpersisted)
File: src/clht_lb_res.c
Line: 592
assembly.ll line: 13337
 allocated at _block_init_pmem_from_file():  %22 = call i8* @klee_pmem_alloc_pmem(i64 %19, i8* %20, i1 zeroext false, i8* %21), !dbg !11010
Stack: 
Current Thread: 1
Thread 1, Process 0, enabled
		PC:   store volatile i8 0, i8* %218, align 1, !dbg !11188 (op #0=<global const>, op #1=530806416)
	#000013337 in clht_put (=530805968, =1, =1) at src/clht_lb_res.c:592
	#100012688 in _ZZ3runPPcENK3$_0clEv (=291644592) at example-nothread.cpp:109
	#200012271 in _Z3runPPc (=400716384) at example-nothread.cpp:114
	#300016765 in __klee_posix_wrapped_main (=2, =400716384) at example-nothread.cpp:204
	#400010304 in __klee_posix_ctor_stub_insert_point (=2, =400716384, =49624624) at runtime/POSIX/./klee_init_env.c:491
	#500010324 in __user_main (=5, =49624576, =49624624) at runtime/POSIX/./klee_init_env.c:499
	#600004410 in __uClibc_main (=49076616, =5, =49624576, =0, =0, =0, =0) at libc/misc/internals/__uClibc_main.c:401
	#700004577 in main (=5, =49624576)

<not masking anything>
May be masked by:
	ID #14198028529363302609
	ID #14626059365413832815

(42) ID #10014280744722582151 with 44 occurences:
Type of modification: fence (unnecessary)
File: src/clht_lb_res.c
Line: 139
assembly.ll line: 14944
 (no allocation info)
Stack: 
Current Thread: 1
Thread 1, Process 0, enabled
		PC:   call void @llvm.x86.sse2.mfence(), !dbg !10978 (op #0=<global const>)
	#000014944 in mfence () at src/clht_lb_res.c:139
	#100013636 in clflush (=530805968, =128, =true) at src/clht_lb_res.c:146
	#200012479 in clht_create (=8) at src/clht_lb_res.c:321
	#300012197 in _Z3runPPc (=400716384) at example-nothread.cpp:81
	#400016765 in __klee_posix_wrapped_main (=2, =400716384) at example-nothread.cpp:204
	#500010304 in __klee_posix_ctor_stub_insert_point (=2, =400716384, =49624624) at runtime/POSIX/./klee_init_env.c:491
	#600010324 in __user_main (=5, =49624576, =49624624) at runtime/POSIX/./klee_init_env.c:499
	#700004410 in __uClibc_main (=49076616, =5, =49624576, =0, =0, =0, =0) at libc/misc/internals/__uClibc_main.c:401
	#800004577 in main (=5, =49624576)

<not masking anything>
<not masked by anything>

(43) ID #2524026015531172498 with 44156 occurences:
Type of modification: fence (unnecessary)
File: src/clht_lb_res.c
Line: 139
assembly.ll line: 14944
 (no allocation info)
Stack: 
Current Thread: 1
Thread 1, Process 0, enabled
		PC:   call void @llvm.x86.sse2.mfence(), !dbg !10978 (op #0=<global const>)
	#000014944 in mfence () at src/clht_lb_res.c:139
	#100013636 in clflush (=530806424, =8, =true) at src/clht_lb_res.c:146
	#200013332 in clht_put (=530805968, =1, =1) at src/clht_lb_res.c:589
	#300012688 in _ZZ3runPPcENK3$_0clEv (=291644592) at example-nothread.cpp:109
	#400012271 in _Z3runPPc (=400716384) at example-nothread.cpp:114
	#500016765 in __klee_posix_wrapped_main (=2, =400716384) at example-nothread.cpp:204
	#600010304 in __klee_posix_ctor_stub_insert_point (=2, =400716384, =49624624) at runtime/POSIX/./klee_init_env.c:491
	#700010324 in __user_main (=5, =49624576, =49624624) at runtime/POSIX/./klee_init_env.c:499
	#800004410 in __uClibc_main (=49076616, =5, =49624576, =0, =0, =0, =0) at libc/misc/internals/__uClibc_main.c:401
	#900004577 in main (=5, =49624576)

<not masking anything>
<not masked by anything>

(44) ID #6546922305246734134 with 21884 occurences:
Type of modification: fence (unnecessary)
File: ../../src/../src/libpmem2/x86_64/init.c
Line: 27
assembly.ll line: 156132
 (no allocation info)
Stack: 
Current Thread: 1
Thread 1, Process 0, enabled
		PC:   call void @llvm.x86.sse.sfence(), !dbg !10981 (op #0=<global const>)
	#000156132 in memory_barrier () at ../../src/../src/libpmem2/x86_64/init.c:27
	#100172184 in pmem_drain () at pmem.c:189
	#200126450 in obj_norep_drain (=526868480) at obj.c:492
	#300111289 in pmemops_drain.1002 (=526875184) at ./pmemops.h:76
	#400111079 in palloc_exec_actions (=526875184, =1545705856, =1559044096, =2) at palloc.c:559
	#500119060 in palloc_publish (=526875184, =1559044096, =2, =1545705856) at palloc.c:660
	#600139973 in pmemobj_tx_commit () at tx.c:1009
	#700140545 in pmemobj_tx_process () at tx.c:1101
	#800013255 in clht_put (=530805968, =25, =25) at src/clht_lb_res.c:555
	#900012688 in _ZZ3runPPcENK3$_0clEv (=291644592) at example-nothread.cpp:109
	#1000012271 in _Z3runPPc (=400716384) at example-nothread.cpp:114
	#1100016765 in __klee_posix_wrapped_main (=2, =400716384) at example-nothread.cpp:204
	#1200010304 in __klee_posix_ctor_stub_insert_point (=2, =400716384, =49624624) at runtime/POSIX/./klee_init_env.c:491
	#1300010324 in __user_main (=5, =49624576, =49624624) at runtime/POSIX/./klee_init_env.c:499
	#1400004410 in __uClibc_main (=49076616, =5, =49624576, =0, =0, =0, =0) at libc/misc/internals/__uClibc_main.c:401
	#1500004577 in main (=5, =49624576)

<not masking anything>
<not masked by anything>

(45) ID #10836977872418118073 with 21884 occurences:
Type of modification: fence (unnecessary)
File: src/clht_lb_res.c
Line: 139
assembly.ll line: 14944
 (no allocation info)
Stack: 
Current Thread: 1
Thread 1, Process 0, enabled
		PC:   call void @llvm.x86.sse2.mfence(), !dbg !10978 (op #0=<global const>)
	#000014944 in mfence () at src/clht_lb_res.c:139
	#100013689 in clflush (=531064144, =64, =true) at src/clht_lb_res.c:159
	#200013261 in clht_put (=530805968, =25, =25) at src/clht_lb_res.c:556
	#300012688 in _ZZ3runPPcENK3$_0clEv (=291644592) at example-nothread.cpp:109
	#400012271 in _Z3runPPc (=400716384) at example-nothread.cpp:114
	#500016765 in __klee_posix_wrapped_main (=2, =400716384) at example-nothread.cpp:204
	#600010304 in __klee_posix_ctor_stub_insert_point (=2, =400716384, =49624624) at runtime/POSIX/./klee_init_env.c:491
	#700010324 in __user_main (=5, =49624576, =49624624) at runtime/POSIX/./klee_init_env.c:499
	#800004410 in __uClibc_main (=49076616, =5, =49624576, =0, =0, =0, =0) at libc/misc/internals/__uClibc_main.c:401
	#900004577 in main (=5, =49624576)

<not masking anything>
<not masked by anything>

(46) ID #459423910100722363 with 120 occurences:
Type of modification: write (unpersisted)
File: libc/string/memcpy.c
Line: 29
assembly.ll line: 11940
 allocated at _block_init_pmem_from_file():  %22 = call i8* @klee_pmem_alloc_pmem(i64 %19, i8* %20, i1 zeroext false, i8* %21), !dbg !11010
Stack: 
Current Thread: 1
Thread 1, Process 0, enabled
		PC:   store i8 %17, i8* %18, align 1, !dbg !10998 (op #0=1, op #1=530023872)
	#000011940 in memcpy (=530023872, =1166511928, =8) at libc/string/memcpy.c:29
	#100061416 in huge_write_footer (=530023496, =48) at memblock.c:1136
	#200062313 in memblock_huge_init (=485985424, =526875184, =1, =0, =48) at memblock.c:1310
	#300105887 in heap_split_block (=526875184, =1361529440, =292195424, =1) at heap.c:961
	#400105316 in heap_get_bestfit_block (=526875184, =1361529440, =292195424) at heap.c:995
	#500105551 in heap_ensure_run_bucket_filled (=526875184, =893390272, =1) at heap.c:884
	#600105251 in heap_get_bestfit_block (=526875184, =893390272, =130998312) at heap.c:987
	#700110805 in palloc_reservation_create (=526875184, =128, =127003912, =1361541440, =0, =32768, =0, =0, =130998272) at palloc.c:218
	#800109956 in palloc_operation (=526875184, =0, =526874624, =128, =127003912, =1361541440, =0, =32768, =0, =0, =216071168) at palloc.c:732
	#900131948 in obj_alloc_root (=526868480, =128, =0, =0) at obj.c:2833
	#1000131786 in pmemobj_root_construct (=526868480, =128, =0, =0) at obj.c:2887
	#1100132141 in pmemobj_root (=526868480, =128) at obj.c:2912
	#1200012338 in clht_create (=8) at src/clht_lb_res.c:278
	#1300012197 in _Z3runPPc (=400716384) at example-nothread.cpp:81
	#1400016765 in __klee_posix_wrapped_main (=2, =400716384) at example-nothread.cpp:204
	#1500010304 in __klee_posix_ctor_stub_insert_point (=2, =400716384, =49624624) at runtime/POSIX/./klee_init_env.c:491
	#1600010324 in __user_main (=5, =49624576, =49624624) at runtime/POSIX/./klee_init_env.c:499
	#1700004410 in __uClibc_main (=49076616, =5, =49624576, =0, =0, =0, =0) at libc/misc/internals/__uClibc_main.c:401
	#1800004577 in main (=5, =49624576)

<not masking anything>
May be masked by:
	ID #15948313152925555872

(47) ID #17926551099192191780 with 21884 occurences:
Type of modification: fence (unnecessary)
File: src/clht_lb_res.c
Line: 139
assembly.ll line: 14944
 (no allocation info)
Stack: 
Current Thread: 1
Thread 1, Process 0, enabled
		PC:   call void @llvm.x86.sse2.mfence(), !dbg !10978 (op #0=<global const>)
	#000014944 in mfence () at src/clht_lb_res.c:139
	#100013636 in clflush (=1166509344, =8, =true) at src/clht_lb_res.c:146
	#200013285 in clht_put (=530805968, =25, =25) at src/clht_lb_res.c:559
	#300012688 in _ZZ3runPPcENK3$_0clEv (=291644592) at example-nothread.cpp:109
	#400012271 in _Z3runPPc (=400716384) at example-nothread.cpp:114
	#500016765 in __klee_posix_wrapped_main (=2, =400716384) at example-nothread.cpp:204
	#600010304 in __klee_posix_ctor_stub_insert_point (=2, =400716384, =49624624) at runtime/POSIX/./klee_init_env.c:491
	#700010324 in __user_main (=5, =49624576, =49624624) at runtime/POSIX/./klee_init_env.c:499
	#800004410 in __uClibc_main (=49076616, =5, =49624576, =0, =0, =0, =0) at libc/misc/internals/__uClibc_main.c:401
	#900004577 in main (=5, =49624576)

<not masking anything>
<not masked by anything>

(48) ID #12939320988974641926 with 128 occurences:
Type of modification: write (unpersisted)
File: src/clht_gc.c
Line: 58
assembly.ll line: 12963
 allocated at _block_init_pmem_from_file():  %22 = call i8* @klee_pmem_alloc_pmem(i64 %19, i8* %20, i1 zeroext false, i8* %21), !dbg !11010
Stack: 
Current Thread: 1
Thread 1, Process 0, enabled
		PC:   store i64 %70, i64* %59, !dbg !11044 (op #0=1436890624, op #1=530806040)
	#000012963 in clht_gc_thread_init (=530805968, =0) at src/clht_gc.c:58
	#100012660 in _ZZ3runPPcENK3$_0clEv (=291644592) at example-nothread.cpp:103
	#200012271 in _Z3runPPc (=400716384) at example-nothread.cpp:114
	#300016765 in __klee_posix_wrapped_main (=2, =400716384) at example-nothread.cpp:204
	#400010304 in __klee_posix_ctor_stub_insert_point (=2, =400716384, =49624624) at runtime/POSIX/./klee_init_env.c:491
	#500010324 in __user_main (=5, =49624576, =49624624) at runtime/POSIX/./klee_init_env.c:499
	#600004410 in __uClibc_main (=49076616, =5, =49624576, =0, =0, =0, =0) at libc/misc/internals/__uClibc_main.c:401
	#700004577 in main (=5, =49624576)

<not masking anything>
May be masked by:
	ID #18157742105135915301

(49) ID #14594095548159221623 with 21884 occurences:
Type of modification: fence (unnecessary)
File: src/clht_lb_res.c
Line: 139
assembly.ll line: 14944
 (no allocation info)
Stack: 
Current Thread: 1
Thread 1, Process 0, enabled
		PC:   call void @llvm.x86.sse2.mfence(), !dbg !10978 (op #0=<global const>)
	#000014944 in mfence () at src/clht_lb_res.c:139
	#100013689 in clflush (=1166509344, =8, =true) at src/clht_lb_res.c:159
	#200013285 in clht_put (=530805968, =25, =25) at src/clht_lb_res.c:559
	#300012688 in _ZZ3runPPcENK3$_0clEv (=291644592) at example-nothread.cpp:109
	#400012271 in _Z3runPPc (=400716384) at example-nothread.cpp:114
	#500016765 in __klee_posix_wrapped_main (=2, =400716384) at example-nothread.cpp:204
	#600010304 in __klee_posix_ctor_stub_insert_point (=2, =400716384, =49624624) at runtime/POSIX/./klee_init_env.c:491
	#700010324 in __user_main (=5, =49624576, =49624624) at runtime/POSIX/./klee_init_env.c:499
	#800004410 in __uClibc_main (=49076616, =5, =49624576, =0, =0, =0, =0) at libc/misc/internals/__uClibc_main.c:401
	#900004577 in main (=5, =49624576)

<not masking anything>
<not masked by anything>

(50) ID #3817151860805800203 with 102 occurences:
Type of modification: write (unpersisted)
File: src/clht_lb_res.c
Line: 557
assembly.ll line: 13276
 allocated at _block_init_pmem_from_file():  %22 = call i8* @klee_pmem_alloc_pmem(i64 %19, i8* %20, i1 zeroext false, i8* %21), !dbg !11010
Stack: 
Current Thread: 1
Thread 1, Process 0, enabled
		PC:   store volatile i64 %187, i64* %189, align 8, !dbg !11159 (op #0=4195664, op #1=530806472)
	#000013276 in clht_put (=530805968, =25, =25) at src/clht_lb_res.c:557
	#100012688 in _ZZ3runPPcENK3$_0clEv (=291644592) at example-nothread.cpp:109
	#200012271 in _Z3runPPc (=400716384) at example-nothread.cpp:114
	#300016765 in __klee_posix_wrapped_main (=2, =400716384) at example-nothread.cpp:204
	#400010304 in __klee_posix_ctor_stub_insert_point (=2, =400716384, =49624624) at runtime/POSIX/./klee_init_env.c:491
	#500010324 in __user_main (=5, =49624576, =49624624) at runtime/POSIX/./klee_init_env.c:499
	#600004410 in __uClibc_main (=49076616, =5, =49624576, =0, =0, =0, =0) at libc/misc/internals/__uClibc_main.c:401
	#700004577 in main (=5, =49624576)

<not masking anything>
<not masked by anything>

(51) ID #644709895549652457 with 16 occurences:
Type of modification: write (unpersisted)
File: src/clht_lb_res.c
Line: 245
assembly.ll line: 13590
 allocated at _block_init_pmem_from_file():  %22 = call i8* @klee_pmem_alloc_pmem(i64 %19, i8* %20, i1 zeroext false, i8* %21), !dbg !11010
Stack: 
Current Thread: 1
Thread 1, Process 0, enabled
		PC:   store i32 %12, i32* %10, !dbg !10987 (op #0=1, op #1=530806248)
	#000013590 in clht_bucket_create_stats (=530806160, =1166509328) at src/clht_lb_res.c:245
	#100013243 in clht_put (=530805968, =25, =25) at src/clht_lb_res.c:544
	#200012688 in _ZZ3runPPcENK3$_0clEv (=291644592) at example-nothread.cpp:109
	#300012271 in _Z3runPPc (=400716384) at example-nothread.cpp:114
	#400016765 in __klee_posix_wrapped_main (=2, =400716384) at example-nothread.cpp:204
	#500010304 in __klee_posix_ctor_stub_insert_point (=2, =400716384, =49624624) at runtime/POSIX/./klee_init_env.c:491
	#600010324 in __user_main (=5, =49624576, =49624624) at runtime/POSIX/./klee_init_env.c:499
	#700004410 in __uClibc_main (=49076616, =5, =49624576, =0, =0, =0, =0) at libc/misc/internals/__uClibc_main.c:401
	#800004577 in main (=5, =49624576)

<not masking anything>
May be masked by:
	ID #17015143910501020974
