Persistent Memory Bugs:
	Number of bugs: 17
		Number of unpersisted write bugs (correctness): 16
		Number of extra flush bugs (performance): 1
		Number of flushes to untouched memory (performance): 0
		Number of fences with nothing to commit (performance): 0
	Overall bug occurences: 16544080
		Number of unpersisted write occurences (correctness): 16453015
		Number of extra flush occurences (performance): 91065
		Number of untouched memory flush occurences (performance): 0
		Number of occurence of fences with nothing to commit (performance): 0

(1) ID #11316452804187137456 with 57860 occurences:
Type of modification: write (unpersisted)
File: items.c
Line: 591
assembly.ll line: 123190
 allocated at _block_init_pmem():  %24 = call i8* @klee_pmem_alloc_pmem(i64 %20, i8* %21, i1 zeroext %23, i8* null), !dbg !13424
Stack: 
Current Thread: 3
Thread 1, Process 0, disabled
		PC:   ret void, !dbg !13398 ()
	#000007241 in __thread_sleep (=1322) at runtime/POSIX/./multiprocess.h:195
	#100006932 in select (=6, =115072392, =115072480, =0, =115454800) at runtime/POSIX/./fd.c:808
	#200033497 in select_dispatch (=84941952, =115454800) at select.c:172
	#300063873 in event_base_loop (=84941952, =0) at event.c:2025
	#400159457 in __klee_posix_wrapped_main (=10, =114868960) at memcached.c:7974
	#500009873 in __klee_posix_ctor_stub_insert_point (=10, =114868960, =34800896) at runtime/POSIX/./klee_init_env.c:491
	#600009893 in __user_main (=15, =34800768, =34800896) at runtime/POSIX/./klee_init_env.c:499
	#700003979 in __uClibc_main (=32364680, =15, =34800768, =0, =0, =0, =0) at libc/misc/internals/__uClibc_main.c:401
	#800004146 in main (=15, =34800768)
Thread 2, Process 0, enabled
		PC:   call void @klee_thread_preempt(i32 %3), !dbg !13395 (op #0=<global const>, op #1=1)
	#000176885 in __thread_preempt (=1) at runtime/POSIX/./multiprocess.h:177
	#100176855 in _yield_sleep (=0, =512561) at runtime/POSIX/./misc.c:59
	#200176899 in usleep (=512561) at runtime/POSIX/./misc.c:68
	#300168729 in logger_thread (=0) at logger.c:515
Thread 3, Process 0, enabled
		PC:   store i16 %6, i16* %4, align 4, !dbg !13401, !tbaa !13403 (op #0=1, op #1=123214120)
	#000123190 in do_item_remove (=123214084) at items.c:591
	#100129163 in item_remove (=123214084) at thread.c:589
	#200133554 in complete_nread_ascii (=217760768) at memcached.c:1251
	#300127724 in complete_nread (=217760768) at memcached.c:2700
	#400125688 in drive_machine (=217760768) at memcached.c:5566
	#500156278 in event_handler (=6, =2, =217760768) at memcached.c:5825
	#600065845 in event_persist_closure (=115874944, =217760800) at event.c:1645
	#700064979 in event_process_active_single_queue (=115874944, =115450704, =2147483647, =0) at event.c:1704
	#800064701 in event_process_active (=115874944) at event.c:1805
	#900063967 in event_base_loop (=115874944, =0) at event.c:2047
	#1000167435 in worker_libevent (=114622464) at thread.c:376
Thread 4, Process 0, disabled
		PC:   ret void, !dbg !13398 ()
	#000197259 in __thread_sleep.1175 (=1307) at runtime/POSIX/./multiprocess.h:195
	#100197626 in _atomic_cond_wait (=147537600, =147427328) at runtime/POSIX/./threadsync.c:300
	#200197554 in pthread_cond_wait (=113412640, =113599712) at runtime/POSIX/./threadsync.c:315
	#300167054 in assoc_maintenance_thread (=0) at assoc.c:262
Thread 5, Process 0, disabled
		PC:   ret void, !dbg !13398 ()
	#000197259 in __thread_sleep.1175 (=1301) at runtime/POSIX/./multiprocess.h:195
	#100197626 in _atomic_cond_wait (=147031648, =146997024) at runtime/POSIX/./threadsync.c:300
	#200197554 in pthread_cond_wait (=113521248, =113520768) at runtime/POSIX/./threadsync.c:315
	#300152779 in item_crawler_thread (=0) at crawler.c:364
Thread 6, Process 0, enabled
		PC:   call void @klee_thread_preempt(i32 %3), !dbg !13395 (op #0=<global const>, op #1=0)
	#000197248 in __thread_preempt.1174 (=0) at runtime/POSIX/./multiprocess.h:177
	#100197305 in pthread_mutex_unlock (=113270864) at runtime/POSIX/./threadsync.c:229
	#200131160 in lru_pull_tail (=2, =0, =955, =2, =0, =0) at items.c:1296
	#300166161 in lru_maintainer_juggle (=2) at items.c:1469
	#400165667 in lru_maintainer_thread (=0) at items.c:1667
Thread 7, Process 0, disabled
		PC:   ret void, !dbg !13398 ()
	#000197259 in __thread_sleep.1175 (=1311) at runtime/POSIX/./multiprocess.h:195
	#100197626 in _atomic_cond_wait (=147534976, =147532928) at runtime/POSIX/./threadsync.c:300
	#200197554 in pthread_cond_wait (=113390464, =113390272) at runtime/POSIX/./threadsync.c:315
	#300164211 in slab_rebalance_thread (=0) at slabs.c:1335
Thread 8, Process 0, disabled
		PC:   call void @klee_thread_sleep(i64 %3), !dbg !13397 (op #0=<global const>, op #1=1320)
	#000195554 in __thread_sleep.1121 (=1320) at runtime/POSIX/./multiprocess.h:190
	#100195331 in _stream_readv (=221447872, =8625170640, =1) at runtime/POSIX/./buffers.c:163
	#200195869 in _stream_read (=221447872, =8710671232, =127) at runtime/POSIX/./buffers.c:281
	#300180195 in __read_stream_socket_raw (=115760544, =8710671232, =127) at runtime/POSIX/./sockets.c:497
	#400179930 in __read_stream_socket (=115760544, =8710671232, =127) at runtime/POSIX/./sockets.c:563
	#500179843 in _read_socket (=115760544, =8710671232, =127) at runtime/POSIX/./sockets.c:568
	#600198801 in do_write (=32946560, =20) at runtime/POSIX/socksim/memcached.c:135
	#700198694 in memcached_rand_client_func (=32946560) at runtime/POSIX/socksim/memcached.c:171
	#800190025 in connect_and_run_client (=32946560) at runtime/POSIX/socksim/client.c:66

<not masking anything>
<not masked by anything>

(2) ID #9388929349117293778 with 50902 occurences:
Type of modification: write (unpersisted)
File: assoc.c
Line: 167
assembly.ll line: 140006
 allocated at _block_init_pmem():  %24 = call i8* @klee_pmem_alloc_pmem(i64 %20, i8* %21, i1 zeroext %23, i8* null), !dbg !13424
Stack: 
Current Thread: 3
Thread 1, Process 0, disabled
		PC:   call void @klee_thread_sleep(i64 %3), !dbg !13397 (op #0=<global const>, op #1=1322)
	#000007240 in __thread_sleep (=1322) at runtime/POSIX/./multiprocess.h:190
	#100006932 in select (=6, =115072392, =115072480, =0, =115454800) at runtime/POSIX/./fd.c:808
	#200033497 in select_dispatch (=84941952, =115454800) at select.c:172
	#300063873 in event_base_loop (=84941952, =0) at event.c:2025
	#400159457 in __klee_posix_wrapped_main (=10, =114868960) at memcached.c:7974
	#500009873 in __klee_posix_ctor_stub_insert_point (=10, =114868960, =34800896) at runtime/POSIX/./klee_init_env.c:491
	#600009893 in __user_main (=15, =34800768, =34800896) at runtime/POSIX/./klee_init_env.c:499
	#700003979 in __uClibc_main (=32364680, =15, =34800768, =0, =0, =0, =0) at libc/misc/internals/__uClibc_main.c:401
	#800004146 in main (=15, =34800768)
Thread 2, Process 0, enabled
		PC:   call void @klee_thread_preempt(i32 %3), !dbg !13395 (op #0=<global const>, op #1=0)
	#000197248 in __thread_preempt.1174 (=0) at runtime/POSIX/./multiprocess.h:177
	#100197305 in pthread_mutex_unlock (=57187568) at runtime/POSIX/./threadsync.c:229
	#200168843 in logger_thread_read (=57187552, =115354176) at logger.c:347
	#300168745 in logger_thread (=0) at logger.c:521
Thread 3, Process 0, enabled
		PC:   store %struct._stritem* %44, %struct._stritem** %46, align 8, !dbg !13441, !tbaa !13398 (op #0=0, op #1=123215924)
	#000140006 in assoc_insert (=123215908, =1707756238) at assoc.c:167
	#100139931 in do_item_link (=123215908, =1707756238) at items.c:539
	#200138651 in do_store_item (=123215908, =2, =217760768, =1707756238) at memcached.c:2945
	#300138168 in store_item (=123215908, =2, =217760768) at thread.c:639
	#400133514 in complete_nread_ascii (=217760768) at memcached.c:1200
	#500127724 in complete_nread (=217760768) at memcached.c:2700
	#600125688 in drive_machine (=217760768) at memcached.c:5566
	#700156278 in event_handler (=6, =2, =217760768) at memcached.c:5825
	#800065845 in event_persist_closure (=115874944, =217760800) at event.c:1645
	#900064979 in event_process_active_single_queue (=115874944, =115450704, =2147483647, =0) at event.c:1704
	#1000064701 in event_process_active (=115874944) at event.c:1805
	#1100063967 in event_base_loop (=115874944, =0) at event.c:2047
	#1200167435 in worker_libevent (=114622464) at thread.c:376
Thread 4, Process 0, disabled
		PC:   call void @klee_thread_sleep(i64 %3), !dbg !13397 (op #0=<global const>, op #1=1307)
	#000197258 in __thread_sleep.1175 (=1307) at runtime/POSIX/./multiprocess.h:190
	#100197626 in _atomic_cond_wait (=147537600, =147427328) at runtime/POSIX/./threadsync.c:300
	#200197554 in pthread_cond_wait (=113412640, =113599712) at runtime/POSIX/./threadsync.c:315
	#300167054 in assoc_maintenance_thread (=0) at assoc.c:262
Thread 5, Process 0, disabled
		PC:   call void @klee_thread_sleep(i64 %3), !dbg !13397 (op #0=<global const>, op #1=1301)
	#000197258 in __thread_sleep.1175 (=1301) at runtime/POSIX/./multiprocess.h:190
	#100197626 in _atomic_cond_wait (=147031648, =146997024) at runtime/POSIX/./threadsync.c:300
	#200197554 in pthread_cond_wait (=113521248, =113520768) at runtime/POSIX/./threadsync.c:315
	#300152779 in item_crawler_thread (=0) at crawler.c:364
Thread 6, Process 0, enabled
		PC:   call void @klee_thread_preempt(i32 %3), !dbg !13395 (op #0=<global const>, op #1=0)
	#000197248 in __thread_preempt.1174 (=0) at runtime/POSIX/./multiprocess.h:177
	#100197305 in pthread_mutex_unlock (=113271264) at runtime/POSIX/./threadsync.c:229
	#200122329 in fill_item_stats_automove (=115539992) at items.c:723
	#300121850 in slab_automove_init (=88858080) at slab_automove.c:48
	#400165563 in lru_maintainer_thread (=0) at items.c:1638
Thread 7, Process 0, disabled
		PC:   call void @klee_thread_sleep(i64 %3), !dbg !13397 (op #0=<global const>, op #1=1311)
	#000197258 in __thread_sleep.1175 (=1311) at runtime/POSIX/./multiprocess.h:190
	#100197626 in _atomic_cond_wait (=147534976, =147532928) at runtime/POSIX/./threadsync.c:300
	#200197554 in pthread_cond_wait (=113390464, =113390272) at runtime/POSIX/./threadsync.c:315
	#300164211 in slab_rebalance_thread (=0) at slabs.c:1335
Thread 8, Process 0, disabled
		PC:   call void @klee_thread_sleep(i64 %3), !dbg !13397 (op #0=<global const>, op #1=1320)
	#000195554 in __thread_sleep.1121 (=1320) at runtime/POSIX/./multiprocess.h:190
	#100195331 in _stream_readv (=221447872, =228467888, =1) at runtime/POSIX/./buffers.c:163
	#200195869 in _stream_read (=221447872, =69676416, =127) at runtime/POSIX/./buffers.c:281
	#300180195 in __read_stream_socket_raw (=115760544, =69676416, =127) at runtime/POSIX/./sockets.c:497
	#400179930 in __read_stream_socket (=115760544, =69676416, =127) at runtime/POSIX/./sockets.c:563
	#500179843 in _read_socket (=115760544, =69676416, =127) at runtime/POSIX/./sockets.c:568
	#600198801 in do_write (=32946560, =1) at runtime/POSIX/socksim/memcached.c:135
	#700198694 in memcached_rand_client_func (=32946560) at runtime/POSIX/socksim/memcached.c:171
	#800190025 in connect_and_run_client (=32946560) at runtime/POSIX/socksim/client.c:66

<not masking anything>
May be masked by:
	ID #15259295640047326677

(3) ID #4640346962916029240 with 141730 occurences:
Type of modification: write (unpersisted)
File: items.c
Line: 541
assembly.ll line: 139938
 allocated at _block_init_pmem():  %24 = call i8* @klee_pmem_alloc_pmem(i64 %20, i8* %21, i1 zeroext %23, i8* null), !dbg !13424
Stack: 
Current Thread: 3
Thread 1, Process 0, disabled
		PC:   call void @klee_thread_sleep(i64 %3), !dbg !13397 (op #0=<global const>, op #1=1322)
	#000007240 in __thread_sleep (=1322) at runtime/POSIX/./multiprocess.h:190
	#100006932 in select (=6, =115072392, =115072480, =0, =115454800) at runtime/POSIX/./fd.c:808
	#200033497 in select_dispatch (=84941952, =115454800) at select.c:172
	#300063873 in event_base_loop (=84941952, =0) at event.c:2025
	#400159457 in __klee_posix_wrapped_main (=10, =114868960) at memcached.c:7974
	#500009873 in __klee_posix_ctor_stub_insert_point (=10, =114868960, =34800896) at runtime/POSIX/./klee_init_env.c:491
	#600009893 in __user_main (=15, =34800768, =34800896) at runtime/POSIX/./klee_init_env.c:499
	#700003979 in __uClibc_main (=32364680, =15, =34800768, =0, =0, =0, =0) at libc/misc/internals/__uClibc_main.c:401
	#800004146 in main (=15, =34800768)
Thread 2, Process 0, enabled
		PC:   call void @klee_thread_preempt(i32 %3), !dbg !13395 (op #0=<global const>, op #1=1)
	#000176885 in __thread_preempt (=1) at runtime/POSIX/./multiprocess.h:177
	#100176855 in _yield_sleep (=0, =3242) at runtime/POSIX/./misc.c:59
	#200176899 in usleep (=3242) at runtime/POSIX/./misc.c:68
	#300168729 in logger_thread (=0) at logger.c:515
Thread 3, Process 0, enabled
		PC:   store i16 %125, i16* %123, align 4, !dbg !13464, !tbaa !13465 (op #0=2, op #1=123215944)
	#000139938 in do_item_link (=123215908, =1707756238) at items.c:541
	#100138651 in do_store_item (=123215908, =2, =217760768, =1707756238) at memcached.c:2945
	#200138168 in store_item (=123215908, =2, =217760768) at thread.c:639
	#300133514 in complete_nread_ascii (=217760768) at memcached.c:1200
	#400127724 in complete_nread (=217760768) at memcached.c:2700
	#500125688 in drive_machine (=217760768) at memcached.c:5566
	#600156278 in event_handler (=6, =2, =217760768) at memcached.c:5825
	#700065845 in event_persist_closure (=115874944, =217760800) at event.c:1645
	#800064979 in event_process_active_single_queue (=115874944, =115450704, =2147483647, =0) at event.c:1704
	#900064701 in event_process_active (=115874944) at event.c:1805
	#1000063967 in event_base_loop (=115874944, =0) at event.c:2047
	#1100167435 in worker_libevent (=114622464) at thread.c:376
Thread 4, Process 0, disabled
		PC:   call void @klee_thread_sleep(i64 %3), !dbg !13397 (op #0=<global const>, op #1=1307)
	#000197258 in __thread_sleep.1175 (=1307) at runtime/POSIX/./multiprocess.h:190
	#100197626 in _atomic_cond_wait (=147537600, =147427328) at runtime/POSIX/./threadsync.c:300
	#200197554 in pthread_cond_wait (=113412640, =113599712) at runtime/POSIX/./threadsync.c:315
	#300167054 in assoc_maintenance_thread (=0) at assoc.c:262
Thread 5, Process 0, disabled
		PC:   call void @klee_thread_sleep(i64 %3), !dbg !13397 (op #0=<global const>, op #1=1301)
	#000197258 in __thread_sleep.1175 (=1301) at runtime/POSIX/./multiprocess.h:190
	#100197626 in _atomic_cond_wait (=147031648, =146997024) at runtime/POSIX/./threadsync.c:300
	#200197554 in pthread_cond_wait (=113521248, =113520768) at runtime/POSIX/./threadsync.c:315
	#300152779 in item_crawler_thread (=0) at crawler.c:364
Thread 6, Process 0, enabled
		PC:   call void @klee_thread_preempt(i32 %3), !dbg !13395 (op #0=<global const>, op #1=0)
	#000197248 in __thread_preempt.1174 (=0) at runtime/POSIX/./multiprocess.h:177
	#100197305 in pthread_mutex_unlock (=113271304) at runtime/POSIX/./threadsync.c:229
	#200122329 in fill_item_stats_automove (=115539992) at items.c:723
	#300121850 in slab_automove_init (=88858080) at slab_automove.c:48
	#400165563 in lru_maintainer_thread (=0) at items.c:1638
Thread 7, Process 0, disabled
		PC:   call void @klee_thread_sleep(i64 %3), !dbg !13397 (op #0=<global const>, op #1=1311)
	#000197258 in __thread_sleep.1175 (=1311) at runtime/POSIX/./multiprocess.h:190
	#100197626 in _atomic_cond_wait (=147534976, =147532928) at runtime/POSIX/./threadsync.c:300
	#200197554 in pthread_cond_wait (=113390464, =113390272) at runtime/POSIX/./threadsync.c:315
	#300164211 in slab_rebalance_thread (=0) at slabs.c:1335
Thread 8, Process 0, disabled
		PC:   call void @klee_thread_sleep(i64 %3), !dbg !13397 (op #0=<global const>, op #1=1320)
	#000195554 in __thread_sleep.1121 (=1320) at runtime/POSIX/./multiprocess.h:190
	#100195331 in _stream_readv (=221447872, =228467888, =1) at runtime/POSIX/./buffers.c:163
	#200195869 in _stream_read (=221447872, =69676416, =127) at runtime/POSIX/./buffers.c:281
	#300180195 in __read_stream_socket_raw (=115760544, =69676416, =127) at runtime/POSIX/./sockets.c:497
	#400179930 in __read_stream_socket (=115760544, =69676416, =127) at runtime/POSIX/./sockets.c:563
	#500179843 in _read_socket (=115760544, =69676416, =127) at runtime/POSIX/./sockets.c:568
	#600198801 in do_write (=32946560, =1) at runtime/POSIX/socksim/memcached.c:135
	#700198694 in memcached_rand_client_func (=32946560) at runtime/POSIX/socksim/memcached.c:171
	#800190025 in connect_and_run_client (=32946560) at runtime/POSIX/socksim/client.c:66

<not masking anything>
May be masked by:
	ID #11316452804187137456

(4) ID #2152255476198015709 with 75702 occurences:
Type of modification: write (unpersisted)
File: items.c
Line: 421
assembly.ll line: 132793
 allocated at _block_init_pmem():  %24 = call i8* @klee_pmem_alloc_pmem(i64 %20, i8* %21, i1 zeroext %23, i8* null), !dbg !13424
Stack: 
Current Thread: 6
Thread 1, Process 0, disabled
		PC:   ret void, !dbg !13398 ()
	#000007241 in __thread_sleep (=1322) at runtime/POSIX/./multiprocess.h:195
	#100006932 in select (=6, =115072392, =115072480, =0, =115454800) at runtime/POSIX/./fd.c:808
	#200033497 in select_dispatch (=84941952, =115454800) at select.c:172
	#300063873 in event_base_loop (=84941952, =0) at event.c:2025
	#400159457 in __klee_posix_wrapped_main (=10, =114868960) at memcached.c:7974
	#500009873 in __klee_posix_ctor_stub_insert_point (=10, =114868960, =34800896) at runtime/POSIX/./klee_init_env.c:491
	#600009893 in __user_main (=15, =34800768, =34800896) at runtime/POSIX/./klee_init_env.c:499
	#700003979 in __uClibc_main (=32364680, =15, =34800768, =0, =0, =0, =0) at libc/misc/internals/__uClibc_main.c:401
	#800004146 in main (=15, =34800768)
Thread 2, Process 0, enabled
		PC:   call void @klee_thread_preempt(i32 %3), !dbg !13395 (op #0=<global const>, op #1=0)
	#000197248 in __thread_preempt.1174 (=0) at runtime/POSIX/./multiprocess.h:177
	#100197305 in pthread_mutex_unlock (=93743088) at runtime/POSIX/./threadsync.c:229
	#200168843 in logger_thread_read (=93743072, =115354176) at logger.c:347
	#300168745 in logger_thread (=0) at logger.c:521
Thread 3, Process 0, enabled
		PC:   call void @klee_thread_preempt(i32 %3), !dbg !13395 (op #0=<global const>, op #1=0)
	#000197248 in __thread_preempt.1174 (=0) at runtime/POSIX/./multiprocess.h:177
	#100197120 in pthread_mutex_lock (=114622608) at runtime/POSIX/./threadsync.c:189
	#200127051 in try_read_network (=217760768) at memcached.c:5176
	#300125577 in drive_machine (=217760768) at memcached.c:5509
	#400156278 in event_handler (=6, =2, =217760768) at memcached.c:5825
	#500065845 in event_persist_closure (=115874944, =217760800) at event.c:1645
	#600064979 in event_process_active_single_queue (=115874944, =115450704, =2147483647, =0) at event.c:1704
	#700064701 in event_process_active (=115874944) at event.c:1805
	#800063967 in event_base_loop (=115874944, =0) at event.c:2047
	#900167435 in worker_libevent (=114622464) at thread.c:376
Thread 4, Process 0, disabled
		PC:   ret void, !dbg !13398 ()
	#000197259 in __thread_sleep.1175 (=1307) at runtime/POSIX/./multiprocess.h:195
	#100197626 in _atomic_cond_wait (=147537600, =147427328) at runtime/POSIX/./threadsync.c:300
	#200197554 in pthread_cond_wait (=113412640, =113599712) at runtime/POSIX/./threadsync.c:315
	#300167054 in assoc_maintenance_thread (=0) at assoc.c:262
Thread 5, Process 0, disabled
		PC:   ret void, !dbg !13398 ()
	#000197259 in __thread_sleep.1175 (=1301) at runtime/POSIX/./multiprocess.h:195
	#100197626 in _atomic_cond_wait (=147031648, =146997024) at runtime/POSIX/./threadsync.c:300
	#200197554 in pthread_cond_wait (=113521248, =113520768) at runtime/POSIX/./threadsync.c:315
	#300152779 in item_crawler_thread (=0) at crawler.c:364
Thread 6, Process 0, enabled
		PC:   store %struct._stritem* null, %struct._stritem** %18, align 8, !dbg !13418, !tbaa !13399 (op #0=<global const>, op #1=123215916)
	#000132793 in do_item_link_q (=123215908) at items.c:421
	#100132758 in item_link_q (=123215908) at items.c:442
	#200131189 in lru_pull_tail (=2, =0, =955, =2, =0, =0) at items.c:1302
	#300166161 in lru_maintainer_juggle (=2) at items.c:1469
	#400165667 in lru_maintainer_thread (=0) at items.c:1667
Thread 7, Process 0, disabled
		PC:   ret void, !dbg !13398 ()
	#000197259 in __thread_sleep.1175 (=1311) at runtime/POSIX/./multiprocess.h:195
	#100197626 in _atomic_cond_wait (=147534976, =147532928) at runtime/POSIX/./threadsync.c:300
	#200197554 in pthread_cond_wait (=113390464, =113390272) at runtime/POSIX/./threadsync.c:315
	#300164211 in slab_rebalance_thread (=0) at slabs.c:1335
Thread 8, Process 0, disabled
		PC:   call void @klee_thread_sleep(i64 %3), !dbg !13397 (op #0=<global const>, op #1=1320)
	#000195554 in __thread_sleep.1121 (=1320) at runtime/POSIX/./multiprocess.h:190
	#100195331 in _stream_readv (=221447872, =2141317584, =1) at runtime/POSIX/./buffers.c:163
	#200195869 in _stream_read (=221447872, =1492730240, =127) at runtime/POSIX/./buffers.c:281
	#300180195 in __read_stream_socket_raw (=115760544, =1492730240, =127) at runtime/POSIX/./sockets.c:497
	#400179930 in __read_stream_socket (=115760544, =1492730240, =127) at runtime/POSIX/./sockets.c:563
	#500179843 in _read_socket (=115760544, =1492730240, =127) at runtime/POSIX/./sockets.c:568
	#600198801 in do_write (=32946560, =13) at runtime/POSIX/socksim/memcached.c:135
	#700198694 in memcached_rand_client_func (=32946560) at runtime/POSIX/socksim/memcached.c:171
	#800190025 in connect_and_run_client (=32946560) at runtime/POSIX/socksim/client.c:66

<not masking anything>
<not masked by anything>

(5) ID #18122810841674976641 with 60 occurences:
Type of modification: write (unpersisted)
File: items.c
Line: 538
assembly.ll line: 139925
 allocated at _block_init_pmem():  %24 = call i8* @klee_pmem_alloc_pmem(i64 %20, i8* %21, i1 zeroext %23, i8* null), !dbg !13424
Stack: 
Current Thread: 3
Thread 1, Process 0, disabled
		PC:   call void @klee_thread_sleep(i64 %3), !dbg !13397 (op #0=<global const>, op #1=1322)
	#000007240 in __thread_sleep (=1322) at runtime/POSIX/./multiprocess.h:190
	#100006932 in select (=6, =115072392, =115072480, =0, =115454800) at runtime/POSIX/./fd.c:808
	#200033497 in select_dispatch (=84941952, =115454800) at select.c:172
	#300063873 in event_base_loop (=84941952, =0) at event.c:2025
	#400159457 in __klee_posix_wrapped_main (=10, =114868960) at memcached.c:7974
	#500009873 in __klee_posix_ctor_stub_insert_point (=10, =114868960, =34800896) at runtime/POSIX/./klee_init_env.c:491
	#600009893 in __user_main (=15, =34800768, =34800896) at runtime/POSIX/./klee_init_env.c:499
	#700003979 in __uClibc_main (=32364680, =15, =34800768, =0, =0, =0, =0) at libc/misc/internals/__uClibc_main.c:401
	#800004146 in main (=15, =34800768)
Thread 2, Process 0, enabled
		PC:   call void @klee_thread_preempt(i32 %3), !dbg !13395 (op #0=<global const>, op #1=0)
	#000197248 in __thread_preempt.1174 (=0) at runtime/POSIX/./multiprocess.h:177
	#100197305 in pthread_mutex_unlock (=93743088) at runtime/POSIX/./threadsync.c:229
	#200168843 in logger_thread_read (=93743072, =115354176) at logger.c:347
	#300168745 in logger_thread (=0) at logger.c:521
Thread 3, Process 0, enabled
		PC:   store i64 %112, i64* %116, align 8, !dbg !13453, !tbaa !13408 (op #0=1, op #1=123216052)
	#000139925 in do_item_link (=123216004, =1357352656) at items.c:538
	#100138651 in do_store_item (=123216004, =2, =217760768, =1357352656) at memcached.c:2945
	#200138168 in store_item (=123216004, =2, =217760768) at thread.c:639
	#300133514 in complete_nread_ascii (=217760768) at memcached.c:1200
	#400127724 in complete_nread (=217760768) at memcached.c:2700
	#500125688 in drive_machine (=217760768) at memcached.c:5566
	#600156278 in event_handler (=6, =2, =217760768) at memcached.c:5825
	#700065845 in event_persist_closure (=115874944, =217760800) at event.c:1645
	#800064979 in event_process_active_single_queue (=115874944, =115450704, =2147483647, =0) at event.c:1704
	#900064701 in event_process_active (=115874944) at event.c:1805
	#1000063967 in event_base_loop (=115874944, =0) at event.c:2047
	#1100167435 in worker_libevent (=114622464) at thread.c:376
Thread 4, Process 0, disabled
		PC:   call void @klee_thread_sleep(i64 %3), !dbg !13397 (op #0=<global const>, op #1=1307)
	#000197258 in __thread_sleep.1175 (=1307) at runtime/POSIX/./multiprocess.h:190
	#100197626 in _atomic_cond_wait (=147537600, =147427328) at runtime/POSIX/./threadsync.c:300
	#200197554 in pthread_cond_wait (=113412640, =113599712) at runtime/POSIX/./threadsync.c:315
	#300167054 in assoc_maintenance_thread (=0) at assoc.c:262
Thread 5, Process 0, disabled
		PC:   call void @klee_thread_sleep(i64 %3), !dbg !13397 (op #0=<global const>, op #1=1301)
	#000197258 in __thread_sleep.1175 (=1301) at runtime/POSIX/./multiprocess.h:190
	#100197626 in _atomic_cond_wait (=147031648, =146997024) at runtime/POSIX/./threadsync.c:300
	#200197554 in pthread_cond_wait (=113521248, =113520768) at runtime/POSIX/./threadsync.c:315
	#300152779 in item_crawler_thread (=0) at crawler.c:364
Thread 6, Process 0, enabled
		PC:   call void @klee_thread_preempt(i32 %3), !dbg !13395 (op #0=<global const>, op #1=0)
	#000197248 in __thread_preempt.1174 (=0) at runtime/POSIX/./multiprocess.h:177
	#100197305 in pthread_mutex_unlock (=113271064) at runtime/POSIX/./threadsync.c:229
	#200122329 in fill_item_stats_automove (=115539992) at items.c:723
	#300121850 in slab_automove_init (=88858080) at slab_automove.c:48
	#400165563 in lru_maintainer_thread (=0) at items.c:1638
Thread 7, Process 0, disabled
		PC:   call void @klee_thread_sleep(i64 %3), !dbg !13397 (op #0=<global const>, op #1=1311)
	#000197258 in __thread_sleep.1175 (=1311) at runtime/POSIX/./multiprocess.h:190
	#100197626 in _atomic_cond_wait (=147534976, =147532928) at runtime/POSIX/./threadsync.c:300
	#200197554 in pthread_cond_wait (=113390464, =113390272) at runtime/POSIX/./threadsync.c:315
	#300164211 in slab_rebalance_thread (=0) at slabs.c:1335
Thread 8, Process 0, disabled
		PC:   call void @klee_thread_sleep(i64 %3), !dbg !13397 (op #0=<global const>, op #1=1320)
	#000195554 in __thread_sleep.1121 (=1320) at runtime/POSIX/./multiprocess.h:190
	#100195331 in _stream_readv (=221447872, =115454512, =1) at runtime/POSIX/./buffers.c:163
	#200195869 in _stream_read (=221447872, =69666944, =127) at runtime/POSIX/./buffers.c:281
	#300180195 in __read_stream_socket_raw (=115760544, =69666944, =127) at runtime/POSIX/./sockets.c:497
	#400179930 in __read_stream_socket (=115760544, =69666944, =127) at runtime/POSIX/./sockets.c:563
	#500179843 in _read_socket (=115760544, =69666944, =127) at runtime/POSIX/./sockets.c:568
	#600198801 in do_write (=32946560, =0) at runtime/POSIX/socksim/memcached.c:135
	#700198694 in memcached_rand_client_func (=32946560) at runtime/POSIX/socksim/memcached.c:171
	#800190025 in connect_and_run_client (=32946560) at runtime/POSIX/socksim/client.c:66

<not masking anything>
May be masked by:
	ID #4640346962916029240
	ID #8157744824445055141

(6) ID #6256340273325534417 with 7668870 occurences:
Type of modification: write (unpersisted)
File: slabs.c
Line: 540
assembly.ll line: 123328
 allocated at _block_init_pmem():  %24 = call i8* @klee_pmem_alloc_pmem(i64 %20, i8* %21, i1 zeroext %23, i8* null), !dbg !13424
Stack: 
Current Thread: 3
Thread 1, Process 0, disabled
		PC:   call void @klee_thread_sleep(i64 %3), !dbg !13397 (op #0=<global const>, op #1=1322)
	#000007240 in __thread_sleep (=1322) at runtime/POSIX/./multiprocess.h:190
	#100006932 in select (=6, =115072392, =115072480, =0, =115454800) at runtime/POSIX/./fd.c:808
	#200033497 in select_dispatch (=84941952, =115454800) at select.c:172
	#300063873 in event_base_loop (=84941952, =0) at event.c:2025
	#400159457 in __klee_posix_wrapped_main (=10, =114868960) at memcached.c:7974
	#500009873 in __klee_posix_ctor_stub_insert_point (=10, =114868960, =34800896) at runtime/POSIX/./klee_init_env.c:491
	#600009893 in __user_main (=15, =34800768, =34800896) at runtime/POSIX/./klee_init_env.c:499
	#700003979 in __uClibc_main (=32364680, =15, =34800768, =0, =0, =0, =0) at libc/misc/internals/__uClibc_main.c:401
	#800004146 in main (=15, =34800768)
Thread 2, Process 0, enabled
		PC:   call void @klee_thread_preempt(i32 %3), !dbg !13395 (op #0=<global const>, op #1=0)
	#000197248 in __thread_preempt.1174 (=0) at runtime/POSIX/./multiprocess.h:177
	#100197305 in pthread_mutex_unlock (=93743088) at runtime/POSIX/./threadsync.c:229
	#200168843 in logger_thread_read (=93743072, =115354176) at logger.c:347
	#300168745 in logger_thread (=0) at logger.c:521
Thread 3, Process 0, enabled
		PC:   store i8 4, i8* %33, align 1, !dbg !13441, !tbaa !13434 (op #0=<global const>, op #1=122167627)
	#000123328 in do_slabs_free (=122167588, =0, =2) at slabs.c:540
	#100131908 in split_slab_page_into_freelist (=122167588, =2) at slabs.c:262
	#200131693 in do_slabs_newslab_from_pmem (=2) at slabs.c:344
	#300131489 in do_slabs_newslab (=2) at slabs.c:376
	#400131367 in do_slabs_alloc (=73, =2, =217696560, =0) at slabs.c:406
	#500131251 in slabs_alloc (=73, =2, =217696560, =0) at slabs.c:747
	#600130394 in do_item_alloc_pull (=73, =2) at items.c:204
	#700137479 in do_item_alloc (=219807748, =5, =1, , =7) at items.c:312
	#800137329 in item_alloc (=219807748, =5, =1, , =7) at thread.c:538
	#900150019 in process_update_command (=217760768, =70664704, =6, =2, =false) at memcached.c:4081
	#1000147885 in process_command (=217760768, =219807744) at memcached.c:4678
	#1100127623 in try_read_command (=217760768) at memcached.c:5077
	#1200125607 in drive_machine (=217760768) at memcached.c:5528
	#1300156278 in event_handler (=6, =2, =217760768) at memcached.c:5825
	#1400065845 in event_persist_closure (=115874944, =217760800) at event.c:1645
	#1500064979 in event_process_active_single_queue (=115874944, =115450704, =2147483647, =0) at event.c:1704
	#1600064701 in event_process_active (=115874944) at event.c:1805
	#1700063967 in event_base_loop (=115874944, =0) at event.c:2047
	#1800167435 in worker_libevent (=114622464) at thread.c:376
Thread 4, Process 0, disabled
		PC:   call void @klee_thread_sleep(i64 %3), !dbg !13397 (op #0=<global const>, op #1=1307)
	#000197258 in __thread_sleep.1175 (=1307) at runtime/POSIX/./multiprocess.h:190
	#100197626 in _atomic_cond_wait (=147537600, =147427328) at runtime/POSIX/./threadsync.c:300
	#200197554 in pthread_cond_wait (=113412640, =113599712) at runtime/POSIX/./threadsync.c:315
	#300167054 in assoc_maintenance_thread (=0) at assoc.c:262
Thread 5, Process 0, disabled
		PC:   call void @klee_thread_sleep(i64 %3), !dbg !13397 (op #0=<global const>, op #1=1301)
	#000197258 in __thread_sleep.1175 (=1301) at runtime/POSIX/./multiprocess.h:190
	#100197626 in _atomic_cond_wait (=147031648, =146997024) at runtime/POSIX/./threadsync.c:300
	#200197554 in pthread_cond_wait (=113521248, =113520768) at runtime/POSIX/./threadsync.c:315
	#300152779 in item_crawler_thread (=0) at crawler.c:364
Thread 6, Process 0, enabled
		PC:   call void @klee_thread_preempt(i32 %3), !dbg !13395 (op #0=<global const>, op #1=0)
	#000197248 in __thread_preempt.1174 (=0) at runtime/POSIX/./multiprocess.h:177
	#100197120 in pthread_mutex_lock (=113270984) at runtime/POSIX/./threadsync.c:189
	#200122317 in fill_item_stats_automove (=115539992) at items.c:721
	#300121850 in slab_automove_init (=88858080) at slab_automove.c:48
	#400165563 in lru_maintainer_thread (=0) at items.c:1638
Thread 7, Process 0, disabled
		PC:   call void @klee_thread_sleep(i64 %3), !dbg !13397 (op #0=<global const>, op #1=1311)
	#000197258 in __thread_sleep.1175 (=1311) at runtime/POSIX/./multiprocess.h:190
	#100197626 in _atomic_cond_wait (=147534976, =147532928) at runtime/POSIX/./threadsync.c:300
	#200197554 in pthread_cond_wait (=113390464, =113390272) at runtime/POSIX/./threadsync.c:315
	#300164211 in slab_rebalance_thread (=0) at slabs.c:1335
Thread 8, Process 0, disabled
		PC:   call void @klee_thread_sleep(i64 %3), !dbg !13397 (op #0=<global const>, op #1=1320)
	#000195554 in __thread_sleep.1121 (=1320) at runtime/POSIX/./multiprocess.h:190
	#100195331 in _stream_readv (=221447872, =115454512, =1) at runtime/POSIX/./buffers.c:163
	#200195869 in _stream_read (=221447872, =69666944, =127) at runtime/POSIX/./buffers.c:281
	#300180195 in __read_stream_socket_raw (=115760544, =69666944, =127) at runtime/POSIX/./sockets.c:497
	#400179930 in __read_stream_socket (=115760544, =69666944, =127) at runtime/POSIX/./sockets.c:563
	#500179843 in _read_socket (=115760544, =69666944, =127) at runtime/POSIX/./sockets.c:568
	#600198801 in do_write (=32946560, =0) at runtime/POSIX/socksim/memcached.c:135
	#700198694 in memcached_rand_client_func (=32946560) at runtime/POSIX/socksim/memcached.c:171
	#800190025 in connect_and_run_client (=32946560) at runtime/POSIX/socksim/client.c:66

<not masking anything>
May be masked by:
	ID #11510926114944781845

(7) ID #2759119459154728557 with 91065 occurences:
Type of modification: flush (unnecessary)
File: ../../src/../src/libpmem2/x86_64/flush.h
Line: 48
assembly.ll line: 211117
 allocated at _block_init_pmem():  %24 = call i8* @klee_pmem_alloc_pmem(i64 %20, i8* %21, i1 zeroext %23, i8* null), !dbg !13424
Stack: 
Current Thread: 3
Thread 1, Process 0, disabled
		PC:   call void @klee_thread_sleep(i64 %3), !dbg !13397 (op #0=<global const>, op #1=1322)
	#000007240 in __thread_sleep (=1322) at runtime/POSIX/./multiprocess.h:190
	#100006932 in select (=6, =115072392, =115072480, =0, =115454800) at runtime/POSIX/./fd.c:808
	#200033497 in select_dispatch (=84941952, =115454800) at select.c:172
	#300063873 in event_base_loop (=84941952, =0) at event.c:2025
	#400159457 in __klee_posix_wrapped_main (=10, =114868960) at memcached.c:7974
	#500009873 in __klee_posix_ctor_stub_insert_point (=10, =114868960, =34800896) at runtime/POSIX/./klee_init_env.c:491
	#600009893 in __user_main (=15, =34800768, =34800896) at runtime/POSIX/./klee_init_env.c:499
	#700003979 in __uClibc_main (=32364680, =15, =34800768, =0, =0, =0, =0) at libc/misc/internals/__uClibc_main.c:401
	#800004146 in main (=15, =34800768)
Thread 2, Process 0, enabled
		PC:   call void @klee_thread_preempt(i32 %3), !dbg !13395 (op #0=<global const>, op #1=0)
	#000197248 in __thread_preempt.1174 (=0) at runtime/POSIX/./multiprocess.h:177
	#100197120 in pthread_mutex_lock (=113270176) at runtime/POSIX/./threadsync.c:189
	#200123707 in STATS_LOCK () at thread.c:647
	#300169385 in logger_thread_sum_stats (=115354176) at logger.c:492
	#400168794 in logger_thread (=0) at logger.c:538
Thread 3, Process 0, enabled
		PC:   call void @llvm.x86.clwb(i8* %3, i8* %3), !dbg !13398 (op #0=<global const>, op #1=123216000, op #2=123216000)
	#000211117 in pmem_clwb (=123216000) at ../../src/../src/libpmem2/x86_64/flush.h:48
	#100211101 in flush_clwb_nolog (=123216052, =25) at ../../src/../src/libpmem2/x86_64/flush.h:104
	#200210934 in flush_clwb (=123216052, =25) at ../../src/../src/libpmem2/x86_64/init.c:60
	#300235695 in pmem_flush (=123216052, =25) at pmem.c:227
	#400139830 in do_item_link (=123216004, =1357352656) at items.c:516
	#500138651 in do_store_item (=123216004, =2, =217760768, =1357352656) at memcached.c:2945
	#600138168 in store_item (=123216004, =2, =217760768) at thread.c:639
	#700133514 in complete_nread_ascii (=217760768) at memcached.c:1200
	#800127724 in complete_nread (=217760768) at memcached.c:2700
	#900125688 in drive_machine (=217760768) at memcached.c:5566
	#1000156278 in event_handler (=6, =2, =217760768) at memcached.c:5825
	#1100065845 in event_persist_closure (=115874944, =217760800) at event.c:1645
	#1200064979 in event_process_active_single_queue (=115874944, =115450704, =2147483647, =0) at event.c:1704
	#1300064701 in event_process_active (=115874944) at event.c:1805
	#1400063967 in event_base_loop (=115874944, =0) at event.c:2047
	#1500167435 in worker_libevent (=114622464) at thread.c:376
Thread 4, Process 0, disabled
		PC:   call void @klee_thread_sleep(i64 %3), !dbg !13397 (op #0=<global const>, op #1=1307)
	#000197258 in __thread_sleep.1175 (=1307) at runtime/POSIX/./multiprocess.h:190
	#100197626 in _atomic_cond_wait (=147537600, =147427328) at runtime/POSIX/./threadsync.c:300
	#200197554 in pthread_cond_wait (=113412640, =113599712) at runtime/POSIX/./threadsync.c:315
	#300167054 in assoc_maintenance_thread (=0) at assoc.c:262
Thread 5, Process 0, disabled
		PC:   call void @klee_thread_sleep(i64 %3), !dbg !13397 (op #0=<global const>, op #1=1301)
	#000197258 in __thread_sleep.1175 (=1301) at runtime/POSIX/./multiprocess.h:190
	#100197626 in _atomic_cond_wait (=147031648, =146997024) at runtime/POSIX/./threadsync.c:300
	#200197554 in pthread_cond_wait (=113521248, =113520768) at runtime/POSIX/./threadsync.c:315
	#300152779 in item_crawler_thread (=0) at crawler.c:364
Thread 6, Process 0, enabled
		PC:   call void @klee_thread_preempt(i32 %3), !dbg !13395 (op #0=<global const>, op #1=0)
	#000197248 in __thread_preempt.1174 (=0) at runtime/POSIX/./multiprocess.h:177
	#100197120 in pthread_mutex_lock (=113271024) at runtime/POSIX/./threadsync.c:189
	#200122317 in fill_item_stats_automove (=115539992) at items.c:721
	#300121850 in slab_automove_init (=88858080) at slab_automove.c:48
	#400165563 in lru_maintainer_thread (=0) at items.c:1638
Thread 7, Process 0, disabled
		PC:   call void @klee_thread_sleep(i64 %3), !dbg !13397 (op #0=<global const>, op #1=1311)
	#000197258 in __thread_sleep.1175 (=1311) at runtime/POSIX/./multiprocess.h:190
	#100197626 in _atomic_cond_wait (=147534976, =147532928) at runtime/POSIX/./threadsync.c:300
	#200197554 in pthread_cond_wait (=113390464, =113390272) at runtime/POSIX/./threadsync.c:315
	#300164211 in slab_rebalance_thread (=0) at slabs.c:1335
Thread 8, Process 0, disabled
		PC:   call void @klee_thread_sleep(i64 %3), !dbg !13397 (op #0=<global const>, op #1=1320)
	#000195554 in __thread_sleep.1121 (=1320) at runtime/POSIX/./multiprocess.h:190
	#100195331 in _stream_readv (=221447872, =115454512, =1) at runtime/POSIX/./buffers.c:163
	#200195869 in _stream_read (=221447872, =69666944, =127) at runtime/POSIX/./buffers.c:281
	#300180195 in __read_stream_socket_raw (=115760544, =69666944, =127) at runtime/POSIX/./sockets.c:497
	#400179930 in __read_stream_socket (=115760544, =69666944, =127) at runtime/POSIX/./sockets.c:563
	#500179843 in _read_socket (=115760544, =69666944, =127) at runtime/POSIX/./sockets.c:568
	#600198801 in do_write (=32946560, =0) at runtime/POSIX/socksim/memcached.c:135
	#700198694 in memcached_rand_client_func (=32946560) at runtime/POSIX/socksim/memcached.c:171
	#800190025 in connect_and_run_client (=32946560) at runtime/POSIX/socksim/client.c:66

<not masking anything>
<not masked by anything>

(8) ID #787237933250575576 with 7668870 occurences:
Type of modification: write (unpersisted)
File: slabs.c
Line: 550
assembly.ll line: 123371
 allocated at _block_init_pmem():  %24 = call i8* @klee_pmem_alloc_pmem(i64 %20, i8* %21, i1 zeroext %23, i8* null), !dbg !13424
Stack: 
Current Thread: 3
Thread 1, Process 0, disabled
		PC:   call void @klee_thread_sleep(i64 %3), !dbg !13397 (op #0=<global const>, op #1=1322)
	#000007240 in __thread_sleep (=1322) at runtime/POSIX/./multiprocess.h:190
	#100006932 in select (=6, =115072392, =115072480, =0, =115454800) at runtime/POSIX/./fd.c:808
	#200033497 in select_dispatch (=84941952, =115454800) at select.c:172
	#300063873 in event_base_loop (=84941952, =0) at event.c:2025
	#400159457 in __klee_posix_wrapped_main (=10, =114868960) at memcached.c:7974
	#500009873 in __klee_posix_ctor_stub_insert_point (=10, =114868960, =34800896) at runtime/POSIX/./klee_init_env.c:491
	#600009893 in __user_main (=15, =34800768, =34800896) at runtime/POSIX/./klee_init_env.c:499
	#700003979 in __uClibc_main (=32364680, =15, =34800768, =0, =0, =0, =0) at libc/misc/internals/__uClibc_main.c:401
	#800004146 in main (=15, =34800768)
Thread 2, Process 0, enabled
		PC:   call void @klee_thread_preempt(i32 %3), !dbg !13395 (op #0=<global const>, op #1=0)
	#000197248 in __thread_preempt.1174 (=0) at runtime/POSIX/./multiprocess.h:177
	#100197305 in pthread_mutex_unlock (=93743088) at runtime/POSIX/./threadsync.c:229
	#200168843 in logger_thread_read (=93743072, =115354176) at logger.c:347
	#300168745 in logger_thread (=0) at logger.c:521
Thread 3, Process 0, enabled
		PC:   store %struct._stritem* %61, %struct._stritem** %65, align 8, !dbg !13473, !tbaa !13401 (op #0=122167684, op #1=122167596)
	#000123371 in do_slabs_free (=122167684, =0, =2) at slabs.c:550
	#100131908 in split_slab_page_into_freelist (=122167588, =2) at slabs.c:262
	#200131693 in do_slabs_newslab_from_pmem (=2) at slabs.c:344
	#300131489 in do_slabs_newslab (=2) at slabs.c:376
	#400131367 in do_slabs_alloc (=73, =2, =217696560, =0) at slabs.c:406
	#500131251 in slabs_alloc (=73, =2, =217696560, =0) at slabs.c:747
	#600130394 in do_item_alloc_pull (=73, =2) at items.c:204
	#700137479 in do_item_alloc (=219807748, =5, =1, , =7) at items.c:312
	#800137329 in item_alloc (=219807748, =5, =1, , =7) at thread.c:538
	#900150019 in process_update_command (=217760768, =70664704, =6, =2, =false) at memcached.c:4081
	#1000147885 in process_command (=217760768, =219807744) at memcached.c:4678
	#1100127623 in try_read_command (=217760768) at memcached.c:5077
	#1200125607 in drive_machine (=217760768) at memcached.c:5528
	#1300156278 in event_handler (=6, =2, =217760768) at memcached.c:5825
	#1400065845 in event_persist_closure (=115874944, =217760800) at event.c:1645
	#1500064979 in event_process_active_single_queue (=115874944, =115450704, =2147483647, =0) at event.c:1704
	#1600064701 in event_process_active (=115874944) at event.c:1805
	#1700063967 in event_base_loop (=115874944, =0) at event.c:2047
	#1800167435 in worker_libevent (=114622464) at thread.c:376
Thread 4, Process 0, disabled
		PC:   call void @klee_thread_sleep(i64 %3), !dbg !13397 (op #0=<global const>, op #1=1307)
	#000197258 in __thread_sleep.1175 (=1307) at runtime/POSIX/./multiprocess.h:190
	#100197626 in _atomic_cond_wait (=147537600, =147427328) at runtime/POSIX/./threadsync.c:300
	#200197554 in pthread_cond_wait (=113412640, =113599712) at runtime/POSIX/./threadsync.c:315
	#300167054 in assoc_maintenance_thread (=0) at assoc.c:262
Thread 5, Process 0, disabled
		PC:   call void @klee_thread_sleep(i64 %3), !dbg !13397 (op #0=<global const>, op #1=1301)
	#000197258 in __thread_sleep.1175 (=1301) at runtime/POSIX/./multiprocess.h:190
	#100197626 in _atomic_cond_wait (=147031648, =146997024) at runtime/POSIX/./threadsync.c:300
	#200197554 in pthread_cond_wait (=113521248, =113520768) at runtime/POSIX/./threadsync.c:315
	#300152779 in item_crawler_thread (=0) at crawler.c:364
Thread 6, Process 0, enabled
		PC:   call void @klee_thread_preempt(i32 %3), !dbg !13395 (op #0=<global const>, op #1=0)
	#000197248 in __thread_preempt.1174 (=0) at runtime/POSIX/./multiprocess.h:177
	#100197120 in pthread_mutex_lock (=113270984) at runtime/POSIX/./threadsync.c:189
	#200122317 in fill_item_stats_automove (=115539992) at items.c:721
	#300121850 in slab_automove_init (=88858080) at slab_automove.c:48
	#400165563 in lru_maintainer_thread (=0) at items.c:1638
Thread 7, Process 0, disabled
		PC:   call void @klee_thread_sleep(i64 %3), !dbg !13397 (op #0=<global const>, op #1=1311)
	#000197258 in __thread_sleep.1175 (=1311) at runtime/POSIX/./multiprocess.h:190
	#100197626 in _atomic_cond_wait (=147534976, =147532928) at runtime/POSIX/./threadsync.c:300
	#200197554 in pthread_cond_wait (=113390464, =113390272) at runtime/POSIX/./threadsync.c:315
	#300164211 in slab_rebalance_thread (=0) at slabs.c:1335
Thread 8, Process 0, disabled
		PC:   call void @klee_thread_sleep(i64 %3), !dbg !13397 (op #0=<global const>, op #1=1320)
	#000195554 in __thread_sleep.1121 (=1320) at runtime/POSIX/./multiprocess.h:190
	#100195331 in _stream_readv (=221447872, =115454512, =1) at runtime/POSIX/./buffers.c:163
	#200195869 in _stream_read (=221447872, =69666944, =127) at runtime/POSIX/./buffers.c:281
	#300180195 in __read_stream_socket_raw (=115760544, =69666944, =127) at runtime/POSIX/./sockets.c:497
	#400179930 in __read_stream_socket (=115760544, =69666944, =127) at runtime/POSIX/./sockets.c:563
	#500179843 in _read_socket (=115760544, =69666944, =127) at runtime/POSIX/./sockets.c:568
	#600198801 in do_write (=32946560, =0) at runtime/POSIX/socksim/memcached.c:135
	#700198694 in memcached_rand_client_func (=32946560) at runtime/POSIX/socksim/memcached.c:171
	#800190025 in connect_and_run_client (=32946560) at runtime/POSIX/socksim/client.c:66

<not masking anything>
May be masked by:
	ID #9645043370580911584
	ID #17460869112494661482
	ID #16963882612689470464

(9) ID #15259295640047326677 with 8864 occurences:
Type of modification: write (unpersisted)
File: items.c
Line: 421
assembly.ll line: 132793
 allocated at _block_init_pmem():  %24 = call i8* @klee_pmem_alloc_pmem(i64 %20, i8* %21, i1 zeroext %23, i8* null), !dbg !13424
Stack: 
Current Thread: 3
Thread 1, Process 0, disabled
		PC:   ret void, !dbg !13398 ()
	#000007241 in __thread_sleep (=1322) at runtime/POSIX/./multiprocess.h:195
	#100006932 in select (=6, =115072392, =115072480, =0, =115454800) at runtime/POSIX/./fd.c:808
	#200033497 in select_dispatch (=84941952, =115454800) at select.c:172
	#300063873 in event_base_loop (=84941952, =0) at event.c:2025
	#400159457 in __klee_posix_wrapped_main (=10, =114868960) at memcached.c:7974
	#500009873 in __klee_posix_ctor_stub_insert_point (=10, =114868960, =34800896) at runtime/POSIX/./klee_init_env.c:491
	#600009893 in __user_main (=15, =34800768, =34800896) at runtime/POSIX/./klee_init_env.c:499
	#700003979 in __uClibc_main (=32364680, =15, =34800768, =0, =0, =0, =0) at libc/misc/internals/__uClibc_main.c:401
	#800004146 in main (=15, =34800768)
Thread 2, Process 0, enabled
		PC:   call void @klee_thread_preempt(i32 %3), !dbg !13395 (op #0=<global const>, op #1=0)
	#000197248 in __thread_preempt.1174 (=0) at runtime/POSIX/./multiprocess.h:177
	#100197305 in pthread_mutex_unlock (=113270176) at runtime/POSIX/./threadsync.c:229
	#200123713 in STATS_UNLOCK () at thread.c:651
	#300169410 in logger_thread_sum_stats (=115354176) at logger.c:497
	#400168794 in logger_thread (=0) at logger.c:538
Thread 3, Process 0, enabled
		PC:   store %struct._stritem* null, %struct._stritem** %18, align 8, !dbg !13418, !tbaa !13399 (op #0=<global const>, op #1=123214764)
	#000132793 in do_item_link_q (=123214756) at items.c:421
	#100132758 in item_link_q (=123214756) at items.c:442
	#200139933 in do_item_link (=123214756, =2988974472) at items.c:540
	#300138651 in do_store_item (=123214756, =2, =217760768, =2988974472) at memcached.c:2945
	#400138168 in store_item (=123214756, =2, =217760768) at thread.c:639
	#500133514 in complete_nread_ascii (=217760768) at memcached.c:1200
	#600127724 in complete_nread (=217760768) at memcached.c:2700
	#700125688 in drive_machine (=217760768) at memcached.c:5566
	#800156278 in event_handler (=6, =2, =217760768) at memcached.c:5825
	#900065845 in event_persist_closure (=115874944, =217760800) at event.c:1645
	#1000064979 in event_process_active_single_queue (=115874944, =115450704, =2147483647, =0) at event.c:1704
	#1100064701 in event_process_active (=115874944) at event.c:1805
	#1200063967 in event_base_loop (=115874944, =0) at event.c:2047
	#1300167435 in worker_libevent (=114622464) at thread.c:376
Thread 4, Process 0, disabled
		PC:   ret void, !dbg !13398 ()
	#000197259 in __thread_sleep.1175 (=1307) at runtime/POSIX/./multiprocess.h:195
	#100197626 in _atomic_cond_wait (=147537600, =147427328) at runtime/POSIX/./threadsync.c:300
	#200197554 in pthread_cond_wait (=113412640, =113599712) at runtime/POSIX/./threadsync.c:315
	#300167054 in assoc_maintenance_thread (=0) at assoc.c:262
Thread 5, Process 0, disabled
		PC:   ret void, !dbg !13398 ()
	#000197259 in __thread_sleep.1175 (=1301) at runtime/POSIX/./multiprocess.h:195
	#100197626 in _atomic_cond_wait (=147031648, =146997024) at runtime/POSIX/./threadsync.c:300
	#200197554 in pthread_cond_wait (=113521248, =113520768) at runtime/POSIX/./threadsync.c:315
	#300152779 in item_crawler_thread (=0) at crawler.c:364
Thread 6, Process 0, enabled
		PC:   call void @klee_thread_preempt(i32 %3), !dbg !13395 (op #0=<global const>, op #1=0)
	#000197248 in __thread_preempt.1174 (=0) at runtime/POSIX/./multiprocess.h:177
	#100197282 in pthread_mutex_trylock (=226955392) at runtime/POSIX/./threadsync.c:200
	#200132075 in item_trylock (=1357352656) at thread.c:104
	#300130691 in lru_pull_tail (=2, =128, =955, =2, =0, =0) at items.c:1173
	#400166187 in lru_maintainer_juggle (=2) at items.c:1474
	#500165667 in lru_maintainer_thread (=0) at items.c:1667
Thread 7, Process 0, disabled
		PC:   ret void, !dbg !13398 ()
	#000197259 in __thread_sleep.1175 (=1311) at runtime/POSIX/./multiprocess.h:195
	#100197626 in _atomic_cond_wait (=147534976, =147532928) at runtime/POSIX/./threadsync.c:300
	#200197554 in pthread_cond_wait (=113390464, =113390272) at runtime/POSIX/./threadsync.c:315
	#300164211 in slab_rebalance_thread (=0) at slabs.c:1335
Thread 8, Process 0, disabled
		PC:   call void @klee_thread_sleep(i64 %3), !dbg !13397 (op #0=<global const>, op #1=1320)
	#000195554 in __thread_sleep.1121 (=1320) at runtime/POSIX/./multiprocess.h:190
	#100195331 in _stream_readv (=221447872, =2141317584, =1) at runtime/POSIX/./buffers.c:163
	#200195869 in _stream_read (=221447872, =1492730240, =127) at runtime/POSIX/./buffers.c:281
	#300180195 in __read_stream_socket_raw (=115760544, =1492730240, =127) at runtime/POSIX/./sockets.c:497
	#400179930 in __read_stream_socket (=115760544, =1492730240, =127) at runtime/POSIX/./sockets.c:563
	#500179843 in _read_socket (=115760544, =1492730240, =127) at runtime/POSIX/./sockets.c:568
	#600198801 in do_write (=32946560, =13) at runtime/POSIX/socksim/memcached.c:135
	#700198694 in memcached_rand_client_func (=32946560) at runtime/POSIX/socksim/memcached.c:171
	#800190025 in connect_and_run_client (=32946560) at runtime/POSIX/socksim/client.c:66

<not masking anything>
<not masked by anything>

(10) ID #15571880073389081472 with 180422 occurences:
Type of modification: write (unpersisted)
File: items.c
Line: 591
assembly.ll line: 123190
 allocated at _block_init_pmem():  %24 = call i8* @klee_pmem_alloc_pmem(i64 %20, i8* %21, i1 zeroext %23, i8* null), !dbg !13424
Stack: 
Current Thread: 6
Thread 1, Process 0, disabled
		PC:   ret void, !dbg !13398 ()
	#000007241 in __thread_sleep (=1322) at runtime/POSIX/./multiprocess.h:195
	#100006932 in select (=6, =115072392, =115072480, =0, =115454800) at runtime/POSIX/./fd.c:808
	#200033497 in select_dispatch (=84941952, =115454800) at select.c:172
	#300063873 in event_base_loop (=84941952, =0) at event.c:2025
	#400159457 in __klee_posix_wrapped_main (=10, =114868960) at memcached.c:7974
	#500009873 in __klee_posix_ctor_stub_insert_point (=10, =114868960, =34800896) at runtime/POSIX/./klee_init_env.c:491
	#600009893 in __user_main (=15, =34800768, =34800896) at runtime/POSIX/./klee_init_env.c:499
	#700003979 in __uClibc_main (=32364680, =15, =34800768, =0, =0, =0, =0) at libc/misc/internals/__uClibc_main.c:401
	#800004146 in main (=15, =34800768)
Thread 2, Process 0, enabled
		PC:   call void @klee_thread_preempt(i32 %3), !dbg !13395 (op #0=<global const>, op #1=0)
	#000197248 in __thread_preempt.1174 (=0) at runtime/POSIX/./multiprocess.h:177
	#100197120 in pthread_mutex_lock (=57187568) at runtime/POSIX/./threadsync.c:189
	#200168835 in logger_thread_read (=57187552, =115354176) at logger.c:345
	#300168745 in logger_thread (=0) at logger.c:521
Thread 3, Process 0, enabled
		PC:   call void @klee_thread_preempt(i32 %3), !dbg !13395 (op #0=<global const>, op #1=0)
	#000197248 in __thread_preempt.1174 (=0) at runtime/POSIX/./multiprocess.h:177
	#100197305 in pthread_mutex_unlock (=114622608) at runtime/POSIX/./threadsync.c:229
	#200127067 in try_read_network (=217760768) at memcached.c:5178
	#300125577 in drive_machine (=217760768) at memcached.c:5509
	#400156278 in event_handler (=6, =2, =217760768) at memcached.c:5825
	#500065845 in event_persist_closure (=115874944, =217760800) at event.c:1645
	#600064979 in event_process_active_single_queue (=115874944, =115450704, =2147483647, =0) at event.c:1704
	#700064701 in event_process_active (=115874944) at event.c:1805
	#800063967 in event_base_loop (=115874944, =0) at event.c:2047
	#900167435 in worker_libevent (=114622464) at thread.c:376
Thread 4, Process 0, disabled
		PC:   ret void, !dbg !13398 ()
	#000197259 in __thread_sleep.1175 (=1307) at runtime/POSIX/./multiprocess.h:195
	#100197626 in _atomic_cond_wait (=147537600, =147427328) at runtime/POSIX/./threadsync.c:300
	#200197554 in pthread_cond_wait (=113412640, =113599712) at runtime/POSIX/./threadsync.c:315
	#300167054 in assoc_maintenance_thread (=0) at assoc.c:262
Thread 5, Process 0, disabled
		PC:   ret void, !dbg !13398 ()
	#000197259 in __thread_sleep.1175 (=1301) at runtime/POSIX/./multiprocess.h:195
	#100197626 in _atomic_cond_wait (=147031648, =146997024) at runtime/POSIX/./threadsync.c:300
	#200197554 in pthread_cond_wait (=113521248, =113520768) at runtime/POSIX/./threadsync.c:315
	#300152779 in item_crawler_thread (=0) at crawler.c:364
Thread 6, Process 0, enabled
		PC:   store i16 %6, i16* %4, align 4, !dbg !13401, !tbaa !13403 (op #0=1, op #1=123215944)
	#000123190 in do_item_remove (=123215908) at items.c:591
	#100131201 in lru_pull_tail (=2, =0, =955, =2, =0, =0) at items.c:1305
	#200166161 in lru_maintainer_juggle (=2) at items.c:1469
	#300165667 in lru_maintainer_thread (=0) at items.c:1667
Thread 7, Process 0, disabled
		PC:   ret void, !dbg !13398 ()
	#000197259 in __thread_sleep.1175 (=1311) at runtime/POSIX/./multiprocess.h:195
	#100197626 in _atomic_cond_wait (=147534976, =147532928) at runtime/POSIX/./threadsync.c:300
	#200197554 in pthread_cond_wait (=113390464, =113390272) at runtime/POSIX/./threadsync.c:315
	#300164211 in slab_rebalance_thread (=0) at slabs.c:1335
Thread 8, Process 0, disabled
		PC:   call void @klee_thread_sleep(i64 %3), !dbg !13397 (op #0=<global const>, op #1=1320)
	#000195554 in __thread_sleep.1121 (=1320) at runtime/POSIX/./multiprocess.h:190
	#100195331 in _stream_readv (=221447872, =2141317584, =1) at runtime/POSIX/./buffers.c:163
	#200195869 in _stream_read (=221447872, =1492730240, =127) at runtime/POSIX/./buffers.c:281
	#300180195 in __read_stream_socket_raw (=115760544, =1492730240, =127) at runtime/POSIX/./sockets.c:497
	#400179930 in __read_stream_socket (=115760544, =1492730240, =127) at runtime/POSIX/./sockets.c:563
	#500179843 in _read_socket (=115760544, =1492730240, =127) at runtime/POSIX/./sockets.c:568
	#600198801 in do_write (=32946560, =13) at runtime/POSIX/socksim/memcached.c:135
	#700198694 in memcached_rand_client_func (=32946560) at runtime/POSIX/socksim/memcached.c:171
	#800190025 in connect_and_run_client (=32946560) at runtime/POSIX/socksim/client.c:66

<not masking anything>
<not masked by anything>

(11) ID #17460869112494661482 with 119802 occurences:
Type of modification: write (unpersisted)
File: slabs.c
Line: 413
assembly.ll line: 131401
 allocated at _block_init_pmem():  %24 = call i8* @klee_pmem_alloc_pmem(i64 %20, i8* %21, i1 zeroext %23, i8* null), !dbg !13424
Stack: 
Current Thread: 3
Thread 1, Process 0, disabled
		PC:   call void @klee_thread_sleep(i64 %3), !dbg !13397 (op #0=<global const>, op #1=1322)
	#000007240 in __thread_sleep (=1322) at runtime/POSIX/./multiprocess.h:190
	#100006932 in select (=6, =115072392, =115072480, =0, =115454800) at runtime/POSIX/./fd.c:808
	#200033497 in select_dispatch (=84941952, =115454800) at select.c:172
	#300063873 in event_base_loop (=84941952, =0) at event.c:2025
	#400159457 in __klee_posix_wrapped_main (=10, =114868960) at memcached.c:7974
	#500009873 in __klee_posix_ctor_stub_insert_point (=10, =114868960, =34800896) at runtime/POSIX/./klee_init_env.c:491
	#600009893 in __user_main (=15, =34800768, =34800896) at runtime/POSIX/./klee_init_env.c:499
	#700003979 in __uClibc_main (=32364680, =15, =34800768, =0, =0, =0, =0) at libc/misc/internals/__uClibc_main.c:401
	#800004146 in main (=15, =34800768)
Thread 2, Process 0, enabled
		PC:   call void @klee_thread_preempt(i32 %3), !dbg !13395 (op #0=<global const>, op #1=0)
	#000197248 in __thread_preempt.1174 (=0) at runtime/POSIX/./multiprocess.h:177
	#100197305 in pthread_mutex_unlock (=113270176) at runtime/POSIX/./threadsync.c:229
	#200123713 in STATS_UNLOCK () at thread.c:651
	#300169410 in logger_thread_sum_stats (=115354176) at logger.c:497
	#400168794 in logger_thread (=0) at logger.c:538
Thread 3, Process 0, enabled
		PC:   store %struct._stritem* null, %struct._stritem** %69, align 8, !dbg !13481, !tbaa !13411 (op #0=<global const>, op #1=123215724)
	#000131401 in do_slabs_alloc (=73, =2, =265215392, =0) at slabs.c:413
	#100131251 in slabs_alloc (=73, =2, =265215392, =0) at slabs.c:747
	#200130394 in do_item_alloc_pull (=73, =2) at items.c:204
	#300137479 in do_item_alloc (=219807748, =5, =1, , =7) at items.c:312
	#400137329 in item_alloc (=219807748, =5, =1, , =7) at thread.c:538
	#500150019 in process_update_command (=217760768, =68909824, =6, =2, =false) at memcached.c:4081
	#600147885 in process_command (=217760768, =219807744) at memcached.c:4678
	#700127623 in try_read_command (=217760768) at memcached.c:5077
	#800125607 in drive_machine (=217760768) at memcached.c:5528
	#900156278 in event_handler (=6, =2, =217760768) at memcached.c:5825
	#1000065845 in event_persist_closure (=115874944, =217760800) at event.c:1645
	#1100064979 in event_process_active_single_queue (=115874944, =115450704, =2147483647, =0) at event.c:1704
	#1200064701 in event_process_active (=115874944) at event.c:1805
	#1300063967 in event_base_loop (=115874944, =0) at event.c:2047
	#1400167435 in worker_libevent (=114622464) at thread.c:376
Thread 4, Process 0, disabled
		PC:   call void @klee_thread_sleep(i64 %3), !dbg !13397 (op #0=<global const>, op #1=1307)
	#000197258 in __thread_sleep.1175 (=1307) at runtime/POSIX/./multiprocess.h:190
	#100197626 in _atomic_cond_wait (=147537600, =147427328) at runtime/POSIX/./threadsync.c:300
	#200197554 in pthread_cond_wait (=113412640, =113599712) at runtime/POSIX/./threadsync.c:315
	#300167054 in assoc_maintenance_thread (=0) at assoc.c:262
Thread 5, Process 0, disabled
		PC:   call void @klee_thread_sleep(i64 %3), !dbg !13397 (op #0=<global const>, op #1=1301)
	#000197258 in __thread_sleep.1175 (=1301) at runtime/POSIX/./multiprocess.h:190
	#100197626 in _atomic_cond_wait (=147031648, =146997024) at runtime/POSIX/./threadsync.c:300
	#200197554 in pthread_cond_wait (=113521248, =113520768) at runtime/POSIX/./threadsync.c:315
	#300152779 in item_crawler_thread (=0) at crawler.c:364
Thread 6, Process 0, enabled
		PC:   call void @klee_thread_preempt(i32 %3), !dbg !13395 (op #0=<global const>, op #1=0)
	#000197248 in __thread_preempt.1174 (=0) at runtime/POSIX/./multiprocess.h:177
	#100197305 in pthread_mutex_unlock (=113271384) at runtime/POSIX/./threadsync.c:229
	#200122329 in fill_item_stats_automove (=115539992) at items.c:723
	#300121850 in slab_automove_init (=88858080) at slab_automove.c:48
	#400165563 in lru_maintainer_thread (=0) at items.c:1638
Thread 7, Process 0, disabled
		PC:   call void @klee_thread_sleep(i64 %3), !dbg !13397 (op #0=<global const>, op #1=1311)
	#000197258 in __thread_sleep.1175 (=1311) at runtime/POSIX/./multiprocess.h:190
	#100197626 in _atomic_cond_wait (=147534976, =147532928) at runtime/POSIX/./threadsync.c:300
	#200197554 in pthread_cond_wait (=113390464, =113390272) at runtime/POSIX/./threadsync.c:315
	#300164211 in slab_rebalance_thread (=0) at slabs.c:1335
Thread 8, Process 0, disabled
		PC:   call void @klee_thread_sleep(i64 %3), !dbg !13397 (op #0=<global const>, op #1=1320)
	#000195554 in __thread_sleep.1121 (=1320) at runtime/POSIX/./multiprocess.h:190
	#100195331 in _stream_readv (=221447872, =228471488, =1) at runtime/POSIX/./buffers.c:163
	#200195869 in _stream_read (=221447872, =68683136, =127) at runtime/POSIX/./buffers.c:281
	#300180195 in __read_stream_socket_raw (=115760544, =68683136, =127) at runtime/POSIX/./sockets.c:497
	#400179930 in __read_stream_socket (=115760544, =68683136, =127) at runtime/POSIX/./sockets.c:563
	#500179843 in _read_socket (=115760544, =68683136, =127) at runtime/POSIX/./sockets.c:568
	#600198801 in do_write (=32946560, =2) at runtime/POSIX/socksim/memcached.c:135
	#700198694 in memcached_rand_client_func (=32946560) at runtime/POSIX/socksim/memcached.c:171
	#800190025 in connect_and_run_client (=32946560) at runtime/POSIX/socksim/client.c:66

<not masking anything>
<not masked by anything>

(12) ID #2216222533848537934 with 15456 occurences:
Type of modification: write (unpersisted)
File: items.c
Line: 1300
assembly.ll line: 131179
 allocated at _block_init_pmem():  %24 = call i8* @klee_pmem_alloc_pmem(i64 %20, i8* %21, i1 zeroext %23, i8* null), !dbg !13424
Stack: 
Current Thread: 6
Thread 1, Process 0, disabled
		PC:   ret void, !dbg !13398 ()
	#000007241 in __thread_sleep (=1322) at runtime/POSIX/./multiprocess.h:195
	#100006932 in select (=6, =115072392, =115072480, =0, =115454800) at runtime/POSIX/./fd.c:808
	#200033497 in select_dispatch (=84941952, =115454800) at select.c:172
	#300063873 in event_base_loop (=84941952, =0) at event.c:2025
	#400159457 in __klee_posix_wrapped_main (=10, =114868960) at memcached.c:7974
	#500009873 in __klee_posix_ctor_stub_insert_point (=10, =114868960, =34800896) at runtime/POSIX/./klee_init_env.c:491
	#600009893 in __user_main (=15, =34800768, =34800896) at runtime/POSIX/./klee_init_env.c:499
	#700003979 in __uClibc_main (=32364680, =15, =34800768, =0, =0, =0, =0) at libc/misc/internals/__uClibc_main.c:401
	#800004146 in main (=15, =34800768)
Thread 2, Process 0, enabled
		PC:   call void @klee_thread_preempt(i32 %3), !dbg !13395 (op #0=<global const>, op #1=0)
	#000197248 in __thread_preempt.1174 (=0) at runtime/POSIX/./multiprocess.h:177
	#100197120 in pthread_mutex_lock (=113264464) at runtime/POSIX/./threadsync.c:189
	#200168733 in logger_thread (=0) at logger.c:518
Thread 3, Process 0, enabled
		PC:   call void @klee_thread_preempt(i32 %3), !dbg !13395 (op #0=<global const>, op #1=0)
	#000197248 in __thread_preempt.1174 (=0) at runtime/POSIX/./multiprocess.h:177
	#100197120 in pthread_mutex_lock (=113410336) at runtime/POSIX/./threadsync.c:189
	#200137925 in get_cas_id () at items.c:122
	#300139916 in do_item_link (=123214852, =2129698688) at items.c:538
	#400138651 in do_store_item (=123214852, =2, =217760768, =2129698688) at memcached.c:2945
	#500138168 in store_item (=123214852, =2, =217760768) at thread.c:639
	#600133514 in complete_nread_ascii (=217760768) at memcached.c:1200
	#700127724 in complete_nread (=217760768) at memcached.c:2700
	#800125688 in drive_machine (=217760768) at memcached.c:5566
	#900156278 in event_handler (=6, =2, =217760768) at memcached.c:5825
	#1000065845 in event_persist_closure (=115874944, =217760800) at event.c:1645
	#1100064979 in event_process_active_single_queue (=115874944, =115450704, =2147483647, =0) at event.c:1704
	#1200064701 in event_process_active (=115874944) at event.c:1805
	#1300063967 in event_base_loop (=115874944, =0) at event.c:2047
	#1400167435 in worker_libevent (=114622464) at thread.c:376
Thread 4, Process 0, disabled
		PC:   ret void, !dbg !13398 ()
	#000197259 in __thread_sleep.1175 (=1307) at runtime/POSIX/./multiprocess.h:195
	#100197626 in _atomic_cond_wait (=147537600, =147427328) at runtime/POSIX/./threadsync.c:300
	#200197554 in pthread_cond_wait (=113412640, =113599712) at runtime/POSIX/./threadsync.c:315
	#300167054 in assoc_maintenance_thread (=0) at assoc.c:262
Thread 5, Process 0, disabled
		PC:   ret void, !dbg !13398 ()
	#000197259 in __thread_sleep.1175 (=1301) at runtime/POSIX/./multiprocess.h:195
	#100197626 in _atomic_cond_wait (=147031648, =146997024) at runtime/POSIX/./threadsync.c:300
	#200197554 in pthread_cond_wait (=113521248, =113520768) at runtime/POSIX/./threadsync.c:315
	#300152779 in item_crawler_thread (=0) at crawler.c:364
Thread 6, Process 0, enabled
		PC:   store i8 %434, i8* %436, align 8, !dbg !13839, !tbaa !13434 (op #0=2, op #1=123216044)
	#000131179 in lru_pull_tail (=2, =0, =955, =2, =0, =0) at items.c:1300
	#100166161 in lru_maintainer_juggle (=2) at items.c:1469
	#200165667 in lru_maintainer_thread (=0) at items.c:1667
Thread 7, Process 0, disabled
		PC:   ret void, !dbg !13398 ()
	#000197259 in __thread_sleep.1175 (=1311) at runtime/POSIX/./multiprocess.h:195
	#100197626 in _atomic_cond_wait (=147534976, =147532928) at runtime/POSIX/./threadsync.c:300
	#200197554 in pthread_cond_wait (=113390464, =113390272) at runtime/POSIX/./threadsync.c:315
	#300164211 in slab_rebalance_thread (=0) at slabs.c:1335
Thread 8, Process 0, disabled
		PC:   call void @klee_thread_sleep(i64 %3), !dbg !13397 (op #0=<global const>, op #1=1320)
	#000195554 in __thread_sleep.1121 (=1320) at runtime/POSIX/./multiprocess.h:190
	#100195331 in _stream_readv (=221447872, =2141317536, =1) at runtime/POSIX/./buffers.c:163
	#200195869 in _stream_read (=221447872, =1492732416, =127) at runtime/POSIX/./buffers.c:281
	#300180195 in __read_stream_socket_raw (=115760544, =1492732416, =127) at runtime/POSIX/./sockets.c:497
	#400179930 in __read_stream_socket (=115760544, =1492732416, =127) at runtime/POSIX/./sockets.c:563
	#500179843 in _read_socket (=115760544, =1492732416, =127) at runtime/POSIX/./sockets.c:568
	#600198801 in do_write (=32946560, =12) at runtime/POSIX/socksim/memcached.c:135
	#700198694 in memcached_rand_client_func (=32946560) at runtime/POSIX/socksim/memcached.c:171
	#800190025 in connect_and_run_client (=32946560) at runtime/POSIX/socksim/client.c:66

<not masking anything>
May be masked by:
	ID #2358522850332405322

(13) ID #2358522850332405322 with 178200 occurences:
Type of modification: write (unpersisted)
File: items.c
Line: 423
assembly.ll line: 132811
 allocated at _block_init_pmem():  %24 = call i8* @klee_pmem_alloc_pmem(i64 %20, i8* %21, i1 zeroext %23, i8* null), !dbg !13424
Stack: 
Current Thread: 6
Thread 1, Process 0, disabled
		PC:   ret void, !dbg !13398 ()
	#000007241 in __thread_sleep (=1322) at runtime/POSIX/./multiprocess.h:195
	#100006932 in select (=6, =115072392, =115072480, =0, =115454800) at runtime/POSIX/./fd.c:808
	#200033497 in select_dispatch (=84941952, =115454800) at select.c:172
	#300063873 in event_base_loop (=84941952, =0) at event.c:2025
	#400159457 in __klee_posix_wrapped_main (=10, =114868960) at memcached.c:7974
	#500009873 in __klee_posix_ctor_stub_insert_point (=10, =114868960, =34800896) at runtime/POSIX/./klee_init_env.c:491
	#600009893 in __user_main (=15, =34800768, =34800896) at runtime/POSIX/./klee_init_env.c:499
	#700003979 in __uClibc_main (=32364680, =15, =34800768, =0, =0, =0, =0) at libc/misc/internals/__uClibc_main.c:401
	#800004146 in main (=15, =34800768)
Thread 2, Process 0, enabled
		PC:   call void @klee_thread_preempt(i32 %3), !dbg !13395 (op #0=<global const>, op #1=0)
	#000197248 in __thread_preempt.1174 (=0) at runtime/POSIX/./multiprocess.h:177
	#100197305 in pthread_mutex_unlock (=93743088) at runtime/POSIX/./threadsync.c:229
	#200168843 in logger_thread_read (=93743072, =115354176) at logger.c:347
	#300168745 in logger_thread (=0) at logger.c:521
Thread 3, Process 0, enabled
		PC:   call void @klee_thread_preempt(i32 %3), !dbg !13395 (op #0=<global const>, op #1=0)
	#000197248 in __thread_preempt.1174 (=0) at runtime/POSIX/./multiprocess.h:177
	#100197120 in pthread_mutex_lock (=114622608) at runtime/POSIX/./threadsync.c:189
	#200127051 in try_read_network (=217760768) at memcached.c:5176
	#300125577 in drive_machine (=217760768) at memcached.c:5509
	#400156278 in event_handler (=6, =2, =217760768) at memcached.c:5825
	#500065845 in event_persist_closure (=115874944, =217760800) at event.c:1645
	#600064979 in event_process_active_single_queue (=115874944, =115450704, =2147483647, =0) at event.c:1704
	#700064701 in event_process_active (=115874944) at event.c:1805
	#800063967 in event_base_loop (=115874944, =0) at event.c:2047
	#900167435 in worker_libevent (=114622464) at thread.c:376
Thread 4, Process 0, disabled
		PC:   ret void, !dbg !13398 ()
	#000197259 in __thread_sleep.1175 (=1307) at runtime/POSIX/./multiprocess.h:195
	#100197626 in _atomic_cond_wait (=147537600, =147427328) at runtime/POSIX/./threadsync.c:300
	#200197554 in pthread_cond_wait (=113412640, =113599712) at runtime/POSIX/./threadsync.c:315
	#300167054 in assoc_maintenance_thread (=0) at assoc.c:262
Thread 5, Process 0, disabled
		PC:   ret void, !dbg !13398 ()
	#000197259 in __thread_sleep.1175 (=1301) at runtime/POSIX/./multiprocess.h:195
	#100197626 in _atomic_cond_wait (=147031648, =146997024) at runtime/POSIX/./threadsync.c:300
	#200197554 in pthread_cond_wait (=113521248, =113520768) at runtime/POSIX/./threadsync.c:315
	#300152779 in item_crawler_thread (=0) at crawler.c:364
Thread 6, Process 0, enabled
		PC:   store %struct._stritem* %28, %struct._stritem** %32, align 8, !dbg !13432, !tbaa !13399 (op #0=123215908, op #1=123216012)
	#000132811 in do_item_link_q (=123215908) at items.c:423
	#100132758 in item_link_q (=123215908) at items.c:442
	#200131189 in lru_pull_tail (=2, =0, =955, =2, =0, =0) at items.c:1302
	#300166161 in lru_maintainer_juggle (=2) at items.c:1469
	#400165667 in lru_maintainer_thread (=0) at items.c:1667
Thread 7, Process 0, disabled
		PC:   ret void, !dbg !13398 ()
	#000197259 in __thread_sleep.1175 (=1311) at runtime/POSIX/./multiprocess.h:195
	#100197626 in _atomic_cond_wait (=147534976, =147532928) at runtime/POSIX/./threadsync.c:300
	#200197554 in pthread_cond_wait (=113390464, =113390272) at runtime/POSIX/./threadsync.c:315
	#300164211 in slab_rebalance_thread (=0) at slabs.c:1335
Thread 8, Process 0, disabled
		PC:   call void @klee_thread_sleep(i64 %3), !dbg !13397 (op #0=<global const>, op #1=1320)
	#000195554 in __thread_sleep.1121 (=1320) at runtime/POSIX/./multiprocess.h:190
	#100195331 in _stream_readv (=221447872, =2141317584, =1) at runtime/POSIX/./buffers.c:163
	#200195869 in _stream_read (=221447872, =1492730240, =127) at runtime/POSIX/./buffers.c:281
	#300180195 in __read_stream_socket_raw (=115760544, =1492730240, =127) at runtime/POSIX/./sockets.c:497
	#400179930 in __read_stream_socket (=115760544, =1492730240, =127) at runtime/POSIX/./sockets.c:563
	#500179843 in _read_socket (=115760544, =1492730240, =127) at runtime/POSIX/./sockets.c:568
	#600198801 in do_write (=32946560, =13) at runtime/POSIX/socksim/memcached.c:135
	#700198694 in memcached_rand_client_func (=32946560) at runtime/POSIX/socksim/memcached.c:171
	#800190025 in connect_and_run_client (=32946560) at runtime/POSIX/socksim/client.c:66

<not masking anything>
May be masked by:
	ID #4390403544837850863

(14) ID #8157744824445055141 with 141730 occurences:
Type of modification: write (unpersisted)
File: items.c
Line: 423
assembly.ll line: 132811
 allocated at _block_init_pmem():  %24 = call i8* @klee_pmem_alloc_pmem(i64 %20, i8* %21, i1 zeroext %23, i8* null), !dbg !13424
Stack: 
Current Thread: 3
Thread 1, Process 0, disabled
		PC:   call void @klee_thread_sleep(i64 %3), !dbg !13397 (op #0=<global const>, op #1=1322)
	#000007240 in __thread_sleep (=1322) at runtime/POSIX/./multiprocess.h:190
	#100006932 in select (=6, =115072392, =115072480, =0, =115454800) at runtime/POSIX/./fd.c:808
	#200033497 in select_dispatch (=84941952, =115454800) at select.c:172
	#300063873 in event_base_loop (=84941952, =0) at event.c:2025
	#400159457 in __klee_posix_wrapped_main (=10, =114868960) at memcached.c:7974
	#500009873 in __klee_posix_ctor_stub_insert_point (=10, =114868960, =34800896) at runtime/POSIX/./klee_init_env.c:491
	#600009893 in __user_main (=15, =34800768, =34800896) at runtime/POSIX/./klee_init_env.c:499
	#700003979 in __uClibc_main (=32364680, =15, =34800768, =0, =0, =0, =0) at libc/misc/internals/__uClibc_main.c:401
	#800004146 in main (=15, =34800768)
Thread 2, Process 0, enabled
		PC:   call void @klee_thread_preempt(i32 %3), !dbg !13395 (op #0=<global const>, op #1=0)
	#000197248 in __thread_preempt.1174 (=0) at runtime/POSIX/./multiprocess.h:177
	#100197305 in pthread_mutex_unlock (=113270176) at runtime/POSIX/./threadsync.c:229
	#200123713 in STATS_UNLOCK () at thread.c:651
	#300169410 in logger_thread_sum_stats (=115354176) at logger.c:497
	#400168794 in logger_thread (=0) at logger.c:538
Thread 3, Process 0, enabled
		PC:   store %struct._stritem* %28, %struct._stritem** %32, align 8, !dbg !13432, !tbaa !13399 (op #0=123215908, op #1=123216012)
	#000132811 in do_item_link_q (=123215908) at items.c:423
	#100132758 in item_link_q (=123215908) at items.c:442
	#200139933 in do_item_link (=123215908, =1707756238) at items.c:540
	#300138651 in do_store_item (=123215908, =2, =217760768, =1707756238) at memcached.c:2945
	#400138168 in store_item (=123215908, =2, =217760768) at thread.c:639
	#500133514 in complete_nread_ascii (=217760768) at memcached.c:1200
	#600127724 in complete_nread (=217760768) at memcached.c:2700
	#700125688 in drive_machine (=217760768) at memcached.c:5566
	#800156278 in event_handler (=6, =2, =217760768) at memcached.c:5825
	#900065845 in event_persist_closure (=115874944, =217760800) at event.c:1645
	#1000064979 in event_process_active_single_queue (=115874944, =115450704, =2147483647, =0) at event.c:1704
	#1100064701 in event_process_active (=115874944) at event.c:1805
	#1200063967 in event_base_loop (=115874944, =0) at event.c:2047
	#1300167435 in worker_libevent (=114622464) at thread.c:376
Thread 4, Process 0, disabled
		PC:   call void @klee_thread_sleep(i64 %3), !dbg !13397 (op #0=<global const>, op #1=1307)
	#000197258 in __thread_sleep.1175 (=1307) at runtime/POSIX/./multiprocess.h:190
	#100197626 in _atomic_cond_wait (=147537600, =147427328) at runtime/POSIX/./threadsync.c:300
	#200197554 in pthread_cond_wait (=113412640, =113599712) at runtime/POSIX/./threadsync.c:315
	#300167054 in assoc_maintenance_thread (=0) at assoc.c:262
Thread 5, Process 0, disabled
		PC:   call void @klee_thread_sleep(i64 %3), !dbg !13397 (op #0=<global const>, op #1=1301)
	#000197258 in __thread_sleep.1175 (=1301) at runtime/POSIX/./multiprocess.h:190
	#100197626 in _atomic_cond_wait (=147031648, =146997024) at runtime/POSIX/./threadsync.c:300
	#200197554 in pthread_cond_wait (=113521248, =113520768) at runtime/POSIX/./threadsync.c:315
	#300152779 in item_crawler_thread (=0) at crawler.c:364
Thread 6, Process 0, enabled
		PC:   call void @klee_thread_preempt(i32 %3), !dbg !13395 (op #0=<global const>, op #1=0)
	#000197248 in __thread_preempt.1174 (=0) at runtime/POSIX/./multiprocess.h:177
	#100197120 in pthread_mutex_lock (=113271304) at runtime/POSIX/./threadsync.c:189
	#200122317 in fill_item_stats_automove (=115539992) at items.c:721
	#300121850 in slab_automove_init (=88858080) at slab_automove.c:48
	#400165563 in lru_maintainer_thread (=0) at items.c:1638
Thread 7, Process 0, disabled
		PC:   call void @klee_thread_sleep(i64 %3), !dbg !13397 (op #0=<global const>, op #1=1311)
	#000197258 in __thread_sleep.1175 (=1311) at runtime/POSIX/./multiprocess.h:190
	#100197626 in _atomic_cond_wait (=147534976, =147532928) at runtime/POSIX/./threadsync.c:300
	#200197554 in pthread_cond_wait (=113390464, =113390272) at runtime/POSIX/./threadsync.c:315
	#300164211 in slab_rebalance_thread (=0) at slabs.c:1335
Thread 8, Process 0, disabled
		PC:   call void @klee_thread_sleep(i64 %3), !dbg !13397 (op #0=<global const>, op #1=1320)
	#000195554 in __thread_sleep.1121 (=1320) at runtime/POSIX/./multiprocess.h:190
	#100195331 in _stream_readv (=221447872, =228467888, =1) at runtime/POSIX/./buffers.c:163
	#200195869 in _stream_read (=221447872, =69676416, =127) at runtime/POSIX/./buffers.c:281
	#300180195 in __read_stream_socket_raw (=115760544, =69676416, =127) at runtime/POSIX/./sockets.c:497
	#400179930 in __read_stream_socket (=115760544, =69676416, =127) at runtime/POSIX/./sockets.c:563
	#500179843 in _read_socket (=115760544, =69676416, =127) at runtime/POSIX/./sockets.c:568
	#600198801 in do_write (=32946560, =1) at runtime/POSIX/socksim/memcached.c:135
	#700198694 in memcached_rand_client_func (=32946560) at runtime/POSIX/socksim/memcached.c:171
	#800190025 in connect_and_run_client (=32946560) at runtime/POSIX/socksim/client.c:66

<not masking anything>
May be masked by:
	ID #12442367225979151503
	ID #8573124143030785365

(15) ID #4390403544837850863 with 89100 occurences:
Type of modification: write (unpersisted)
File: items.c
Line: 1176
assembly.ll line: 130705
 allocated at _block_init_pmem():  %24 = call i8* @klee_pmem_alloc_pmem(i64 %20, i8* %21, i1 zeroext %23, i8* null), !dbg !13424
Stack: 
Current Thread: 6
Thread 1, Process 0, disabled
		PC:   ret void, !dbg !13398 ()
	#000007241 in __thread_sleep (=1322) at runtime/POSIX/./multiprocess.h:195
	#100006932 in select (=6, =115072392, =115072480, =0, =115454800) at runtime/POSIX/./fd.c:808
	#200033497 in select_dispatch (=84941952, =115454800) at select.c:172
	#300063873 in event_base_loop (=84941952, =0) at event.c:2025
	#400159457 in __klee_posix_wrapped_main (=10, =114868960) at memcached.c:7974
	#500009873 in __klee_posix_ctor_stub_insert_point (=10, =114868960, =34800896) at runtime/POSIX/./klee_init_env.c:491
	#600009893 in __user_main (=15, =34800768, =34800896) at runtime/POSIX/./klee_init_env.c:499
	#700003979 in __uClibc_main (=32364680, =15, =34800768, =0, =0, =0, =0) at libc/misc/internals/__uClibc_main.c:401
	#800004146 in main (=15, =34800768)
Thread 2, Process 0, enabled
		PC:   call void @klee_thread_preempt(i32 %3), !dbg !13395 (op #0=<global const>, op #1=0)
	#000197248 in __thread_preempt.1174 (=0) at runtime/POSIX/./multiprocess.h:177
	#100197120 in pthread_mutex_lock (=113270176) at runtime/POSIX/./threadsync.c:189
	#200123707 in STATS_LOCK () at thread.c:647
	#300169385 in logger_thread_sum_stats (=115354176) at logger.c:492
	#400168794 in logger_thread (=0) at logger.c:538
Thread 3, Process 0, enabled
		PC:   call void @klee_thread_preempt(i32 %3), !dbg !13395 (op #0=<global const>, op #1=0)
	#000197248 in __thread_preempt.1174 (=0) at runtime/POSIX/./multiprocess.h:177
	#100197120 in pthread_mutex_lock (=114622608) at runtime/POSIX/./threadsync.c:189
	#200133345 in complete_nread_ascii (=217760768) at memcached.c:1165
	#300127724 in complete_nread (=217760768) at memcached.c:2700
	#400125688 in drive_machine (=217760768) at memcached.c:5566
	#500156278 in event_handler (=6, =2, =217760768) at memcached.c:5825
	#600065845 in event_persist_closure (=115874944, =217760800) at event.c:1645
	#700064979 in event_process_active_single_queue (=115874944, =115450704, =2147483647, =0) at event.c:1704
	#800064701 in event_process_active (=115874944) at event.c:1805
	#900063967 in event_base_loop (=115874944, =0) at event.c:2047
	#1000167435 in worker_libevent (=114622464) at thread.c:376
Thread 4, Process 0, disabled
		PC:   ret void, !dbg !13398 ()
	#000197259 in __thread_sleep.1175 (=1307) at runtime/POSIX/./multiprocess.h:195
	#100197626 in _atomic_cond_wait (=147537600, =147427328) at runtime/POSIX/./threadsync.c:300
	#200197554 in pthread_cond_wait (=113412640, =113599712) at runtime/POSIX/./threadsync.c:315
	#300167054 in assoc_maintenance_thread (=0) at assoc.c:262
Thread 5, Process 0, disabled
		PC:   ret void, !dbg !13398 ()
	#000197259 in __thread_sleep.1175 (=1301) at runtime/POSIX/./multiprocess.h:195
	#100197626 in _atomic_cond_wait (=147031648, =146997024) at runtime/POSIX/./threadsync.c:300
	#200197554 in pthread_cond_wait (=113521248, =113520768) at runtime/POSIX/./threadsync.c:315
	#300152779 in item_crawler_thread (=0) at crawler.c:364
Thread 6, Process 0, enabled
		PC:   store i16 %118, i16* %116, align 4, !dbg !13518, !tbaa !13520 (op #0=2, op #1=123216040)
	#000130705 in lru_pull_tail (=2, =128, =955, =2, =0, =0) at items.c:1176
	#100166187 in lru_maintainer_juggle (=2) at items.c:1474
	#200165667 in lru_maintainer_thread (=0) at items.c:1667
Thread 7, Process 0, disabled
		PC:   ret void, !dbg !13398 ()
	#000197259 in __thread_sleep.1175 (=1311) at runtime/POSIX/./multiprocess.h:195
	#100197626 in _atomic_cond_wait (=147534976, =147532928) at runtime/POSIX/./threadsync.c:300
	#200197554 in pthread_cond_wait (=113390464, =113390272) at runtime/POSIX/./threadsync.c:315
	#300164211 in slab_rebalance_thread (=0) at slabs.c:1335
Thread 8, Process 0, disabled
		PC:   call void @klee_thread_sleep(i64 %3), !dbg !13397 (op #0=<global const>, op #1=1320)
	#000195554 in __thread_sleep.1121 (=1320) at runtime/POSIX/./multiprocess.h:190
	#100195331 in _stream_readv (=221447872, =2141317584, =1) at runtime/POSIX/./buffers.c:163
	#200195869 in _stream_read (=221447872, =1492730240, =127) at runtime/POSIX/./buffers.c:281
	#300180195 in __read_stream_socket_raw (=115760544, =1492730240, =127) at runtime/POSIX/./sockets.c:497
	#400179930 in __read_stream_socket (=115760544, =1492730240, =127) at runtime/POSIX/./sockets.c:563
	#500179843 in _read_socket (=115760544, =1492730240, =127) at runtime/POSIX/./sockets.c:568
	#600198801 in do_write (=32946560, =13) at runtime/POSIX/socksim/memcached.c:135
	#700198694 in memcached_rand_client_func (=32946560) at runtime/POSIX/socksim/memcached.c:171
	#800190025 in connect_and_run_client (=32946560) at runtime/POSIX/socksim/client.c:66

<not masking anything>
<not masked by anything>

(16) ID #12442367225979151503 with 46528 occurences:
Type of modification: write (unpersisted)
File: items.c
Line: 470
assembly.ll line: 123966
 allocated at _block_init_pmem():  %24 = call i8* @klee_pmem_alloc_pmem(i64 %20, i8* %21, i1 zeroext %23, i8* null), !dbg !13424
Stack: 
Current Thread: 6
Thread 1, Process 0, disabled
		PC:   ret void, !dbg !13398 ()
	#000007241 in __thread_sleep (=1322) at runtime/POSIX/./multiprocess.h:195
	#100006932 in select (=6, =115072392, =115072480, =0, =115454800) at runtime/POSIX/./fd.c:808
	#200033497 in select_dispatch (=84941952, =115454800) at select.c:172
	#300063873 in event_base_loop (=84941952, =0) at event.c:2025
	#400159457 in __klee_posix_wrapped_main (=10, =114868960) at memcached.c:7974
	#500009873 in __klee_posix_ctor_stub_insert_point (=10, =114868960, =34800896) at runtime/POSIX/./klee_init_env.c:491
	#600009893 in __user_main (=15, =34800768, =34800896) at runtime/POSIX/./klee_init_env.c:499
	#700003979 in __uClibc_main (=32364680, =15, =34800768, =0, =0, =0, =0) at libc/misc/internals/__uClibc_main.c:401
	#800004146 in main (=15, =34800768)
Thread 2, Process 0, enabled
		PC:   call void @klee_thread_preempt(i32 %3), !dbg !13395 (op #0=<global const>, op #1=1)
	#000176885 in __thread_preempt (=1) at runtime/POSIX/./multiprocess.h:177
	#100176855 in _yield_sleep (=0, =54686) at runtime/POSIX/./misc.c:59
	#200176899 in usleep (=54686) at runtime/POSIX/./misc.c:68
	#300168729 in logger_thread (=0) at logger.c:515
Thread 3, Process 0, enabled
		PC:   call void @klee_thread_preempt(i32 %3), !dbg !13395 (op #0=<global const>, op #1=0)
	#000197248 in __thread_preempt.1174 (=0) at runtime/POSIX/./multiprocess.h:177
	#100197305 in pthread_mutex_unlock (=113270176) at runtime/POSIX/./threadsync.c:229
	#200123713 in STATS_UNLOCK () at thread.c:651
	#300139901 in do_item_link (=123214852, =2129698688) at items.c:535
	#400138651 in do_store_item (=123214852, =2, =217760768, =2129698688) at memcached.c:2945
	#500138168 in store_item (=123214852, =2, =217760768) at thread.c:639
	#600133514 in complete_nread_ascii (=217760768) at memcached.c:1200
	#700127724 in complete_nread (=217760768) at memcached.c:2700
	#800125688 in drive_machine (=217760768) at memcached.c:5566
	#900156278 in event_handler (=6, =2, =217760768) at memcached.c:5825
	#1000065845 in event_persist_closure (=115874944, =217760800) at event.c:1645
	#1100064979 in event_process_active_single_queue (=115874944, =115450704, =2147483647, =0) at event.c:1704
	#1200064701 in event_process_active (=115874944) at event.c:1805
	#1300063967 in event_base_loop (=115874944, =0) at event.c:2047
	#1400167435 in worker_libevent (=114622464) at thread.c:376
Thread 4, Process 0, disabled
		PC:   ret void, !dbg !13398 ()
	#000197259 in __thread_sleep.1175 (=1307) at runtime/POSIX/./multiprocess.h:195
	#100197626 in _atomic_cond_wait (=147537600, =147427328) at runtime/POSIX/./threadsync.c:300
	#200197554 in pthread_cond_wait (=113412640, =113599712) at runtime/POSIX/./threadsync.c:315
	#300167054 in assoc_maintenance_thread (=0) at assoc.c:262
Thread 5, Process 0, disabled
		PC:   ret void, !dbg !13398 ()
	#000197259 in __thread_sleep.1175 (=1301) at runtime/POSIX/./multiprocess.h:195
	#100197626 in _atomic_cond_wait (=147031648, =146997024) at runtime/POSIX/./threadsync.c:300
	#200197554 in pthread_cond_wait (=113521248, =113520768) at runtime/POSIX/./threadsync.c:315
	#300152779 in item_crawler_thread (=0) at crawler.c:364
Thread 6, Process 0, enabled
		PC:   store %struct._stritem* %57, %struct._stritem** %61, align 8, !dbg !13459, !tbaa !13399 (op #0=0, op #1=123215908)
	#000123966 in do_item_unlink_q (=123216004) at items.c:470
	#100130929 in lru_pull_tail (=2, =0, =955, =2, =0, =0) at items.c:1242
	#200166161 in lru_maintainer_juggle (=2) at items.c:1469
	#300165667 in lru_maintainer_thread (=0) at items.c:1667
Thread 7, Process 0, disabled
		PC:   ret void, !dbg !13398 ()
	#000197259 in __thread_sleep.1175 (=1311) at runtime/POSIX/./multiprocess.h:195
	#100197626 in _atomic_cond_wait (=147534976, =147532928) at runtime/POSIX/./threadsync.c:300
	#200197554 in pthread_cond_wait (=113390464, =113390272) at runtime/POSIX/./threadsync.c:315
	#300164211 in slab_rebalance_thread (=0) at slabs.c:1335
Thread 8, Process 0, disabled
		PC:   call void @klee_thread_sleep(i64 %3), !dbg !13397 (op #0=<global const>, op #1=1320)
	#000195554 in __thread_sleep.1121 (=1320) at runtime/POSIX/./multiprocess.h:190
	#100195331 in _stream_readv (=221447872, =2141317536, =1) at runtime/POSIX/./buffers.c:163
	#200195869 in _stream_read (=221447872, =1492732416, =127) at runtime/POSIX/./buffers.c:281
	#300180195 in __read_stream_socket_raw (=115760544, =1492732416, =127) at runtime/POSIX/./sockets.c:497
	#400179930 in __read_stream_socket (=115760544, =1492732416, =127) at runtime/POSIX/./sockets.c:563
	#500179843 in _read_socket (=115760544, =1492732416, =127) at runtime/POSIX/./sockets.c:568
	#600198801 in do_write (=32946560, =12) at runtime/POSIX/socksim/memcached.c:135
	#700198694 in memcached_rand_client_func (=32946560) at runtime/POSIX/socksim/memcached.c:171
	#800190025 in connect_and_run_client (=32946560) at runtime/POSIX/socksim/client.c:66

<not masking anything>
May be masked by:
	ID #2152255476198015709

(17) ID #8573124143030785365 with 8919 occurences:
Type of modification: write (unpersisted)
File: items.c
Line: 1176
assembly.ll line: 130705
 allocated at _block_init_pmem():  %24 = call i8* @klee_pmem_alloc_pmem(i64 %20, i8* %21, i1 zeroext %23, i8* null), !dbg !13424
Stack: 
Current Thread: 6
Thread 1, Process 0, disabled
		PC:   ret void, !dbg !13398 ()
	#000007241 in __thread_sleep (=1322) at runtime/POSIX/./multiprocess.h:195
	#100006932 in select (=6, =115072392, =115072480, =0, =115454800) at runtime/POSIX/./fd.c:808
	#200033497 in select_dispatch (=84941952, =115454800) at select.c:172
	#300063873 in event_base_loop (=84941952, =0) at event.c:2025
	#400159457 in __klee_posix_wrapped_main (=10, =114868960) at memcached.c:7974
	#500009873 in __klee_posix_ctor_stub_insert_point (=10, =114868960, =34800896) at runtime/POSIX/./klee_init_env.c:491
	#600009893 in __user_main (=15, =34800768, =34800896) at runtime/POSIX/./klee_init_env.c:499
	#700003979 in __uClibc_main (=32364680, =15, =34800768, =0, =0, =0, =0) at libc/misc/internals/__uClibc_main.c:401
	#800004146 in main (=15, =34800768)
Thread 2, Process 0, enabled
		PC:   call void @klee_thread_preempt(i32 %3), !dbg !13395 (op #0=<global const>, op #1=1)
	#000176885 in __thread_preempt (=1) at runtime/POSIX/./multiprocess.h:177
	#100176855 in _yield_sleep (=0, =54686) at runtime/POSIX/./misc.c:59
	#200176899 in usleep (=54686) at runtime/POSIX/./misc.c:68
	#300168729 in logger_thread (=0) at logger.c:515
Thread 3, Process 0, enabled
		PC:   call void @klee_thread_preempt(i32 %3), !dbg !13395 (op #0=<global const>, op #1=0)
	#000197248 in __thread_preempt.1174 (=0) at runtime/POSIX/./multiprocess.h:177
	#100197305 in pthread_mutex_unlock (=113270176) at runtime/POSIX/./threadsync.c:229
	#200123713 in STATS_UNLOCK () at thread.c:651
	#300139901 in do_item_link (=123214852, =2129698688) at items.c:535
	#400138651 in do_store_item (=123214852, =2, =217760768, =2129698688) at memcached.c:2945
	#500138168 in store_item (=123214852, =2, =217760768) at thread.c:639
	#600133514 in complete_nread_ascii (=217760768) at memcached.c:1200
	#700127724 in complete_nread (=217760768) at memcached.c:2700
	#800125688 in drive_machine (=217760768) at memcached.c:5566
	#900156278 in event_handler (=6, =2, =217760768) at memcached.c:5825
	#1000065845 in event_persist_closure (=115874944, =217760800) at event.c:1645
	#1100064979 in event_process_active_single_queue (=115874944, =115450704, =2147483647, =0) at event.c:1704
	#1200064701 in event_process_active (=115874944) at event.c:1805
	#1300063967 in event_base_loop (=115874944, =0) at event.c:2047
	#1400167435 in worker_libevent (=114622464) at thread.c:376
Thread 4, Process 0, disabled
		PC:   ret void, !dbg !13398 ()
	#000197259 in __thread_sleep.1175 (=1307) at runtime/POSIX/./multiprocess.h:195
	#100197626 in _atomic_cond_wait (=147537600, =147427328) at runtime/POSIX/./threadsync.c:300
	#200197554 in pthread_cond_wait (=113412640, =113599712) at runtime/POSIX/./threadsync.c:315
	#300167054 in assoc_maintenance_thread (=0) at assoc.c:262
Thread 5, Process 0, disabled
		PC:   ret void, !dbg !13398 ()
	#000197259 in __thread_sleep.1175 (=1301) at runtime/POSIX/./multiprocess.h:195
	#100197626 in _atomic_cond_wait (=147031648, =146997024) at runtime/POSIX/./threadsync.c:300
	#200197554 in pthread_cond_wait (=113521248, =113520768) at runtime/POSIX/./threadsync.c:315
	#300152779 in item_crawler_thread (=0) at crawler.c:364
Thread 6, Process 0, enabled
		PC:   store i16 %118, i16* %116, align 4, !dbg !13518, !tbaa !13520 (op #0=2, op #1=123216040)
	#000130705 in lru_pull_tail (=2, =0, =955, =2, =0, =0) at items.c:1176
	#100166161 in lru_maintainer_juggle (=2) at items.c:1469
	#200165667 in lru_maintainer_thread (=0) at items.c:1667
Thread 7, Process 0, disabled
		PC:   ret void, !dbg !13398 ()
	#000197259 in __thread_sleep.1175 (=1311) at runtime/POSIX/./multiprocess.h:195
	#100197626 in _atomic_cond_wait (=147534976, =147532928) at runtime/POSIX/./threadsync.c:300
	#200197554 in pthread_cond_wait (=113390464, =113390272) at runtime/POSIX/./threadsync.c:315
	#300164211 in slab_rebalance_thread (=0) at slabs.c:1335
Thread 8, Process 0, disabled
		PC:   call void @klee_thread_sleep(i64 %3), !dbg !13397 (op #0=<global const>, op #1=1320)
	#000195554 in __thread_sleep.1121 (=1320) at runtime/POSIX/./multiprocess.h:190
	#100195331 in _stream_readv (=221447872, =2141317536, =1) at runtime/POSIX/./buffers.c:163
	#200195869 in _stream_read (=221447872, =1492732416, =127) at runtime/POSIX/./buffers.c:281
	#300180195 in __read_stream_socket_raw (=115760544, =1492732416, =127) at runtime/POSIX/./sockets.c:497
	#400179930 in __read_stream_socket (=115760544, =1492732416, =127) at runtime/POSIX/./sockets.c:563
	#500179843 in _read_socket (=115760544, =1492732416, =127) at runtime/POSIX/./sockets.c:568
	#600198801 in do_write (=32946560, =12) at runtime/POSIX/socksim/memcached.c:135
	#700198694 in memcached_rand_client_func (=32946560) at runtime/POSIX/socksim/memcached.c:171
	#800190025 in connect_and_run_client (=32946560) at runtime/POSIX/socksim/client.c:66

<not masking anything>
May be masked by:
	ID #15571880073389081472
	ID #2216222533848537934
