Persistent Memory Bugs:
	Number of bugs: 51
		Number of unpersisted write bugs (correctness): 24
		Number of extra flush bugs (performance): 7
		Number of flushes to untouched memory (performance): 4
		Number of fences with nothing to commit (performance): 16
	Overall bug occurences: 223741
		Number of unpersisted write occurences (correctness): 3403
		Number of extra flush occurences (performance): 66304
		Number of untouched memory flush occurences (performance): 116
		Number of occurence of fences with nothing to commit (performance): 153918

(1) ID #7046961305422580399 with 86 occurences:
Type of modification: write (unpersisted)
File: src/clht_lb_res.c
Line: 973
assembly.ll line: 14351
 allocated at _block_init_pmem_from_file():  %22 = call i8* @klee_pmem_alloc_pmem(i64 %19, i8* %20, i1 zeroext false, i8* %21), !dbg !11010
Stack: 
Current Thread: 1
Thread 1, Process 0, enabled
		PC:   store %struct.clht_hashtable_s* %219, %struct.clht_hashtable_s** %223, align 16, !dbg !11173 (op #0=262887568, op #1=262886880)
	#000014351 in ht_resize_pes (=262886608, =1, =4) at src/clht_lb_res.c:973
	#100013958 in ht_status (=262886608, =1, =0) at src/clht_lb_res.c:1112
	#200013346 in clht_put (=262886608, =32, =32) at src/clht_lb_res.c:597
	#300012688 in _ZZ3runPPcENK3$_0clEv (=386616464) at example-nothread.cpp:109
	#400012271 in _Z3runPPc (=218508288) at example-nothread.cpp:114
	#500016765 in __klee_posix_wrapped_main (=2, =218508288) at example-nothread.cpp:204
	#600010304 in __klee_posix_ctor_stub_insert_point (=2, =218508288, =119263216) at runtime/POSIX/./klee_init_env.c:491
	#700010324 in __user_main (=5, =119263168, =119263216) at runtime/POSIX/./klee_init_env.c:499
	#800004410 in __uClibc_main (=53049736, =5, =119263168, =0, =0, =0, =0) at libc/misc/internals/__uClibc_main.c:401
	#900004577 in main (=5, =119263168)

<not masking anything>
<not masked by anything>

(2) ID #6713537962028502426 with 86 occurences:
Type of modification: write (unpersisted)
File: src/clht_lb_res.c
Line: 974
assembly.ll line: 14356
 allocated at _block_init_pmem_from_file():  %22 = call i8* @klee_pmem_alloc_pmem(i64 %19, i8* %20, i1 zeroext false, i8* %21), !dbg !11010
Stack: 
Current Thread: 1
Thread 1, Process 0, enabled
		PC:   store volatile i8 0, i8* %227, align 8, !dbg !11174 (op #0=<global const>, op #1=262886696)
	#000014356 in ht_resize_pes (=262886608, =1, =4) at src/clht_lb_res.c:974
	#100013958 in ht_status (=262886608, =1, =0) at src/clht_lb_res.c:1112
	#200013346 in clht_put (=262886608, =32, =32) at src/clht_lb_res.c:597
	#300012688 in _ZZ3runPPcENK3$_0clEv (=386616464) at example-nothread.cpp:109
	#400012271 in _Z3runPPc (=218508288) at example-nothread.cpp:114
	#500016765 in __klee_posix_wrapped_main (=2, =218508288) at example-nothread.cpp:204
	#600010304 in __klee_posix_ctor_stub_insert_point (=2, =218508288, =119263216) at runtime/POSIX/./klee_init_env.c:491
	#700010324 in __user_main (=5, =119263168, =119263216) at runtime/POSIX/./klee_init_env.c:499
	#800004410 in __uClibc_main (=53049736, =5, =119263168, =0, =0, =0, =0) at libc/misc/internals/__uClibc_main.c:401
	#900004577 in main (=5, =119263168)

<not masking anything>
<not masked by anything>

(3) ID #7466111824153029848 with 86 occurences:
Type of modification: write (unpersisted)
File: include/clht_lb_res.h
Line: 352
assembly.ll line: 15668
 allocated at _block_init_pmem_from_file():  %22 = call i8* @klee_pmem_alloc_pmem(i64 %19, i8* %20, i1 zeroext false, i8* %21), !dbg !11010
Stack: 
Current Thread: 1
Thread 1, Process 0, enabled
		PC:   store i8 %9, i8* %6, !dbg !10986 (op #0=2, op #1=262886992)
	#000015668 in lock_acq_resize (=262886992) at include/clht_lb_res.h:352
	#100014855 in bucket_cpy (=262886608, =262886992, =262887568) at src/clht_lb_res.c:726
	#200014211 in ht_resize_pes (=262886608, =1, =4) at src/clht_lb_res.c:849
	#300013958 in ht_status (=262886608, =1, =0) at src/clht_lb_res.c:1112
	#400013346 in clht_put (=262886608, =32, =32) at src/clht_lb_res.c:597
	#500012688 in _ZZ3runPPcENK3$_0clEv (=386616464) at example-nothread.cpp:109
	#600012271 in _Z3runPPc (=218508288) at example-nothread.cpp:114
	#700016765 in __klee_posix_wrapped_main (=2, =218508288) at example-nothread.cpp:204
	#800010304 in __klee_posix_ctor_stub_insert_point (=2, =218508288, =119263216) at runtime/POSIX/./klee_init_env.c:491
	#900010324 in __user_main (=5, =119263168, =119263216) at runtime/POSIX/./klee_init_env.c:499
	#1000004410 in __uClibc_main (=53049736, =5, =119263168, =0, =0, =0, =0) at libc/misc/internals/__uClibc_main.c:401
	#1100004577 in main (=5, =119263168)

<not masking anything>
<not masked by anything>

(4) ID #10197193673045118722 with 16 occurences:
Type of modification: write (unpersisted)
File: src/clht_lb_res.c
Line: 245
assembly.ll line: 13590
 allocated at _block_init_pmem_from_file():  %22 = call i8* @klee_pmem_alloc_pmem(i64 %19, i8* %20, i1 zeroext false, i8* %21), !dbg !11010
Stack: 
Current Thread: 1
Thread 1, Process 0, enabled
		PC:   store i32 %12, i32* %10, !dbg !10987 (op #0=1, op #1=262886888)
	#000013590 in clht_bucket_create_stats (=262886800, =401609224) at src/clht_lb_res.c:245
	#100013243 in clht_put (=262886608, =25, =25) at src/clht_lb_res.c:544
	#200012688 in _ZZ3runPPcENK3$_0clEv (=386616464) at example-nothread.cpp:109
	#300012271 in _Z3runPPc (=218508288) at example-nothread.cpp:114
	#400016765 in __klee_posix_wrapped_main (=2, =218508288) at example-nothread.cpp:204
	#500010304 in __klee_posix_ctor_stub_insert_point (=2, =218508288, =119263216) at runtime/POSIX/./klee_init_env.c:491
	#600010324 in __user_main (=5, =119263168, =119263216) at runtime/POSIX/./klee_init_env.c:499
	#700004410 in __uClibc_main (=53049736, =5, =119263168, =0, =0, =0, =0) at libc/misc/internals/__uClibc_main.c:401
	#800004577 in main (=5, =119263168)

<not masking anything>
May be masked by:
	ID #654917781757353401

(5) ID #7748883756150740837 with 94 occurences:
Type of modification: write (unpersisted)
File: libc/string/memcpy.c
Line: 29
assembly.ll line: 11940
 allocated at _block_init_pmem_from_file():  %22 = call i8* @klee_pmem_alloc_pmem(i64 %19, i8* %20, i1 zeroext false, i8* %21), !dbg !11010
Stack: 
Current Thread: 1
Thread 1, Process 0, enabled
		PC:   store i8 %17, i8* %18, align 1, !dbg !10998 (op #0=2, op #1=263152704)
	#000011940 in memcpy (=263152704, =746067728, =40) at libc/string/memcpy.c:29
	#100102354 in container_ravl_insert_block (=2328484928, =746067728) at container_ravl.c:60
	#200056970 in bucket_insert_block (=3565089568, =746067728) at bucket.c:75
	#300105889 in heap_split_block (=258955824, =3565089568, =402204064, =1) at heap.c:964
	#400105316 in heap_get_bestfit_block (=258955824, =3565089568, =402204064) at heap.c:995
	#500105551 in heap_ensure_run_bucket_filled (=258955824, =1511902880, =1) at heap.c:884
	#600105251 in heap_get_bestfit_block (=258955824, =1511902880, =592363688) at heap.c:987
	#700110805 in palloc_reservation_create (=258955824, =64, =130997000, =391174272, =2, =0, =0, =0, =592363648) at palloc.c:218
	#800118417 in palloc_reserve (=258955824, =64, =130997000, =391174272, =2, =0, =0, =0, =592363648) at palloc.c:597
	#900142700 in tx_alloc_common (=104695216, =64, =2, =130997000, =391174272) at tx.c:587
	#1000142435 in pmemobj_tx_alloc (=64, =2) at tx.c:1564
	#1100016094 in clht_bucket_create () at src/clht_lb_res.c:212
	#1200013582 in clht_bucket_create_stats (=262886800, =401609224) at src/clht_lb_res.c:243
	#1300013243 in clht_put (=262886608, =25, =25) at src/clht_lb_res.c:544
	#1400012688 in _ZZ3runPPcENK3$_0clEv (=386616464) at example-nothread.cpp:109
	#1500012271 in _Z3runPPc (=218508288) at example-nothread.cpp:114
	#1600016765 in __klee_posix_wrapped_main (=2, =218508288) at example-nothread.cpp:204
	#1700010304 in __klee_posix_ctor_stub_insert_point (=2, =218508288, =119263216) at runtime/POSIX/./klee_init_env.c:491
	#1800010324 in __user_main (=5, =119263168, =119263216) at runtime/POSIX/./klee_init_env.c:499
	#1900004410 in __uClibc_main (=53049736, =5, =119263168, =0, =0, =0, =0) at libc/misc/internals/__uClibc_main.c:401
	#2000004577 in main (=5, =119263168)

<not masking anything>
<not masked by anything>

(6) ID #1174481934041483546 with 8 occurences:
Type of modification: write (unpersisted)
File: libc/string/memcpy.c
Line: 29
assembly.ll line: 11940
 allocated at _block_init_pmem_from_file():  %22 = call i8* @klee_pmem_alloc_pmem(i64 %19, i8* %20, i1 zeroext false, i8* %21), !dbg !11010
Stack: 
Current Thread: 1
Thread 1, Process 0, enabled
		PC:   store i8 %17, i8* %18, align 1, !dbg !10998 (op #0=1, op #1=262104512)
	#000011940 in memcpy (=262104512, =216768064, =8) at libc/string/memcpy.c:29
	#100061416 in huge_write_footer (=262104144, =47) at memblock.c:1136
	#200062313 in memblock_huge_init (=746067728, =258955824, =2, =0, =47) at memblock.c:1310
	#300105887 in heap_split_block (=258955824, =3565089568, =402204064, =1) at heap.c:961
	#400105316 in heap_get_bestfit_block (=258955824, =3565089568, =402204064) at heap.c:995
	#500105551 in heap_ensure_run_bucket_filled (=258955824, =1511902880, =1) at heap.c:884
	#600105251 in heap_get_bestfit_block (=258955824, =1511902880, =592363688) at heap.c:987
	#700110805 in palloc_reservation_create (=258955824, =64, =130997000, =391174272, =2, =0, =0, =0, =592363648) at palloc.c:218
	#800118417 in palloc_reserve (=258955824, =64, =130997000, =391174272, =2, =0, =0, =0, =592363648) at palloc.c:597
	#900142700 in tx_alloc_common (=104695216, =64, =2, =130997000, =391174272) at tx.c:587
	#1000142435 in pmemobj_tx_alloc (=64, =2) at tx.c:1564
	#1100016094 in clht_bucket_create () at src/clht_lb_res.c:212
	#1200013582 in clht_bucket_create_stats (=262886800, =401609224) at src/clht_lb_res.c:243
	#1300013243 in clht_put (=262886608, =25, =25) at src/clht_lb_res.c:544
	#1400012688 in _ZZ3runPPcENK3$_0clEv (=386616464) at example-nothread.cpp:109
	#1500012271 in _Z3runPPc (=218508288) at example-nothread.cpp:114
	#1600016765 in __klee_posix_wrapped_main (=2, =218508288) at example-nothread.cpp:204
	#1700010304 in __klee_posix_ctor_stub_insert_point (=2, =218508288, =119263216) at runtime/POSIX/./klee_init_env.c:491
	#1800010324 in __user_main (=5, =119263168, =119263216) at runtime/POSIX/./klee_init_env.c:499
	#1900004410 in __uClibc_main (=53049736, =5, =119263168, =0, =0, =0, =0) at libc/misc/internals/__uClibc_main.c:401
	#2000004577 in main (=5, =119263168)

<not masking anything>
May be masked by:
	ID #5284703892585030163

(7) ID #11051995237607109278 with 14 occurences:
Type of modification: fence (unnecessary)
File: ../../src/../src/libpmem2/x86_64/init.c
Line: 27
assembly.ll line: 156132
 (no allocation info)
Stack: 
Current Thread: 1
Thread 1, Process 0, enabled
		PC:   call void @llvm.x86.sse.sfence(), !dbg !10981 (op #0=<global const>)
	#000156132 in memory_barrier () at ../../src/../src/libpmem2/x86_64/init.c:27
	#100172184 in pmem_drain () at pmem.c:189
	#200126450 in obj_norep_drain (=258949120) at obj.c:492
	#300111289 in pmemops_drain.1002 (=258955824) at ./pmemops.h:76
	#400111079 in palloc_exec_actions (=258955824, =728452096, =754294784, =3) at palloc.c:559
	#500119060 in palloc_publish (=258955824, =754294784, =3, =728452096) at palloc.c:660
	#600139973 in pmemobj_tx_commit () at tx.c:1009
	#700140545 in pmemobj_tx_process () at tx.c:1101
	#800014396 in ht_resize_pes (=262886608, =1, =4) at src/clht_lb_res.c:1002
	#900013958 in ht_status (=262886608, =1, =0) at src/clht_lb_res.c:1112
	#1000013346 in clht_put (=262886608, =32, =32) at src/clht_lb_res.c:597
	#1100012688 in _ZZ3runPPcENK3$_0clEv (=386616464) at example-nothread.cpp:109
	#1200012271 in _Z3runPPc (=218508288) at example-nothread.cpp:114
	#1300016765 in __klee_posix_wrapped_main (=2, =218508288) at example-nothread.cpp:204
	#1400010304 in __klee_posix_ctor_stub_insert_point (=2, =218508288, =119263216) at runtime/POSIX/./klee_init_env.c:491
	#1500010324 in __user_main (=5, =119263168, =119263216) at runtime/POSIX/./klee_init_env.c:499
	#1600004410 in __uClibc_main (=53049736, =5, =119263168, =0, =0, =0, =0) at libc/misc/internals/__uClibc_main.c:401
	#1700004577 in main (=5, =119263168)

<not masking anything>
<not masked by anything>

(8) ID #13555663560970764206 with 6 occurences:
Type of modification: fence (unnecessary)
File: ../../src/../src/libpmem2/x86_64/init.c
Line: 27
assembly.ll line: 156132
 (no allocation info)
Stack: 
Current Thread: 1
Thread 1, Process 0, enabled
		PC:   call void @llvm.x86.sse.sfence(), !dbg !10981 (op #0=<global const>)
	#000156132 in memory_barrier () at ../../src/../src/libpmem2/x86_64/init.c:27
	#100172184 in pmem_drain () at pmem.c:189
	#200126450 in obj_norep_drain (=258949120) at obj.c:492
	#300140035 in pmemops_drain.1190 (=258956088) at ./pmemops.h:76
	#400139906 in pmemobj_tx_commit () at tx.c:1001
	#500140545 in pmemobj_tx_process () at tx.c:1101
	#600014396 in ht_resize_pes (=262886608, =1, =4) at src/clht_lb_res.c:1002
	#700013958 in ht_status (=262886608, =1, =0) at src/clht_lb_res.c:1112
	#800013346 in clht_put (=262886608, =32, =32) at src/clht_lb_res.c:597
	#900012688 in _ZZ3runPPcENK3$_0clEv (=386616464) at example-nothread.cpp:109
	#1000012271 in _Z3runPPc (=218508288) at example-nothread.cpp:114
	#1100016765 in __klee_posix_wrapped_main (=2, =218508288) at example-nothread.cpp:204
	#1200010304 in __klee_posix_ctor_stub_insert_point (=2, =218508288, =119263216) at runtime/POSIX/./klee_init_env.c:491
	#1300010324 in __user_main (=5, =119263168, =119263216) at runtime/POSIX/./klee_init_env.c:499
	#1400004410 in __uClibc_main (=53049736, =5, =119263168, =0, =0, =0, =0) at libc/misc/internals/__uClibc_main.c:401
	#1500004577 in main (=5, =119263168)

<not masking anything>
<not masked by anything>

(9) ID #536174927101856040 with 28 occurences:
Type of modification: flush (unnecessary)
File: ../../src/../src/libpmem2/x86_64/flush.h
Line: 48
assembly.ll line: 156098
 allocated at _block_init_pmem_from_file():  %22 = call i8* @klee_pmem_alloc_pmem(i64 %19, i8* %20, i1 zeroext false, i8* %21), !dbg !11010
Stack: 
Current Thread: 1
Thread 1, Process 0, enabled
		PC:   call void @llvm.x86.clwb(i8* %3, i8* %3), !dbg !10984 (op #0=<global const>, op #1=262887552, op #2=262887552)
	#000156098 in pmem_clwb (=262887552) at ../../src/../src/libpmem2/x86_64/flush.h:48
	#100156082 in flush_clwb_nolog (=262887568, =176) at ../../src/../src/libpmem2/x86_64/flush.h:104
	#200155915 in flush_clwb (=262887568, =176) at ../../src/../src/libpmem2/x86_64/init.c:60
	#300172277 in pmem_flush (=262887568, =176) at pmem.c:232
	#400126425 in obj_norep_flush (=258949120, =262887568, =176, =2147483648) at obj.c:478
	#500140137 in pmemops_xflush.1191 (=258956088, =262887568, =176, =2147483648) at ./pmemops.h:64
	#600140091 in tx_flush_range (=258947680, =258949120) at tx.c:403
	#700070320 in ravl_foreach_node (=258947648, =130994952, =258949120, =1) at ../../src/../src/common/ravl.c:81
	#800070272 in ravl_delete_cb (=391139584, =130994952, =258949120) at ../../src/../src/common/ravl.c:104
	#900140017 in tx_pre_commit (=104695216) at tx.c:432
	#1000139903 in pmemobj_tx_commit () at tx.c:999
	#1100140545 in pmemobj_tx_process () at tx.c:1101
	#1200014396 in ht_resize_pes (=262886608, =1, =4) at src/clht_lb_res.c:1002
	#1300013958 in ht_status (=262886608, =1, =0) at src/clht_lb_res.c:1112
	#1400013346 in clht_put (=262886608, =32, =32) at src/clht_lb_res.c:597
	#1500012688 in _ZZ3runPPcENK3$_0clEv (=386616464) at example-nothread.cpp:109
	#1600012271 in _Z3runPPc (=218508288) at example-nothread.cpp:114
	#1700016765 in __klee_posix_wrapped_main (=2, =218508288) at example-nothread.cpp:204
	#1800010304 in __klee_posix_ctor_stub_insert_point (=2, =218508288, =119263216) at runtime/POSIX/./klee_init_env.c:491
	#1900010324 in __user_main (=5, =119263168, =119263216) at runtime/POSIX/./klee_init_env.c:499
	#2000004410 in __uClibc_main (=53049736, =5, =119263168, =0, =0, =0, =0) at libc/misc/internals/__uClibc_main.c:401
	#2100004577 in main (=5, =119263168)

<not masking anything>
<not masked by anything>

(10) ID #10002182326300231594 with 86 occurences:
Type of modification: write (unpersisted)
File: libc/string/memcpy.c
Line: 29
assembly.ll line: 11940
 allocated at _block_init_pmem_from_file():  %22 = call i8* @klee_pmem_alloc_pmem(i64 %19, i8* %20, i1 zeroext false, i8* %21), !dbg !11010
Stack: 
Current Thread: 1
Thread 1, Process 0, enabled
		PC:   store i8 %17, i8* %18, align 1, !dbg !10998 (op #0=3, op #1=263414848)
	#000011940 in memcpy (=263414848, =2151759168, =40) at libc/string/memcpy.c:29
	#100102354 in container_ravl_insert_block (=2328484928, =2151759168) at container_ravl.c:60
	#200056970 in bucket_insert_block (=3565089568, =2151759168) at bucket.c:75
	#300105889 in heap_split_block (=258955824, =3565089568, =1728621904, =1) at heap.c:964
	#400105316 in heap_get_bestfit_block (=258955824, =3565089568, =1728621904) at heap.c:995
	#500105551 in heap_ensure_run_bucket_filled (=258955824, =1944582208, =3) at heap.c:884
	#600105251 in heap_get_bestfit_block (=258955824, =1944582208, =754294952) at heap.c:987
	#700110805 in palloc_reservation_create (=258955824, =2048, =130997000, =258317536, =2, =0, =0, =0, =754294912) at palloc.c:218
	#800118417 in palloc_reserve (=258955824, =2048, =130997000, =258317536, =2, =0, =0, =0, =754294912) at palloc.c:597
	#900142700 in tx_alloc_common (=104695216, =2048, =2, =130997000, =258317536) at tx.c:587
	#1000142910 in pmemobj_tx_zalloc (=2048, =2) at tx.c:1595
	#1100014629 in clht_hashtable_create (=32) at src/clht_lb_res.c:365
	#1200014162 in ht_resize_pes (=262886608, =1, =4) at src/clht_lb_res.c:839
	#1300013958 in ht_status (=262886608, =1, =0) at src/clht_lb_res.c:1112
	#1400013346 in clht_put (=262886608, =32, =32) at src/clht_lb_res.c:597
	#1500012688 in _ZZ3runPPcENK3$_0clEv (=386616464) at example-nothread.cpp:109
	#1600012271 in _Z3runPPc (=218508288) at example-nothread.cpp:114
	#1700016765 in __klee_posix_wrapped_main (=2, =218508288) at example-nothread.cpp:204
	#1800010304 in __klee_posix_ctor_stub_insert_point (=2, =218508288, =119263216) at runtime/POSIX/./klee_init_env.c:491
	#1900010324 in __user_main (=5, =119263168, =119263216) at runtime/POSIX/./klee_init_env.c:499
	#2000004410 in __uClibc_main (=53049736, =5, =119263168, =0, =0, =0, =0) at libc/misc/internals/__uClibc_main.c:401
	#2100004577 in main (=5, =119263168)

<not masking anything>
<not masked by anything>

(11) ID #3518030613485161476 with 120 occurences:
Type of modification: write (unpersisted)
File: libc/string/memcpy.c
Line: 29
assembly.ll line: 11940
 allocated at _block_init_pmem_from_file():  %22 = call i8* @klee_pmem_alloc_pmem(i64 %19, i8* %20, i1 zeroext false, i8* %21), !dbg !11010
Stack: 
Current Thread: 1
Thread 1, Process 0, enabled
		PC:   store i8 %17, i8* %18, align 1, !dbg !10998 (op #0=1, op #1=222757952)
	#000011940 in memcpy (=222757952, =2987451184, =40) at libc/string/memcpy.c:29
	#100102354 in container_ravl_insert_block (=2986373152, =2987451184) at container_ravl.c:60
	#200056970 in bucket_insert_block (=2334355008, =2987451184) at bucket.c:75
	#300105889 in heap_split_block (=218823216, =2334355008, =2987588928, =1) at heap.c:964
	#400105316 in heap_get_bestfit_block (=218823216, =2334355008, =2987588928) at heap.c:995
	#500105551 in heap_ensure_run_bucket_filled (=218823216, =589362016, =1) at heap.c:884
	#600105251 in heap_get_bestfit_block (=218823216, =589362016, =207641128) at heap.c:987
	#700110805 in palloc_reservation_create (=218823216, =128, =130985224, =1944554688, =0, =32768, =0, =0, =207641088) at palloc.c:218
	#800109956 in palloc_operation (=218823216, =0, =218822656, =128, =130985224, =1944554688, =0, =32768, =0, =0, =218008576) at palloc.c:732
	#900131948 in obj_alloc_root (=218816512, =128, =0, =0) at obj.c:2833
	#1000131786 in pmemobj_root_construct (=218816512, =128, =0, =0) at obj.c:2887
	#1100132141 in pmemobj_root (=218816512, =128) at obj.c:2912
	#1200012338 in clht_create (=8) at src/clht_lb_res.c:278
	#1300012197 in _Z3runPPc (=218507808) at example-nothread.cpp:81
	#1400016765 in __klee_posix_wrapped_main (=2, =218507808) at example-nothread.cpp:204
	#1500010304 in __klee_posix_ctor_stub_insert_point (=2, =218507808, =119263216) at runtime/POSIX/./klee_init_env.c:491
	#1600010324 in __user_main (=5, =119263168, =119263216) at runtime/POSIX/./klee_init_env.c:499
	#1700004410 in __uClibc_main (=53049736, =5, =119263168, =0, =0, =0, =0) at libc/misc/internals/__uClibc_main.c:401
	#1800004577 in main (=5, =119263168)

<not masking anything>
May be masked by:
	ID #4509288875275979283

(12) ID #1398792637221069649 with 214 occurences:
Type of modification: write (unpersisted)
File: runtime/POSIX/./threadsync.c
Line: 114
assembly.ll line: 41627
 allocated at _block_init_pmem_from_file():  %22 = call i8* @klee_pmem_alloc_pmem(i64 %19, i8* %20, i1 zeroext false, i8* %21), !dbg !11010
Stack: 
Current Thread: 1
Thread 1, Process 0, enabled
		PC:   store %struct.mutex_data_t* %11, %struct.mutex_data_t** %13, align 8, !dbg !11023 (op #0=2987213440, op #1=218823720)
	#000041627 in _mutex_init (=218823720, =0) at runtime/POSIX/./threadsync.c:114
	#100041604 in pthread_mutex_init (=218823720, =0) at runtime/POSIX/./threadsync.c:146
	#200051557 in os_mutex_init (=218823720) at ../../src/../src/core/os_thread_posix.c:76
	#300125350 in util_mutex_init.849 (=218823720) at ../common/sys_util.h:28
	#400124821 in obj_runtime_init (=218816512, =0, =1, =1024) at obj.c:1236
	#500127912 in obj_open_common (=207424896, =207393752, =0, =1) at obj.c:1761
	#600127730 in pmemobj_openU (=207424896, =207393752) at obj.c:1798
	#700127695 in pmemobj_open (=207424896, =207393752) at obj.c:1811
	#800012316 in clht_create (=8) at src/clht_lb_res.c:265
	#900012197 in _Z3runPPc (=218507808) at example-nothread.cpp:81
	#1000016765 in __klee_posix_wrapped_main (=2, =218507808) at example-nothread.cpp:204
	#1100010304 in __klee_posix_ctor_stub_insert_point (=2, =218507808, =119263216) at runtime/POSIX/./klee_init_env.c:491
	#1200010324 in __user_main (=5, =119263168, =119263216) at runtime/POSIX/./klee_init_env.c:499
	#1300004410 in __uClibc_main (=53049736, =5, =119263168, =0, =0, =0, =0) at libc/misc/internals/__uClibc_main.c:401
	#1400004577 in main (=5, =119263168)

<not masking anything>
<not masked by anything>

(13) ID #6373392318390758659 with 21966 occurences:
Type of modification: flush (unnecessary)
File: ../../src/../src/libpmem2/x86_64/flush.h
Line: 48
assembly.ll line: 156098
 allocated at _block_init_pmem_from_file():  %22 = call i8* @klee_pmem_alloc_pmem(i64 %19, i8* %20, i1 zeroext false, i8* %21), !dbg !11010
Stack: 
Current Thread: 1
Thread 1, Process 0, enabled
		PC:   call void @llvm.x86.clwb(i8* %3, i8* %3), !dbg !10984 (op #0=<global const>, op #1=263377984, op #2=263377984)
	#000156098 in pmem_clwb (=263377984) at ../../src/../src/libpmem2/x86_64/flush.h:48
	#100156082 in flush_clwb_nolog (=263378000, =2096) at ../../src/../src/libpmem2/x86_64/flush.h:104
	#200155915 in flush_clwb (=263378000, =2096) at ../../src/../src/libpmem2/x86_64/init.c:60
	#300172277 in pmem_flush (=263378000, =2096) at pmem.c:232
	#400126425 in obj_norep_flush (=258949120, =263378000, =2096, =2147483648) at obj.c:478
	#500140137 in pmemops_xflush.1191 (=258956088, =263378000, =2096, =2147483648) at ./pmemops.h:64
	#600140091 in tx_flush_range (=388396448, =258949120) at tx.c:403
	#700070320 in ravl_foreach_node (=388396416, =130994952, =258949120, =1) at ../../src/../src/common/ravl.c:81
	#800070331 in ravl_foreach_node (=258947648, =130994952, =258949120, =1) at ../../src/../src/common/ravl.c:82
	#900070272 in ravl_delete_cb (=391139584, =130994952, =258949120) at ../../src/../src/common/ravl.c:104
	#1000140017 in tx_pre_commit (=104695216) at tx.c:432
	#1100139903 in pmemobj_tx_commit () at tx.c:999
	#1200140545 in pmemobj_tx_process () at tx.c:1101
	#1300014396 in ht_resize_pes (=262886608, =1, =4) at src/clht_lb_res.c:1002
	#1400013958 in ht_status (=262886608, =1, =0) at src/clht_lb_res.c:1112
	#1500013346 in clht_put (=262886608, =32, =32) at src/clht_lb_res.c:597
	#1600012688 in _ZZ3runPPcENK3$_0clEv (=386616464) at example-nothread.cpp:109
	#1700012271 in _Z3runPPc (=218508288) at example-nothread.cpp:114
	#1800016765 in __klee_posix_wrapped_main (=2, =218508288) at example-nothread.cpp:204
	#1900010304 in __klee_posix_ctor_stub_insert_point (=2, =218508288, =119263216) at runtime/POSIX/./klee_init_env.c:491
	#2000010324 in __user_main (=5, =119263168, =119263216) at runtime/POSIX/./klee_init_env.c:499
	#2100004410 in __uClibc_main (=53049736, =5, =119263168, =0, =0, =0, =0) at libc/misc/internals/__uClibc_main.c:401
	#2200004577 in main (=5, =119263168)

<not masking anything>
<not masked by anything>

(14) ID #12302209781918640830 with 214 occurences:
Type of modification: write (unpersisted)
File: libc/string/memcpy.c
Line: 29
assembly.ll line: 11940
 allocated at _block_init_pmem_from_file():  %22 = call i8* @klee_pmem_alloc_pmem(i64 %19, i8* %20, i1 zeroext false, i8* %21), !dbg !11010
Stack: 
Current Thread: 1
Thread 1, Process 0, enabled
		PC:   store i8 %17, i8* %18, align 1, !dbg !10998 (op #0=8, op #1=218823216)
	#000011940 in memcpy (=218823216, =218823480, =80) at libc/string/memcpy.c:29
	#100107444 in heap_boot (=218823216, =221970432, =13623296, =218822688, =218816512, =218823480, =403028928, =401286656) at heap.c:1499
	#200116753 in palloc_boot (=218823216, =221970432, =13623296, =218822688, =218816512, =218823480, =403028928, =401286656) at palloc.c:1248
	#300116615 in pmalloc_boot (=218816512) at pmalloc.c:179
	#400116399 in lane_recover_and_section_boot (=218816512) at lane.c:370
	#500125225 in obj_runtime_init_common (=218816512) at obj.c:840
	#600124760 in obj_runtime_init (=218816512, =0, =1, =1024) at obj.c:1206
	#700127912 in obj_open_common (=207424896, =207393752, =0, =1) at obj.c:1761
	#800127730 in pmemobj_openU (=207424896, =207393752) at obj.c:1798
	#900127695 in pmemobj_open (=207424896, =207393752) at obj.c:1811
	#1000012316 in clht_create (=8) at src/clht_lb_res.c:265
	#1100012197 in _Z3runPPc (=218507808) at example-nothread.cpp:81
	#1200016765 in __klee_posix_wrapped_main (=2, =218507808) at example-nothread.cpp:204
	#1300010304 in __klee_posix_ctor_stub_insert_point (=2, =218507808, =119263216) at runtime/POSIX/./klee_init_env.c:491
	#1400010324 in __user_main (=5, =119263168, =119263216) at runtime/POSIX/./klee_init_env.c:499
	#1500004410 in __uClibc_main (=53049736, =5, =119263168, =0, =0, =0, =0) at libc/misc/internals/__uClibc_main.c:401
	#1600004577 in main (=5, =119263168)

<not masking anything>
<not masked by anything>

(15) ID #2350788492663273775 with 44 occurences:
Type of modification: flush (never modified)
File: src/clht_lb_res.c
Line: 154
assembly.ll line: 13661
 allocated at _block_init_pmem_from_file():  %22 = call i8* @klee_pmem_alloc_pmem(i64 %19, i8* %20, i1 zeroext false, i8* %21), !dbg !11010
Stack: 
Current Thread: 1
Thread 1, Process 0, enabled
		PC:   call void @llvm.x86.clwb(i8* %32, i8* %32), !dbg !11016 (op #0=<global const>, op #1=222754304, op #2=222754304)
	#000013661 in clflush (=222754192, =128, =true) at src/clht_lb_res.c:154
	#100012476 in clht_create (=8) at src/clht_lb_res.c:320
	#200012197 in _Z3runPPc (=218507808) at example-nothread.cpp:81
	#300016765 in __klee_posix_wrapped_main (=2, =218507808) at example-nothread.cpp:204
	#400010304 in __klee_posix_ctor_stub_insert_point (=2, =218507808, =119263216) at runtime/POSIX/./klee_init_env.c:491
	#500010324 in __user_main (=5, =119263168, =119263216) at runtime/POSIX/./klee_init_env.c:499
	#600004410 in __uClibc_main (=53049736, =5, =119263168, =0, =0, =0, =0) at libc/misc/internals/__uClibc_main.c:401
	#700004577 in main (=5, =119263168)

<not masking anything>
<not masked by anything>

(16) ID #4330274443999915341 with 214 occurences:
Type of modification: write (unpersisted)
File: heap.c
Line: 1500
assembly.ll line: 107449
 allocated at _block_init_pmem_from_file():  %22 = call i8* @klee_pmem_alloc_pmem(i64 %19, i8* %20, i1 zeroext false, i8* %21), !dbg !11010
Stack: 
Current Thread: 1
Thread 1, Process 0, enabled
		PC:   store %struct.heap_layout* %99, %struct.heap_layout** %101, align 8, !dbg !11417 (op #0=221970432, op #1=218823296)
	#000107449 in heap_boot (=218823216, =221970432, =13623296, =218822688, =218816512, =218823480, =403028928, =401286656) at heap.c:1500
	#100116753 in palloc_boot (=218823216, =221970432, =13623296, =218822688, =218816512, =218823480, =403028928, =401286656) at palloc.c:1248
	#200116615 in pmalloc_boot (=218816512) at pmalloc.c:179
	#300116399 in lane_recover_and_section_boot (=218816512) at lane.c:370
	#400125225 in obj_runtime_init_common (=218816512) at obj.c:840
	#500124760 in obj_runtime_init (=218816512, =0, =1, =1024) at obj.c:1206
	#600127912 in obj_open_common (=207424896, =207393752, =0, =1) at obj.c:1761
	#700127730 in pmemobj_openU (=207424896, =207393752) at obj.c:1798
	#800127695 in pmemobj_open (=207424896, =207393752) at obj.c:1811
	#900012316 in clht_create (=8) at src/clht_lb_res.c:265
	#1000012197 in _Z3runPPc (=218507808) at example-nothread.cpp:81
	#1100016765 in __klee_posix_wrapped_main (=2, =218507808) at example-nothread.cpp:204
	#1200010304 in __klee_posix_ctor_stub_insert_point (=2, =218507808, =119263216) at runtime/POSIX/./klee_init_env.c:491
	#1300010324 in __user_main (=5, =119263168, =119263216) at runtime/POSIX/./klee_init_env.c:499
	#1400004410 in __uClibc_main (=53049736, =5, =119263168, =0, =0, =0, =0) at libc/misc/internals/__uClibc_main.c:401
	#1500004577 in main (=5, =119263168)

<not masking anything>
<not masked by anything>

(17) ID #17001136510802131950 with 120 occurences:
Type of modification: write (unpersisted)
File: libc/string/memcpy.c
Line: 29
assembly.ll line: 11940
 allocated at _block_init_pmem_from_file():  %22 = call i8* @klee_pmem_alloc_pmem(i64 %19, i8* %20, i1 zeroext false, i8* %21), !dbg !11010
Stack: 
Current Thread: 1
Thread 1, Process 0, enabled
		PC:   store i8 %17, i8* %18, align 1, !dbg !10998 (op #0=1, op #1=221971904)
	#000011940 in memcpy (=221971904, =401242616, =8) at libc/string/memcpy.c:29
	#100061416 in huge_write_footer (=221971528, =48) at memblock.c:1136
	#200062313 in memblock_huge_init (=2987451184, =218823216, =1, =0, =48) at memblock.c:1310
	#300105887 in heap_split_block (=218823216, =2334355008, =2987588928, =1) at heap.c:961
	#400105316 in heap_get_bestfit_block (=218823216, =2334355008, =2987588928) at heap.c:995
	#500105551 in heap_ensure_run_bucket_filled (=218823216, =589362016, =1) at heap.c:884
	#600105251 in heap_get_bestfit_block (=218823216, =589362016, =207641128) at heap.c:987
	#700110805 in palloc_reservation_create (=218823216, =128, =130985224, =1944554688, =0, =32768, =0, =0, =207641088) at palloc.c:218
	#800109956 in palloc_operation (=218823216, =0, =218822656, =128, =130985224, =1944554688, =0, =32768, =0, =0, =218008576) at palloc.c:732
	#900131948 in obj_alloc_root (=218816512, =128, =0, =0) at obj.c:2833
	#1000131786 in pmemobj_root_construct (=218816512, =128, =0, =0) at obj.c:2887
	#1100132141 in pmemobj_root (=218816512, =128) at obj.c:2912
	#1200012338 in clht_create (=8) at src/clht_lb_res.c:278
	#1300012197 in _Z3runPPc (=218507808) at example-nothread.cpp:81
	#1400016765 in __klee_posix_wrapped_main (=2, =218507808) at example-nothread.cpp:204
	#1500010304 in __klee_posix_ctor_stub_insert_point (=2, =218507808, =119263216) at runtime/POSIX/./klee_init_env.c:491
	#1600010324 in __user_main (=5, =119263168, =119263216) at runtime/POSIX/./klee_init_env.c:499
	#1700004410 in __uClibc_main (=53049736, =5, =119263168, =0, =0, =0, =0) at libc/misc/internals/__uClibc_main.c:401
	#1800004577 in main (=5, =119263168)

<not masking anything>
May be masked by:
	ID #1174481934041483546

(18) ID #2173641342252569343 with 44 occurences:
Type of modification: fence (unnecessary)
File: src/clht_lb_res.c
Line: 139
assembly.ll line: 14944
 (no allocation info)
Stack: 
Current Thread: 1
Thread 1, Process 0, enabled
		PC:   call void @llvm.x86.sse2.mfence(), !dbg !10978 (op #0=<global const>)
	#000014944 in mfence () at src/clht_lb_res.c:139
	#100013636 in clflush (=222754192, =128, =true) at src/clht_lb_res.c:146
	#200012476 in clht_create (=8) at src/clht_lb_res.c:320
	#300012197 in _Z3runPPc (=218507808) at example-nothread.cpp:81
	#400016765 in __klee_posix_wrapped_main (=2, =218507808) at example-nothread.cpp:204
	#500010304 in __klee_posix_ctor_stub_insert_point (=2, =218507808, =119263216) at runtime/POSIX/./klee_init_env.c:491
	#600010324 in __user_main (=5, =119263168, =119263216) at runtime/POSIX/./klee_init_env.c:499
	#700004410 in __uClibc_main (=53049736, =5, =119263168, =0, =0, =0, =0) at libc/misc/internals/__uClibc_main.c:401
	#800004577 in main (=5, =119263168)

<not masking anything>
<not masked by anything>

(19) ID #6350881126354378486 with 44 occurences:
Type of modification: fence (unnecessary)
File: src/clht_lb_res.c
Line: 139
assembly.ll line: 14944
 (no allocation info)
Stack: 
Current Thread: 1
Thread 1, Process 0, enabled
		PC:   call void @llvm.x86.sse2.mfence(), !dbg !10978 (op #0=<global const>)
	#000014944 in mfence () at src/clht_lb_res.c:139
	#100013636 in clflush (=222754384, =512, =true) at src/clht_lb_res.c:146
	#200012473 in clht_create (=8) at src/clht_lb_res.c:319
	#300012197 in _Z3runPPc (=218507808) at example-nothread.cpp:81
	#400016765 in __klee_posix_wrapped_main (=2, =218507808) at example-nothread.cpp:204
	#500010304 in __klee_posix_ctor_stub_insert_point (=2, =218507808, =119263216) at runtime/POSIX/./klee_init_env.c:491
	#600010324 in __user_main (=5, =119263168, =119263216) at runtime/POSIX/./klee_init_env.c:499
	#700004410 in __uClibc_main (=53049736, =5, =119263168, =0, =0, =0, =0) at libc/misc/internals/__uClibc_main.c:401
	#800004577 in main (=5, =119263168)

<not masking anything>
<not masked by anything>

(20) ID #14820295272665141594 with 21884 occurences:
Type of modification: fence (unnecessary)
File: src/clht_lb_res.c
Line: 139
assembly.ll line: 14944
 (no allocation info)
Stack: 
Current Thread: 1
Thread 1, Process 0, enabled
		PC:   call void @llvm.x86.sse2.mfence(), !dbg !10978 (op #0=<global const>)
	#000014944 in mfence () at src/clht_lb_res.c:139
	#100013636 in clflush (=263144784, =64, =true) at src/clht_lb_res.c:146
	#200013261 in clht_put (=262886608, =25, =25) at src/clht_lb_res.c:556
	#300012688 in _ZZ3runPPcENK3$_0clEv (=386616464) at example-nothread.cpp:109
	#400012271 in _Z3runPPc (=218508288) at example-nothread.cpp:114
	#500016765 in __klee_posix_wrapped_main (=2, =218508288) at example-nothread.cpp:204
	#600010304 in __klee_posix_ctor_stub_insert_point (=2, =218508288, =119263216) at runtime/POSIX/./klee_init_env.c:491
	#700010324 in __user_main (=5, =119263168, =119263216) at runtime/POSIX/./klee_init_env.c:499
	#800004410 in __uClibc_main (=53049736, =5, =119263168, =0, =0, =0, =0) at libc/misc/internals/__uClibc_main.c:401
	#900004577 in main (=5, =119263168)

<not masking anything>
<not masked by anything>

(21) ID #10954826351779175505 with 44 occurences:
Type of modification: flush (never modified)
File: ../../src/../src/libpmem2/x86_64/flush.h
Line: 48
assembly.ll line: 156098
 allocated at _block_init_pmem_from_file():  %22 = call i8* @klee_pmem_alloc_pmem(i64 %19, i8* %20, i1 zeroext false, i8* %21), !dbg !11010
Stack: 
Current Thread: 1
Thread 1, Process 0, enabled
		PC:   call void @llvm.x86.clwb(i8* %3, i8* %3), !dbg !10984 (op #0=<global const>, op #1=222754304, op #2=222754304)
	#000156098 in pmem_clwb (=222754304) at ../../src/../src/libpmem2/x86_64/flush.h:48
	#100156082 in flush_clwb_nolog (=222754192, =176) at ../../src/../src/libpmem2/x86_64/flush.h:104
	#200155915 in flush_clwb (=222754192, =176) at ../../src/../src/libpmem2/x86_64/init.c:60
	#300172277 in pmem_flush (=222754192, =176) at pmem.c:232
	#400126425 in obj_norep_flush (=218816512, =222754192, =176, =2147483648) at obj.c:478
	#500140137 in pmemops_xflush.1191 (=218823480, =222754192, =176, =2147483648) at ./pmemops.h:64
	#600140091 in tx_flush_range (=2988718304, =218816512) at tx.c:403
	#700070320 in ravl_foreach_node (=2988718272, =130994952, =218816512, =1) at ../../src/../src/common/ravl.c:81
	#800070272 in ravl_delete_cb (=2986287392, =130994952, =218816512) at ../../src/../src/common/ravl.c:104
	#900140017 in tx_pre_commit (=104695216) at tx.c:432
	#1000139903 in pmemobj_tx_commit () at tx.c:999
	#1100140545 in pmemobj_tx_process () at tx.c:1101
	#1200014799 in clht_hashtable_create (=8) at src/clht_lb_res.c:413
	#1300012396 in clht_create (=8) at src/clht_lb_res.c:298
	#1400012197 in _Z3runPPc (=218507808) at example-nothread.cpp:81
	#1500016765 in __klee_posix_wrapped_main (=2, =218507808) at example-nothread.cpp:204
	#1600010304 in __klee_posix_ctor_stub_insert_point (=2, =218507808, =119263216) at runtime/POSIX/./klee_init_env.c:491
	#1700010324 in __user_main (=5, =119263168, =119263216) at runtime/POSIX/./klee_init_env.c:499
	#1800004410 in __uClibc_main (=53049736, =5, =119263168, =0, =0, =0, =0) at libc/misc/internals/__uClibc_main.c:401
	#1900004577 in main (=5, =119263168)

<not masking anything>
<not masked by anything>

(22) ID #11467165222433667216 with 44 occurences:
Type of modification: fence (unnecessary)
File: src/clht_lb_res.c
Line: 139
assembly.ll line: 14944
 (no allocation info)
Stack: 
Current Thread: 1
Thread 1, Process 0, enabled
		PC:   call void @llvm.x86.sse2.mfence(), !dbg !10978 (op #0=<global const>)
	#000014944 in mfence () at src/clht_lb_res.c:139
	#100013636 in clflush (=222754000, =128, =true) at src/clht_lb_res.c:146
	#200012479 in clht_create (=8) at src/clht_lb_res.c:321
	#300012197 in _Z3runPPc (=218507808) at example-nothread.cpp:81
	#400016765 in __klee_posix_wrapped_main (=2, =218507808) at example-nothread.cpp:204
	#500010304 in __klee_posix_ctor_stub_insert_point (=2, =218507808, =119263216) at runtime/POSIX/./klee_init_env.c:491
	#600010324 in __user_main (=5, =119263168, =119263216) at runtime/POSIX/./klee_init_env.c:499
	#700004410 in __uClibc_main (=53049736, =5, =119263168, =0, =0, =0, =0) at libc/misc/internals/__uClibc_main.c:401
	#800004577 in main (=5, =119263168)

<not masking anything>
<not masked by anything>

(23) ID #2687788557801343209 with 128 occurences:
Type of modification: write (unpersisted)
File: src/clht_gc.c
Line: 58
assembly.ll line: 12963
 allocated at _block_init_pmem_from_file():  %22 = call i8* @klee_pmem_alloc_pmem(i64 %19, i8* %20, i1 zeroext false, i8* %21), !dbg !11010
Stack: 
Current Thread: 1
Thread 1, Process 0, enabled
		PC:   store i64 %70, i64* %59, !dbg !11044 (op #0=2989173760, op #1=222754072)
	#000012963 in clht_gc_thread_init (=222754000, =0) at src/clht_gc.c:58
	#100012660 in _ZZ3runPPcENK3$_0clEv (=382591840) at example-nothread.cpp:103
	#200012271 in _Z3runPPc (=218507808) at example-nothread.cpp:114
	#300016765 in __klee_posix_wrapped_main (=2, =218507808) at example-nothread.cpp:204
	#400010304 in __klee_posix_ctor_stub_insert_point (=2, =218507808, =119263216) at runtime/POSIX/./klee_init_env.c:491
	#500010324 in __user_main (=5, =119263168, =119263216) at runtime/POSIX/./klee_init_env.c:499
	#600004410 in __uClibc_main (=53049736, =5, =119263168, =0, =0, =0, =0) at libc/misc/internals/__uClibc_main.c:401
	#700004577 in main (=5, =119263168)

<not masking anything>
May be masked by:
	ID #13076870362806370528

(24) ID #12239070608005325330 with 44 occurences:
Type of modification: fence (unnecessary)
File: src/clht_lb_res.c
Line: 139
assembly.ll line: 14944
 (no allocation info)
Stack: 
Current Thread: 1
Thread 1, Process 0, enabled
		PC:   call void @llvm.x86.sse2.mfence(), !dbg !10978 (op #0=<global const>)
	#000014944 in mfence () at src/clht_lb_res.c:139
	#100013689 in clflush (=222754192, =128, =true) at src/clht_lb_res.c:159
	#200012476 in clht_create (=8) at src/clht_lb_res.c:320
	#300012197 in _Z3runPPc (=218507808) at example-nothread.cpp:81
	#400016765 in __klee_posix_wrapped_main (=2, =218507808) at example-nothread.cpp:204
	#500010304 in __klee_posix_ctor_stub_insert_point (=2, =218507808, =119263216) at runtime/POSIX/./klee_init_env.c:491
	#600010324 in __user_main (=5, =119263168, =119263216) at runtime/POSIX/./klee_init_env.c:499
	#700004410 in __uClibc_main (=53049736, =5, =119263168, =0, =0, =0, =0) at libc/misc/internals/__uClibc_main.c:401
	#800004577 in main (=5, =119263168)

<not masking anything>
<not masked by anything>

(25) ID #4522249260780761856 with 214 occurences:
Type of modification: write (unpersisted)
File: obj.c
Line: 1244
assembly.ll line: 124842
 allocated at _block_init_pmem_from_file():  %22 = call i8* @klee_pmem_alloc_pmem(i64 %19, i8* %20, i1 zeroext false, i8* %21), !dbg !11010
Stack: 
Current Thread: 1
Thread 1, Process 0, enabled
		PC:   store i32 0, i32* %140, align 8, !dbg !11136 (op #0=<global const>, op #1=218823768)
	#000124842 in obj_runtime_init (=218816512, =0, =1, =1024) at obj.c:1244
	#100127912 in obj_open_common (=207424896, =207393752, =0, =1) at obj.c:1761
	#200127730 in pmemobj_openU (=207424896, =207393752) at obj.c:1798
	#300127695 in pmemobj_open (=207424896, =207393752) at obj.c:1811
	#400012316 in clht_create (=8) at src/clht_lb_res.c:265
	#500012197 in _Z3runPPc (=218507808) at example-nothread.cpp:81
	#600016765 in __klee_posix_wrapped_main (=2, =218507808) at example-nothread.cpp:204
	#700010304 in __klee_posix_ctor_stub_insert_point (=2, =218507808, =119263216) at runtime/POSIX/./klee_init_env.c:491
	#800010324 in __user_main (=5, =119263168, =119263216) at runtime/POSIX/./klee_init_env.c:499
	#900004410 in __uClibc_main (=53049736, =5, =119263168, =0, =0, =0, =0) at libc/misc/internals/__uClibc_main.c:401
	#1000004577 in main (=5, =119263168)

<not masking anything>
<not masked by anything>

(26) ID #11162252943419922434 with 396 occurences:
Type of modification: flush (unnecessary)
File: src/clht_lb_res.c
Line: 154
assembly.ll line: 13661
 allocated at _block_init_pmem_from_file():  %22 = call i8* @klee_pmem_alloc_pmem(i64 %19, i8* %20, i1 zeroext false, i8* %21), !dbg !11010
Stack: 
Current Thread: 1
Thread 1, Process 0, enabled
		PC:   call void @llvm.x86.clwb(i8* %32, i8* %32), !dbg !11016 (op #0=<global const>, op #1=222754368, op #2=222754368)
	#000013661 in clflush (=222754384, =512, =true) at src/clht_lb_res.c:154
	#100012473 in clht_create (=8) at src/clht_lb_res.c:319
	#200012197 in _Z3runPPc (=218507808) at example-nothread.cpp:81
	#300016765 in __klee_posix_wrapped_main (=2, =218507808) at example-nothread.cpp:204
	#400010304 in __klee_posix_ctor_stub_insert_point (=2, =218507808, =119263216) at runtime/POSIX/./klee_init_env.c:491
	#500010324 in __user_main (=5, =119263168, =119263216) at runtime/POSIX/./klee_init_env.c:499
	#600004410 in __uClibc_main (=53049736, =5, =119263168, =0, =0, =0, =0) at libc/misc/internals/__uClibc_main.c:401
	#700004577 in main (=5, =119263168)

<not masking anything>
<not masked by anything>

(27) ID #12312319401662742242 with 214 occurences:
Type of modification: write (unpersisted)
File: libc/string/memset.c
Line: 28
assembly.ll line: 11979
 allocated at _block_init_pmem_from_file():  %22 = call i8* @klee_pmem_alloc_pmem(i64 %19, i8* %20, i1 zeroext false, i8* %21), !dbg !11010
Stack: 
Current Thread: 1
Thread 1, Process 0, enabled
		PC:   store i8 %14, i8* %15, align 1, !dbg !10995 (op #0=0, op #1=218823200)
	#000011979 in memset (=218823200, =0, =1504) at libc/string/memset.c:28
	#100128124 in obj_replicas_init (=401286656) at obj.c:1624
	#200127793 in obj_open_common (=207424896, =207393752, =0, =1) at obj.c:1724
	#300127730 in pmemobj_openU (=207424896, =207393752) at obj.c:1798
	#400127695 in pmemobj_open (=207424896, =207393752) at obj.c:1811
	#500012316 in clht_create (=8) at src/clht_lb_res.c:265
	#600012197 in _Z3runPPc (=218507808) at example-nothread.cpp:81
	#700016765 in __klee_posix_wrapped_main (=2, =218507808) at example-nothread.cpp:204
	#800010304 in __klee_posix_ctor_stub_insert_point (=2, =218507808, =119263216) at runtime/POSIX/./klee_init_env.c:491
	#900010324 in __user_main (=5, =119263168, =119263216) at runtime/POSIX/./klee_init_env.c:499
	#1000004410 in __uClibc_main (=53049736, =5, =119263168, =0, =0, =0, =0) at libc/misc/internals/__uClibc_main.c:401
	#1100004577 in main (=5, =119263168)

<not masking anything>
May be masked by:
	ID #4330274443999915341
	ID #2987281728972061149
	ID #14947456310876678585
	ID #9247273790921840614
	ID #8461287382308680706
	ID #10780756934647289578
	ID #4806316140971594802
	ID #2066447140579827336
	ID #9657783070986292884

(28) ID #13496870786111151519 with 44 occurences:
Type of modification: fence (unnecessary)
File: ../../src/../src/libpmem2/x86_64/init.c
Line: 27
assembly.ll line: 156132
 (no allocation info)
Stack: 
Current Thread: 1
Thread 1, Process 0, enabled
		PC:   call void @llvm.x86.sse.sfence(), !dbg !10981 (op #0=<global const>)
	#000156132 in memory_barrier () at ../../src/../src/libpmem2/x86_64/init.c:27
	#100172184 in pmem_drain () at pmem.c:189
	#200126450 in obj_norep_drain (=218816512) at obj.c:492
	#300111289 in pmemops_drain.1002 (=218823216) at ./pmemops.h:76
	#400111079 in palloc_exec_actions (=218823216, =218008576, =207641088, =1) at palloc.c:559
	#500110086 in palloc_operation (=218823216, =0, =218822656, =128, =130985224, =1944554688, =0, =32768, =0, =0, =218008576) at palloc.c:769
	#600131948 in obj_alloc_root (=218816512, =128, =0, =0) at obj.c:2833
	#700131786 in pmemobj_root_construct (=218816512, =128, =0, =0) at obj.c:2887
	#800132141 in pmemobj_root (=218816512, =128) at obj.c:2912
	#900012338 in clht_create (=8) at src/clht_lb_res.c:278
	#1000012197 in _Z3runPPc (=218507808) at example-nothread.cpp:81
	#1100016765 in __klee_posix_wrapped_main (=2, =218507808) at example-nothread.cpp:204
	#1200010304 in __klee_posix_ctor_stub_insert_point (=2, =218507808, =119263216) at runtime/POSIX/./klee_init_env.c:491
	#1300010324 in __user_main (=5, =119263168, =119263216) at runtime/POSIX/./klee_init_env.c:499
	#1400004410 in __uClibc_main (=53049736, =5, =119263168, =0, =0, =0, =0) at libc/misc/internals/__uClibc_main.c:401
	#1500004577 in main (=5, =119263168)

<not masking anything>
<not masked by anything>

(29) ID #8823664109761474935 with 88 occurences:
Type of modification: flush (unnecessary)
File: src/clht_lb_res.c
Line: 154
assembly.ll line: 13661
 allocated at _block_init_pmem_from_file():  %22 = call i8* @klee_pmem_alloc_pmem(i64 %19, i8* %20, i1 zeroext false, i8* %21), !dbg !11010
Stack: 
Current Thread: 1
Thread 1, Process 0, enabled
		PC:   call void @llvm.x86.clwb(i8* %32, i8* %32), !dbg !11016 (op #0=<global const>, op #1=222754176, op #2=222754176)
	#000013661 in clflush (=222754192, =128, =true) at src/clht_lb_res.c:154
	#100012476 in clht_create (=8) at src/clht_lb_res.c:320
	#200012197 in _Z3runPPc (=218507808) at example-nothread.cpp:81
	#300016765 in __klee_posix_wrapped_main (=2, =218507808) at example-nothread.cpp:204
	#400010304 in __klee_posix_ctor_stub_insert_point (=2, =218507808, =119263216) at runtime/POSIX/./klee_init_env.c:491
	#500010324 in __user_main (=5, =119263168, =119263216) at runtime/POSIX/./klee_init_env.c:499
	#600004410 in __uClibc_main (=53049736, =5, =119263168, =0, =0, =0, =0) at libc/misc/internals/__uClibc_main.c:401
	#700004577 in main (=5, =119263168)

<not masking anything>
<not masked by anything>

(30) ID #12097126006041700942 with 21884 occurences:
Type of modification: fence (unnecessary)
File: src/clht_lb_res.c
Line: 139
assembly.ll line: 14944
 (no allocation info)
Stack: 
Current Thread: 1
Thread 1, Process 0, enabled
		PC:   call void @llvm.x86.sse2.mfence(), !dbg !10978 (op #0=<global const>)
	#000014944 in mfence () at src/clht_lb_res.c:139
	#100013689 in clflush (=400898704, =8, =true) at src/clht_lb_res.c:159
	#200013285 in clht_put (=262886608, =25, =25) at src/clht_lb_res.c:559
	#300012688 in _ZZ3runPPcENK3$_0clEv (=386616464) at example-nothread.cpp:109
	#400012271 in _Z3runPPc (=218508288) at example-nothread.cpp:114
	#500016765 in __klee_posix_wrapped_main (=2, =218508288) at example-nothread.cpp:204
	#600010304 in __klee_posix_ctor_stub_insert_point (=2, =218508288, =119263216) at runtime/POSIX/./klee_init_env.c:491
	#700010324 in __user_main (=5, =119263168, =119263216) at runtime/POSIX/./klee_init_env.c:499
	#800004410 in __uClibc_main (=53049736, =5, =119263168, =0, =0, =0, =0) at libc/misc/internals/__uClibc_main.c:401
	#900004577 in main (=5, =119263168)

<not masking anything>
<not masked by anything>

(31) ID #11480736041294766921 with 44 occurences:
Type of modification: fence (unnecessary)
File: src/clht_lb_res.c
Line: 139
assembly.ll line: 14944
 (no allocation info)
Stack: 
Current Thread: 1
Thread 1, Process 0, enabled
		PC:   call void @llvm.x86.sse2.mfence(), !dbg !10978 (op #0=<global const>)
	#000014944 in mfence () at src/clht_lb_res.c:139
	#100013689 in clflush (=222754384, =512, =true) at src/clht_lb_res.c:159
	#200012473 in clht_create (=8) at src/clht_lb_res.c:319
	#300012197 in _Z3runPPc (=218507808) at example-nothread.cpp:81
	#400016765 in __klee_posix_wrapped_main (=2, =218507808) at example-nothread.cpp:204
	#500010304 in __klee_posix_ctor_stub_insert_point (=2, =218507808, =119263216) at runtime/POSIX/./klee_init_env.c:491
	#600010324 in __user_main (=5, =119263168, =119263216) at runtime/POSIX/./klee_init_env.c:499
	#700004410 in __uClibc_main (=53049736, =5, =119263168, =0, =0, =0, =0) at libc/misc/internals/__uClibc_main.c:401
	#800004577 in main (=5, =119263168)

<not masking anything>
<not masked by anything>

(32) ID #837184484545262382 with 44 occurences:
Type of modification: flush (unnecessary)
File: src/clht_lb_res.c
Line: 154
assembly.ll line: 13661
 allocated at _block_init_pmem_from_file():  %22 = call i8* @klee_pmem_alloc_pmem(i64 %19, i8* %20, i1 zeroext false, i8* %21), !dbg !11010
Stack: 
Current Thread: 1
Thread 1, Process 0, enabled
		PC:   call void @llvm.x86.clwb(i8* %32, i8* %32), !dbg !11016 (op #0=<global const>, op #1=222753984, op #2=222753984)
	#000013661 in clflush (=222754000, =128, =true) at src/clht_lb_res.c:154
	#100012479 in clht_create (=8) at src/clht_lb_res.c:321
	#200012197 in _Z3runPPc (=218507808) at example-nothread.cpp:81
	#300016765 in __klee_posix_wrapped_main (=2, =218507808) at example-nothread.cpp:204
	#400010304 in __klee_posix_ctor_stub_insert_point (=2, =218507808, =119263216) at runtime/POSIX/./klee_init_env.c:491
	#500010324 in __user_main (=5, =119263168, =119263216) at runtime/POSIX/./klee_init_env.c:499
	#600004410 in __uClibc_main (=53049736, =5, =119263168, =0, =0, =0, =0) at libc/misc/internals/__uClibc_main.c:401
	#700004577 in main (=5, =119263168)

<not masking anything>
<not masked by anything>

(33) ID #5473750520599592199 with 179 occurences:
Type of modification: write (unpersisted)
File: src/clht_lb_res.c
Line: 592
assembly.ll line: 13337
 allocated at _block_init_pmem_from_file():  %22 = call i8* @klee_pmem_alloc_pmem(i64 %19, i8* %20, i1 zeroext false, i8* %21), !dbg !11010
Stack: 
Current Thread: 1
Thread 1, Process 0, enabled
		PC:   store volatile i8 0, i8* %218, align 1, !dbg !11188 (op #0=<global const>, op #1=222754448)
	#000013337 in clht_put (=222754000, =1, =1) at src/clht_lb_res.c:592
	#100012688 in _ZZ3runPPcENK3$_0clEv (=382591840) at example-nothread.cpp:109
	#200012271 in _Z3runPPc (=218507808) at example-nothread.cpp:114
	#300016765 in __klee_posix_wrapped_main (=2, =218507808) at example-nothread.cpp:204
	#400010304 in __klee_posix_ctor_stub_insert_point (=2, =218507808, =119263216) at runtime/POSIX/./klee_init_env.c:491
	#500010324 in __user_main (=5, =119263168, =119263216) at runtime/POSIX/./klee_init_env.c:499
	#600004410 in __uClibc_main (=53049736, =5, =119263168, =0, =0, =0, =0) at libc/misc/internals/__uClibc_main.c:401
	#700004577 in main (=5, =119263168)

<not masking anything>
May be masked by:
	ID #7466111824153029848
	ID #5853162863948440981

(34) ID #4555151834834397844 with 14 occurences:
Type of modification: flush (never modified)
File: src/clht_lb_res.c
Line: 154
assembly.ll line: 13661
 allocated at _block_init_pmem_from_file():  %22 = call i8* @klee_pmem_alloc_pmem(i64 %19, i8* %20, i1 zeroext false, i8* %21), !dbg !11010
Stack: 
Current Thread: 1
Thread 1, Process 0, enabled
		PC:   call void @llvm.x86.clwb(i8* %32, i8* %32), !dbg !11016 (op #0=<global const>, op #1=262887680, op #2=262887680)
	#000013661 in clflush (=262887568, =128, =false) at src/clht_lb_res.c:154
	#100014301 in ht_resize_pes (=262886608, =1, =4) at src/clht_lb_res.c:895
	#200013958 in ht_status (=262886608, =1, =0) at src/clht_lb_res.c:1112
	#300013346 in clht_put (=262886608, =32, =32) at src/clht_lb_res.c:597
	#400012688 in _ZZ3runPPcENK3$_0clEv (=386616464) at example-nothread.cpp:109
	#500012271 in _Z3runPPc (=218508288) at example-nothread.cpp:114
	#600016765 in __klee_posix_wrapped_main (=2, =218508288) at example-nothread.cpp:204
	#700010304 in __klee_posix_ctor_stub_insert_point (=2, =218508288, =119263216) at runtime/POSIX/./klee_init_env.c:491
	#800010324 in __user_main (=5, =119263168, =119263216) at runtime/POSIX/./klee_init_env.c:499
	#900004410 in __uClibc_main (=53049736, =5, =119263168, =0, =0, =0, =0) at libc/misc/internals/__uClibc_main.c:401
	#1000004577 in main (=5, =119263168)

<not masking anything>
<not masked by anything>

(35) ID #8461287382308680706 with 214 occurences:
Type of modification: write (unpersisted)
File: obj.c
Line: 1111
assembly.ll line: 124282
 allocated at _block_init_pmem_from_file():  %22 = call i8* @klee_pmem_alloc_pmem(i64 %19, i8* %20, i1 zeroext false, i8* %21), !dbg !11010
Stack: 
Current Thread: 1
Thread 1, Process 0, enabled
		PC:   store i32 (i8*, i8*, i64, i32)* @obj_norep_flush, i32 (i8*, i8*, i64, i32)** %57, align 8, !dbg !11045 (op #0=<global const>, op #1=218823488)
	#000124282 in obj_replica_init (=218816512, =401286656, =0, =0) at obj.c:1111
	#100128139 in obj_replicas_init (=401286656) at obj.c:1631
	#200127793 in obj_open_common (=207424896, =207393752, =0, =1) at obj.c:1724
	#300127730 in pmemobj_openU (=207424896, =207393752) at obj.c:1798
	#400127695 in pmemobj_open (=207424896, =207393752) at obj.c:1811
	#500012316 in clht_create (=8) at src/clht_lb_res.c:265
	#600012197 in _Z3runPPc (=218507808) at example-nothread.cpp:81
	#700016765 in __klee_posix_wrapped_main (=2, =218507808) at example-nothread.cpp:204
	#800010304 in __klee_posix_ctor_stub_insert_point (=2, =218507808, =119263216) at runtime/POSIX/./klee_init_env.c:491
	#900010324 in __user_main (=5, =119263168, =119263216) at runtime/POSIX/./klee_init_env.c:499
	#1000004410 in __uClibc_main (=53049736, =5, =119263168, =0, =0, =0, =0) at libc/misc/internals/__uClibc_main.c:401
	#1100004577 in main (=5, =119263168)

<not masking anything>
<not masked by anything>

(36) ID #13096555165861828263 with 214 occurences:
Type of modification: write (unpersisted)
File: obj.c
Line: 996
assembly.ll line: 126858
 allocated at _block_init_pmem_from_file():  %22 = call i8* @klee_pmem_alloc_pmem(i64 %19, i8* %20, i1 zeroext false, i8* %21), !dbg !11010
Stack: 
Current Thread: 1
Thread 1, Process 0, enabled
		PC:   store i32 (%struct.pmemobjpool*, i8*, i64, i32, i32)* null, i32 (%struct.pmemobjpool*, i8*, i64, i32, i32)** %16, align 8, !dbg !10995 (op #0=<global const>, op #1=218823664)
	#000126858 in obj_replica_init_local (=218816512, =1, =16777216) at obj.c:996
	#100124385 in obj_replica_init (=218816512, =401286656, =0, =0) at obj.c:1139
	#200128139 in obj_replicas_init (=401286656) at obj.c:1631
	#300127793 in obj_open_common (=207424896, =207393752, =0, =1) at obj.c:1724
	#400127730 in pmemobj_openU (=207424896, =207393752) at obj.c:1798
	#500127695 in pmemobj_open (=207424896, =207393752) at obj.c:1811
	#600012316 in clht_create (=8) at src/clht_lb_res.c:265
	#700012197 in _Z3runPPc (=218507808) at example-nothread.cpp:81
	#800016765 in __klee_posix_wrapped_main (=2, =218507808) at example-nothread.cpp:204
	#900010304 in __klee_posix_ctor_stub_insert_point (=2, =218507808, =119263216) at runtime/POSIX/./klee_init_env.c:491
	#1000010324 in __user_main (=5, =119263168, =119263216) at runtime/POSIX/./klee_init_env.c:499
	#1100004410 in __uClibc_main (=53049736, =5, =119263168, =0, =0, =0, =0) at libc/misc/internals/__uClibc_main.c:401
	#1200004577 in main (=5, =119263168)

<not masking anything>
<not masked by anything>

(37) ID #4806316140971594802 with 214 occurences:
Type of modification: write (unpersisted)
File: sync.c
Line: 48
assembly.ll line: 118163
 allocated at _block_init_pmem_from_file():  %22 = call i8* @klee_pmem_alloc_pmem(i64 %19, i8* %20, i1 zeroext false, i8* %21), !dbg !11010
Stack: 
Current Thread: 1
Thread 1, Process 0, enabled
		PC:   store i64 %32, i64* %26, !dbg !11018 (op #0=5, op #1=218823560)
	#000118163 in _get_value (=6, =218823560, =218823568, =0, =100684424) at sync.c:48
	#100118089 in get_mutex (=218816512, =218823560) at sync.c:91
	#200117221 in pmemobj_mutex_lock (=218816512, =218823560) at sync.c:201
	#300131856 in pmemobj_mutex_lock_nofail (=218816512, =218823560) at ./sync.h:84
	#400131773 in pmemobj_root_construct (=218816512, =128, =0, =0) at obj.c:2884
	#500132141 in pmemobj_root (=218816512, =128) at obj.c:2912
	#600012338 in clht_create (=8) at src/clht_lb_res.c:278
	#700012197 in _Z3runPPc (=218507808) at example-nothread.cpp:81
	#800016765 in __klee_posix_wrapped_main (=2, =218507808) at example-nothread.cpp:204
	#900010304 in __klee_posix_ctor_stub_insert_point (=2, =218507808, =119263216) at runtime/POSIX/./klee_init_env.c:491
	#1000010324 in __user_main (=5, =119263168, =119263216) at runtime/POSIX/./klee_init_env.c:499
	#1100004410 in __uClibc_main (=53049736, =5, =119263168, =0, =0, =0, =0) at libc/misc/internals/__uClibc_main.c:401
	#1200004577 in main (=5, =119263168)

<not masking anything>
<not masked by anything>

(38) ID #17889506536422326630 with 214 occurences:
Type of modification: write (unpersisted)
File: obj.c
Line: 1007
assembly.ll line: 126886
 allocated at _block_init_pmem_from_file():  %22 = call i8* @klee_pmem_alloc_pmem(i64 %19, i8* %20, i1 zeroext false, i8* %21), !dbg !11010
Stack: 
Current Thread: 1
Thread 1, Process 0, enabled
		PC:   store void (i8*, i64)* @pmem_persist, void (i8*, i64)** %33, align 8, !dbg !11010 (op #0=<global const>, op #1=218823432)
	#000126886 in obj_replica_init_local (=218816512, =1, =16777216) at obj.c:1007
	#100124385 in obj_replica_init (=218816512, =401286656, =0, =0) at obj.c:1139
	#200128139 in obj_replicas_init (=401286656) at obj.c:1631
	#300127793 in obj_open_common (=207424896, =207393752, =0, =1) at obj.c:1724
	#400127730 in pmemobj_openU (=207424896, =207393752) at obj.c:1798
	#500127695 in pmemobj_open (=207424896, =207393752) at obj.c:1811
	#600012316 in clht_create (=8) at src/clht_lb_res.c:265
	#700012197 in _Z3runPPc (=218507808) at example-nothread.cpp:81
	#800016765 in __klee_posix_wrapped_main (=2, =218507808) at example-nothread.cpp:204
	#900010304 in __klee_posix_ctor_stub_insert_point (=2, =218507808, =119263216) at runtime/POSIX/./klee_init_env.c:491
	#1000010324 in __user_main (=5, =119263168, =119263216) at runtime/POSIX/./klee_init_env.c:499
	#1100004410 in __uClibc_main (=53049736, =5, =119263168, =0, =0, =0, =0) at libc/misc/internals/__uClibc_main.c:401
	#1200004577 in main (=5, =119263168)

<not masking anything>
<not masked by anything>

(39) ID #10800677463468166013 with 21884 occurences:
Type of modification: fence (unnecessary)
File: src/clht_lb_res.c
Line: 139
assembly.ll line: 14944
 (no allocation info)
Stack: 
Current Thread: 1
Thread 1, Process 0, enabled
		PC:   call void @llvm.x86.sse2.mfence(), !dbg !10978 (op #0=<global const>)
	#000014944 in mfence () at src/clht_lb_res.c:139
	#100013689 in clflush (=263144784, =64, =true) at src/clht_lb_res.c:159
	#200013261 in clht_put (=262886608, =25, =25) at src/clht_lb_res.c:556
	#300012688 in _ZZ3runPPcENK3$_0clEv (=386616464) at example-nothread.cpp:109
	#400012271 in _Z3runPPc (=218508288) at example-nothread.cpp:114
	#500016765 in __klee_posix_wrapped_main (=2, =218508288) at example-nothread.cpp:204
	#600010304 in __klee_posix_ctor_stub_insert_point (=2, =218508288, =119263216) at runtime/POSIX/./klee_init_env.c:491
	#700010324 in __user_main (=5, =119263168, =119263216) at runtime/POSIX/./klee_init_env.c:499
	#800004410 in __uClibc_main (=53049736, =5, =119263168, =0, =0, =0, =0) at libc/misc/internals/__uClibc_main.c:401
	#900004577 in main (=5, =119263168)

<not masking anything>
<not masked by anything>

(40) ID #15294119751864457872 with 44156 occurences:
Type of modification: fence (unnecessary)
File: src/clht_lb_res.c
Line: 139
assembly.ll line: 14944
 (no allocation info)
Stack: 
Current Thread: 1
Thread 1, Process 0, enabled
		PC:   call void @llvm.x86.sse2.mfence(), !dbg !10978 (op #0=<global const>)
	#000014944 in mfence () at src/clht_lb_res.c:139
	#100013636 in clflush (=222754456, =8, =true) at src/clht_lb_res.c:146
	#200013332 in clht_put (=222754000, =1, =1) at src/clht_lb_res.c:589
	#300012688 in _ZZ3runPPcENK3$_0clEv (=382591840) at example-nothread.cpp:109
	#400012271 in _Z3runPPc (=218507808) at example-nothread.cpp:114
	#500016765 in __klee_posix_wrapped_main (=2, =218507808) at example-nothread.cpp:204
	#600010304 in __klee_posix_ctor_stub_insert_point (=2, =218507808, =119263216) at runtime/POSIX/./klee_init_env.c:491
	#700010324 in __user_main (=5, =119263168, =119263216) at runtime/POSIX/./klee_init_env.c:499
	#800004410 in __uClibc_main (=53049736, =5, =119263168, =0, =0, =0, =0) at libc/misc/internals/__uClibc_main.c:401
	#900004577 in main (=5, =119263168)

<not masking anything>
<not masked by anything>

(41) ID #398342793843415300 with 14 occurences:
Type of modification: flush (never modified)
File: ../../src/../src/libpmem2/x86_64/flush.h
Line: 48
assembly.ll line: 156098
 allocated at _block_init_pmem_from_file():  %22 = call i8* @klee_pmem_alloc_pmem(i64 %19, i8* %20, i1 zeroext false, i8* %21), !dbg !11010
Stack: 
Current Thread: 1
Thread 1, Process 0, enabled
		PC:   call void @llvm.x86.clwb(i8* %3, i8* %3), !dbg !10984 (op #0=<global const>, op #1=262887680, op #2=262887680)
	#000156098 in pmem_clwb (=262887680) at ../../src/../src/libpmem2/x86_64/flush.h:48
	#100156082 in flush_clwb_nolog (=262887568, =176) at ../../src/../src/libpmem2/x86_64/flush.h:104
	#200155915 in flush_clwb (=262887568, =176) at ../../src/../src/libpmem2/x86_64/init.c:60
	#300172277 in pmem_flush (=262887568, =176) at pmem.c:232
	#400126425 in obj_norep_flush (=258949120, =262887568, =176, =2147483648) at obj.c:478
	#500140137 in pmemops_xflush.1191 (=258956088, =262887568, =176, =2147483648) at ./pmemops.h:64
	#600140091 in tx_flush_range (=258947680, =258949120) at tx.c:403
	#700070320 in ravl_foreach_node (=258947648, =130994952, =258949120, =1) at ../../src/../src/common/ravl.c:81
	#800070272 in ravl_delete_cb (=391139584, =130994952, =258949120) at ../../src/../src/common/ravl.c:104
	#900140017 in tx_pre_commit (=104695216) at tx.c:432
	#1000139903 in pmemobj_tx_commit () at tx.c:999
	#1100140545 in pmemobj_tx_process () at tx.c:1101
	#1200014396 in ht_resize_pes (=262886608, =1, =4) at src/clht_lb_res.c:1002
	#1300013958 in ht_status (=262886608, =1, =0) at src/clht_lb_res.c:1112
	#1400013346 in clht_put (=262886608, =32, =32) at src/clht_lb_res.c:597
	#1500012688 in _ZZ3runPPcENK3$_0clEv (=386616464) at example-nothread.cpp:109
	#1600012271 in _Z3runPPc (=218508288) at example-nothread.cpp:114
	#1700016765 in __klee_posix_wrapped_main (=2, =218508288) at example-nothread.cpp:204
	#1800010304 in __klee_posix_ctor_stub_insert_point (=2, =218508288, =119263216) at runtime/POSIX/./klee_init_env.c:491
	#1900010324 in __user_main (=5, =119263168, =119263216) at runtime/POSIX/./klee_init_env.c:499
	#2000004410 in __uClibc_main (=53049736, =5, =119263168, =0, =0, =0, =0) at libc/misc/internals/__uClibc_main.c:401
	#2100004577 in main (=5, =119263168)

<not masking anything>
<not masked by anything>

(42) ID #17867948531611705233 with 21884 occurences:
Type of modification: fence (unnecessary)
File: ../../src/../src/libpmem2/x86_64/init.c
Line: 27
assembly.ll line: 156132
 (no allocation info)
Stack: 
Current Thread: 1
Thread 1, Process 0, enabled
		PC:   call void @llvm.x86.sse.sfence(), !dbg !10981 (op #0=<global const>)
	#000156132 in memory_barrier () at ../../src/../src/libpmem2/x86_64/init.c:27
	#100172184 in pmem_drain () at pmem.c:189
	#200126450 in obj_norep_drain (=258949120) at obj.c:492
	#300111289 in pmemops_drain.1002 (=258955824) at ./pmemops.h:76
	#400111079 in palloc_exec_actions (=258955824, =728452096, =592363520, =2) at palloc.c:559
	#500119060 in palloc_publish (=258955824, =592363520, =2, =728452096) at palloc.c:660
	#600139973 in pmemobj_tx_commit () at tx.c:1009
	#700140545 in pmemobj_tx_process () at tx.c:1101
	#800013255 in clht_put (=262886608, =25, =25) at src/clht_lb_res.c:555
	#900012688 in _ZZ3runPPcENK3$_0clEv (=386616464) at example-nothread.cpp:109
	#1000012271 in _Z3runPPc (=218508288) at example-nothread.cpp:114
	#1100016765 in __klee_posix_wrapped_main (=2, =218508288) at example-nothread.cpp:204
	#1200010304 in __klee_posix_ctor_stub_insert_point (=2, =218508288, =119263216) at runtime/POSIX/./klee_init_env.c:491
	#1300010324 in __user_main (=5, =119263168, =119263216) at runtime/POSIX/./klee_init_env.c:499
	#1400004410 in __uClibc_main (=53049736, =5, =119263168, =0, =0, =0, =0) at libc/misc/internals/__uClibc_main.c:401
	#1500004577 in main (=5, =119263168)

<not masking anything>
<not masked by anything>

(43) ID #2978439999300474196 with 102 occurences:
Type of modification: write (unpersisted)
File: src/clht_lb_res.c
Line: 557
assembly.ll line: 13276
 allocated at _block_init_pmem_from_file():  %22 = call i8* @klee_pmem_alloc_pmem(i64 %19, i8* %20, i1 zeroext false, i8* %21), !dbg !11010
Stack: 
Current Thread: 1
Thread 1, Process 0, enabled
		PC:   store volatile i64 %187, i64* %189, align 8, !dbg !11159 (op #0=4195664, op #1=262887112)
	#000013276 in clht_put (=262886608, =25, =25) at src/clht_lb_res.c:557
	#100012688 in _ZZ3runPPcENK3$_0clEv (=386616464) at example-nothread.cpp:109
	#200012271 in _Z3runPPc (=218508288) at example-nothread.cpp:114
	#300016765 in __klee_posix_wrapped_main (=2, =218508288) at example-nothread.cpp:204
	#400010304 in __klee_posix_ctor_stub_insert_point (=2, =218508288, =119263216) at runtime/POSIX/./klee_init_env.c:491
	#500010324 in __user_main (=5, =119263168, =119263216) at runtime/POSIX/./klee_init_env.c:499
	#600004410 in __uClibc_main (=53049736, =5, =119263168, =0, =0, =0, =0) at libc/misc/internals/__uClibc_main.c:401
	#700004577 in main (=5, =119263168)

<not masking anything>
<not masked by anything>

(44) ID #18230904138639466972 with 44 occurences:
Type of modification: fence (unnecessary)
File: ../../src/../src/libpmem2/x86_64/init.c
Line: 27
assembly.ll line: 156132
 (no allocation info)
Stack: 
Current Thread: 1
Thread 1, Process 0, enabled
		PC:   call void @llvm.x86.sse.sfence(), !dbg !10981 (op #0=<global const>)
	#000156132 in memory_barrier () at ../../src/../src/libpmem2/x86_64/init.c:27
	#100172184 in pmem_drain () at pmem.c:189
	#200126450 in obj_norep_drain (=218816512) at obj.c:492
	#300111289 in pmemops_drain.1002 (=218823216) at ./pmemops.h:76
	#400111079 in palloc_exec_actions (=218823216, =218008576, =2987507712, =2) at palloc.c:559
	#500119060 in palloc_publish (=218823216, =2987507712, =2, =218008576) at palloc.c:660
	#600139973 in pmemobj_tx_commit () at tx.c:1009
	#700140545 in pmemobj_tx_process () at tx.c:1101
	#800014799 in clht_hashtable_create (=8) at src/clht_lb_res.c:413
	#900012396 in clht_create (=8) at src/clht_lb_res.c:298
	#1000012197 in _Z3runPPc (=218507808) at example-nothread.cpp:81
	#1100016765 in __klee_posix_wrapped_main (=2, =218507808) at example-nothread.cpp:204
	#1200010304 in __klee_posix_ctor_stub_insert_point (=2, =218507808, =119263216) at runtime/POSIX/./klee_init_env.c:491
	#1300010324 in __user_main (=5, =119263168, =119263216) at runtime/POSIX/./klee_init_env.c:499
	#1400004410 in __uClibc_main (=53049736, =5, =119263168, =0, =0, =0, =0) at libc/misc/internals/__uClibc_main.c:401
	#1500004577 in main (=5, =119263168)

<not masking anything>
<not masked by anything>

(45) ID #16750702406736724708 with 43768 occurences:
Type of modification: flush (unnecessary)
File: src/clht_lb_res.c
Line: 154
assembly.ll line: 13661
 allocated at _block_init_pmem_from_file():  %22 = call i8* @klee_pmem_alloc_pmem(i64 %19, i8* %20, i1 zeroext false, i8* %21), !dbg !11010
Stack: 
Current Thread: 1
Thread 1, Process 0, enabled
		PC:   call void @llvm.x86.clwb(i8* %32, i8* %32), !dbg !11016 (op #0=<global const>, op #1=263144768, op #2=263144768)
	#000013661 in clflush (=263144784, =64, =true) at src/clht_lb_res.c:154
	#100013261 in clht_put (=262886608, =25, =25) at src/clht_lb_res.c:556
	#200012688 in _ZZ3runPPcENK3$_0clEv (=386616464) at example-nothread.cpp:109
	#300012271 in _Z3runPPc (=218508288) at example-nothread.cpp:114
	#400016765 in __klee_posix_wrapped_main (=2, =218508288) at example-nothread.cpp:204
	#500010304 in __klee_posix_ctor_stub_insert_point (=2, =218508288, =119263216) at runtime/POSIX/./klee_init_env.c:491
	#600010324 in __user_main (=5, =119263168, =119263216) at runtime/POSIX/./klee_init_env.c:499
	#700004410 in __uClibc_main (=53049736, =5, =119263168, =0, =0, =0, =0) at libc/misc/internals/__uClibc_main.c:401
	#800004577 in main (=5, =119263168)

<not masking anything>
<not masked by anything>

(46) ID #5284703892585030163 with 86 occurences:
Type of modification: write (unpersisted)
File: libc/string/memcpy.c
Line: 29
assembly.ll line: 11940
 allocated at _block_init_pmem_from_file():  %22 = call i8* @klee_pmem_alloc_pmem(i64 %19, i8* %20, i1 zeroext false, i8* %21), !dbg !11010
Stack: 
Current Thread: 1
Thread 1, Process 0, enabled
		PC:   store i8 %17, i8* %18, align 1, !dbg !10998 (op #0=1, op #1=262104512)
	#000011940 in memcpy (=262104512, =400168504, =8) at libc/string/memcpy.c:29
	#100061416 in huge_write_footer (=262104152, =46) at memblock.c:1136
	#200062313 in memblock_huge_init (=2151759168, =258955824, =3, =0, =46) at memblock.c:1310
	#300105887 in heap_split_block (=258955824, =3565089568, =1728621904, =1) at heap.c:961
	#400105316 in heap_get_bestfit_block (=258955824, =3565089568, =1728621904) at heap.c:995
	#500105551 in heap_ensure_run_bucket_filled (=258955824, =1944582208, =3) at heap.c:884
	#600105251 in heap_get_bestfit_block (=258955824, =1944582208, =754294952) at heap.c:987
	#700110805 in palloc_reservation_create (=258955824, =2048, =130997000, =258317536, =2, =0, =0, =0, =754294912) at palloc.c:218
	#800118417 in palloc_reserve (=258955824, =2048, =130997000, =258317536, =2, =0, =0, =0, =754294912) at palloc.c:597
	#900142700 in tx_alloc_common (=104695216, =2048, =2, =130997000, =258317536) at tx.c:587
	#1000142910 in pmemobj_tx_zalloc (=2048, =2) at tx.c:1595
	#1100014629 in clht_hashtable_create (=32) at src/clht_lb_res.c:365
	#1200014162 in ht_resize_pes (=262886608, =1, =4) at src/clht_lb_res.c:839
	#1300013958 in ht_status (=262886608, =1, =0) at src/clht_lb_res.c:1112
	#1400013346 in clht_put (=262886608, =32, =32) at src/clht_lb_res.c:597
	#1500012688 in _ZZ3runPPcENK3$_0clEv (=386616464) at example-nothread.cpp:109
	#1600012271 in _Z3runPPc (=218508288) at example-nothread.cpp:114
	#1700016765 in __klee_posix_wrapped_main (=2, =218508288) at example-nothread.cpp:204
	#1800010304 in __klee_posix_ctor_stub_insert_point (=2, =218508288, =119263216) at runtime/POSIX/./klee_init_env.c:491
	#1900010324 in __user_main (=5, =119263168, =119263216) at runtime/POSIX/./klee_init_env.c:499
	#2000004410 in __uClibc_main (=53049736, =5, =119263168, =0, =0, =0, =0) at libc/misc/internals/__uClibc_main.c:401
	#2100004577 in main (=5, =119263168)

<not masking anything>
<not masked by anything>

(47) ID #11963694857561005802 with 21884 occurences:
Type of modification: fence (unnecessary)
File: src/clht_lb_res.c
Line: 139
assembly.ll line: 14944
 (no allocation info)
Stack: 
Current Thread: 1
Thread 1, Process 0, enabled
		PC:   call void @llvm.x86.sse2.mfence(), !dbg !10978 (op #0=<global const>)
	#000014944 in mfence () at src/clht_lb_res.c:139
	#100013636 in clflush (=400898704, =8, =true) at src/clht_lb_res.c:146
	#200013285 in clht_put (=262886608, =25, =25) at src/clht_lb_res.c:559
	#300012688 in _ZZ3runPPcENK3$_0clEv (=386616464) at example-nothread.cpp:109
	#400012271 in _Z3runPPc (=218508288) at example-nothread.cpp:114
	#500016765 in __klee_posix_wrapped_main (=2, =218508288) at example-nothread.cpp:204
	#600010304 in __klee_posix_ctor_stub_insert_point (=2, =218508288, =119263216) at runtime/POSIX/./klee_init_env.c:491
	#700010324 in __user_main (=5, =119263168, =119263216) at runtime/POSIX/./klee_init_env.c:499
	#800004410 in __uClibc_main (=53049736, =5, =119263168, =0, =0, =0, =0) at libc/misc/internals/__uClibc_main.c:401
	#900004577 in main (=5, =119263168)

<not masking anything>
<not masked by anything>

(48) ID #5853162863948440981 with 66 occurences:
Type of modification: write (unpersisted)
File: src/clht_lb_res.c
Line: 583
assembly.ll line: 13326
 allocated at _block_init_pmem_from_file():  %22 = call i8* @klee_pmem_alloc_pmem(i64 %19, i8* %20, i1 zeroext false, i8* %21), !dbg !11010
Stack: 
Current Thread: 1
Thread 1, Process 0, enabled
		PC:   store volatile i64 %211, i64* %212, align 8, !dbg !11181 (op #0=17, op #1=262887104)
	#000013326 in clht_put (=262886608, =17, =17) at src/clht_lb_res.c:583
	#100012688 in _ZZ3runPPcENK3$_0clEv (=386616464) at example-nothread.cpp:109
	#200012271 in _Z3runPPc (=218508288) at example-nothread.cpp:114
	#300016765 in __klee_posix_wrapped_main (=2, =218508288) at example-nothread.cpp:204
	#400010304 in __klee_posix_ctor_stub_insert_point (=2, =218508288, =119263216) at runtime/POSIX/./klee_init_env.c:491
	#500010324 in __user_main (=5, =119263168, =119263216) at runtime/POSIX/./klee_init_env.c:499
	#600004410 in __uClibc_main (=53049736, =5, =119263168, =0, =0, =0, =0) at libc/misc/internals/__uClibc_main.c:401
	#700004577 in main (=5, =119263168)

<not masking anything>
<not masked by anything>

(49) ID #14234043279678791899 with 14 occurences:
Type of modification: fence (unnecessary)
File: src/clht_lb_res.c
Line: 139
assembly.ll line: 14944
 (no allocation info)
Stack: 
Current Thread: 1
Thread 1, Process 0, enabled
		PC:   call void @llvm.x86.sse2.mfence(), !dbg !10978 (op #0=<global const>)
	#000014944 in mfence () at src/clht_lb_res.c:139
	#100013636 in clflush (=262886608, =8, =true) at src/clht_lb_res.c:146
	#200014345 in ht_resize_pes (=262886608, =1, =4) at src/clht_lb_res.c:941
	#300013958 in ht_status (=262886608, =1, =0) at src/clht_lb_res.c:1112
	#400013346 in clht_put (=262886608, =32, =32) at src/clht_lb_res.c:597
	#500012688 in _ZZ3runPPcENK3$_0clEv (=386616464) at example-nothread.cpp:109
	#600012271 in _Z3runPPc (=218508288) at example-nothread.cpp:114
	#700016765 in __klee_posix_wrapped_main (=2, =218508288) at example-nothread.cpp:204
	#800010304 in __klee_posix_ctor_stub_insert_point (=2, =218508288, =119263216) at runtime/POSIX/./klee_init_env.c:491
	#900010324 in __user_main (=5, =119263168, =119263216) at runtime/POSIX/./klee_init_env.c:499
	#1000004410 in __uClibc_main (=53049736, =5, =119263168, =0, =0, =0, =0) at libc/misc/internals/__uClibc_main.c:401
	#1100004577 in main (=5, =119263168)

<not masking anything>
<not masked by anything>

(50) ID #9676607992979562635 with 214 occurences:
Type of modification: write (unpersisted)
File: lane.c
Line: 520
assembly.ll line: 115342
 allocated at _block_init_pmem_from_file():  %22 = call i8* @klee_pmem_alloc_pmem(i64 %19, i8* %20, i1 zeroext false, i8* %21), !dbg !11010
Stack: 
Current Thread: 1
Thread 1, Process 0, enabled
		PC:   store i32 %62, i32* %60, !dbg !11014 (op #0=8, op #1=218823364)
	#000115342 in lane_hold (=218816512, =218089976) at lane.c:520
	#100109807 in pmalloc_operation_hold_type (=218816512, =1, =1) at pmalloc.c:46
	#200129469 in pmalloc_operation_hold (=218816512) at pmalloc.c:73
	#300131929 in obj_alloc_root (=218816512, =128, =0, =0) at obj.c:2829
	#400131786 in pmemobj_root_construct (=218816512, =128, =0, =0) at obj.c:2887
	#500132141 in pmemobj_root (=218816512, =128) at obj.c:2912
	#600012338 in clht_create (=8) at src/clht_lb_res.c:278
	#700012197 in _Z3runPPc (=218507808) at example-nothread.cpp:81
	#800016765 in __klee_posix_wrapped_main (=2, =218507808) at example-nothread.cpp:204
	#900010304 in __klee_posix_ctor_stub_insert_point (=2, =218507808, =119263216) at runtime/POSIX/./klee_init_env.c:491
	#1000010324 in __user_main (=5, =119263168, =119263216) at runtime/POSIX/./klee_init_env.c:499
	#1100004410 in __uClibc_main (=53049736, =5, =119263168, =0, =0, =0, =0) at libc/misc/internals/__uClibc_main.c:401
	#1200004577 in main (=5, =119263168)

<not masking anything>
<not masked by anything>

(51) ID #15321986947633185651 with 14 occurences:
Type of modification: flush (unnecessary)
File: ../../src/../src/libpmem2/x86_64/flush.h
Line: 48
assembly.ll line: 156098
 allocated at _block_init_pmem_from_file():  %22 = call i8* @klee_pmem_alloc_pmem(i64 %19, i8* %20, i1 zeroext false, i8* %21), !dbg !11010
Stack: 
Current Thread: 1
Thread 1, Process 0, enabled
		PC:   call void @llvm.x86.clwb(i8* %3, i8* %3), !dbg !10984 (op #0=<global const>, op #1=262886592, op #2=262886592)
	#000156098 in pmem_clwb (=262886592) at ../../src/../src/libpmem2/x86_64/flush.h:48
	#100156082 in flush_clwb_nolog (=262886608, =8) at ../../src/../src/libpmem2/x86_64/flush.h:104
	#200155915 in flush_clwb (=262886608, =8) at ../../src/../src/libpmem2/x86_64/init.c:60
	#300172277 in pmem_flush (=262886608, =8) at pmem.c:232
	#400126425 in obj_norep_flush (=258949120, =262886608, =8, =2147483648) at obj.c:478
	#500140137 in pmemops_xflush.1191 (=258956088, =262886608, =8, =2147483648) at ./pmemops.h:64
	#600140091 in tx_flush_range (=391656992, =258949120) at tx.c:403
	#700070320 in ravl_foreach_node (=391656960, =130994952, =258949120, =1) at ../../src/../src/common/ravl.c:81
	#800070309 in ravl_foreach_node (=258947648, =130994952, =258949120, =1) at ../../src/../src/common/ravl.c:79
	#900070272 in ravl_delete_cb (=391139584, =130994952, =258949120) at ../../src/../src/common/ravl.c:104
	#1000140017 in tx_pre_commit (=104695216) at tx.c:432
	#1100139903 in pmemobj_tx_commit () at tx.c:999
	#1200140545 in pmemobj_tx_process () at tx.c:1101
	#1300014396 in ht_resize_pes (=262886608, =1, =4) at src/clht_lb_res.c:1002
	#1400013958 in ht_status (=262886608, =1, =0) at src/clht_lb_res.c:1112
	#1500013346 in clht_put (=262886608, =32, =32) at src/clht_lb_res.c:597
	#1600012688 in _ZZ3runPPcENK3$_0clEv (=386616464) at example-nothread.cpp:109
	#1700012271 in _Z3runPPc (=218508288) at example-nothread.cpp:114
	#1800016765 in __klee_posix_wrapped_main (=2, =218508288) at example-nothread.cpp:204
	#1900010304 in __klee_posix_ctor_stub_insert_point (=2, =218508288, =119263216) at runtime/POSIX/./klee_init_env.c:491
	#2000010324 in __user_main (=5, =119263168, =119263216) at runtime/POSIX/./klee_init_env.c:499
	#2100004410 in __uClibc_main (=53049736, =5, =119263168, =0, =0, =0, =0) at libc/misc/internals/__uClibc_main.c:401
	#2200004577 in main (=5, =119263168)

<not masking anything>
<not masked by anything>
