Persistent Memory Bugs:
	Number of bugs: 51
		Number of unpersisted write bugs (correctness): 24
		Number of extra flush bugs (performance): 7
		Number of flushes to untouched memory (performance): 4
		Number of fences with nothing to commit (performance): 16
	Overall bug occurences: 223741
		Number of unpersisted write occurences (correctness): 3403
		Number of extra flush occurences (performance): 66304
		Number of untouched memory flush occurences (performance): 116
		Number of occurence of fences with nothing to commit (performance): 153918

(1) ID #13721922311598932506 with 8 occurences:
Type of modification: write (unpersisted)
File: libc/string/memcpy.c
Line: 29
assembly.ll line: 11940
 allocated at _block_init_pmem_from_file():  %22 = call i8* @klee_pmem_alloc_pmem(i64 %19, i8* %20, i1 zeroext false, i8* %21), !dbg !11010
Stack: 
Current Thread: 1
Thread 1, Process 0, enabled
		PC:   store i8 %17, i8* %18, align 1, !dbg !10998 (op #0=1, op #1=188392896)
	#000011940 in memcpy (=188392896, =389171096, =8) at libc/string/memcpy.c:29
	#100061416 in huge_write_footer (=188392528, =47) at memblock.c:1136
	#200062313 in memblock_huge_init (=1148672624, =185244208, =2, =0, =47) at memblock.c:1310
	#300105887 in heap_split_block (=185244208, =390691936, =949213424, =1) at heap.c:961
	#400105316 in heap_get_bestfit_block (=185244208, =390691936, =949213424) at heap.c:995
	#500105551 in heap_ensure_run_bucket_filled (=185244208, =378410240, =1) at heap.c:884
	#600105251 in heap_get_bestfit_block (=185244208, =378410240, =1228775592) at heap.c:987
	#700110805 in palloc_reservation_create (=185244208, =64, =110246664, =1153772512, =2, =0, =0, =0, =1228775552) at palloc.c:218
	#800118417 in palloc_reserve (=185244208, =64, =110246664, =1153772512, =2, =0, =0, =0, =1228775552) at palloc.c:597
	#900142700 in tx_alloc_common (=83939120, =64, =2, =110246664, =1153772512) at tx.c:587
	#1000142435 in pmemobj_tx_alloc (=64, =2) at tx.c:1564
	#1100016094 in clht_bucket_create () at src/clht_lb_res.c:212
	#1200013582 in clht_bucket_create_stats (=189175184, =389171080) at src/clht_lb_res.c:243
	#1300013243 in clht_put (=189174992, =25, =25) at src/clht_lb_res.c:544
	#1400012688 in _ZZ3runPPcENK3$_0clEv (=226559776) at example-nothread.cpp:109
	#1500012271 in _Z3runPPc (=184900992) at example-nothread.cpp:114
	#1600016765 in __klee_posix_wrapped_main (=2, =184900992) at example-nothread.cpp:204
	#1700010304 in __klee_posix_ctor_stub_insert_point (=2, =184900992, =33537360) at runtime/POSIX/./klee_init_env.c:491
	#1800010324 in __user_main (=5, =33537312, =33537360) at runtime/POSIX/./klee_init_env.c:499
	#1900004410 in __uClibc_main (=32299400, =5, =33537312, =0, =0, =0, =0) at libc/misc/internals/__uClibc_main.c:401
	#2000004577 in main (=5, =33537312)

<not masking anything>
May be masked by:
	ID #4937350879285127942

(2) ID #18041411072959751271 with 86 occurences:
Type of modification: write (unpersisted)
File: src/clht_lb_res.c
Line: 973
assembly.ll line: 14351
 allocated at _block_init_pmem_from_file():  %22 = call i8* @klee_pmem_alloc_pmem(i64 %19, i8* %20, i1 zeroext false, i8* %21), !dbg !11010
Stack: 
Current Thread: 1
Thread 1, Process 0, enabled
		PC:   store %struct.clht_hashtable_s* %219, %struct.clht_hashtable_s** %223, align 16, !dbg !11173 (op #0=189175952, op #1=189175264)
	#000014351 in ht_resize_pes (=189174992, =1, =4) at src/clht_lb_res.c:973
	#100013958 in ht_status (=189174992, =1, =0) at src/clht_lb_res.c:1112
	#200013346 in clht_put (=189174992, =32, =32) at src/clht_lb_res.c:597
	#300012688 in _ZZ3runPPcENK3$_0clEv (=226559776) at example-nothread.cpp:109
	#400012271 in _Z3runPPc (=184900992) at example-nothread.cpp:114
	#500016765 in __klee_posix_wrapped_main (=2, =184900992) at example-nothread.cpp:204
	#600010304 in __klee_posix_ctor_stub_insert_point (=2, =184900992, =33537360) at runtime/POSIX/./klee_init_env.c:491
	#700010324 in __user_main (=5, =33537312, =33537360) at runtime/POSIX/./klee_init_env.c:499
	#800004410 in __uClibc_main (=32299400, =5, =33537312, =0, =0, =0, =0) at libc/misc/internals/__uClibc_main.c:401
	#900004577 in main (=5, =33537312)

<not masking anything>
<not masked by anything>

(3) ID #16626390623008303281 with 86 occurences:
Type of modification: write (unpersisted)
File: src/clht_lb_res.c
Line: 974
assembly.ll line: 14356
 allocated at _block_init_pmem_from_file():  %22 = call i8* @klee_pmem_alloc_pmem(i64 %19, i8* %20, i1 zeroext false, i8* %21), !dbg !11010
Stack: 
Current Thread: 1
Thread 1, Process 0, enabled
		PC:   store volatile i8 0, i8* %227, align 8, !dbg !11174 (op #0=<global const>, op #1=189175080)
	#000014356 in ht_resize_pes (=189174992, =1, =4) at src/clht_lb_res.c:974
	#100013958 in ht_status (=189174992, =1, =0) at src/clht_lb_res.c:1112
	#200013346 in clht_put (=189174992, =32, =32) at src/clht_lb_res.c:597
	#300012688 in _ZZ3runPPcENK3$_0clEv (=226559776) at example-nothread.cpp:109
	#400012271 in _Z3runPPc (=184900992) at example-nothread.cpp:114
	#500016765 in __klee_posix_wrapped_main (=2, =184900992) at example-nothread.cpp:204
	#600010304 in __klee_posix_ctor_stub_insert_point (=2, =184900992, =33537360) at runtime/POSIX/./klee_init_env.c:491
	#700010324 in __user_main (=5, =33537312, =33537360) at runtime/POSIX/./klee_init_env.c:499
	#800004410 in __uClibc_main (=32299400, =5, =33537312, =0, =0, =0, =0) at libc/misc/internals/__uClibc_main.c:401
	#900004577 in main (=5, =33537312)

<not masking anything>
<not masked by anything>

(4) ID #10385973851435677198 with 86 occurences:
Type of modification: write (unpersisted)
File: include/clht_lb_res.h
Line: 352
assembly.ll line: 15668
 allocated at _block_init_pmem_from_file():  %22 = call i8* @klee_pmem_alloc_pmem(i64 %19, i8* %20, i1 zeroext false, i8* %21), !dbg !11010
Stack: 
Current Thread: 1
Thread 1, Process 0, enabled
		PC:   store i8 %9, i8* %6, !dbg !10986 (op #0=2, op #1=189175376)
	#000015668 in lock_acq_resize (=189175376) at include/clht_lb_res.h:352
	#100014855 in bucket_cpy (=189174992, =189175376, =189175952) at src/clht_lb_res.c:726
	#200014211 in ht_resize_pes (=189174992, =1, =4) at src/clht_lb_res.c:849
	#300013958 in ht_status (=189174992, =1, =0) at src/clht_lb_res.c:1112
	#400013346 in clht_put (=189174992, =32, =32) at src/clht_lb_res.c:597
	#500012688 in _ZZ3runPPcENK3$_0clEv (=226559776) at example-nothread.cpp:109
	#600012271 in _Z3runPPc (=184900992) at example-nothread.cpp:114
	#700016765 in __klee_posix_wrapped_main (=2, =184900992) at example-nothread.cpp:204
	#800010304 in __klee_posix_ctor_stub_insert_point (=2, =184900992, =33537360) at runtime/POSIX/./klee_init_env.c:491
	#900010324 in __user_main (=5, =33537312, =33537360) at runtime/POSIX/./klee_init_env.c:499
	#1000004410 in __uClibc_main (=32299400, =5, =33537312, =0, =0, =0, =0) at libc/misc/internals/__uClibc_main.c:401
	#1100004577 in main (=5, =33537312)

<not masking anything>
<not masked by anything>

(5) ID #3968450825152732512 with 102 occurences:
Type of modification: write (unpersisted)
File: src/clht_lb_res.c
Line: 557
assembly.ll line: 13276
 allocated at _block_init_pmem_from_file():  %22 = call i8* @klee_pmem_alloc_pmem(i64 %19, i8* %20, i1 zeroext false, i8* %21), !dbg !11010
Stack: 
Current Thread: 1
Thread 1, Process 0, enabled
		PC:   store volatile i64 %187, i64* %189, align 8, !dbg !11159 (op #0=4195664, op #1=189175496)
	#000013276 in clht_put (=189174992, =25, =25) at src/clht_lb_res.c:557
	#100012688 in _ZZ3runPPcENK3$_0clEv (=226559776) at example-nothread.cpp:109
	#200012271 in _Z3runPPc (=184900992) at example-nothread.cpp:114
	#300016765 in __klee_posix_wrapped_main (=2, =184900992) at example-nothread.cpp:204
	#400010304 in __klee_posix_ctor_stub_insert_point (=2, =184900992, =33537360) at runtime/POSIX/./klee_init_env.c:491
	#500010324 in __user_main (=5, =33537312, =33537360) at runtime/POSIX/./klee_init_env.c:499
	#600004410 in __uClibc_main (=32299400, =5, =33537312, =0, =0, =0, =0) at libc/misc/internals/__uClibc_main.c:401
	#700004577 in main (=5, =33537312)

<not masking anything>
<not masked by anything>

(6) ID #7310451195570712371 with 86 occurences:
Type of modification: write (unpersisted)
File: libc/string/memcpy.c
Line: 29
assembly.ll line: 11940
 allocated at _block_init_pmem_from_file():  %22 = call i8* @klee_pmem_alloc_pmem(i64 %19, i8* %20, i1 zeroext false, i8* %21), !dbg !11010
Stack: 
Current Thread: 1
Thread 1, Process 0, enabled
		PC:   store i8 %17, i8* %18, align 1, !dbg !10998 (op #0=3, op #1=189703232)
	#000011940 in memcpy (=189703232, =1125092928, =40) at libc/string/memcpy.c:29
	#100102354 in container_ravl_insert_block (=595408512, =1125092928) at container_ravl.c:60
	#200056970 in bucket_insert_block (=390691936, =1125092928) at bucket.c:75
	#300105889 in heap_split_block (=185244208, =390691936, =1141434096, =1) at heap.c:964
	#400105316 in heap_get_bestfit_block (=185244208, =390691936, =1141434096) at heap.c:995
	#500105551 in heap_ensure_run_bucket_filled (=185244208, =483727552, =3) at heap.c:884
	#600105251 in heap_get_bestfit_block (=185244208, =483727552, =1148608680) at heap.c:987
	#700110805 in palloc_reservation_create (=185244208, =2048, =110246664, =1152943744, =2, =0, =0, =0, =1148608640) at palloc.c:218
	#800118417 in palloc_reserve (=185244208, =2048, =110246664, =1152943744, =2, =0, =0, =0, =1148608640) at palloc.c:597
	#900142700 in tx_alloc_common (=83939120, =2048, =2, =110246664, =1152943744) at tx.c:587
	#1000142910 in pmemobj_tx_zalloc (=2048, =2) at tx.c:1595
	#1100014629 in clht_hashtable_create (=32) at src/clht_lb_res.c:365
	#1200014162 in ht_resize_pes (=189174992, =1, =4) at src/clht_lb_res.c:839
	#1300013958 in ht_status (=189174992, =1, =0) at src/clht_lb_res.c:1112
	#1400013346 in clht_put (=189174992, =32, =32) at src/clht_lb_res.c:597
	#1500012688 in _ZZ3runPPcENK3$_0clEv (=226559776) at example-nothread.cpp:109
	#1600012271 in _Z3runPPc (=184900992) at example-nothread.cpp:114
	#1700016765 in __klee_posix_wrapped_main (=2, =184900992) at example-nothread.cpp:204
	#1800010304 in __klee_posix_ctor_stub_insert_point (=2, =184900992, =33537360) at runtime/POSIX/./klee_init_env.c:491
	#1900010324 in __user_main (=5, =33537312, =33537360) at runtime/POSIX/./klee_init_env.c:499
	#2000004410 in __uClibc_main (=32299400, =5, =33537312, =0, =0, =0, =0) at libc/misc/internals/__uClibc_main.c:401
	#2100004577 in main (=5, =33537312)

<not masking anything>
<not masked by anything>

(7) ID #14744909889047366989 with 179 occurences:
Type of modification: write (unpersisted)
File: src/clht_lb_res.c
Line: 592
assembly.ll line: 13337
 allocated at _block_init_pmem_from_file():  %22 = call i8* @klee_pmem_alloc_pmem(i64 %19, i8* %20, i1 zeroext false, i8* %21), !dbg !11010
Stack: 
Current Thread: 1
Thread 1, Process 0, enabled
		PC:   store volatile i8 0, i8* %218, align 1, !dbg !11188 (op #0=<global const>, op #1=189175440)
	#000013337 in clht_put (=189174992, =1, =1) at src/clht_lb_res.c:592
	#100012688 in _ZZ3runPPcENK3$_0clEv (=226559776) at example-nothread.cpp:109
	#200012271 in _Z3runPPc (=184900992) at example-nothread.cpp:114
	#300016765 in __klee_posix_wrapped_main (=2, =184900992) at example-nothread.cpp:204
	#400010304 in __klee_posix_ctor_stub_insert_point (=2, =184900992, =33537360) at runtime/POSIX/./klee_init_env.c:491
	#500010324 in __user_main (=5, =33537312, =33537360) at runtime/POSIX/./klee_init_env.c:499
	#600004410 in __uClibc_main (=32299400, =5, =33537312, =0, =0, =0, =0) at libc/misc/internals/__uClibc_main.c:401
	#700004577 in main (=5, =33537312)

<not masking anything>
May be masked by:
	ID #10385973851435677198
	ID #7057682414861086963

(8) ID #1807376119173602524 with 14 occurences:
Type of modification: fence (unnecessary)
File: ../../src/../src/libpmem2/x86_64/init.c
Line: 27
assembly.ll line: 156132
 (no allocation info)
Stack: 
Current Thread: 1
Thread 1, Process 0, enabled
		PC:   call void @llvm.x86.sse.sfence(), !dbg !10981 (op #0=<global const>)
	#000156132 in memory_barrier () at ../../src/../src/libpmem2/x86_64/init.c:27
	#100172184 in pmem_drain () at pmem.c:189
	#200126450 in obj_norep_drain (=185237504) at obj.c:492
	#300111289 in pmemops_drain.1002 (=185244208) at ./pmemops.h:76
	#400111079 in palloc_exec_actions (=185244208, =371953280, =1148608512, =3) at palloc.c:559
	#500119060 in palloc_publish (=185244208, =1148608512, =3, =371953280) at palloc.c:660
	#600139973 in pmemobj_tx_commit () at tx.c:1009
	#700140545 in pmemobj_tx_process () at tx.c:1101
	#800014396 in ht_resize_pes (=189174992, =1, =4) at src/clht_lb_res.c:1002
	#900013958 in ht_status (=189174992, =1, =0) at src/clht_lb_res.c:1112
	#1000013346 in clht_put (=189174992, =32, =32) at src/clht_lb_res.c:597
	#1100012688 in _ZZ3runPPcENK3$_0clEv (=226559776) at example-nothread.cpp:109
	#1200012271 in _Z3runPPc (=184900992) at example-nothread.cpp:114
	#1300016765 in __klee_posix_wrapped_main (=2, =184900992) at example-nothread.cpp:204
	#1400010304 in __klee_posix_ctor_stub_insert_point (=2, =184900992, =33537360) at runtime/POSIX/./klee_init_env.c:491
	#1500010324 in __user_main (=5, =33537312, =33537360) at runtime/POSIX/./klee_init_env.c:499
	#1600004410 in __uClibc_main (=32299400, =5, =33537312, =0, =0, =0, =0) at libc/misc/internals/__uClibc_main.c:401
	#1700004577 in main (=5, =33537312)

<not masking anything>
<not masked by anything>

(9) ID #9500904464735471486 with 6 occurences:
Type of modification: fence (unnecessary)
File: ../../src/../src/libpmem2/x86_64/init.c
Line: 27
assembly.ll line: 156132
 (no allocation info)
Stack: 
Current Thread: 1
Thread 1, Process 0, enabled
		PC:   call void @llvm.x86.sse.sfence(), !dbg !10981 (op #0=<global const>)
	#000156132 in memory_barrier () at ../../src/../src/libpmem2/x86_64/init.c:27
	#100172184 in pmem_drain () at pmem.c:189
	#200126450 in obj_norep_drain (=185237504) at obj.c:492
	#300140035 in pmemops_drain.1190 (=185244472) at ./pmemops.h:76
	#400139906 in pmemobj_tx_commit () at tx.c:1001
	#500140545 in pmemobj_tx_process () at tx.c:1101
	#600014396 in ht_resize_pes (=189174992, =1, =4) at src/clht_lb_res.c:1002
	#700013958 in ht_status (=189174992, =1, =0) at src/clht_lb_res.c:1112
	#800013346 in clht_put (=189174992, =32, =32) at src/clht_lb_res.c:597
	#900012688 in _ZZ3runPPcENK3$_0clEv (=226559776) at example-nothread.cpp:109
	#1000012271 in _Z3runPPc (=184900992) at example-nothread.cpp:114
	#1100016765 in __klee_posix_wrapped_main (=2, =184900992) at example-nothread.cpp:204
	#1200010304 in __klee_posix_ctor_stub_insert_point (=2, =184900992, =33537360) at runtime/POSIX/./klee_init_env.c:491
	#1300010324 in __user_main (=5, =33537312, =33537360) at runtime/POSIX/./klee_init_env.c:499
	#1400004410 in __uClibc_main (=32299400, =5, =33537312, =0, =0, =0, =0) at libc/misc/internals/__uClibc_main.c:401
	#1500004577 in main (=5, =33537312)

<not masking anything>
<not masked by anything>

(10) ID #4662676553174038535 with 21966 occurences:
Type of modification: flush (unnecessary)
File: ../../src/../src/libpmem2/x86_64/flush.h
Line: 48
assembly.ll line: 156098
 allocated at _block_init_pmem_from_file():  %22 = call i8* @klee_pmem_alloc_pmem(i64 %19, i8* %20, i1 zeroext false, i8* %21), !dbg !11010
Stack: 
Current Thread: 1
Thread 1, Process 0, enabled
		PC:   call void @llvm.x86.clwb(i8* %3, i8* %3), !dbg !10984 (op #0=<global const>, op #1=189666368, op #2=189666368)
	#000156098 in pmem_clwb (=189666368) at ../../src/../src/libpmem2/x86_64/flush.h:48
	#100156082 in flush_clwb_nolog (=189666384, =2096) at ../../src/../src/libpmem2/x86_64/flush.h:104
	#200155915 in flush_clwb (=189666384, =2096) at ../../src/../src/libpmem2/x86_64/init.c:60
	#300172277 in pmem_flush (=189666384, =2096) at pmem.c:232
	#400126425 in obj_norep_flush (=185237504, =189666384, =2096, =2147483648) at obj.c:478
	#500140137 in pmemops_xflush.1191 (=185244472, =189666384, =2096, =2147483648) at ./pmemops.h:64
	#600140091 in tx_flush_range (=310551072, =185237504) at tx.c:403
	#700070320 in ravl_foreach_node (=310551040, =110244616, =185237504, =1) at ../../src/../src/common/ravl.c:81
	#800070331 in ravl_foreach_node (=310506944, =110244616, =185237504, =1) at ../../src/../src/common/ravl.c:82
	#900070272 in ravl_delete_cb (=1152858688, =110244616, =185237504) at ../../src/../src/common/ravl.c:104
	#1000140017 in tx_pre_commit (=83939120) at tx.c:432
	#1100139903 in pmemobj_tx_commit () at tx.c:999
	#1200140545 in pmemobj_tx_process () at tx.c:1101
	#1300014396 in ht_resize_pes (=189174992, =1, =4) at src/clht_lb_res.c:1002
	#1400013958 in ht_status (=189174992, =1, =0) at src/clht_lb_res.c:1112
	#1500013346 in clht_put (=189174992, =32, =32) at src/clht_lb_res.c:597
	#1600012688 in _ZZ3runPPcENK3$_0clEv (=226559776) at example-nothread.cpp:109
	#1700012271 in _Z3runPPc (=184900992) at example-nothread.cpp:114
	#1800016765 in __klee_posix_wrapped_main (=2, =184900992) at example-nothread.cpp:204
	#1900010304 in __klee_posix_ctor_stub_insert_point (=2, =184900992, =33537360) at runtime/POSIX/./klee_init_env.c:491
	#2000010324 in __user_main (=5, =33537312, =33537360) at runtime/POSIX/./klee_init_env.c:499
	#2100004410 in __uClibc_main (=32299400, =5, =33537312, =0, =0, =0, =0) at libc/misc/internals/__uClibc_main.c:401
	#2200004577 in main (=5, =33537312)

<not masking anything>
<not masked by anything>

(11) ID #3403984547645468963 with 14 occurences:
Type of modification: flush (never modified)
File: ../../src/../src/libpmem2/x86_64/flush.h
Line: 48
assembly.ll line: 156098
 allocated at _block_init_pmem_from_file():  %22 = call i8* @klee_pmem_alloc_pmem(i64 %19, i8* %20, i1 zeroext false, i8* %21), !dbg !11010
Stack: 
Current Thread: 1
Thread 1, Process 0, enabled
		PC:   call void @llvm.x86.clwb(i8* %3, i8* %3), !dbg !10984 (op #0=<global const>, op #1=189176064, op #2=189176064)
	#000156098 in pmem_clwb (=189176064) at ../../src/../src/libpmem2/x86_64/flush.h:48
	#100156082 in flush_clwb_nolog (=189175952, =176) at ../../src/../src/libpmem2/x86_64/flush.h:104
	#200155915 in flush_clwb (=189175952, =176) at ../../src/../src/libpmem2/x86_64/init.c:60
	#300172277 in pmem_flush (=189175952, =176) at pmem.c:232
	#400126425 in obj_norep_flush (=185237504, =189175952, =176, =2147483648) at obj.c:478
	#500140137 in pmemops_xflush.1191 (=185244472, =189175952, =176, =2147483648) at ./pmemops.h:64
	#600140091 in tx_flush_range (=310506976, =185237504) at tx.c:403
	#700070320 in ravl_foreach_node (=310506944, =110244616, =185237504, =1) at ../../src/../src/common/ravl.c:81
	#800070272 in ravl_delete_cb (=1152858688, =110244616, =185237504) at ../../src/../src/common/ravl.c:104
	#900140017 in tx_pre_commit (=83939120) at tx.c:432
	#1000139903 in pmemobj_tx_commit () at tx.c:999
	#1100140545 in pmemobj_tx_process () at tx.c:1101
	#1200014396 in ht_resize_pes (=189174992, =1, =4) at src/clht_lb_res.c:1002
	#1300013958 in ht_status (=189174992, =1, =0) at src/clht_lb_res.c:1112
	#1400013346 in clht_put (=189174992, =32, =32) at src/clht_lb_res.c:597
	#1500012688 in _ZZ3runPPcENK3$_0clEv (=226559776) at example-nothread.cpp:109
	#1600012271 in _Z3runPPc (=184900992) at example-nothread.cpp:114
	#1700016765 in __klee_posix_wrapped_main (=2, =184900992) at example-nothread.cpp:204
	#1800010304 in __klee_posix_ctor_stub_insert_point (=2, =184900992, =33537360) at runtime/POSIX/./klee_init_env.c:491
	#1900010324 in __user_main (=5, =33537312, =33537360) at runtime/POSIX/./klee_init_env.c:499
	#2000004410 in __uClibc_main (=32299400, =5, =33537312, =0, =0, =0, =0) at libc/misc/internals/__uClibc_main.c:401
	#2100004577 in main (=5, =33537312)

<not masking anything>
<not masked by anything>

(12) ID #11553818763795158840 with 16 occurences:
Type of modification: write (unpersisted)
File: src/clht_lb_res.c
Line: 245
assembly.ll line: 13590
 allocated at _block_init_pmem_from_file():  %22 = call i8* @klee_pmem_alloc_pmem(i64 %19, i8* %20, i1 zeroext false, i8* %21), !dbg !11010
Stack: 
Current Thread: 1
Thread 1, Process 0, enabled
		PC:   store i32 %12, i32* %10, !dbg !10987 (op #0=1, op #1=189175272)
	#000013590 in clht_bucket_create_stats (=189175184, =389171080) at src/clht_lb_res.c:245
	#100013243 in clht_put (=189174992, =25, =25) at src/clht_lb_res.c:544
	#200012688 in _ZZ3runPPcENK3$_0clEv (=226559776) at example-nothread.cpp:109
	#300012271 in _Z3runPPc (=184900992) at example-nothread.cpp:114
	#400016765 in __klee_posix_wrapped_main (=2, =184900992) at example-nothread.cpp:204
	#500010304 in __klee_posix_ctor_stub_insert_point (=2, =184900992, =33537360) at runtime/POSIX/./klee_init_env.c:491
	#600010324 in __user_main (=5, =33537312, =33537360) at runtime/POSIX/./klee_init_env.c:499
	#700004410 in __uClibc_main (=32299400, =5, =33537312, =0, =0, =0, =0) at libc/misc/internals/__uClibc_main.c:401
	#800004577 in main (=5, =33537312)

<not masking anything>
May be masked by:
	ID #10444100249502014033

(13) ID #5487173139596669129 with 214 occurences:
Type of modification: write (unpersisted)
File: libc/string/memcpy.c
Line: 29
assembly.ll line: 11940
 allocated at _block_init_pmem_from_file():  %22 = call i8* @klee_pmem_alloc_pmem(i64 %19, i8* %20, i1 zeroext false, i8* %21), !dbg !11010
Stack: 
Current Thread: 1
Thread 1, Process 0, enabled
		PC:   store i8 %17, i8* %18, align 1, !dbg !10998 (op #0=8, op #1=268999216)
	#000011940 in memcpy (=268999216, =268999480, =80) at libc/string/memcpy.c:29
	#100107444 in heap_boot (=268999216, =272146432, =13623296, =268998688, =268992512, =268999480, =355674816, =226760672) at heap.c:1499
	#200116753 in palloc_boot (=268999216, =272146432, =13623296, =268998688, =268992512, =268999480, =355674816, =226760672) at palloc.c:1248
	#300116615 in pmalloc_boot (=268992512) at pmalloc.c:179
	#400116399 in lane_recover_and_section_boot (=268992512) at lane.c:370
	#500125225 in obj_runtime_init_common (=268992512) at obj.c:840
	#600124760 in obj_runtime_init (=268992512, =0, =1, =1024) at obj.c:1206
	#700127912 in obj_open_common (=182616736, =132560528, =0, =1) at obj.c:1761
	#800127730 in pmemobj_openU (=182616736, =132560528) at obj.c:1798
	#900127695 in pmemobj_open (=182616736, =132560528) at obj.c:1811
	#1000012316 in clht_create (=8) at src/clht_lb_res.c:265
	#1100012197 in _Z3runPPc (=185008576) at example-nothread.cpp:81
	#1200016765 in __klee_posix_wrapped_main (=2, =185008576) at example-nothread.cpp:204
	#1300010304 in __klee_posix_ctor_stub_insert_point (=2, =185008576, =33537360) at runtime/POSIX/./klee_init_env.c:491
	#1400010324 in __user_main (=5, =33537312, =33537360) at runtime/POSIX/./klee_init_env.c:499
	#1500004410 in __uClibc_main (=32299400, =5, =33537312, =0, =0, =0, =0) at libc/misc/internals/__uClibc_main.c:401
	#1600004577 in main (=5, =33537312)

<not masking anything>
<not masked by anything>

(14) ID #8866120682203916801 with 44 occurences:
Type of modification: fence (unnecessary)
File: src/clht_lb_res.c
Line: 139
assembly.ll line: 14944
 (no allocation info)
Stack: 
Current Thread: 1
Thread 1, Process 0, enabled
		PC:   call void @llvm.x86.sse2.mfence(), !dbg !10978 (op #0=<global const>)
	#000014944 in mfence () at src/clht_lb_res.c:139
	#100013636 in clflush (=272930000, =128, =true) at src/clht_lb_res.c:146
	#200012479 in clht_create (=8) at src/clht_lb_res.c:321
	#300012197 in _Z3runPPc (=185008576) at example-nothread.cpp:81
	#400016765 in __klee_posix_wrapped_main (=2, =185008576) at example-nothread.cpp:204
	#500010304 in __klee_posix_ctor_stub_insert_point (=2, =185008576, =33537360) at runtime/POSIX/./klee_init_env.c:491
	#600010324 in __user_main (=5, =33537312, =33537360) at runtime/POSIX/./klee_init_env.c:499
	#700004410 in __uClibc_main (=32299400, =5, =33537312, =0, =0, =0, =0) at libc/misc/internals/__uClibc_main.c:401
	#800004577 in main (=5, =33537312)

<not masking anything>
<not masked by anything>

(15) ID #14428799985772488147 with 214 occurences:
Type of modification: write (unpersisted)
File: runtime/POSIX/./threadsync.c
Line: 114
assembly.ll line: 41627
 allocated at _block_init_pmem_from_file():  %22 = call i8* @klee_pmem_alloc_pmem(i64 %19, i8* %20, i1 zeroext false, i8* %21), !dbg !11010
Stack: 
Current Thread: 1
Thread 1, Process 0, enabled
		PC:   store %struct.mutex_data_t* %11, %struct.mutex_data_t** %13, align 8, !dbg !11023 (op #0=363403520, op #1=268999720)
	#000041627 in _mutex_init (=268999720, =0) at runtime/POSIX/./threadsync.c:114
	#100041604 in pthread_mutex_init (=268999720, =0) at runtime/POSIX/./threadsync.c:146
	#200051557 in os_mutex_init (=268999720) at ../../src/../src/core/os_thread_posix.c:76
	#300125350 in util_mutex_init.849 (=268999720) at ../common/sys_util.h:28
	#400124821 in obj_runtime_init (=268992512, =0, =1, =1024) at obj.c:1236
	#500127912 in obj_open_common (=182616736, =132560528, =0, =1) at obj.c:1761
	#600127730 in pmemobj_openU (=182616736, =132560528) at obj.c:1798
	#700127695 in pmemobj_open (=182616736, =132560528) at obj.c:1811
	#800012316 in clht_create (=8) at src/clht_lb_res.c:265
	#900012197 in _Z3runPPc (=185008576) at example-nothread.cpp:81
	#1000016765 in __klee_posix_wrapped_main (=2, =185008576) at example-nothread.cpp:204
	#1100010304 in __klee_posix_ctor_stub_insert_point (=2, =185008576, =33537360) at runtime/POSIX/./klee_init_env.c:491
	#1200010324 in __user_main (=5, =33537312, =33537360) at runtime/POSIX/./klee_init_env.c:499
	#1300004410 in __uClibc_main (=32299400, =5, =33537312, =0, =0, =0, =0) at libc/misc/internals/__uClibc_main.c:401
	#1400004577 in main (=5, =33537312)

<not masking anything>
<not masked by anything>

(16) ID #3771038087769008095 with 44 occurences:
Type of modification: flush (unnecessary)
File: src/clht_lb_res.c
Line: 154
assembly.ll line: 13661
 allocated at _block_init_pmem_from_file():  %22 = call i8* @klee_pmem_alloc_pmem(i64 %19, i8* %20, i1 zeroext false, i8* %21), !dbg !11010
Stack: 
Current Thread: 1
Thread 1, Process 0, enabled
		PC:   call void @llvm.x86.clwb(i8* %32, i8* %32), !dbg !11016 (op #0=<global const>, op #1=272929984, op #2=272929984)
	#000013661 in clflush (=272930000, =128, =true) at src/clht_lb_res.c:154
	#100012479 in clht_create (=8) at src/clht_lb_res.c:321
	#200012197 in _Z3runPPc (=185008576) at example-nothread.cpp:81
	#300016765 in __klee_posix_wrapped_main (=2, =185008576) at example-nothread.cpp:204
	#400010304 in __klee_posix_ctor_stub_insert_point (=2, =185008576, =33537360) at runtime/POSIX/./klee_init_env.c:491
	#500010324 in __user_main (=5, =33537312, =33537360) at runtime/POSIX/./klee_init_env.c:499
	#600004410 in __uClibc_main (=32299400, =5, =33537312, =0, =0, =0, =0) at libc/misc/internals/__uClibc_main.c:401
	#700004577 in main (=5, =33537312)

<not masking anything>
<not masked by anything>

(17) ID #15259225801143331122 with 94 occurences:
Type of modification: write (unpersisted)
File: libc/string/memcpy.c
Line: 29
assembly.ll line: 11940
 allocated at _block_init_pmem_from_file():  %22 = call i8* @klee_pmem_alloc_pmem(i64 %19, i8* %20, i1 zeroext false, i8* %21), !dbg !11010
Stack: 
Current Thread: 1
Thread 1, Process 0, enabled
		PC:   store i8 %17, i8* %18, align 1, !dbg !10998 (op #0=2, op #1=189441088)
	#000011940 in memcpy (=189441088, =1148672624, =40) at libc/string/memcpy.c:29
	#100102354 in container_ravl_insert_block (=595408512, =1148672624) at container_ravl.c:60
	#200056970 in bucket_insert_block (=390691936, =1148672624) at bucket.c:75
	#300105889 in heap_split_block (=185244208, =390691936, =949213424, =1) at heap.c:964
	#400105316 in heap_get_bestfit_block (=185244208, =390691936, =949213424) at heap.c:995
	#500105551 in heap_ensure_run_bucket_filled (=185244208, =378410240, =1) at heap.c:884
	#600105251 in heap_get_bestfit_block (=185244208, =378410240, =1228775592) at heap.c:987
	#700110805 in palloc_reservation_create (=185244208, =64, =110246664, =1153772512, =2, =0, =0, =0, =1228775552) at palloc.c:218
	#800118417 in palloc_reserve (=185244208, =64, =110246664, =1153772512, =2, =0, =0, =0, =1228775552) at palloc.c:597
	#900142700 in tx_alloc_common (=83939120, =64, =2, =110246664, =1153772512) at tx.c:587
	#1000142435 in pmemobj_tx_alloc (=64, =2) at tx.c:1564
	#1100016094 in clht_bucket_create () at src/clht_lb_res.c:212
	#1200013582 in clht_bucket_create_stats (=189175184, =389171080) at src/clht_lb_res.c:243
	#1300013243 in clht_put (=189174992, =25, =25) at src/clht_lb_res.c:544
	#1400012688 in _ZZ3runPPcENK3$_0clEv (=226559776) at example-nothread.cpp:109
	#1500012271 in _Z3runPPc (=184900992) at example-nothread.cpp:114
	#1600016765 in __klee_posix_wrapped_main (=2, =184900992) at example-nothread.cpp:204
	#1700010304 in __klee_posix_ctor_stub_insert_point (=2, =184900992, =33537360) at runtime/POSIX/./klee_init_env.c:491
	#1800010324 in __user_main (=5, =33537312, =33537360) at runtime/POSIX/./klee_init_env.c:499
	#1900004410 in __uClibc_main (=32299400, =5, =33537312, =0, =0, =0, =0) at libc/misc/internals/__uClibc_main.c:401
	#2000004577 in main (=5, =33537312)

<not masking anything>
<not masked by anything>

(18) ID #9369278919962220494 with 214 occurences:
Type of modification: write (unpersisted)
File: obj.c
Line: 1007
assembly.ll line: 126886
 allocated at _block_init_pmem_from_file():  %22 = call i8* @klee_pmem_alloc_pmem(i64 %19, i8* %20, i1 zeroext false, i8* %21), !dbg !11010
Stack: 
Current Thread: 1
Thread 1, Process 0, enabled
		PC:   store void (i8*, i64)* @pmem_persist, void (i8*, i64)** %33, align 8, !dbg !11010 (op #0=<global const>, op #1=268999432)
	#000126886 in obj_replica_init_local (=268992512, =1, =16777216) at obj.c:1007
	#100124385 in obj_replica_init (=268992512, =226760672, =0, =0) at obj.c:1139
	#200128139 in obj_replicas_init (=226760672) at obj.c:1631
	#300127793 in obj_open_common (=182616736, =132560528, =0, =1) at obj.c:1724
	#400127730 in pmemobj_openU (=182616736, =132560528) at obj.c:1798
	#500127695 in pmemobj_open (=182616736, =132560528) at obj.c:1811
	#600012316 in clht_create (=8) at src/clht_lb_res.c:265
	#700012197 in _Z3runPPc (=185008576) at example-nothread.cpp:81
	#800016765 in __klee_posix_wrapped_main (=2, =185008576) at example-nothread.cpp:204
	#900010304 in __klee_posix_ctor_stub_insert_point (=2, =185008576, =33537360) at runtime/POSIX/./klee_init_env.c:491
	#1000010324 in __user_main (=5, =33537312, =33537360) at runtime/POSIX/./klee_init_env.c:499
	#1100004410 in __uClibc_main (=32299400, =5, =33537312, =0, =0, =0, =0) at libc/misc/internals/__uClibc_main.c:401
	#1200004577 in main (=5, =33537312)

<not masking anything>
<not masked by anything>

(19) ID #15919926744884126007 with 214 occurences:
Type of modification: write (unpersisted)
File: libc/string/memset.c
Line: 28
assembly.ll line: 11979
 allocated at _block_init_pmem_from_file():  %22 = call i8* @klee_pmem_alloc_pmem(i64 %19, i8* %20, i1 zeroext false, i8* %21), !dbg !11010
Stack: 
Current Thread: 1
Thread 1, Process 0, enabled
		PC:   store i8 %14, i8* %15, align 1, !dbg !10995 (op #0=0, op #1=268999200)
	#000011979 in memset (=268999200, =0, =1504) at libc/string/memset.c:28
	#100128124 in obj_replicas_init (=226760672) at obj.c:1624
	#200127793 in obj_open_common (=182616736, =132560528, =0, =1) at obj.c:1724
	#300127730 in pmemobj_openU (=182616736, =132560528) at obj.c:1798
	#400127695 in pmemobj_open (=182616736, =132560528) at obj.c:1811
	#500012316 in clht_create (=8) at src/clht_lb_res.c:265
	#600012197 in _Z3runPPc (=185008576) at example-nothread.cpp:81
	#700016765 in __klee_posix_wrapped_main (=2, =185008576) at example-nothread.cpp:204
	#800010304 in __klee_posix_ctor_stub_insert_point (=2, =185008576, =33537360) at runtime/POSIX/./klee_init_env.c:491
	#900010324 in __user_main (=5, =33537312, =33537360) at runtime/POSIX/./klee_init_env.c:499
	#1000004410 in __uClibc_main (=32299400, =5, =33537312, =0, =0, =0, =0) at libc/misc/internals/__uClibc_main.c:401
	#1100004577 in main (=5, =33537312)

<not masking anything>
May be masked by:
	ID #17870195514848004002
	ID #13420950018964090923
	ID #8955711729514261059
	ID #12395144949418137314
	ID #3389528451009009003
	ID #6167339337511180030
	ID #11263445426194131528
	ID #2568760786816338511
	ID #8914098801516047086

(20) ID #17870195514848004002 with 214 occurences:
Type of modification: write (unpersisted)
File: heap.c
Line: 1500
assembly.ll line: 107449
 allocated at _block_init_pmem_from_file():  %22 = call i8* @klee_pmem_alloc_pmem(i64 %19, i8* %20, i1 zeroext false, i8* %21), !dbg !11010
Stack: 
Current Thread: 1
Thread 1, Process 0, enabled
		PC:   store %struct.heap_layout* %99, %struct.heap_layout** %101, align 8, !dbg !11417 (op #0=272146432, op #1=268999296)
	#000107449 in heap_boot (=268999216, =272146432, =13623296, =268998688, =268992512, =268999480, =355674816, =226760672) at heap.c:1500
	#100116753 in palloc_boot (=268999216, =272146432, =13623296, =268998688, =268992512, =268999480, =355674816, =226760672) at palloc.c:1248
	#200116615 in pmalloc_boot (=268992512) at pmalloc.c:179
	#300116399 in lane_recover_and_section_boot (=268992512) at lane.c:370
	#400125225 in obj_runtime_init_common (=268992512) at obj.c:840
	#500124760 in obj_runtime_init (=268992512, =0, =1, =1024) at obj.c:1206
	#600127912 in obj_open_common (=182616736, =132560528, =0, =1) at obj.c:1761
	#700127730 in pmemobj_openU (=182616736, =132560528) at obj.c:1798
	#800127695 in pmemobj_open (=182616736, =132560528) at obj.c:1811
	#900012316 in clht_create (=8) at src/clht_lb_res.c:265
	#1000012197 in _Z3runPPc (=185008576) at example-nothread.cpp:81
	#1100016765 in __klee_posix_wrapped_main (=2, =185008576) at example-nothread.cpp:204
	#1200010304 in __klee_posix_ctor_stub_insert_point (=2, =185008576, =33537360) at runtime/POSIX/./klee_init_env.c:491
	#1300010324 in __user_main (=5, =33537312, =33537360) at runtime/POSIX/./klee_init_env.c:499
	#1400004410 in __uClibc_main (=32299400, =5, =33537312, =0, =0, =0, =0) at libc/misc/internals/__uClibc_main.c:401
	#1500004577 in main (=5, =33537312)

<not masking anything>
<not masked by anything>

(21) ID #15967001840782140348 with 88 occurences:
Type of modification: flush (unnecessary)
File: src/clht_lb_res.c
Line: 154
assembly.ll line: 13661
 allocated at _block_init_pmem_from_file():  %22 = call i8* @klee_pmem_alloc_pmem(i64 %19, i8* %20, i1 zeroext false, i8* %21), !dbg !11010
Stack: 
Current Thread: 1
Thread 1, Process 0, enabled
		PC:   call void @llvm.x86.clwb(i8* %32, i8* %32), !dbg !11016 (op #0=<global const>, op #1=272930176, op #2=272930176)
	#000013661 in clflush (=272930192, =128, =true) at src/clht_lb_res.c:154
	#100012476 in clht_create (=8) at src/clht_lb_res.c:320
	#200012197 in _Z3runPPc (=185008576) at example-nothread.cpp:81
	#300016765 in __klee_posix_wrapped_main (=2, =185008576) at example-nothread.cpp:204
	#400010304 in __klee_posix_ctor_stub_insert_point (=2, =185008576, =33537360) at runtime/POSIX/./klee_init_env.c:491
	#500010324 in __user_main (=5, =33537312, =33537360) at runtime/POSIX/./klee_init_env.c:499
	#600004410 in __uClibc_main (=32299400, =5, =33537312, =0, =0, =0, =0) at libc/misc/internals/__uClibc_main.c:401
	#700004577 in main (=5, =33537312)

<not masking anything>
<not masked by anything>

(22) ID #16446735734838149861 with 44 occurences:
Type of modification: fence (unnecessary)
File: src/clht_lb_res.c
Line: 139
assembly.ll line: 14944
 (no allocation info)
Stack: 
Current Thread: 1
Thread 1, Process 0, enabled
		PC:   call void @llvm.x86.sse2.mfence(), !dbg !10978 (op #0=<global const>)
	#000014944 in mfence () at src/clht_lb_res.c:139
	#100013636 in clflush (=272930192, =128, =true) at src/clht_lb_res.c:146
	#200012476 in clht_create (=8) at src/clht_lb_res.c:320
	#300012197 in _Z3runPPc (=185008576) at example-nothread.cpp:81
	#400016765 in __klee_posix_wrapped_main (=2, =185008576) at example-nothread.cpp:204
	#500010304 in __klee_posix_ctor_stub_insert_point (=2, =185008576, =33537360) at runtime/POSIX/./klee_init_env.c:491
	#600010324 in __user_main (=5, =33537312, =33537360) at runtime/POSIX/./klee_init_env.c:499
	#700004410 in __uClibc_main (=32299400, =5, =33537312, =0, =0, =0, =0) at libc/misc/internals/__uClibc_main.c:401
	#800004577 in main (=5, =33537312)

<not masking anything>
<not masked by anything>

(23) ID #7123059653313947448 with 44 occurences:
Type of modification: flush (never modified)
File: ../../src/../src/libpmem2/x86_64/flush.h
Line: 48
assembly.ll line: 156098
 allocated at _block_init_pmem_from_file():  %22 = call i8* @klee_pmem_alloc_pmem(i64 %19, i8* %20, i1 zeroext false, i8* %21), !dbg !11010
Stack: 
Current Thread: 1
Thread 1, Process 0, enabled
		PC:   call void @llvm.x86.clwb(i8* %3, i8* %3), !dbg !10984 (op #0=<global const>, op #1=272930304, op #2=272930304)
	#000156098 in pmem_clwb (=272930304) at ../../src/../src/libpmem2/x86_64/flush.h:48
	#100156082 in flush_clwb_nolog (=272930192, =176) at ../../src/../src/libpmem2/x86_64/flush.h:104
	#200155915 in flush_clwb (=272930192, =176) at ../../src/../src/libpmem2/x86_64/init.c:60
	#300172277 in pmem_flush (=272930192, =176) at pmem.c:232
	#400126425 in obj_norep_flush (=268992512, =272930192, =176, =2147483648) at obj.c:478
	#500140137 in pmemops_xflush.1191 (=268999480, =272930192, =176, =2147483648) at ./pmemops.h:64
	#600140091 in tx_flush_range (=483320672, =268992512) at tx.c:403
	#700070320 in ravl_foreach_node (=483320640, =110244616, =268992512, =1) at ../../src/../src/common/ravl.c:81
	#800070272 in ravl_delete_cb (=425246560, =110244616, =268992512) at ../../src/../src/common/ravl.c:104
	#900140017 in tx_pre_commit (=83939120) at tx.c:432
	#1000139903 in pmemobj_tx_commit () at tx.c:999
	#1100140545 in pmemobj_tx_process () at tx.c:1101
	#1200014799 in clht_hashtable_create (=8) at src/clht_lb_res.c:413
	#1300012396 in clht_create (=8) at src/clht_lb_res.c:298
	#1400012197 in _Z3runPPc (=185008576) at example-nothread.cpp:81
	#1500016765 in __klee_posix_wrapped_main (=2, =185008576) at example-nothread.cpp:204
	#1600010304 in __klee_posix_ctor_stub_insert_point (=2, =185008576, =33537360) at runtime/POSIX/./klee_init_env.c:491
	#1700010324 in __user_main (=5, =33537312, =33537360) at runtime/POSIX/./klee_init_env.c:499
	#1800004410 in __uClibc_main (=32299400, =5, =33537312, =0, =0, =0, =0) at libc/misc/internals/__uClibc_main.c:401
	#1900004577 in main (=5, =33537312)

<not masking anything>
<not masked by anything>

(24) ID #3194861292520633222 with 214 occurences:
Type of modification: write (unpersisted)
File: obj.c
Line: 1244
assembly.ll line: 124842
 allocated at _block_init_pmem_from_file():  %22 = call i8* @klee_pmem_alloc_pmem(i64 %19, i8* %20, i1 zeroext false, i8* %21), !dbg !11010
Stack: 
Current Thread: 1
Thread 1, Process 0, enabled
		PC:   store i32 0, i32* %140, align 8, !dbg !11136 (op #0=<global const>, op #1=268999768)
	#000124842 in obj_runtime_init (=268992512, =0, =1, =1024) at obj.c:1244
	#100127912 in obj_open_common (=182616736, =132560528, =0, =1) at obj.c:1761
	#200127730 in pmemobj_openU (=182616736, =132560528) at obj.c:1798
	#300127695 in pmemobj_open (=182616736, =132560528) at obj.c:1811
	#400012316 in clht_create (=8) at src/clht_lb_res.c:265
	#500012197 in _Z3runPPc (=185008576) at example-nothread.cpp:81
	#600016765 in __klee_posix_wrapped_main (=2, =185008576) at example-nothread.cpp:204
	#700010304 in __klee_posix_ctor_stub_insert_point (=2, =185008576, =33537360) at runtime/POSIX/./klee_init_env.c:491
	#800010324 in __user_main (=5, =33537312, =33537360) at runtime/POSIX/./klee_init_env.c:499
	#900004410 in __uClibc_main (=32299400, =5, =33537312, =0, =0, =0, =0) at libc/misc/internals/__uClibc_main.c:401
	#1000004577 in main (=5, =33537312)

<not masking anything>
<not masked by anything>

(25) ID #9960917258510987054 with 44 occurences:
Type of modification: fence (unnecessary)
File: src/clht_lb_res.c
Line: 139
assembly.ll line: 14944
 (no allocation info)
Stack: 
Current Thread: 1
Thread 1, Process 0, enabled
		PC:   call void @llvm.x86.sse2.mfence(), !dbg !10978 (op #0=<global const>)
	#000014944 in mfence () at src/clht_lb_res.c:139
	#100013689 in clflush (=272930192, =128, =true) at src/clht_lb_res.c:159
	#200012476 in clht_create (=8) at src/clht_lb_res.c:320
	#300012197 in _Z3runPPc (=185008576) at example-nothread.cpp:81
	#400016765 in __klee_posix_wrapped_main (=2, =185008576) at example-nothread.cpp:204
	#500010304 in __klee_posix_ctor_stub_insert_point (=2, =185008576, =33537360) at runtime/POSIX/./klee_init_env.c:491
	#600010324 in __user_main (=5, =33537312, =33537360) at runtime/POSIX/./klee_init_env.c:499
	#700004410 in __uClibc_main (=32299400, =5, =33537312, =0, =0, =0, =0) at libc/misc/internals/__uClibc_main.c:401
	#800004577 in main (=5, =33537312)

<not masking anything>
<not masked by anything>

(26) ID #1731857528686114455 with 14 occurences:
Type of modification: fence (unnecessary)
File: src/clht_lb_res.c
Line: 139
assembly.ll line: 14944
 (no allocation info)
Stack: 
Current Thread: 1
Thread 1, Process 0, enabled
		PC:   call void @llvm.x86.sse2.mfence(), !dbg !10978 (op #0=<global const>)
	#000014944 in mfence () at src/clht_lb_res.c:139
	#100013636 in clflush (=189174992, =8, =true) at src/clht_lb_res.c:146
	#200014345 in ht_resize_pes (=189174992, =1, =4) at src/clht_lb_res.c:941
	#300013958 in ht_status (=189174992, =1, =0) at src/clht_lb_res.c:1112
	#400013346 in clht_put (=189174992, =32, =32) at src/clht_lb_res.c:597
	#500012688 in _ZZ3runPPcENK3$_0clEv (=226559776) at example-nothread.cpp:109
	#600012271 in _Z3runPPc (=184900992) at example-nothread.cpp:114
	#700016765 in __klee_posix_wrapped_main (=2, =184900992) at example-nothread.cpp:204
	#800010304 in __klee_posix_ctor_stub_insert_point (=2, =184900992, =33537360) at runtime/POSIX/./klee_init_env.c:491
	#900010324 in __user_main (=5, =33537312, =33537360) at runtime/POSIX/./klee_init_env.c:499
	#1000004410 in __uClibc_main (=32299400, =5, =33537312, =0, =0, =0, =0) at libc/misc/internals/__uClibc_main.c:401
	#1100004577 in main (=5, =33537312)

<not masking anything>
<not masked by anything>

(27) ID #15436069569840032756 with 44 occurences:
Type of modification: fence (unnecessary)
File: ../../src/../src/libpmem2/x86_64/init.c
Line: 27
assembly.ll line: 156132
 (no allocation info)
Stack: 
Current Thread: 1
Thread 1, Process 0, enabled
		PC:   call void @llvm.x86.sse.sfence(), !dbg !10981 (op #0=<global const>)
	#000156132 in memory_barrier () at ../../src/../src/libpmem2/x86_64/init.c:27
	#100172184 in pmem_drain () at pmem.c:189
	#200126450 in obj_norep_drain (=268992512) at obj.c:492
	#300111289 in pmemops_drain.1002 (=268999216) at ./pmemops.h:76
	#400111079 in palloc_exec_actions (=268999216, =184498944, =425009152, =2) at palloc.c:559
	#500119060 in palloc_publish (=268999216, =425009152, =2, =184498944) at palloc.c:660
	#600139973 in pmemobj_tx_commit () at tx.c:1009
	#700140545 in pmemobj_tx_process () at tx.c:1101
	#800014799 in clht_hashtable_create (=8) at src/clht_lb_res.c:413
	#900012396 in clht_create (=8) at src/clht_lb_res.c:298
	#1000012197 in _Z3runPPc (=185008576) at example-nothread.cpp:81
	#1100016765 in __klee_posix_wrapped_main (=2, =185008576) at example-nothread.cpp:204
	#1200010304 in __klee_posix_ctor_stub_insert_point (=2, =185008576, =33537360) at runtime/POSIX/./klee_init_env.c:491
	#1300010324 in __user_main (=5, =33537312, =33537360) at runtime/POSIX/./klee_init_env.c:499
	#1400004410 in __uClibc_main (=32299400, =5, =33537312, =0, =0, =0, =0) at libc/misc/internals/__uClibc_main.c:401
	#1500004577 in main (=5, =33537312)

<not masking anything>
<not masked by anything>

(28) ID #18159737595101032608 with 396 occurences:
Type of modification: flush (unnecessary)
File: src/clht_lb_res.c
Line: 154
assembly.ll line: 13661
 allocated at _block_init_pmem_from_file():  %22 = call i8* @klee_pmem_alloc_pmem(i64 %19, i8* %20, i1 zeroext false, i8* %21), !dbg !11010
Stack: 
Current Thread: 1
Thread 1, Process 0, enabled
		PC:   call void @llvm.x86.clwb(i8* %32, i8* %32), !dbg !11016 (op #0=<global const>, op #1=272930368, op #2=272930368)
	#000013661 in clflush (=272930384, =512, =true) at src/clht_lb_res.c:154
	#100012473 in clht_create (=8) at src/clht_lb_res.c:319
	#200012197 in _Z3runPPc (=185008576) at example-nothread.cpp:81
	#300016765 in __klee_posix_wrapped_main (=2, =185008576) at example-nothread.cpp:204
	#400010304 in __klee_posix_ctor_stub_insert_point (=2, =185008576, =33537360) at runtime/POSIX/./klee_init_env.c:491
	#500010324 in __user_main (=5, =33537312, =33537360) at runtime/POSIX/./klee_init_env.c:499
	#600004410 in __uClibc_main (=32299400, =5, =33537312, =0, =0, =0, =0) at libc/misc/internals/__uClibc_main.c:401
	#700004577 in main (=5, =33537312)

<not masking anything>
<not masked by anything>

(29) ID #4937350879285127942 with 86 occurences:
Type of modification: write (unpersisted)
File: libc/string/memcpy.c
Line: 29
assembly.ll line: 11940
 allocated at _block_init_pmem_from_file():  %22 = call i8* @klee_pmem_alloc_pmem(i64 %19, i8* %20, i1 zeroext false, i8* %21), !dbg !11010
Stack: 
Current Thread: 1
Thread 1, Process 0, enabled
		PC:   store i8 %17, i8* %18, align 1, !dbg !10998 (op #0=1, op #1=188392896)
	#000011940 in memcpy (=188392896, =389173192, =8) at libc/string/memcpy.c:29
	#100061416 in huge_write_footer (=188392536, =46) at memblock.c:1136
	#200062313 in memblock_huge_init (=1125092928, =185244208, =3, =0, =46) at memblock.c:1310
	#300105887 in heap_split_block (=185244208, =390691936, =1141434096, =1) at heap.c:961
	#400105316 in heap_get_bestfit_block (=185244208, =390691936, =1141434096) at heap.c:995
	#500105551 in heap_ensure_run_bucket_filled (=185244208, =483727552, =3) at heap.c:884
	#600105251 in heap_get_bestfit_block (=185244208, =483727552, =1148608680) at heap.c:987
	#700110805 in palloc_reservation_create (=185244208, =2048, =110246664, =1152943744, =2, =0, =0, =0, =1148608640) at palloc.c:218
	#800118417 in palloc_reserve (=185244208, =2048, =110246664, =1152943744, =2, =0, =0, =0, =1148608640) at palloc.c:597
	#900142700 in tx_alloc_common (=83939120, =2048, =2, =110246664, =1152943744) at tx.c:587
	#1000142910 in pmemobj_tx_zalloc (=2048, =2) at tx.c:1595
	#1100014629 in clht_hashtable_create (=32) at src/clht_lb_res.c:365
	#1200014162 in ht_resize_pes (=189174992, =1, =4) at src/clht_lb_res.c:839
	#1300013958 in ht_status (=189174992, =1, =0) at src/clht_lb_res.c:1112
	#1400013346 in clht_put (=189174992, =32, =32) at src/clht_lb_res.c:597
	#1500012688 in _ZZ3runPPcENK3$_0clEv (=226559776) at example-nothread.cpp:109
	#1600012271 in _Z3runPPc (=184900992) at example-nothread.cpp:114
	#1700016765 in __klee_posix_wrapped_main (=2, =184900992) at example-nothread.cpp:204
	#1800010304 in __klee_posix_ctor_stub_insert_point (=2, =184900992, =33537360) at runtime/POSIX/./klee_init_env.c:491
	#1900010324 in __user_main (=5, =33537312, =33537360) at runtime/POSIX/./klee_init_env.c:499
	#2000004410 in __uClibc_main (=32299400, =5, =33537312, =0, =0, =0, =0) at libc/misc/internals/__uClibc_main.c:401
	#2100004577 in main (=5, =33537312)

<not masking anything>
<not masked by anything>

(30) ID #10522340296483090474 with 43768 occurences:
Type of modification: flush (unnecessary)
File: src/clht_lb_res.c
Line: 154
assembly.ll line: 13661
 allocated at _block_init_pmem_from_file():  %22 = call i8* @klee_pmem_alloc_pmem(i64 %19, i8* %20, i1 zeroext false, i8* %21), !dbg !11010
Stack: 
Current Thread: 1
Thread 1, Process 0, enabled
		PC:   call void @llvm.x86.clwb(i8* %32, i8* %32), !dbg !11016 (op #0=<global const>, op #1=189433152, op #2=189433152)
	#000013661 in clflush (=189433168, =64, =true) at src/clht_lb_res.c:154
	#100013261 in clht_put (=189174992, =25, =25) at src/clht_lb_res.c:556
	#200012688 in _ZZ3runPPcENK3$_0clEv (=226559776) at example-nothread.cpp:109
	#300012271 in _Z3runPPc (=184900992) at example-nothread.cpp:114
	#400016765 in __klee_posix_wrapped_main (=2, =184900992) at example-nothread.cpp:204
	#500010304 in __klee_posix_ctor_stub_insert_point (=2, =184900992, =33537360) at runtime/POSIX/./klee_init_env.c:491
	#600010324 in __user_main (=5, =33537312, =33537360) at runtime/POSIX/./klee_init_env.c:499
	#700004410 in __uClibc_main (=32299400, =5, =33537312, =0, =0, =0, =0) at libc/misc/internals/__uClibc_main.c:401
	#800004577 in main (=5, =33537312)

<not masking anything>
<not masked by anything>

(31) ID #3295052264875227941 with 21884 occurences:
Type of modification: fence (unnecessary)
File: ../../src/../src/libpmem2/x86_64/init.c
Line: 27
assembly.ll line: 156132
 (no allocation info)
Stack: 
Current Thread: 1
Thread 1, Process 0, enabled
		PC:   call void @llvm.x86.sse.sfence(), !dbg !10981 (op #0=<global const>)
	#000156132 in memory_barrier () at ../../src/../src/libpmem2/x86_64/init.c:27
	#100172184 in pmem_drain () at pmem.c:189
	#200126450 in obj_norep_drain (=185237504) at obj.c:492
	#300111289 in pmemops_drain.1002 (=185244208) at ./pmemops.h:76
	#400111079 in palloc_exec_actions (=185244208, =371953280, =1228775424, =2) at palloc.c:559
	#500119060 in palloc_publish (=185244208, =1228775424, =2, =371953280) at palloc.c:660
	#600139973 in pmemobj_tx_commit () at tx.c:1009
	#700140545 in pmemobj_tx_process () at tx.c:1101
	#800013255 in clht_put (=189174992, =25, =25) at src/clht_lb_res.c:555
	#900012688 in _ZZ3runPPcENK3$_0clEv (=226559776) at example-nothread.cpp:109
	#1000012271 in _Z3runPPc (=184900992) at example-nothread.cpp:114
	#1100016765 in __klee_posix_wrapped_main (=2, =184900992) at example-nothread.cpp:204
	#1200010304 in __klee_posix_ctor_stub_insert_point (=2, =184900992, =33537360) at runtime/POSIX/./klee_init_env.c:491
	#1300010324 in __user_main (=5, =33537312, =33537360) at runtime/POSIX/./klee_init_env.c:499
	#1400004410 in __uClibc_main (=32299400, =5, =33537312, =0, =0, =0, =0) at libc/misc/internals/__uClibc_main.c:401
	#1500004577 in main (=5, =33537312)

<not masking anything>
<not masked by anything>

(32) ID #17340145389925048310 with 44 occurences:
Type of modification: fence (unnecessary)
File: src/clht_lb_res.c
Line: 139
assembly.ll line: 14944
 (no allocation info)
Stack: 
Current Thread: 1
Thread 1, Process 0, enabled
		PC:   call void @llvm.x86.sse2.mfence(), !dbg !10978 (op #0=<global const>)
	#000014944 in mfence () at src/clht_lb_res.c:139
	#100013636 in clflush (=272930384, =512, =true) at src/clht_lb_res.c:146
	#200012473 in clht_create (=8) at src/clht_lb_res.c:319
	#300012197 in _Z3runPPc (=185008576) at example-nothread.cpp:81
	#400016765 in __klee_posix_wrapped_main (=2, =185008576) at example-nothread.cpp:204
	#500010304 in __klee_posix_ctor_stub_insert_point (=2, =185008576, =33537360) at runtime/POSIX/./klee_init_env.c:491
	#600010324 in __user_main (=5, =33537312, =33537360) at runtime/POSIX/./klee_init_env.c:499
	#700004410 in __uClibc_main (=32299400, =5, =33537312, =0, =0, =0, =0) at libc/misc/internals/__uClibc_main.c:401
	#800004577 in main (=5, =33537312)

<not masking anything>
<not masked by anything>

(33) ID #12382248070168293471 with 44 occurences:
Type of modification: fence (unnecessary)
File: ../../src/../src/libpmem2/x86_64/init.c
Line: 27
assembly.ll line: 156132
 (no allocation info)
Stack: 
Current Thread: 1
Thread 1, Process 0, enabled
		PC:   call void @llvm.x86.sse.sfence(), !dbg !10981 (op #0=<global const>)
	#000156132 in memory_barrier () at ../../src/../src/libpmem2/x86_64/init.c:27
	#100172184 in pmem_drain () at pmem.c:189
	#200126450 in obj_norep_drain (=268992512) at obj.c:492
	#300111289 in pmemops_drain.1002 (=268999216) at ./pmemops.h:76
	#400111079 in palloc_exec_actions (=268999216, =184498944, =107659776, =1) at palloc.c:559
	#500110086 in palloc_operation (=268999216, =0, =268998656, =128, =110234888, =364019072, =0, =32768, =0, =0, =184498944) at palloc.c:769
	#600131948 in obj_alloc_root (=268992512, =128, =0, =0) at obj.c:2833
	#700131786 in pmemobj_root_construct (=268992512, =128, =0, =0) at obj.c:2887
	#800132141 in pmemobj_root (=268992512, =128) at obj.c:2912
	#900012338 in clht_create (=8) at src/clht_lb_res.c:278
	#1000012197 in _Z3runPPc (=185008576) at example-nothread.cpp:81
	#1100016765 in __klee_posix_wrapped_main (=2, =185008576) at example-nothread.cpp:204
	#1200010304 in __klee_posix_ctor_stub_insert_point (=2, =185008576, =33537360) at runtime/POSIX/./klee_init_env.c:491
	#1300010324 in __user_main (=5, =33537312, =33537360) at runtime/POSIX/./klee_init_env.c:499
	#1400004410 in __uClibc_main (=32299400, =5, =33537312, =0, =0, =0, =0) at libc/misc/internals/__uClibc_main.c:401
	#1500004577 in main (=5, =33537312)

<not masking anything>
<not masked by anything>

(34) ID #12173167636620503433 with 14 occurences:
Type of modification: flush (unnecessary)
File: ../../src/../src/libpmem2/x86_64/flush.h
Line: 48
assembly.ll line: 156098
 allocated at _block_init_pmem_from_file():  %22 = call i8* @klee_pmem_alloc_pmem(i64 %19, i8* %20, i1 zeroext false, i8* %21), !dbg !11010
Stack: 
Current Thread: 1
Thread 1, Process 0, enabled
		PC:   call void @llvm.x86.clwb(i8* %3, i8* %3), !dbg !10984 (op #0=<global const>, op #1=189174976, op #2=189174976)
	#000156098 in pmem_clwb (=189174976) at ../../src/../src/libpmem2/x86_64/flush.h:48
	#100156082 in flush_clwb_nolog (=189174992, =8) at ../../src/../src/libpmem2/x86_64/flush.h:104
	#200155915 in flush_clwb (=189174992, =8) at ../../src/../src/libpmem2/x86_64/init.c:60
	#300172277 in pmem_flush (=189174992, =8) at pmem.c:232
	#400126425 in obj_norep_flush (=185237504, =189174992, =8, =2147483648) at obj.c:478
	#500140137 in pmemops_xflush.1191 (=185244472, =189174992, =8, =2147483648) at ./pmemops.h:64
	#600140091 in tx_flush_range (=310445152, =185237504) at tx.c:403
	#700070320 in ravl_foreach_node (=310445120, =110244616, =185237504, =1) at ../../src/../src/common/ravl.c:81
	#800070309 in ravl_foreach_node (=310506944, =110244616, =185237504, =1) at ../../src/../src/common/ravl.c:79
	#900070272 in ravl_delete_cb (=1152858688, =110244616, =185237504) at ../../src/../src/common/ravl.c:104
	#1000140017 in tx_pre_commit (=83939120) at tx.c:432
	#1100139903 in pmemobj_tx_commit () at tx.c:999
	#1200140545 in pmemobj_tx_process () at tx.c:1101
	#1300014396 in ht_resize_pes (=189174992, =1, =4) at src/clht_lb_res.c:1002
	#1400013958 in ht_status (=189174992, =1, =0) at src/clht_lb_res.c:1112
	#1500013346 in clht_put (=189174992, =32, =32) at src/clht_lb_res.c:597
	#1600012688 in _ZZ3runPPcENK3$_0clEv (=226559776) at example-nothread.cpp:109
	#1700012271 in _Z3runPPc (=184900992) at example-nothread.cpp:114
	#1800016765 in __klee_posix_wrapped_main (=2, =184900992) at example-nothread.cpp:204
	#1900010304 in __klee_posix_ctor_stub_insert_point (=2, =184900992, =33537360) at runtime/POSIX/./klee_init_env.c:491
	#2000010324 in __user_main (=5, =33537312, =33537360) at runtime/POSIX/./klee_init_env.c:499
	#2100004410 in __uClibc_main (=32299400, =5, =33537312, =0, =0, =0, =0) at libc/misc/internals/__uClibc_main.c:401
	#2200004577 in main (=5, =33537312)

<not masking anything>
<not masked by anything>

(35) ID #7057682414861086963 with 66 occurences:
Type of modification: write (unpersisted)
File: src/clht_lb_res.c
Line: 583
assembly.ll line: 13326
 allocated at _block_init_pmem_from_file():  %22 = call i8* @klee_pmem_alloc_pmem(i64 %19, i8* %20, i1 zeroext false, i8* %21), !dbg !11010
Stack: 
Current Thread: 1
Thread 1, Process 0, enabled
		PC:   store volatile i64 %211, i64* %212, align 8, !dbg !11181 (op #0=17, op #1=189175488)
	#000013326 in clht_put (=189174992, =17, =17) at src/clht_lb_res.c:583
	#100012688 in _ZZ3runPPcENK3$_0clEv (=226559776) at example-nothread.cpp:109
	#200012271 in _Z3runPPc (=184900992) at example-nothread.cpp:114
	#300016765 in __klee_posix_wrapped_main (=2, =184900992) at example-nothread.cpp:204
	#400010304 in __klee_posix_ctor_stub_insert_point (=2, =184900992, =33537360) at runtime/POSIX/./klee_init_env.c:491
	#500010324 in __user_main (=5, =33537312, =33537360) at runtime/POSIX/./klee_init_env.c:499
	#600004410 in __uClibc_main (=32299400, =5, =33537312, =0, =0, =0, =0) at libc/misc/internals/__uClibc_main.c:401
	#700004577 in main (=5, =33537312)

<not masking anything>
<not masked by anything>

(36) ID #11153698716495625651 with 44 occurences:
Type of modification: fence (unnecessary)
File: src/clht_lb_res.c
Line: 139
assembly.ll line: 14944
 (no allocation info)
Stack: 
Current Thread: 1
Thread 1, Process 0, enabled
		PC:   call void @llvm.x86.sse2.mfence(), !dbg !10978 (op #0=<global const>)
	#000014944 in mfence () at src/clht_lb_res.c:139
	#100013689 in clflush (=272930384, =512, =true) at src/clht_lb_res.c:159
	#200012473 in clht_create (=8) at src/clht_lb_res.c:319
	#300012197 in _Z3runPPc (=185008576) at example-nothread.cpp:81
	#400016765 in __klee_posix_wrapped_main (=2, =185008576) at example-nothread.cpp:204
	#500010304 in __klee_posix_ctor_stub_insert_point (=2, =185008576, =33537360) at runtime/POSIX/./klee_init_env.c:491
	#600010324 in __user_main (=5, =33537312, =33537360) at runtime/POSIX/./klee_init_env.c:499
	#700004410 in __uClibc_main (=32299400, =5, =33537312, =0, =0, =0, =0) at libc/misc/internals/__uClibc_main.c:401
	#800004577 in main (=5, =33537312)

<not masking anything>
<not masked by anything>

(37) ID #11921407627693528053 with 214 occurences:
Type of modification: write (unpersisted)
File: obj.c
Line: 996
assembly.ll line: 126858
 allocated at _block_init_pmem_from_file():  %22 = call i8* @klee_pmem_alloc_pmem(i64 %19, i8* %20, i1 zeroext false, i8* %21), !dbg !11010
Stack: 
Current Thread: 1
Thread 1, Process 0, enabled
		PC:   store i32 (%struct.pmemobjpool*, i8*, i64, i32, i32)* null, i32 (%struct.pmemobjpool*, i8*, i64, i32, i32)** %16, align 8, !dbg !10995 (op #0=<global const>, op #1=268999664)
	#000126858 in obj_replica_init_local (=268992512, =1, =16777216) at obj.c:996
	#100124385 in obj_replica_init (=268992512, =226760672, =0, =0) at obj.c:1139
	#200128139 in obj_replicas_init (=226760672) at obj.c:1631
	#300127793 in obj_open_common (=182616736, =132560528, =0, =1) at obj.c:1724
	#400127730 in pmemobj_openU (=182616736, =132560528) at obj.c:1798
	#500127695 in pmemobj_open (=182616736, =132560528) at obj.c:1811
	#600012316 in clht_create (=8) at src/clht_lb_res.c:265
	#700012197 in _Z3runPPc (=185008576) at example-nothread.cpp:81
	#800016765 in __klee_posix_wrapped_main (=2, =185008576) at example-nothread.cpp:204
	#900010304 in __klee_posix_ctor_stub_insert_point (=2, =185008576, =33537360) at runtime/POSIX/./klee_init_env.c:491
	#1000010324 in __user_main (=5, =33537312, =33537360) at runtime/POSIX/./klee_init_env.c:499
	#1100004410 in __uClibc_main (=32299400, =5, =33537312, =0, =0, =0, =0) at libc/misc/internals/__uClibc_main.c:401
	#1200004577 in main (=5, =33537312)

<not masking anything>
<not masked by anything>

(38) ID #3389528451009009003 with 214 occurences:
Type of modification: write (unpersisted)
File: obj.c
Line: 1111
assembly.ll line: 124282
 allocated at _block_init_pmem_from_file():  %22 = call i8* @klee_pmem_alloc_pmem(i64 %19, i8* %20, i1 zeroext false, i8* %21), !dbg !11010
Stack: 
Current Thread: 1
Thread 1, Process 0, enabled
		PC:   store i32 (i8*, i8*, i64, i32)* @obj_norep_flush, i32 (i8*, i8*, i64, i32)** %57, align 8, !dbg !11045 (op #0=<global const>, op #1=268999488)
	#000124282 in obj_replica_init (=268992512, =226760672, =0, =0) at obj.c:1111
	#100128139 in obj_replicas_init (=226760672) at obj.c:1631
	#200127793 in obj_open_common (=182616736, =132560528, =0, =1) at obj.c:1724
	#300127730 in pmemobj_openU (=182616736, =132560528) at obj.c:1798
	#400127695 in pmemobj_open (=182616736, =132560528) at obj.c:1811
	#500012316 in clht_create (=8) at src/clht_lb_res.c:265
	#600012197 in _Z3runPPc (=185008576) at example-nothread.cpp:81
	#700016765 in __klee_posix_wrapped_main (=2, =185008576) at example-nothread.cpp:204
	#800010304 in __klee_posix_ctor_stub_insert_point (=2, =185008576, =33537360) at runtime/POSIX/./klee_init_env.c:491
	#900010324 in __user_main (=5, =33537312, =33537360) at runtime/POSIX/./klee_init_env.c:499
	#1000004410 in __uClibc_main (=32299400, =5, =33537312, =0, =0, =0, =0) at libc/misc/internals/__uClibc_main.c:401
	#1100004577 in main (=5, =33537312)

<not masking anything>
<not masked by anything>

(39) ID #1770089889660382858 with 21884 occurences:
Type of modification: fence (unnecessary)
File: src/clht_lb_res.c
Line: 139
assembly.ll line: 14944
 (no allocation info)
Stack: 
Current Thread: 1
Thread 1, Process 0, enabled
		PC:   call void @llvm.x86.sse2.mfence(), !dbg !10978 (op #0=<global const>)
	#000014944 in mfence () at src/clht_lb_res.c:139
	#100013689 in clflush (=389172352, =8, =true) at src/clht_lb_res.c:159
	#200013285 in clht_put (=189174992, =25, =25) at src/clht_lb_res.c:559
	#300012688 in _ZZ3runPPcENK3$_0clEv (=226559776) at example-nothread.cpp:109
	#400012271 in _Z3runPPc (=184900992) at example-nothread.cpp:114
	#500016765 in __klee_posix_wrapped_main (=2, =184900992) at example-nothread.cpp:204
	#600010304 in __klee_posix_ctor_stub_insert_point (=2, =184900992, =33537360) at runtime/POSIX/./klee_init_env.c:491
	#700010324 in __user_main (=5, =33537312, =33537360) at runtime/POSIX/./klee_init_env.c:499
	#800004410 in __uClibc_main (=32299400, =5, =33537312, =0, =0, =0, =0) at libc/misc/internals/__uClibc_main.c:401
	#900004577 in main (=5, =33537312)

<not masking anything>
<not masked by anything>

(40) ID #13420950018964090923 with 214 occurences:
Type of modification: write (unpersisted)
File: sync.c
Line: 48
assembly.ll line: 118163
 allocated at _block_init_pmem_from_file():  %22 = call i8* @klee_pmem_alloc_pmem(i64 %19, i8* %20, i1 zeroext false, i8* %21), !dbg !11010
Stack: 
Current Thread: 1
Thread 1, Process 0, enabled
		PC:   store i64 %32, i64* %26, !dbg !11018 (op #0=5, op #1=268999560)
	#000118163 in _get_value (=6, =268999560, =268999568, =0, =79811208) at sync.c:48
	#100118089 in get_mutex (=268992512, =268999560) at sync.c:91
	#200117221 in pmemobj_mutex_lock (=268992512, =268999560) at sync.c:201
	#300131856 in pmemobj_mutex_lock_nofail (=268992512, =268999560) at ./sync.h:84
	#400131773 in pmemobj_root_construct (=268992512, =128, =0, =0) at obj.c:2884
	#500132141 in pmemobj_root (=268992512, =128) at obj.c:2912
	#600012338 in clht_create (=8) at src/clht_lb_res.c:278
	#700012197 in _Z3runPPc (=185008576) at example-nothread.cpp:81
	#800016765 in __klee_posix_wrapped_main (=2, =185008576) at example-nothread.cpp:204
	#900010304 in __klee_posix_ctor_stub_insert_point (=2, =185008576, =33537360) at runtime/POSIX/./klee_init_env.c:491
	#1000010324 in __user_main (=5, =33537312, =33537360) at runtime/POSIX/./klee_init_env.c:499
	#1100004410 in __uClibc_main (=32299400, =5, =33537312, =0, =0, =0, =0) at libc/misc/internals/__uClibc_main.c:401
	#1200004577 in main (=5, =33537312)

<not masking anything>
<not masked by anything>

(41) ID #18057018989852005548 with 44 occurences:
Type of modification: flush (never modified)
File: src/clht_lb_res.c
Line: 154
assembly.ll line: 13661
 allocated at _block_init_pmem_from_file():  %22 = call i8* @klee_pmem_alloc_pmem(i64 %19, i8* %20, i1 zeroext false, i8* %21), !dbg !11010
Stack: 
Current Thread: 1
Thread 1, Process 0, enabled
		PC:   call void @llvm.x86.clwb(i8* %32, i8* %32), !dbg !11016 (op #0=<global const>, op #1=272930304, op #2=272930304)
	#000013661 in clflush (=272930192, =128, =true) at src/clht_lb_res.c:154
	#100012476 in clht_create (=8) at src/clht_lb_res.c:320
	#200012197 in _Z3runPPc (=185008576) at example-nothread.cpp:81
	#300016765 in __klee_posix_wrapped_main (=2, =185008576) at example-nothread.cpp:204
	#400010304 in __klee_posix_ctor_stub_insert_point (=2, =185008576, =33537360) at runtime/POSIX/./klee_init_env.c:491
	#500010324 in __user_main (=5, =33537312, =33537360) at runtime/POSIX/./klee_init_env.c:499
	#600004410 in __uClibc_main (=32299400, =5, =33537312, =0, =0, =0, =0) at libc/misc/internals/__uClibc_main.c:401
	#700004577 in main (=5, =33537312)

<not masking anything>
<not masked by anything>

(42) ID #18065774760443320815 with 120 occurences:
Type of modification: write (unpersisted)
File: libc/string/memcpy.c
Line: 29
assembly.ll line: 11940
 allocated at _block_init_pmem_from_file():  %22 = call i8* @klee_pmem_alloc_pmem(i64 %19, i8* %20, i1 zeroext false, i8* %21), !dbg !11010
Stack: 
Current Thread: 1
Thread 1, Process 0, enabled
		PC:   store i8 %17, i8* %18, align 1, !dbg !10998 (op #0=1, op #1=272147904)
	#000011940 in memcpy (=272147904, =184545680, =8) at libc/string/memcpy.c:29
	#100061416 in huge_write_footer (=272147528, =48) at memblock.c:1136
	#200062313 in memblock_huge_init (=482069792, =268999216, =1, =0, =48) at memblock.c:1310
	#300105887 in heap_split_block (=268999216, =401634656, =444641552, =1) at heap.c:961
	#400105316 in heap_get_bestfit_block (=268999216, =401634656, =444641552) at heap.c:995
	#500105551 in heap_ensure_run_bucket_filled (=268999216, =401636960, =1) at heap.c:884
	#600105251 in heap_get_bestfit_block (=268999216, =401636960, =107659816) at heap.c:987
	#700110805 in palloc_reservation_create (=268999216, =128, =110234888, =364019072, =0, =32768, =0, =0, =107659776) at palloc.c:218
	#800109956 in palloc_operation (=268999216, =0, =268998656, =128, =110234888, =364019072, =0, =32768, =0, =0, =184498944) at palloc.c:732
	#900131948 in obj_alloc_root (=268992512, =128, =0, =0) at obj.c:2833
	#1000131786 in pmemobj_root_construct (=268992512, =128, =0, =0) at obj.c:2887
	#1100132141 in pmemobj_root (=268992512, =128) at obj.c:2912
	#1200012338 in clht_create (=8) at src/clht_lb_res.c:278
	#1300012197 in _Z3runPPc (=185008576) at example-nothread.cpp:81
	#1400016765 in __klee_posix_wrapped_main (=2, =185008576) at example-nothread.cpp:204
	#1500010304 in __klee_posix_ctor_stub_insert_point (=2, =185008576, =33537360) at runtime/POSIX/./klee_init_env.c:491
	#1600010324 in __user_main (=5, =33537312, =33537360) at runtime/POSIX/./klee_init_env.c:499
	#1700004410 in __uClibc_main (=32299400, =5, =33537312, =0, =0, =0, =0) at libc/misc/internals/__uClibc_main.c:401
	#1800004577 in main (=5, =33537312)

<not masking anything>
May be masked by:
	ID #13721922311598932506

(43) ID #15918024614077961660 with 14 occurences:
Type of modification: flush (never modified)
File: src/clht_lb_res.c
Line: 154
assembly.ll line: 13661
 allocated at _block_init_pmem_from_file():  %22 = call i8* @klee_pmem_alloc_pmem(i64 %19, i8* %20, i1 zeroext false, i8* %21), !dbg !11010
Stack: 
Current Thread: 1
Thread 1, Process 0, enabled
		PC:   call void @llvm.x86.clwb(i8* %32, i8* %32), !dbg !11016 (op #0=<global const>, op #1=189176064, op #2=189176064)
	#000013661 in clflush (=189175952, =128, =false) at src/clht_lb_res.c:154
	#100014301 in ht_resize_pes (=189174992, =1, =4) at src/clht_lb_res.c:895
	#200013958 in ht_status (=189174992, =1, =0) at src/clht_lb_res.c:1112
	#300013346 in clht_put (=189174992, =32, =32) at src/clht_lb_res.c:597
	#400012688 in _ZZ3runPPcENK3$_0clEv (=226559776) at example-nothread.cpp:109
	#500012271 in _Z3runPPc (=184900992) at example-nothread.cpp:114
	#600016765 in __klee_posix_wrapped_main (=2, =184900992) at example-nothread.cpp:204
	#700010304 in __klee_posix_ctor_stub_insert_point (=2, =184900992, =33537360) at runtime/POSIX/./klee_init_env.c:491
	#800010324 in __user_main (=5, =33537312, =33537360) at runtime/POSIX/./klee_init_env.c:499
	#900004410 in __uClibc_main (=32299400, =5, =33537312, =0, =0, =0, =0) at libc/misc/internals/__uClibc_main.c:401
	#1000004577 in main (=5, =33537312)

<not masking anything>
<not masked by anything>

(44) ID #10133653895162253164 with 28 occurences:
Type of modification: flush (unnecessary)
File: ../../src/../src/libpmem2/x86_64/flush.h
Line: 48
assembly.ll line: 156098
 allocated at _block_init_pmem_from_file():  %22 = call i8* @klee_pmem_alloc_pmem(i64 %19, i8* %20, i1 zeroext false, i8* %21), !dbg !11010
Stack: 
Current Thread: 1
Thread 1, Process 0, enabled
		PC:   call void @llvm.x86.clwb(i8* %3, i8* %3), !dbg !10984 (op #0=<global const>, op #1=189175936, op #2=189175936)
	#000156098 in pmem_clwb (=189175936) at ../../src/../src/libpmem2/x86_64/flush.h:48
	#100156082 in flush_clwb_nolog (=189175952, =176) at ../../src/../src/libpmem2/x86_64/flush.h:104
	#200155915 in flush_clwb (=189175952, =176) at ../../src/../src/libpmem2/x86_64/init.c:60
	#300172277 in pmem_flush (=189175952, =176) at pmem.c:232
	#400126425 in obj_norep_flush (=185237504, =189175952, =176, =2147483648) at obj.c:478
	#500140137 in pmemops_xflush.1191 (=185244472, =189175952, =176, =2147483648) at ./pmemops.h:64
	#600140091 in tx_flush_range (=310506976, =185237504) at tx.c:403
	#700070320 in ravl_foreach_node (=310506944, =110244616, =185237504, =1) at ../../src/../src/common/ravl.c:81
	#800070272 in ravl_delete_cb (=1152858688, =110244616, =185237504) at ../../src/../src/common/ravl.c:104
	#900140017 in tx_pre_commit (=83939120) at tx.c:432
	#1000139903 in pmemobj_tx_commit () at tx.c:999
	#1100140545 in pmemobj_tx_process () at tx.c:1101
	#1200014396 in ht_resize_pes (=189174992, =1, =4) at src/clht_lb_res.c:1002
	#1300013958 in ht_status (=189174992, =1, =0) at src/clht_lb_res.c:1112
	#1400013346 in clht_put (=189174992, =32, =32) at src/clht_lb_res.c:597
	#1500012688 in _ZZ3runPPcENK3$_0clEv (=226559776) at example-nothread.cpp:109
	#1600012271 in _Z3runPPc (=184900992) at example-nothread.cpp:114
	#1700016765 in __klee_posix_wrapped_main (=2, =184900992) at example-nothread.cpp:204
	#1800010304 in __klee_posix_ctor_stub_insert_point (=2, =184900992, =33537360) at runtime/POSIX/./klee_init_env.c:491
	#1900010324 in __user_main (=5, =33537312, =33537360) at runtime/POSIX/./klee_init_env.c:499
	#2000004410 in __uClibc_main (=32299400, =5, =33537312, =0, =0, =0, =0) at libc/misc/internals/__uClibc_main.c:401
	#2100004577 in main (=5, =33537312)

<not masking anything>
<not masked by anything>

(45) ID #12672492143655707883 with 120 occurences:
Type of modification: write (unpersisted)
File: libc/string/memcpy.c
Line: 29
assembly.ll line: 11940
 allocated at _block_init_pmem_from_file():  %22 = call i8* @klee_pmem_alloc_pmem(i64 %19, i8* %20, i1 zeroext false, i8* %21), !dbg !11010
Stack: 
Current Thread: 1
Thread 1, Process 0, enabled
		PC:   store i8 %17, i8* %18, align 1, !dbg !10998 (op #0=1, op #1=272933952)
	#000011940 in memcpy (=272933952, =482069792, =40) at libc/string/memcpy.c:29
	#100102354 in container_ravl_insert_block (=425241984, =482069792) at container_ravl.c:60
	#200056970 in bucket_insert_block (=401634656, =482069792) at bucket.c:75
	#300105889 in heap_split_block (=268999216, =401634656, =444641552, =1) at heap.c:964
	#400105316 in heap_get_bestfit_block (=268999216, =401634656, =444641552) at heap.c:995
	#500105551 in heap_ensure_run_bucket_filled (=268999216, =401636960, =1) at heap.c:884
	#600105251 in heap_get_bestfit_block (=268999216, =401636960, =107659816) at heap.c:987
	#700110805 in palloc_reservation_create (=268999216, =128, =110234888, =364019072, =0, =32768, =0, =0, =107659776) at palloc.c:218
	#800109956 in palloc_operation (=268999216, =0, =268998656, =128, =110234888, =364019072, =0, =32768, =0, =0, =184498944) at palloc.c:732
	#900131948 in obj_alloc_root (=268992512, =128, =0, =0) at obj.c:2833
	#1000131786 in pmemobj_root_construct (=268992512, =128, =0, =0) at obj.c:2887
	#1100132141 in pmemobj_root (=268992512, =128) at obj.c:2912
	#1200012338 in clht_create (=8) at src/clht_lb_res.c:278
	#1300012197 in _Z3runPPc (=185008576) at example-nothread.cpp:81
	#1400016765 in __klee_posix_wrapped_main (=2, =185008576) at example-nothread.cpp:204
	#1500010304 in __klee_posix_ctor_stub_insert_point (=2, =185008576, =33537360) at runtime/POSIX/./klee_init_env.c:491
	#1600010324 in __user_main (=5, =33537312, =33537360) at runtime/POSIX/./klee_init_env.c:499
	#1700004410 in __uClibc_main (=32299400, =5, =33537312, =0, =0, =0, =0) at libc/misc/internals/__uClibc_main.c:401
	#1800004577 in main (=5, =33537312)

<not masking anything>
May be masked by:
	ID #8898276398585204034

(46) ID #9823436702728972795 with 44156 occurences:
Type of modification: fence (unnecessary)
File: src/clht_lb_res.c
Line: 139
assembly.ll line: 14944
 (no allocation info)
Stack: 
Current Thread: 1
Thread 1, Process 0, enabled
		PC:   call void @llvm.x86.sse2.mfence(), !dbg !10978 (op #0=<global const>)
	#000014944 in mfence () at src/clht_lb_res.c:139
	#100013636 in clflush (=189175448, =8, =true) at src/clht_lb_res.c:146
	#200013332 in clht_put (=189174992, =1, =1) at src/clht_lb_res.c:589
	#300012688 in _ZZ3runPPcENK3$_0clEv (=226559776) at example-nothread.cpp:109
	#400012271 in _Z3runPPc (=184900992) at example-nothread.cpp:114
	#500016765 in __klee_posix_wrapped_main (=2, =184900992) at example-nothread.cpp:204
	#600010304 in __klee_posix_ctor_stub_insert_point (=2, =184900992, =33537360) at runtime/POSIX/./klee_init_env.c:491
	#700010324 in __user_main (=5, =33537312, =33537360) at runtime/POSIX/./klee_init_env.c:499
	#800004410 in __uClibc_main (=32299400, =5, =33537312, =0, =0, =0, =0) at libc/misc/internals/__uClibc_main.c:401
	#900004577 in main (=5, =33537312)

<not masking anything>
<not masked by anything>

(47) ID #12621417865727874305 with 21884 occurences:
Type of modification: fence (unnecessary)
File: src/clht_lb_res.c
Line: 139
assembly.ll line: 14944
 (no allocation info)
Stack: 
Current Thread: 1
Thread 1, Process 0, enabled
		PC:   call void @llvm.x86.sse2.mfence(), !dbg !10978 (op #0=<global const>)
	#000014944 in mfence () at src/clht_lb_res.c:139
	#100013636 in clflush (=189433168, =64, =true) at src/clht_lb_res.c:146
	#200013261 in clht_put (=189174992, =25, =25) at src/clht_lb_res.c:556
	#300012688 in _ZZ3runPPcENK3$_0clEv (=226559776) at example-nothread.cpp:109
	#400012271 in _Z3runPPc (=184900992) at example-nothread.cpp:114
	#500016765 in __klee_posix_wrapped_main (=2, =184900992) at example-nothread.cpp:204
	#600010304 in __klee_posix_ctor_stub_insert_point (=2, =184900992, =33537360) at runtime/POSIX/./klee_init_env.c:491
	#700010324 in __user_main (=5, =33537312, =33537360) at runtime/POSIX/./klee_init_env.c:499
	#800004410 in __uClibc_main (=32299400, =5, =33537312, =0, =0, =0, =0) at libc/misc/internals/__uClibc_main.c:401
	#900004577 in main (=5, =33537312)

<not masking anything>
<not masked by anything>

(48) ID #17297584469513853892 with 128 occurences:
Type of modification: write (unpersisted)
File: src/clht_gc.c
Line: 58
assembly.ll line: 12963
 allocated at _block_init_pmem_from_file():  %22 = call i8* @klee_pmem_alloc_pmem(i64 %19, i8* %20, i1 zeroext false, i8* %21), !dbg !11010
Stack: 
Current Thread: 1
Thread 1, Process 0, enabled
		PC:   store i64 %70, i64* %59, !dbg !11044 (op #0=483718784, op #1=272930072)
	#000012963 in clht_gc_thread_init (=272930000, =0) at src/clht_gc.c:58
	#100012660 in _ZZ3runPPcENK3$_0clEv (=310232288) at example-nothread.cpp:103
	#200012271 in _Z3runPPc (=185008576) at example-nothread.cpp:114
	#300016765 in __klee_posix_wrapped_main (=2, =185008576) at example-nothread.cpp:204
	#400010304 in __klee_posix_ctor_stub_insert_point (=2, =185008576, =33537360) at runtime/POSIX/./klee_init_env.c:491
	#500010324 in __user_main (=5, =33537312, =33537360) at runtime/POSIX/./klee_init_env.c:499
	#600004410 in __uClibc_main (=32299400, =5, =33537312, =0, =0, =0, =0) at libc/misc/internals/__uClibc_main.c:401
	#700004577 in main (=5, =33537312)

<not masking anything>
May be masked by:
	ID #15232494133669385416

(49) ID #5387933877358678978 with 21884 occurences:
Type of modification: fence (unnecessary)
File: src/clht_lb_res.c
Line: 139
assembly.ll line: 14944
 (no allocation info)
Stack: 
Current Thread: 1
Thread 1, Process 0, enabled
		PC:   call void @llvm.x86.sse2.mfence(), !dbg !10978 (op #0=<global const>)
	#000014944 in mfence () at src/clht_lb_res.c:139
	#100013689 in clflush (=189433168, =64, =true) at src/clht_lb_res.c:159
	#200013261 in clht_put (=189174992, =25, =25) at src/clht_lb_res.c:556
	#300012688 in _ZZ3runPPcENK3$_0clEv (=226559776) at example-nothread.cpp:109
	#400012271 in _Z3runPPc (=184900992) at example-nothread.cpp:114
	#500016765 in __klee_posix_wrapped_main (=2, =184900992) at example-nothread.cpp:204
	#600010304 in __klee_posix_ctor_stub_insert_point (=2, =184900992, =33537360) at runtime/POSIX/./klee_init_env.c:491
	#700010324 in __user_main (=5, =33537312, =33537360) at runtime/POSIX/./klee_init_env.c:499
	#800004410 in __uClibc_main (=32299400, =5, =33537312, =0, =0, =0, =0) at libc/misc/internals/__uClibc_main.c:401
	#900004577 in main (=5, =33537312)

<not masking anything>
<not masked by anything>

(50) ID #5453489577919774388 with 214 occurences:
Type of modification: write (unpersisted)
File: lane.c
Line: 520
assembly.ll line: 115342
 allocated at _block_init_pmem_from_file():  %22 = call i8* @klee_pmem_alloc_pmem(i64 %19, i8* %20, i1 zeroext false, i8* %21), !dbg !11010
Stack: 
Current Thread: 1
Thread 1, Process 0, enabled
		PC:   store i32 %62, i32* %60, !dbg !11014 (op #0=8, op #1=268999364)
	#000115342 in lane_hold (=268992512, =183172376) at lane.c:520
	#100109807 in pmalloc_operation_hold_type (=268992512, =1, =1) at pmalloc.c:46
	#200129469 in pmalloc_operation_hold (=268992512) at pmalloc.c:73
	#300131929 in obj_alloc_root (=268992512, =128, =0, =0) at obj.c:2829
	#400131786 in pmemobj_root_construct (=268992512, =128, =0, =0) at obj.c:2887
	#500132141 in pmemobj_root (=268992512, =128) at obj.c:2912
	#600012338 in clht_create (=8) at src/clht_lb_res.c:278
	#700012197 in _Z3runPPc (=185008576) at example-nothread.cpp:81
	#800016765 in __klee_posix_wrapped_main (=2, =185008576) at example-nothread.cpp:204
	#900010304 in __klee_posix_ctor_stub_insert_point (=2, =185008576, =33537360) at runtime/POSIX/./klee_init_env.c:491
	#1000010324 in __user_main (=5, =33537312, =33537360) at runtime/POSIX/./klee_init_env.c:499
	#1100004410 in __uClibc_main (=32299400, =5, =33537312, =0, =0, =0, =0) at libc/misc/internals/__uClibc_main.c:401
	#1200004577 in main (=5, =33537312)

<not masking anything>
<not masked by anything>

(51) ID #964088389122256458 with 21884 occurences:
Type of modification: fence (unnecessary)
File: src/clht_lb_res.c
Line: 139
assembly.ll line: 14944
 (no allocation info)
Stack: 
Current Thread: 1
Thread 1, Process 0, enabled
		PC:   call void @llvm.x86.sse2.mfence(), !dbg !10978 (op #0=<global const>)
	#000014944 in mfence () at src/clht_lb_res.c:139
	#100013636 in clflush (=389172352, =8, =true) at src/clht_lb_res.c:146
	#200013285 in clht_put (=189174992, =25, =25) at src/clht_lb_res.c:559
	#300012688 in _ZZ3runPPcENK3$_0clEv (=226559776) at example-nothread.cpp:109
	#400012271 in _Z3runPPc (=184900992) at example-nothread.cpp:114
	#500016765 in __klee_posix_wrapped_main (=2, =184900992) at example-nothread.cpp:204
	#600010304 in __klee_posix_ctor_stub_insert_point (=2, =184900992, =33537360) at runtime/POSIX/./klee_init_env.c:491
	#700010324 in __user_main (=5, =33537312, =33537360) at runtime/POSIX/./klee_init_env.c:499
	#800004410 in __uClibc_main (=32299400, =5, =33537312, =0, =0, =0, =0) at libc/misc/internals/__uClibc_main.c:401
	#900004577 in main (=5, =33537312)

<not masking anything>
<not masked by anything>
