Persistent Memory Bugs:
	Number of bugs: 9
		Number of unpersisted write bugs (correctness): 0
		Number of extra flush bugs (performance): 2
		Number of flushes to untouched memory (performance): 2
		Number of fences with nothing to commit (performance): 5
	Overall bug occurences: 689216
		Number of unpersisted write occurences (correctness): 0
		Number of extra flush occurences (performance): 48
		Number of untouched memory flush occurences (performance): 689088
		Number of occurence of fences with nothing to commit (performance): 80

(1) ID #6691424224931655346 with 16 occurences:
Type of modification: fence (unnecessary)
File: ../../src/../src/libpmem2/x86_64/init.c
Line: 27
assembly.ll line: 148999
 (no allocation info)
Stack: 
Current Thread: 1
Thread 1, Process 0, enabled
		PC:   call void @llvm.x86.sse.sfence(), !dbg !8365 (op #0=<global const>)
	#000148999 in memory_barrier () at ../../src/../src/libpmem2/x86_64/init.c:27
	#100165051 in pmem_drain () at pmem.c:189
	#200165171 in pmem_persist (=156075472, =72) at pmem.c:244
	#300116605 in obj_norep_persist (=152141824, =156075472, =72, =0) at obj.c:464
	#400115730 in pmemops_xpersist.865 (=152148792, =156075472, =72, =0) at ./pmemops.h:51
	#500115255 in pmemops_persist.846 (=152148792, =156075472, =72) at ./pmemops.h:57
	#600121519 in pmemobj_persist (=152141824, =156075472, =72) at obj.c:2724
	#700014699 in create_hashmap (=152141824, =16854007218659697144, =3933648, =0) at nvmbugs/hashmap_atomic/hashmap_atomic.c:150
	#800014524 in hm_atomic_create (=152141824, =156075344, =0) at nvmbugs/hashmap_atomic/hashmap_atomic.c:443
	#900011140 in map_hm_atomic_create (=152141824, =156075344, =0) at nvmbugs/hashmap_atomic/map_hashmap_atomic.c:87
	#1000015506 in map_create (=263169152, =156075344, =0) at nvmbugs/hashmap_atomic/map.c:84
	#1100014984 in __klee_posix_wrapped_main (=3, =151729248) at nvmbugs/hashmap_atomic/driver.c:150
	#1200009362 in __klee_posix_ctor_stub_insert_point (=3, =151729248, =71441920) at runtime/POSIX/./klee_init_env.c:491
	#1300009382 in __user_main (=7, =71441856, =71441920) at runtime/POSIX/./klee_init_env.c:499
	#1400003468 in __uClibc_main (=43566088, =7, =71441856, =0, =0, =0, =0) at libc/misc/internals/__uClibc_main.c:401
	#1500003635 in main (=7, =71441856)

<not masking anything>
<not masked by anything>

(2) ID #11495207753538205003 with 32 occurences:
Type of modification: flush (unnecessary)
File: ../../src/../src/libpmem2/x86_64/flush.h
Line: 48
assembly.ll line: 148965
 allocated at _block_init_pmem():  %24 = call i8* @klee_pmem_alloc_pmem(i64 %20, i8* %21, i1 zeroext %23, i8* null), !dbg !8395
Stack: 
Current Thread: 1
Thread 1, Process 0, enabled
		PC:   call void @llvm.x86.clwb(i8* %3, i8* %3), !dbg !8368 (op #0=<global const>, op #1=156075456, op #2=156075456)
	#000148965 in pmem_clwb (=156075456) at ../../src/../src/libpmem2/x86_64/flush.h:48
	#100148949 in flush_clwb_nolog (=156075472, =72) at ../../src/../src/libpmem2/x86_64/flush.h:104
	#200148782 in flush_clwb (=156075472, =72) at ../../src/../src/libpmem2/x86_64/init.c:60
	#300165144 in pmem_flush (=156075472, =72) at pmem.c:232
	#400165170 in pmem_persist (=156075472, =72) at pmem.c:243
	#500116605 in obj_norep_persist (=152141824, =156075472, =72, =0) at obj.c:464
	#600115730 in pmemops_xpersist.865 (=152148792, =156075472, =72, =0) at ./pmemops.h:51
	#700115255 in pmemops_persist.846 (=152148792, =156075472, =72) at ./pmemops.h:57
	#800121519 in pmemobj_persist (=152141824, =156075472, =72) at obj.c:2724
	#900014699 in create_hashmap (=152141824, =16854007218659697144, =3933648, =0) at nvmbugs/hashmap_atomic/hashmap_atomic.c:150
	#1000014524 in hm_atomic_create (=152141824, =156075344, =0) at nvmbugs/hashmap_atomic/hashmap_atomic.c:443
	#1100011140 in map_hm_atomic_create (=152141824, =156075344, =0) at nvmbugs/hashmap_atomic/map_hashmap_atomic.c:87
	#1200015506 in map_create (=263169152, =156075344, =0) at nvmbugs/hashmap_atomic/map.c:84
	#1300014984 in __klee_posix_wrapped_main (=3, =151729248) at nvmbugs/hashmap_atomic/driver.c:150
	#1400009362 in __klee_posix_ctor_stub_insert_point (=3, =151729248, =71441920) at runtime/POSIX/./klee_init_env.c:491
	#1500009382 in __user_main (=7, =71441856, =71441920) at runtime/POSIX/./klee_init_env.c:499
	#1600003468 in __uClibc_main (=43566088, =7, =71441856, =0, =0, =0, =0) at libc/misc/internals/__uClibc_main.c:401
	#1700003635 in main (=7, =71441856)

<not masking anything>
<not masked by anything>

(3) ID #2794578359057067083 with 688128 occurences:
Type of modification: flush (never modified)
File: ../../src/../src/libpmem2/x86_64/flush.h
Line: 48
assembly.ll line: 148965
 allocated at _block_init_pmem():  %24 = call i8* @klee_pmem_alloc_pmem(i64 %20, i8* %21, i1 zeroext %23, i8* null), !dbg !8395
Stack: 
Current Thread: 1
Thread 1, Process 0, enabled
		PC:   call void @llvm.x86.clwb(i8* %3, i8* %3), !dbg !8368 (op #0=<global const>, op #1=152150144, op #2=152150144)
	#000148965 in pmem_clwb (=152150144) at ../../src/../src/libpmem2/x86_64/flush.h:48
	#100148949 in flush_clwb_nolog (=152150016, =3145728) at ../../src/../src/libpmem2/x86_64/flush.h:104
	#200148782 in flush_clwb (=152150016, =3145728) at ../../src/../src/libpmem2/x86_64/init.c:60
	#300165144 in pmem_flush (=152150016, =3145728) at pmem.c:232
	#400165170 in pmem_persist (=152150016, =3145728) at pmem.c:243
	#500116605 in obj_norep_persist (=152141824, =152150016, =3145728, =2147483648) at obj.c:464
	#600106392 in pmemops_xpersist.664 (=152148792, =152150016, =3145728, =2147483648) at ./pmemops.h:51
	#700106365 in lane_init_data (=152141824) at lane.c:320
	#800114725 in obj_descr_create (=152141824, =149390096, =8388608) at obj.c:887
	#900114270 in pmemobj_createU (=111116808, =149390096, =8388608, =438) at obj.c:1382
	#1000113991 in pmemobj_create (=111116808, =149390096, =8388608, =438) at obj.c:1423
	#1100014826 in __klee_posix_wrapped_main (=3, =151729248) at nvmbugs/hashmap_atomic/driver.c:125
	#1200009362 in __klee_posix_ctor_stub_insert_point (=3, =151729248, =71441920) at runtime/POSIX/./klee_init_env.c:491
	#1300009382 in __user_main (=7, =71441856, =71441920) at runtime/POSIX/./klee_init_env.c:499
	#1400003468 in __uClibc_main (=43566088, =7, =71441856, =0, =0, =0, =0) at libc/misc/internals/__uClibc_main.c:401
	#1500003635 in main (=7, =71441856)

<not masking anything>
<not masked by anything>

(4) ID #6030129449063587821 with 960 occurences:
Type of modification: flush (never modified)
File: ../../src/../src/libpmem2/x86_64/flush.h
Line: 48
assembly.ll line: 148965
 allocated at _block_init_pmem():  %24 = call i8* @klee_pmem_alloc_pmem(i64 %20, i8* %21, i1 zeroext %23, i8* null), !dbg !8395
Stack: 
Current Thread: 1
Thread 1, Process 0, enabled
		PC:   call void @llvm.x86.clwb(i8* %3, i8* %3), !dbg !8368 (op #0=<global const>, op #1=152142016, op #2=152142016)
	#000148965 in pmem_clwb (=152142016) at ../../src/../src/libpmem2/x86_64/flush.h:48
	#100148949 in flush_clwb_nolog (=152141824, =4096) at ../../src/../src/libpmem2/x86_64/flush.h:104
	#200148782 in flush_clwb (=152141824, =4096) at ../../src/../src/libpmem2/x86_64/init.c:60
	#300165144 in pmem_flush (=152141824, =4096) at pmem.c:232
	#400165170 in pmem_persist (=152141824, =4096) at pmem.c:243
	#500081355 in util_persist (=1, =152141824, =4096) at ../common/util_pmem.h:27
	#600081323 in util_persist_auto (=1, =152141824, =4096) at ../common/util_pmem.h:40
	#700080843 in util_header_create (=174383264, =0, =0, =73886448, =0) at ../../src/../src/common/set.c:2326
	#800084061 in util_replica_init_headers_local (=174383264, =0, =1, =73886448) at ../../src/../src/common/set.c:2777
	#900083935 in util_replica_create_local (=174383264, =0, =1, =73886448) at ../../src/../src/common/set.c:2823
	#1000082438 in util_pool_create_uuids (=151248272, =111116808, =8388608, =8388608, =2097152, =73886448, =151244560, =1, =0) at ../../src/../src/common/set.c:3313
	#1100084343 in util_pool_create (=151248272, =111116808, =8388608, =8388608, =2097152, =73886448, =151244560, =1) at ../../src/../src/common/set.c:3356
	#1200114087 in pmemobj_createU (=111116808, =149390096, =8388608, =438) at obj.c:1343
	#1300113991 in pmemobj_create (=111116808, =149390096, =8388608, =438) at obj.c:1423
	#1400014826 in __klee_posix_wrapped_main (=3, =151729248) at nvmbugs/hashmap_atomic/driver.c:125
	#1500009362 in __klee_posix_ctor_stub_insert_point (=3, =151729248, =71441920) at runtime/POSIX/./klee_init_env.c:491
	#1600009382 in __user_main (=7, =71441856, =71441920) at runtime/POSIX/./klee_init_env.c:499
	#1700003468 in __uClibc_main (=43566088, =7, =71441856, =0, =0, =0, =0) at libc/misc/internals/__uClibc_main.c:401
	#1800003635 in main (=7, =71441856)

<not masking anything>
<not masked by anything>

(5) ID #8350925778884008007 with 16 occurences:
Type of modification: fence (unnecessary)
File: ../../src/../src/libpmem2/x86_64/init.c
Line: 27
assembly.ll line: 148999
 (no allocation info)
Stack: 
Current Thread: 1
Thread 1, Process 0, enabled
		PC:   call void @llvm.x86.sse.sfence(), !dbg !8365 (op #0=<global const>)
	#000148999 in memory_barrier () at ../../src/../src/libpmem2/x86_64/init.c:27
	#100165051 in pmem_drain () at pmem.c:189
	#200116668 in obj_norep_drain (=152141824) at obj.c:492
	#300101507 in pmemops_drain.1002 (=152148528) at ./pmemops.h:76
	#400101297 in palloc_exec_actions (=152148528, =149485952, =151250432, =1) at palloc.c:559
	#500100304 in palloc_operation (=152148528, =0, =152147968, =16, =97186824, =264939968, =0, =32768, =0, =0, =149485952) at palloc.c:769
	#600122166 in obj_alloc_root (=152141824, =16, =0, =0) at obj.c:2833
	#700122004 in pmemobj_root_construct (=152141824, =16, =0, =0) at obj.c:2887
	#800122359 in pmemobj_root (=152141824, =16) at obj.c:2912
	#900014851 in __klee_posix_wrapped_main (=3, =151729248) at nvmbugs/hashmap_atomic/driver.c:136
	#1000009362 in __klee_posix_ctor_stub_insert_point (=3, =151729248, =71441920) at runtime/POSIX/./klee_init_env.c:491
	#1100009382 in __user_main (=7, =71441856, =71441920) at runtime/POSIX/./klee_init_env.c:499
	#1200003468 in __uClibc_main (=43566088, =7, =71441856, =0, =0, =0, =0) at libc/misc/internals/__uClibc_main.c:401
	#1300003635 in main (=7, =71441856)

<not masking anything>
<not masked by anything>

(6) ID #11839742154287720192 with 16 occurences:
Type of modification: flush (unnecessary)
File: ../../src/../src/libpmem2/x86_64/flush.h
Line: 48
assembly.ll line: 148965
 allocated at _block_init_pmem():  %24 = call i8* @klee_pmem_alloc_pmem(i64 %20, i8* %21, i1 zeroext %23, i8* null), !dbg !8395
Stack: 
Current Thread: 1
Thread 1, Process 0, enabled
		PC:   call void @llvm.x86.clwb(i8* %3, i8* %3), !dbg !8368 (op #0=<global const>, op #1=156296256, op #2=156296256)
	#000148965 in pmem_clwb (=156296256) at ../../src/../src/libpmem2/x86_64/flush.h:48
	#100148949 in flush_clwb_nolog (=156296272, =8) at ../../src/../src/libpmem2/x86_64/flush.h:104
	#200148782 in flush_clwb (=156296272, =8) at ../../src/../src/libpmem2/x86_64/init.c:60
	#300165144 in pmem_flush (=156296272, =8) at pmem.c:232
	#400165170 in pmem_persist (=156296272, =8) at pmem.c:243
	#500116605 in obj_norep_persist (=152141824, =156296272, =8, =0) at obj.c:464
	#600115730 in pmemops_xpersist.865 (=152148792, =156296272, =8, =0) at ./pmemops.h:51
	#700115255 in pmemops_persist.846 (=152148792, =156296272, =8) at ./pmemops.h:57
	#800121519 in pmemobj_persist (=152141824, =156296272, =8) at obj.c:2724
	#900012027 in create_buckets (=152141824, =156296272, =151244912) at nvmbugs/hashmap_atomic/hashmap_atomic.c:120
	#1000119808 in constructor_alloc (=152141824, =156296272, =816, =343746464) at obj.c:2161
	#1100105090 in alloc_prep_block (=152148528, =151250472, =97182600, =343746464, =1001, =0, =151250432) at palloc.c:134
	#1200101040 in palloc_reservation_create (=152148528, =808, =97182600, =343746464, =1001, =0, =0, =0, =151250432) at palloc.c:222
	#1300100174 in palloc_operation (=152148528, =0, =156075520, =808, =97182600, =343746464, =1001, =0, =0, =0, =149485952) at palloc.c:732
	#1400119668 in obj_alloc_construct (=152141824, =156075512, =808, =1001, =0, =52672264, =151244912) at obj.c:2192
	#1500119502 in pmemobj_alloc (=152141824, =156075512, =808, =1001, =52672264, =151244912) at obj.c:2224
	#1600014672 in create_hashmap (=152141824, =16854007218659697144, =3933648, =0) at nvmbugs/hashmap_atomic/hashmap_atomic.c:144
	#1700014524 in hm_atomic_create (=152141824, =156075344, =0) at nvmbugs/hashmap_atomic/hashmap_atomic.c:443
	#1800011140 in map_hm_atomic_create (=152141824, =156075344, =0) at nvmbugs/hashmap_atomic/map_hashmap_atomic.c:87
	#1900015506 in map_create (=263169152, =156075344, =0) at nvmbugs/hashmap_atomic/map.c:84
	#2000014984 in __klee_posix_wrapped_main (=3, =151729248) at nvmbugs/hashmap_atomic/driver.c:150
	#2100009362 in __klee_posix_ctor_stub_insert_point (=3, =151729248, =71441920) at runtime/POSIX/./klee_init_env.c:491
	#2200009382 in __user_main (=7, =71441856, =71441920) at runtime/POSIX/./klee_init_env.c:499
	#2300003468 in __uClibc_main (=43566088, =7, =71441856, =0, =0, =0, =0) at libc/misc/internals/__uClibc_main.c:401
	#2400003635 in main (=7, =71441856)

<not masking anything>
<not masked by anything>

(7) ID #11309267077847649954 with 16 occurences:
Type of modification: fence (unnecessary)
File: ../../src/../src/libpmem2/x86_64/init.c
Line: 27
assembly.ll line: 148999
 (no allocation info)
Stack: 
Current Thread: 1
Thread 1, Process 0, enabled
		PC:   call void @llvm.x86.sse.sfence(), !dbg !8365 (op #0=<global const>)
	#000148999 in memory_barrier () at ../../src/../src/libpmem2/x86_64/init.c:27
	#100165051 in pmem_drain () at pmem.c:189
	#200116668 in obj_norep_drain (=152141824) at obj.c:492
	#300101507 in pmemops_drain.1002 (=152148528) at ./pmemops.h:76
	#400101297 in palloc_exec_actions (=152148528, =149485952, =151250432, =1) at palloc.c:559
	#500100304 in palloc_operation (=152148528, =0, =156075520, =808, =97182600, =343746464, =1001, =0, =0, =0, =149485952) at palloc.c:769
	#600119668 in obj_alloc_construct (=152141824, =156075512, =808, =1001, =0, =52672264, =151244912) at obj.c:2192
	#700119502 in pmemobj_alloc (=152141824, =156075512, =808, =1001, =52672264, =151244912) at obj.c:2224
	#800014672 in create_hashmap (=152141824, =16854007218659697144, =3933648, =0) at nvmbugs/hashmap_atomic/hashmap_atomic.c:144
	#900014524 in hm_atomic_create (=152141824, =156075344, =0) at nvmbugs/hashmap_atomic/hashmap_atomic.c:443
	#1000011140 in map_hm_atomic_create (=152141824, =156075344, =0) at nvmbugs/hashmap_atomic/map_hashmap_atomic.c:87
	#1100015506 in map_create (=263169152, =156075344, =0) at nvmbugs/hashmap_atomic/map.c:84
	#1200014984 in __klee_posix_wrapped_main (=3, =151729248) at nvmbugs/hashmap_atomic/driver.c:150
	#1300009362 in __klee_posix_ctor_stub_insert_point (=3, =151729248, =71441920) at runtime/POSIX/./klee_init_env.c:491
	#1400009382 in __user_main (=7, =71441856, =71441920) at runtime/POSIX/./klee_init_env.c:499
	#1500003468 in __uClibc_main (=43566088, =7, =71441856, =0, =0, =0, =0) at libc/misc/internals/__uClibc_main.c:401
	#1600003635 in main (=7, =71441856)

<not masking anything>
<not masked by anything>

(8) ID #106289779231490702 with 16 occurences:
Type of modification: fence (unnecessary)
File: ../../src/../src/libpmem2/x86_64/init.c
Line: 27
assembly.ll line: 148999
 (no allocation info)
Stack: 
Current Thread: 1
Thread 1, Process 0, enabled
		PC:   call void @llvm.x86.sse.sfence(), !dbg !8365 (op #0=<global const>)
	#000148999 in memory_barrier () at ../../src/../src/libpmem2/x86_64/init.c:27
	#100165051 in pmem_drain () at pmem.c:189
	#200116668 in obj_norep_drain (=152141824) at obj.c:492
	#300101507 in pmemops_drain.1002 (=152148528) at ./pmemops.h:76
	#400101297 in palloc_exec_actions (=152148528, =149485952, =151250432, =1) at palloc.c:559
	#500100304 in palloc_operation (=152148528, =0, =156075352, =72, =97182600, =174620672, =1000, =0, =0, =0, =149485952) at palloc.c:769
	#600119668 in obj_alloc_construct (=152141824, =156075344, =72, =1000, =1, =0, =0) at obj.c:2192
	#700119981 in pmemobj_zalloc (=152141824, =156075344, =72, =1000) at obj.c:2300
	#800014515 in hm_atomic_create (=152141824, =156075344, =0) at nvmbugs/hashmap_atomic/hashmap_atomic.c:441
	#900011140 in map_hm_atomic_create (=152141824, =156075344, =0) at nvmbugs/hashmap_atomic/map_hashmap_atomic.c:87
	#1000015506 in map_create (=263169152, =156075344, =0) at nvmbugs/hashmap_atomic/map.c:84
	#1100014984 in __klee_posix_wrapped_main (=3, =151729248) at nvmbugs/hashmap_atomic/driver.c:150
	#1200009362 in __klee_posix_ctor_stub_insert_point (=3, =151729248, =71441920) at runtime/POSIX/./klee_init_env.c:491
	#1300009382 in __user_main (=7, =71441856, =71441920) at runtime/POSIX/./klee_init_env.c:499
	#1400003468 in __uClibc_main (=43566088, =7, =71441856, =0, =0, =0, =0) at libc/misc/internals/__uClibc_main.c:401
	#1500003635 in main (=7, =71441856)

<not masking anything>
<not masked by anything>

(9) ID #1839135266488171623 with 16 occurences:
Type of modification: fence (unnecessary)
File: ../../src/../src/libpmem2/x86_64/init.c
Line: 27
assembly.ll line: 148999
 (no allocation info)
Stack: 
Current Thread: 1
Thread 1, Process 0, enabled
		PC:   call void @llvm.x86.sse.sfence(), !dbg !8365 (op #0=<global const>)
	#000148999 in memory_barrier () at ../../src/../src/libpmem2/x86_64/init.c:27
	#100165051 in pmem_drain () at pmem.c:189
	#200165171 in pmem_persist (=156296272, =8) at pmem.c:244
	#300116605 in obj_norep_persist (=152141824, =156296272, =8, =0) at obj.c:464
	#400115730 in pmemops_xpersist.865 (=152148792, =156296272, =8, =0) at ./pmemops.h:51
	#500115255 in pmemops_persist.846 (=152148792, =156296272, =8) at ./pmemops.h:57
	#600121519 in pmemobj_persist (=152141824, =156296272, =8) at obj.c:2724
	#700012027 in create_buckets (=152141824, =156296272, =151244912) at nvmbugs/hashmap_atomic/hashmap_atomic.c:120
	#800119808 in constructor_alloc (=152141824, =156296272, =816, =343746464) at obj.c:2161
	#900105090 in alloc_prep_block (=152148528, =151250472, =97182600, =343746464, =1001, =0, =151250432) at palloc.c:134
	#1000101040 in palloc_reservation_create (=152148528, =808, =97182600, =343746464, =1001, =0, =0, =0, =151250432) at palloc.c:222
	#1100100174 in palloc_operation (=152148528, =0, =156075520, =808, =97182600, =343746464, =1001, =0, =0, =0, =149485952) at palloc.c:732
	#1200119668 in obj_alloc_construct (=152141824, =156075512, =808, =1001, =0, =52672264, =151244912) at obj.c:2192
	#1300119502 in pmemobj_alloc (=152141824, =156075512, =808, =1001, =52672264, =151244912) at obj.c:2224
	#1400014672 in create_hashmap (=152141824, =16854007218659697144, =3933648, =0) at nvmbugs/hashmap_atomic/hashmap_atomic.c:144
	#1500014524 in hm_atomic_create (=152141824, =156075344, =0) at nvmbugs/hashmap_atomic/hashmap_atomic.c:443
	#1600011140 in map_hm_atomic_create (=152141824, =156075344, =0) at nvmbugs/hashmap_atomic/map_hashmap_atomic.c:87
	#1700015506 in map_create (=263169152, =156075344, =0) at nvmbugs/hashmap_atomic/map.c:84
	#1800014984 in __klee_posix_wrapped_main (=3, =151729248) at nvmbugs/hashmap_atomic/driver.c:150
	#1900009362 in __klee_posix_ctor_stub_insert_point (=3, =151729248, =71441920) at runtime/POSIX/./klee_init_env.c:491
	#2000009382 in __user_main (=7, =71441856, =71441920) at runtime/POSIX/./klee_init_env.c:499
	#2100003468 in __uClibc_main (=43566088, =7, =71441856, =0, =0, =0, =0) at libc/misc/internals/__uClibc_main.c:401
	#2200003635 in main (=7, =71441856)

<not masking anything>
<not masked by anything>
